2017-07-19 08:38:51 trace :
------------
String:
<xml><ToUserName><![CDATA[gh_693cbb2a3e71]]></ToUserName>
<FromUserName><![CDATA[ohRa2wp94r3_u5BHjSxVewj2_McA]]></FromUserName>
<CreateTime>1500424732</CreateTime>
<MsgType><![CDATA[event]]></MsgType>
<Event><![CDATA[VIEW]]></Event>
<EventKey><![CDATA[http://tejia.zdxinfo.com/app/index.php?i=2&c=entry&do=dyorder&m=we7_wmall2]]></EventKey>
<MenuId>415187293</MenuId>
</xml>

2017-07-19 08:38:51 params :
------------
String:
array (
  'rule' => -2,
  'module' => '',
  'message' => 
  array (
    'tousername' => 'gh_693cbb2a3e71',
    'fromusername' => 'ohRa2wp94r3_u5BHjSxVewj2_McA',
    'createtime' => '1500424732',
    'msgtype' => 'event',
    'event' => 'VIEW',
    'eventkey' => 'http://tejia.zdxinfo.com/app/index.php?i=2&c=entry&do=dyorder&m=we7_wmall2',
    'menuid' => '415187293',
    'from' => 'ohRa2wp94r3_u5BHjSxVewj2_McA',
    'to' => 'gh_693cbb2a3e71',
    'time' => '1500424732',
    'type' => 'text',
    'content' => 'http://tejia.zdxinfo.com/app/index.php?i=2&c=entry&do=dyorder&m=we7_wmall2',
    'redirection' => true,
    'source' => 'VIEW',
  ),
)

2017-07-19 08:38:51 response :
------------

2017-07-19 08:41:36 trace :
------------
String:
<xml><ToUserName><![CDATA[gh_693cbb2a3e71]]></ToUserName>
<FromUserName><![CDATA[ohRa2wp94r3_u5BHjSxVewj2_McA]]></FromUserName>
<CreateTime>1500424898</CreateTime>
<MsgType><![CDATA[event]]></MsgType>
<Event><![CDATA[VIEW]]></Event>
<EventKey><![CDATA[http://tejia.zdxinfo.com/app/index.php?i=2&c=entry&do=dyorder&m=we7_wmall2]]></EventKey>
<MenuId>415187293</MenuId>
</xml>

2017-07-19 08:41:36 params :
------------
String:
array (
  'rule' => -2,
  'module' => '',
  'message' => 
  array (
    'tousername' => 'gh_693cbb2a3e71',
    'fromusername' => 'ohRa2wp94r3_u5BHjSxVewj2_McA',
    'createtime' => '1500424898',
    'msgtype' => 'event',
    'event' => 'VIEW',
    'eventkey' => 'http://tejia.zdxinfo.com/app/index.php?i=2&c=entry&do=dyorder&m=we7_wmall2',
    'menuid' => '415187293',
    'from' => 'ohRa2wp94r3_u5BHjSxVewj2_McA',
    'to' => 'gh_693cbb2a3e71',
    'time' => '1500424898',
    'type' => 'text',
    'content' => 'http://tejia.zdxinfo.com/app/index.php?i=2&c=entry&do=dyorder&m=we7_wmall2',
    'redirection' => true,
    'source' => 'VIEW',
  ),
)

2017-07-19 08:41:36 response :
------------

2017-07-19 08:43:30 trace :
------------
String:
<xml><ToUserName><![CDATA[gh_693cbb2a3e71]]></ToUserName>
<FromUserName><![CDATA[ohRa2wtmORg0434zHxRRRsZKrGf0]]></FromUserName>
<CreateTime>1500425011</CreateTime>
<MsgType><![CDATA[event]]></MsgType>
<Event><![CDATA[VIEW]]></Event>
<EventKey><![CDATA[http://tejia.zdxinfo.com/app/index.php?i=2&c=entry&m=we7_wmall2&do=mgindex]]></EventKey>
<MenuId>415187293</MenuId>
</xml>

2017-07-19 08:43:30 params :
------------
String:
array (
  'rule' => -2,
  'module' => '',
  'message' => 
  array (
    'tousername' => 'gh_693cbb2a3e71',
    'fromusername' => 'ohRa2wtmORg0434zHxRRRsZKrGf0',
    'createtime' => '1500425011',
    'msgtype' => 'event',
    'event' => 'VIEW',
    'eventkey' => 'http://tejia.zdxinfo.com/app/index.php?i=2&c=entry&m=we7_wmall2&do=mgindex',
    'menuid' => '415187293',
    'from' => 'ohRa2wtmORg0434zHxRRRsZKrGf0',
    'to' => 'gh_693cbb2a3e71',
    'time' => '1500425011',
    'type' => 'text',
    'content' => 'http://tejia.zdxinfo.com/app/index.php?i=2&c=entry&m=we7_wmall2&do=mgindex',
    'redirection' => true,
    'source' => 'VIEW',
  ),
)

2017-07-19 08:43:30 response :
------------

2017-07-19 08:43:35 trace :
------------
String:
<xml><ToUserName><![CDATA[gh_693cbb2a3e71]]></ToUserName>
<FromUserName><![CDATA[ohRa2wtmORg0434zHxRRRsZKrGf0]]></FromUserName>
<CreateTime>1500425016</CreateTime>
<MsgType><![CDATA[event]]></MsgType>
<Event><![CDATA[VIEW]]></Event>
<EventKey><![CDATA[http://tejia.zdxinfo.com/app/index.php?i=2&c=entry&do=dyorder&m=we7_wmall2]]></EventKey>
<MenuId>415187293</MenuId>
</xml>

2017-07-19 08:43:35 params :
------------
String:
array (
  'rule' => -2,
  'module' => '',
  'message' => 
  array (
    'tousername' => 'gh_693cbb2a3e71',
    'fromusername' => 'ohRa2wtmORg0434zHxRRRsZKrGf0',
    'createtime' => '1500425016',
    'msgtype' => 'event',
    'event' => 'VIEW',
    'eventkey' => 'http://tejia.zdxinfo.com/app/index.php?i=2&c=entry&do=dyorder&m=we7_wmall2',
    'menuid' => '415187293',
    'from' => 'ohRa2wtmORg0434zHxRRRsZKrGf0',
    'to' => 'gh_693cbb2a3e71',
    'time' => '1500425016',
    'type' => 'text',
    'content' => 'http://tejia.zdxinfo.com/app/index.php?i=2&c=entry&do=dyorder&m=we7_wmall2',
    'redirection' => true,
    'source' => 'VIEW',
  ),
)

2017-07-19 08:43:35 response :
------------

2017-07-19 08:45:23 trace :
------------
String:
<xml><ToUserName><![CDATA[gh_693cbb2a3e71]]></ToUserName>
<FromUserName><![CDATA[ohRa2wp94r3_u5BHjSxVewj2_McA]]></FromUserName>
<CreateTime>1500425124</CreateTime>
<MsgType><![CDATA[event]]></MsgType>
<Event><![CDATA[VIEW]]></Event>
<EventKey><![CDATA[http://tejia.zdxinfo.com/app/index.php?i=2&c=entry&do=dyorder&m=we7_wmall2]]></EventKey>
<MenuId>415187293</MenuId>
</xml>

2017-07-19 08:45:23 params :
------------
String:
array (
  'rule' => -2,
  'module' => '',
  'message' => 
  array (
    'tousername' => 'gh_693cbb2a3e71',
    'fromusername' => 'ohRa2wp94r3_u5BHjSxVewj2_McA',
    'createtime' => '1500425124',
    'msgtype' => 'event',
    'event' => 'VIEW',
    'eventkey' => 'http://tejia.zdxinfo.com/app/index.php?i=2&c=entry&do=dyorder&m=we7_wmall2',
    'menuid' => '415187293',
    'from' => 'ohRa2wp94r3_u5BHjSxVewj2_McA',
    'to' => 'gh_693cbb2a3e71',
    'time' => '1500425124',
    'type' => 'text',
    'content' => 'http://tejia.zdxinfo.com/app/index.php?i=2&c=entry&do=dyorder&m=we7_wmall2',
    'redirection' => true,
    'source' => 'VIEW',
  ),
)

2017-07-19 08:45:23 response :
------------

2017-07-19 09:52:18 trace :
------------
String:
<xml><ToUserName><![CDATA[gh_693cbb2a3e71]]></ToUserName>
<FromUserName><![CDATA[ohRa2wgk6IJP1_3VKSfcFYvY3iqA]]></FromUserName>
<CreateTime>1500429139</CreateTime>
<MsgType><![CDATA[event]]></MsgType>
<Event><![CDATA[VIEW]]></Event>
<EventKey><![CDATA[http://tejia.zdxinfo.com/app/index.php?i=2&c=entry&m=we7_wmall1&do=mgindex]]></EventKey>
<MenuId>415187293</MenuId>
</xml>

2017-07-19 09:52:18 params :
------------
String:
array (
  'rule' => -2,
  'module' => '',
  'message' => 
  array (
    'tousername' => 'gh_693cbb2a3e71',
    'fromusername' => 'ohRa2wgk6IJP1_3VKSfcFYvY3iqA',
    'createtime' => '1500429139',
    'msgtype' => 'event',
    'event' => 'VIEW',
    'eventkey' => 'http://tejia.zdxinfo.com/app/index.php?i=2&c=entry&m=we7_wmall1&do=mgindex',
    'menuid' => '415187293',
    'from' => 'ohRa2wgk6IJP1_3VKSfcFYvY3iqA',
    'to' => 'gh_693cbb2a3e71',
    'time' => '1500429139',
    'type' => 'text',
    'content' => 'http://tejia.zdxinfo.com/app/index.php?i=2&c=entry&m=we7_wmall1&do=mgindex',
    'redirection' => true,
    'source' => 'VIEW',
  ),
)

2017-07-19 09:52:18 response :
------------

2017-07-19 09:52:26 trace :
------------
String:
<xml><ToUserName><![CDATA[gh_693cbb2a3e71]]></ToUserName>
<FromUserName><![CDATA[ohRa2wgk6IJP1_3VKSfcFYvY3iqA]]></FromUserName>
<CreateTime>1500429147</CreateTime>
<MsgType><![CDATA[event]]></MsgType>
<Event><![CDATA[VIEW]]></Event>
<EventKey><![CDATA[http://tejia.zdxinfo.com/app/index.php?i=2&c=entry&do=dyorder&m=we7_wmall2]]></EventKey>
<MenuId>415187293</MenuId>
</xml>

2017-07-19 09:52:26 params :
------------
String:
array (
  'rule' => -2,
  'module' => '',
  'message' => 
  array (
    'tousername' => 'gh_693cbb2a3e71',
    'fromusername' => 'ohRa2wgk6IJP1_3VKSfcFYvY3iqA',
    'createtime' => '1500429147',
    'msgtype' => 'event',
    'event' => 'VIEW',
    'eventkey' => 'http://tejia.zdxinfo.com/app/index.php?i=2&c=entry&do=dyorder&m=we7_wmall2',
    'menuid' => '415187293',
    'from' => 'ohRa2wgk6IJP1_3VKSfcFYvY3iqA',
    'to' => 'gh_693cbb2a3e71',
    'time' => '1500429147',
    'type' => 'text',
    'content' => 'http://tejia.zdxinfo.com/app/index.php?i=2&c=entry&do=dyorder&m=we7_wmall2',
    'redirection' => true,
    'source' => 'VIEW',
  ),
)

2017-07-19 09:52:26 response :
------------

2017-07-19 11:17:17 trace :
------------
String:
<xml><ToUserName><![CDATA[gh_693cbb2a3e71]]></ToUserName>
<FromUserName><![CDATA[ohRa2wr3bskeUmcBJFAWlHZIAO8U]]></FromUserName>
<CreateTime>1500434238</CreateTime>
<MsgType><![CDATA[event]]></MsgType>
<Event><![CDATA[TEMPLATESENDJOBFINISH]]></Event>
<MsgID>415400392</MsgID>
<Status><![CDATA[success]]></Status>
</xml>

2017-07-19 11:17:17 params :
------------
String:
array (
  'rule' => -2,
  'module' => '',
  'message' => 
  array (
    'tousername' => 'gh_693cbb2a3e71',
    'fromusername' => 'ohRa2wr3bskeUmcBJFAWlHZIAO8U',
    'createtime' => '1500434238',
    'msgtype' => 'event',
    'event' => 'TEMPLATESENDJOBFINISH',
    'msgid' => '415400392',
    'status' => 'success',
    'from' => 'ohRa2wr3bskeUmcBJFAWlHZIAO8U',
    'to' => 'gh_693cbb2a3e71',
    'time' => '1500434238',
    'type' => 'event',
  ),
)

2017-07-19 11:17:17 response :
------------

2017-07-19 11:17:18 trace :
------------
String:
<xml><ToUserName><![CDATA[gh_693cbb2a3e71]]></ToUserName>
<FromUserName><![CDATA[ohRa2wp94r3_u5BHjSxVewj2_McA]]></FromUserName>
<CreateTime>1500434239</CreateTime>
<MsgType><![CDATA[event]]></MsgType>
<Event><![CDATA[TEMPLATESENDJOBFINISH]]></Event>
<MsgID>415400393</MsgID>
<Status><![CDATA[success]]></Status>
</xml>

2017-07-19 11:17:18 params :
------------
String:
array (
  'rule' => -2,
  'module' => '',
  'message' => 
  array (
    'tousername' => 'gh_693cbb2a3e71',
    'fromusername' => 'ohRa2wp94r3_u5BHjSxVewj2_McA',
    'createtime' => '1500434239',
    'msgtype' => 'event',
    'event' => 'TEMPLATESENDJOBFINISH',
    'msgid' => '415400393',
    'status' => 'success',
    'from' => 'ohRa2wp94r3_u5BHjSxVewj2_McA',
    'to' => 'gh_693cbb2a3e71',
    'time' => '1500434239',
    'type' => 'event',
  ),
)

2017-07-19 11:17:18 response :
------------

2017-07-19 11:17:18 trace :
------------
String:
<xml><ToUserName><![CDATA[gh_693cbb2a3e71]]></ToUserName>
<FromUserName><![CDATA[ohRa2wtmORg0434zHxRRRsZKrGf0]]></FromUserName>
<CreateTime>1500434239</CreateTime>
<MsgType><![CDATA[event]]></MsgType>
<Event><![CDATA[TEMPLATESENDJOBFINISH]]></Event>
<MsgID>415400394</MsgID>
<Status><![CDATA[success]]></Status>
</xml>

2017-07-19 11:17:18 params :
------------
String:
array (
  'rule' => -2,
  'module' => '',
  'message' => 
  array (
    'tousername' => 'gh_693cbb2a3e71',
    'fromusername' => 'ohRa2wtmORg0434zHxRRRsZKrGf0',
    'createtime' => '1500434239',
    'msgtype' => 'event',
    'event' => 'TEMPLATESENDJOBFINISH',
    'msgid' => '415400394',
    'status' => 'success',
    'from' => 'ohRa2wtmORg0434zHxRRRsZKrGf0',
    'to' => 'gh_693cbb2a3e71',
    'time' => '1500434239',
    'type' => 'event',
  ),
)

2017-07-19 11:17:18 response :
------------

2017-07-19 11:17:19 trace :
------------
String:
<xml><ToUserName><![CDATA[gh_693cbb2a3e71]]></ToUserName>
<FromUserName><![CDATA[ohRa2wqgej-B0leBNgf9SNpIxRXU]]></FromUserName>
<CreateTime>1500434240</CreateTime>
<MsgType><![CDATA[event]]></MsgType>
<Event><![CDATA[TEMPLATESENDJOBFINISH]]></Event>
<MsgID>415400395</MsgID>
<Status><![CDATA[success]]></Status>
</xml>

2017-07-19 11:17:19 params :
------------
String:
array (
  'rule' => -2,
  'module' => '',
  'message' => 
  array (
    'tousername' => 'gh_693cbb2a3e71',
    'fromusername' => 'ohRa2wqgej-B0leBNgf9SNpIxRXU',
    'createtime' => '1500434240',
    'msgtype' => 'event',
    'event' => 'TEMPLATESENDJOBFINISH',
    'msgid' => '415400395',
    'status' => 'success',
    'from' => 'ohRa2wqgej-B0leBNgf9SNpIxRXU',
    'to' => 'gh_693cbb2a3e71',
    'time' => '1500434240',
    'type' => 'event',
  ),
)

2017-07-19 11:17:19 response :
------------

2017-07-19 11:18:42 trace :
------------
String:
<xml><ToUserName><![CDATA[gh_693cbb2a3e71]]></ToUserName>
<FromUserName><![CDATA[ohRa2wtmORg0434zHxRRRsZKrGf0]]></FromUserName>
<CreateTime>1500434323</CreateTime>
<MsgType><![CDATA[event]]></MsgType>
<Event><![CDATA[VIEW]]></Event>
<EventKey><![CDATA[http://tejia.zdxinfo.com/app/index.php?i=2&c=entry&m=we7_wmall2&do=mgindex]]></EventKey>
<MenuId>415187293</MenuId>
</xml>

2017-07-19 11:18:42 params :
------------
String:
array (
  'rule' => -2,
  'module' => '',
  'message' => 
  array (
    'tousername' => 'gh_693cbb2a3e71',
    'fromusername' => 'ohRa2wtmORg0434zHxRRRsZKrGf0',
    'createtime' => '1500434323',
    'msgtype' => 'event',
    'event' => 'VIEW',
    'eventkey' => 'http://tejia.zdxinfo.com/app/index.php?i=2&c=entry&m=we7_wmall2&do=mgindex',
    'menuid' => '415187293',
    'from' => 'ohRa2wtmORg0434zHxRRRsZKrGf0',
    'to' => 'gh_693cbb2a3e71',
    'time' => '1500434323',
    'type' => 'text',
    'content' => 'http://tejia.zdxinfo.com/app/index.php?i=2&c=entry&m=we7_wmall2&do=mgindex',
    'redirection' => true,
    'source' => 'VIEW',
  ),
)

2017-07-19 11:18:42 response :
------------

2017-07-19 11:19:52 trace :
------------
String:
<xml><ToUserName><![CDATA[gh_693cbb2a3e71]]></ToUserName>
<FromUserName><![CDATA[ohRa2wqgej-B0leBNgf9SNpIxRXU]]></FromUserName>
<CreateTime>1500434393</CreateTime>
<MsgType><![CDATA[event]]></MsgType>
<Event><![CDATA[VIEW]]></Event>
<EventKey><![CDATA[http://tejia.zdxinfo.com/app/index.php?i=2&c=entry&do=dyorder&m=we7_wmall2]]></EventKey>
<MenuId>415187293</MenuId>
</xml>

2017-07-19 11:19:52 params :
------------
String:
array (
  'rule' => -2,
  'module' => '',
  'message' => 
  array (
    'tousername' => 'gh_693cbb2a3e71',
    'fromusername' => 'ohRa2wqgej-B0leBNgf9SNpIxRXU',
    'createtime' => '1500434393',
    'msgtype' => 'event',
    'event' => 'VIEW',
    'eventkey' => 'http://tejia.zdxinfo.com/app/index.php?i=2&c=entry&do=dyorder&m=we7_wmall2',
    'menuid' => '415187293',
    'from' => 'ohRa2wqgej-B0leBNgf9SNpIxRXU',
    'to' => 'gh_693cbb2a3e71',
    'time' => '1500434393',
    'type' => 'text',
    'content' => 'http://tejia.zdxinfo.com/app/index.php?i=2&c=entry&do=dyorder&m=we7_wmall2',
    'redirection' => true,
    'source' => 'VIEW',
  ),
)

2017-07-19 11:19:52 response :
------------

2017-07-19 12:45:29 trace :
------------
String:
<xml><ToUserName><![CDATA[gh_693cbb2a3e71]]></ToUserName>
<FromUserName><![CDATA[ohRa2wsfvmAcJCLTeNLsb4FZoZ9I]]></FromUserName>
<CreateTime>1500439530</CreateTime>
<MsgType><![CDATA[event]]></MsgType>
<Event><![CDATA[VIEW]]></Event>
<EventKey><![CDATA[http://tejia.zdxinfo.com/app/index.php?i=2&c=entry&m=we7_wmall1&do=mgindex]]></EventKey>
<MenuId>415187293</MenuId>
</xml>

2017-07-19 12:45:29 params :
------------
String:
array (
  'rule' => -2,
  'module' => '',
  'message' => 
  array (
    'tousername' => 'gh_693cbb2a3e71',
    'fromusername' => 'ohRa2wsfvmAcJCLTeNLsb4FZoZ9I',
    'createtime' => '1500439530',
    'msgtype' => 'event',
    'event' => 'VIEW',
    'eventkey' => 'http://tejia.zdxinfo.com/app/index.php?i=2&c=entry&m=we7_wmall1&do=mgindex',
    'menuid' => '415187293',
    'from' => 'ohRa2wsfvmAcJCLTeNLsb4FZoZ9I',
    'to' => 'gh_693cbb2a3e71',
    'time' => '1500439530',
    'type' => 'text',
    'content' => 'http://tejia.zdxinfo.com/app/index.php?i=2&c=entry&m=we7_wmall1&do=mgindex',
    'redirection' => true,
    'source' => 'VIEW',
  ),
)

2017-07-19 12:45:29 response :
------------

2017-07-19 12:46:17 trace :
------------
String:
<xml><ToUserName><![CDATA[gh_693cbb2a3e71]]></ToUserName>
<FromUserName><![CDATA[ohRa2wsfvmAcJCLTeNLsb4FZoZ9I]]></FromUserName>
<CreateTime>1500439578</CreateTime>
<MsgType><![CDATA[event]]></MsgType>
<Event><![CDATA[VIEW]]></Event>
<EventKey><![CDATA[http://tejia.zdxinfo.com/app/index.php?i=2&c=entry&m=we7_wmall2&do=mgindex]]></EventKey>
<MenuId>415187293</MenuId>
</xml>

2017-07-19 12:46:17 params :
------------
String:
array (
  'rule' => -2,
  'module' => '',
  'message' => 
  array (
    'tousername' => 'gh_693cbb2a3e71',
    'fromusername' => 'ohRa2wsfvmAcJCLTeNLsb4FZoZ9I',
    'createtime' => '1500439578',
    'msgtype' => 'event',
    'event' => 'VIEW',
    'eventkey' => 'http://tejia.zdxinfo.com/app/index.php?i=2&c=entry&m=we7_wmall2&do=mgindex',
    'menuid' => '415187293',
    'from' => 'ohRa2wsfvmAcJCLTeNLsb4FZoZ9I',
    'to' => 'gh_693cbb2a3e71',
    'time' => '1500439578',
    'type' => 'text',
    'content' => 'http://tejia.zdxinfo.com/app/index.php?i=2&c=entry&m=we7_wmall2&do=mgindex',
    'redirection' => true,
    'source' => 'VIEW',
  ),
)

2017-07-19 12:46:17 response :
------------

2017-07-19 12:46:19 trace :
------------
String:
<xml><ToUserName><![CDATA[gh_693cbb2a3e71]]></ToUserName>
<FromUserName><![CDATA[ohRa2wsfvmAcJCLTeNLsb4FZoZ9I]]></FromUserName>
<CreateTime>1500439580</CreateTime>
<MsgType><![CDATA[event]]></MsgType>
<Event><![CDATA[VIEW]]></Event>
<EventKey><![CDATA[http://tejia.zdxinfo.com/app/index.php?i=2&c=entry&do=dyorder&m=we7_wmall2]]></EventKey>
<MenuId>415187293</MenuId>
</xml>

2017-07-19 12:46:19 params :
------------
String:
array (
  'rule' => -2,
  'module' => '',
  'message' => 
  array (
    'tousername' => 'gh_693cbb2a3e71',
    'fromusername' => 'ohRa2wsfvmAcJCLTeNLsb4FZoZ9I',
    'createtime' => '1500439580',
    'msgtype' => 'event',
    'event' => 'VIEW',
    'eventkey' => 'http://tejia.zdxinfo.com/app/index.php?i=2&c=entry&do=dyorder&m=we7_wmall2',
    'menuid' => '415187293',
    'from' => 'ohRa2wsfvmAcJCLTeNLsb4FZoZ9I',
    'to' => 'gh_693cbb2a3e71',
    'time' => '1500439580',
    'type' => 'text',
    'content' => 'http://tejia.zdxinfo.com/app/index.php?i=2&c=entry&do=dyorder&m=we7_wmall2',
    'redirection' => true,
    'source' => 'VIEW',
  ),
)

2017-07-19 12:46:19 response :
------------

2017-07-19 12:55:12 trace :
------------
String:
<xml><ToUserName><![CDATA[gh_693cbb2a3e71]]></ToUserName>
<FromUserName><![CDATA[ohRa2wsfvmAcJCLTeNLsb4FZoZ9I]]></FromUserName>
<CreateTime>1500440113</CreateTime>
<MsgType><![CDATA[event]]></MsgType>
<Event><![CDATA[VIEW]]></Event>
<EventKey><![CDATA[http://tejia.zdxinfo.com/app/index.php?i=2&c=entry&m=we7_wmall1&do=mgindex]]></EventKey>
<MenuId>415187293</MenuId>
</xml>

2017-07-19 12:55:12 params :
------------
String:
array (
  'rule' => -2,
  'module' => '',
  'message' => 
  array (
    'tousername' => 'gh_693cbb2a3e71',
    'fromusername' => 'ohRa2wsfvmAcJCLTeNLsb4FZoZ9I',
    'createtime' => '1500440113',
    'msgtype' => 'event',
    'event' => 'VIEW',
    'eventkey' => 'http://tejia.zdxinfo.com/app/index.php?i=2&c=entry&m=we7_wmall1&do=mgindex',
    'menuid' => '415187293',
    'from' => 'ohRa2wsfvmAcJCLTeNLsb4FZoZ9I',
    'to' => 'gh_693cbb2a3e71',
    'time' => '1500440113',
    'type' => 'text',
    'content' => 'http://tejia.zdxinfo.com/app/index.php?i=2&c=entry&m=we7_wmall1&do=mgindex',
    'redirection' => true,
    'source' => 'VIEW',
  ),
)

2017-07-19 12:55:12 response :
------------

2017-07-19 16:56:46 trace :
------------
String:
<xml><ToUserName><![CDATA[gh_693cbb2a3e71]]></ToUserName>
<FromUserName><![CDATA[ohRa2woxBiObVhFdF9m-zcgPeMRI]]></FromUserName>
<CreateTime>1500454607</CreateTime>
<MsgType><![CDATA[event]]></MsgType>
<Event><![CDATA[VIEW]]></Event>
<EventKey><![CDATA[http://tejia.zdxinfo.com/app/index.php?i=2&c=entry&m=we7_wmall1&do=mgindex]]></EventKey>
<MenuId>415187293</MenuId>
</xml>

2017-07-19 16:56:46 params :
------------
String:
array (
  'rule' => -2,
  'module' => '',
  'message' => 
  array (
    'tousername' => 'gh_693cbb2a3e71',
    'fromusername' => 'ohRa2woxBiObVhFdF9m-zcgPeMRI',
    'createtime' => '1500454607',
    'msgtype' => 'event',
    'event' => 'VIEW',
    'eventkey' => 'http://tejia.zdxinfo.com/app/index.php?i=2&c=entry&m=we7_wmall1&do=mgindex',
    'menuid' => '415187293',
    'from' => 'ohRa2woxBiObVhFdF9m-zcgPeMRI',
    'to' => 'gh_693cbb2a3e71',
    'time' => '1500454607',
    'type' => 'text',
    'content' => 'http://tejia.zdxinfo.com/app/index.php?i=2&c=entry&m=we7_wmall1&do=mgindex',
    'redirection' => true,
    'source' => 'VIEW',
  ),
)

2017-07-19 16:56:46 response :
------------

2017-07-19 16:58:38 trace :
------------
String:
<xml><ToUserName><![CDATA[gh_693cbb2a3e71]]></ToUserName>
<FromUserName><![CDATA[ohRa2woxBiObVhFdF9m-zcgPeMRI]]></FromUserName>
<CreateTime>1500454719</CreateTime>
<MsgType><![CDATA[event]]></MsgType>
<Event><![CDATA[VIEW]]></Event>
<EventKey><![CDATA[http://tejia.zdxinfo.com/app/index.php?i=2&c=entry&m=we7_wmall2&do=mgindex]]></EventKey>
<MenuId>415187293</MenuId>
</xml>

2017-07-19 16:58:38 params :
------------
String:
array (
  'rule' => -2,
  'module' => '',
  'message' => 
  array (
    'tousername' => 'gh_693cbb2a3e71',
    'fromusername' => 'ohRa2woxBiObVhFdF9m-zcgPeMRI',
    'createtime' => '1500454719',
    'msgtype' => 'event',
    'event' => 'VIEW',
    'eventkey' => 'http://tejia.zdxinfo.com/app/index.php?i=2&c=entry&m=we7_wmall2&do=mgindex',
    'menuid' => '415187293',
    'from' => 'ohRa2woxBiObVhFdF9m-zcgPeMRI',
    'to' => 'gh_693cbb2a3e71',
    'time' => '1500454719',
    'type' => 'text',
    'content' => 'http://tejia.zdxinfo.com/app/index.php?i=2&c=entry&m=we7_wmall2&do=mgindex',
    'redirection' => true,
    'source' => 'VIEW',
  ),
)

2017-07-19 16:58:38 response :
------------

2017-07-19 16:59:00 trace :
------------
String:
<xml><ToUserName><![CDATA[gh_693cbb2a3e71]]></ToUserName>
<FromUserName><![CDATA[ohRa2woxBiObVhFdF9m-zcgPeMRI]]></FromUserName>
<CreateTime>1500454741</CreateTime>
<MsgType><![CDATA[event]]></MsgType>
<Event><![CDATA[VIEW]]></Event>
<EventKey><![CDATA[http://tejia.zdxinfo.com/app/index.php?i=2&c=entry&do=dyorder&m=we7_wmall2]]></EventKey>
<MenuId>415187293</MenuId>
</xml>

2017-07-19 16:59:00 params :
------------
String:
array (
  'rule' => -2,
  'module' => '',
  'message' => 
  array (
    'tousername' => 'gh_693cbb2a3e71',
    'fromusername' => 'ohRa2woxBiObVhFdF9m-zcgPeMRI',
    'createtime' => '1500454741',
    'msgtype' => 'event',
    'event' => 'VIEW',
    'eventkey' => 'http://tejia.zdxinfo.com/app/index.php?i=2&c=entry&do=dyorder&m=we7_wmall2',
    'menuid' => '415187293',
    'from' => 'ohRa2woxBiObVhFdF9m-zcgPeMRI',
    'to' => 'gh_693cbb2a3e71',
    'time' => '1500454741',
    'type' => 'text',
    'content' => 'http://tejia.zdxinfo.com/app/index.php?i=2&c=entry&do=dyorder&m=we7_wmall2',
    'redirection' => true,
    'source' => 'VIEW',
  ),
)

2017-07-19 16:59:00 response :
------------

2017-07-19 17:00:18 trace :
------------
String:
<xml><ToUserName><![CDATA[gh_693cbb2a3e71]]></ToUserName>
<FromUserName><![CDATA[ohRa2woxBiObVhFdF9m-zcgPeMRI]]></FromUserName>
<CreateTime>1500454819</CreateTime>
<MsgType><![CDATA[event]]></MsgType>
<Event><![CDATA[VIEW]]></Event>
<EventKey><![CDATA[http://tejia.zdxinfo.com/app/index.php?i=2&c=entry&m=we7_wmall1&do=mgindex]]></EventKey>
<MenuId>415187293</MenuId>
</xml>

2017-07-19 17:00:18 params :
------------
String:
array (
  'rule' => -2,
  'module' => '',
  'message' => 
  array (
    'tousername' => 'gh_693cbb2a3e71',
    'fromusername' => 'ohRa2woxBiObVhFdF9m-zcgPeMRI',
    'createtime' => '1500454819',
    'msgtype' => 'event',
    'event' => 'VIEW',
    'eventkey' => 'http://tejia.zdxinfo.com/app/index.php?i=2&c=entry&m=we7_wmall1&do=mgindex',
    'menuid' => '415187293',
    'from' => 'ohRa2woxBiObVhFdF9m-zcgPeMRI',
    'to' => 'gh_693cbb2a3e71',
    'time' => '1500454819',
    'type' => 'text',
    'content' => 'http://tejia.zdxinfo.com/app/index.php?i=2&c=entry&m=we7_wmall1&do=mgindex',
    'redirection' => true,
    'source' => 'VIEW',
  ),
)

2017-07-19 17:00:18 response :
------------

2017-07-19 17:00:25 trace :
------------
String:
<xml><ToUserName><![CDATA[gh_693cbb2a3e71]]></ToUserName>
<FromUserName><![CDATA[ohRa2woxBiObVhFdF9m-zcgPeMRI]]></FromUserName>
<CreateTime>1500454826</CreateTime>
<MsgType><![CDATA[event]]></MsgType>
<Event><![CDATA[VIEW]]></Event>
<EventKey><![CDATA[http://tejia.zdxinfo.com/app/index.php?i=2&c=entry&m=we7_wmall2&do=mgindex]]></EventKey>
<MenuId>415187293</MenuId>
</xml>

2017-07-19 17:00:25 params :
------------
String:
array (
  'rule' => -2,
  'module' => '',
  'message' => 
  array (
    'tousername' => 'gh_693cbb2a3e71',
    'fromusername' => 'ohRa2woxBiObVhFdF9m-zcgPeMRI',
    'createtime' => '1500454826',
    'msgtype' => 'event',
    'event' => 'VIEW',
    'eventkey' => 'http://tejia.zdxinfo.com/app/index.php?i=2&c=entry&m=we7_wmall2&do=mgindex',
    'menuid' => '415187293',
    'from' => 'ohRa2woxBiObVhFdF9m-zcgPeMRI',
    'to' => 'gh_693cbb2a3e71',
    'time' => '1500454826',
    'type' => 'text',
    'content' => 'http://tejia.zdxinfo.com/app/index.php?i=2&c=entry&m=we7_wmall2&do=mgindex',
    'redirection' => true,
    'source' => 'VIEW',
  ),
)

2017-07-19 17:00:25 response :
------------

2017-07-19 17:01:20 trace :
------------
String:
<xml><ToUserName><![CDATA[gh_693cbb2a3e71]]></ToUserName>
<FromUserName><![CDATA[ohRa2woxBiObVhFdF9m-zcgPeMRI]]></FromUserName>
<CreateTime>1500454881</CreateTime>
<MsgType><![CDATA[event]]></MsgType>
<Event><![CDATA[VIEW]]></Event>
<EventKey><![CDATA[http://tejia.zdxinfo.com/app/index.php?i=2&c=entry&do=dyorder&m=we7_wmall2]]></EventKey>
<MenuId>415187293</MenuId>
</xml>

2017-07-19 17:01:20 params :
------------
String:
array (
  'rule' => -2,
  'module' => '',
  'message' => 
  array (
    'tousername' => 'gh_693cbb2a3e71',
    'fromusername' => 'ohRa2woxBiObVhFdF9m-zcgPeMRI',
    'createtime' => '1500454881',
    'msgtype' => 'event',
    'event' => 'VIEW',
    'eventkey' => 'http://tejia.zdxinfo.com/app/index.php?i=2&c=entry&do=dyorder&m=we7_wmall2',
    'menuid' => '415187293',
    'from' => 'ohRa2woxBiObVhFdF9m-zcgPeMRI',
    'to' => 'gh_693cbb2a3e71',
    'time' => '1500454881',
    'type' => 'text',
    'content' => 'http://tejia.zdxinfo.com/app/index.php?i=2&c=entry&do=dyorder&m=we7_wmall2',
    'redirection' => true,
    'source' => 'VIEW',
  ),
)

2017-07-19 17:01:20 response :
------------

2017-07-19 17:28:50 trace :
------------
String:
<xml><ToUserName><![CDATA[gh_693cbb2a3e71]]></ToUserName>
<FromUserName><![CDATA[ohRa2wsfvmAcJCLTeNLsb4FZoZ9I]]></FromUserName>
<CreateTime>1500456531</CreateTime>
<MsgType><![CDATA[event]]></MsgType>
<Event><![CDATA[VIEW]]></Event>
<EventKey><![CDATA[http://tejia.zdxinfo.com/app/index.php?i=2&c=entry&m=we7_wmall1&do=mgindex]]></EventKey>
<MenuId>415187293</MenuId>
</xml>

2017-07-19 17:28:50 params :
------------
String:
array (
  'rule' => -2,
  'module' => '',
  'message' => 
  array (
    'tousername' => 'gh_693cbb2a3e71',
    'fromusername' => 'ohRa2wsfvmAcJCLTeNLsb4FZoZ9I',
    'createtime' => '1500456531',
    'msgtype' => 'event',
    'event' => 'VIEW',
    'eventkey' => 'http://tejia.zdxinfo.com/app/index.php?i=2&c=entry&m=we7_wmall1&do=mgindex',
    'menuid' => '415187293',
    'from' => 'ohRa2wsfvmAcJCLTeNLsb4FZoZ9I',
    'to' => 'gh_693cbb2a3e71',
    'time' => '1500456531',
    'type' => 'text',
    'content' => 'http://tejia.zdxinfo.com/app/index.php?i=2&c=entry&m=we7_wmall1&do=mgindex',
    'redirection' => true,
    'source' => 'VIEW',
  ),
)

2017-07-19 17:28:50 response :
------------

2017-07-19 17:29:57 trace :
------------
String:
<xml><ToUserName><![CDATA[gh_693cbb2a3e71]]></ToUserName>
<FromUserName><![CDATA[ohRa2whGkFVDzGL2H0LcI9b8WbEo]]></FromUserName>
<CreateTime>1500456598</CreateTime>
<MsgType><![CDATA[event]]></MsgType>
<Event><![CDATA[VIEW]]></Event>
<EventKey><![CDATA[http://tejia.zdxinfo.com/app/index.php?i=2&c=entry&m=we7_wmall1&do=mgindex]]></EventKey>
<MenuId>415187293</MenuId>
</xml>

2017-07-19 17:29:57 params :
------------
String:
array (
  'rule' => -2,
  'module' => '',
  'message' => 
  array (
    'tousername' => 'gh_693cbb2a3e71',
    'fromusername' => 'ohRa2whGkFVDzGL2H0LcI9b8WbEo',
    'createtime' => '1500456598',
    'msgtype' => 'event',
    'event' => 'VIEW',
    'eventkey' => 'http://tejia.zdxinfo.com/app/index.php?i=2&c=entry&m=we7_wmall1&do=mgindex',
    'menuid' => '415187293',
    'from' => 'ohRa2whGkFVDzGL2H0LcI9b8WbEo',
    'to' => 'gh_693cbb2a3e71',
    'time' => '1500456598',
    'type' => 'text',
    'content' => 'http://tejia.zdxinfo.com/app/index.php?i=2&c=entry&m=we7_wmall1&do=mgindex',
    'redirection' => true,
    'source' => 'VIEW',
  ),
)

2017-07-19 17:29:57 response :
------------

2017-07-19 17:29:58 trace :
------------
String:
<xml><ToUserName><![CDATA[gh_693cbb2a3e71]]></ToUserName>
<FromUserName><![CDATA[ohRa2wtcwmALQ8DpnyjQMs7ZxCWo]]></FromUserName>
<CreateTime>1500456599</CreateTime>
<MsgType><![CDATA[event]]></MsgType>
<Event><![CDATA[VIEW]]></Event>
<EventKey><![CDATA[http://tejia.zdxinfo.com/app/index.php?i=2&c=entry&m=we7_wmall2&do=mgindex]]></EventKey>
<MenuId>415187293</MenuId>
</xml>

2017-07-19 17:29:58 params :
------------
String:
array (
  'rule' => -2,
  'module' => '',
  'message' => 
  array (
    'tousername' => 'gh_693cbb2a3e71',
    'fromusername' => 'ohRa2wtcwmALQ8DpnyjQMs7ZxCWo',
    'createtime' => '1500456599',
    'msgtype' => 'event',
    'event' => 'VIEW',
    'eventkey' => 'http://tejia.zdxinfo.com/app/index.php?i=2&c=entry&m=we7_wmall2&do=mgindex',
    'menuid' => '415187293',
    'from' => 'ohRa2wtcwmALQ8DpnyjQMs7ZxCWo',
    'to' => 'gh_693cbb2a3e71',
    'time' => '1500456599',
    'type' => 'text',
    'content' => 'http://tejia.zdxinfo.com/app/index.php?i=2&c=entry&m=we7_wmall2&do=mgindex',
    'redirection' => true,
    'source' => 'VIEW',
  ),
)

2017-07-19 17:29:58 response :
------------

2017-07-19 17:30:05 trace :
------------
String:
<xml><ToUserName><![CDATA[gh_693cbb2a3e71]]></ToUserName>
<FromUserName><![CDATA[ohRa2wtcwmALQ8DpnyjQMs7ZxCWo]]></FromUserName>
<CreateTime>1500456606</CreateTime>
<MsgType><![CDATA[event]]></MsgType>
<Event><![CDATA[VIEW]]></Event>
<EventKey><![CDATA[http://tejia.zdxinfo.com/app/index.php?i=2&c=entry&m=we7_wmall1&do=mgindex]]></EventKey>
<MenuId>415187293</MenuId>
</xml>

2017-07-19 17:30:05 params :
------------
String:
array (
  'rule' => -2,
  'module' => '',
  'message' => 
  array (
    'tousername' => 'gh_693cbb2a3e71',
    'fromusername' => 'ohRa2wtcwmALQ8DpnyjQMs7ZxCWo',
    'createtime' => '1500456606',
    'msgtype' => 'event',
    'event' => 'VIEW',
    'eventkey' => 'http://tejia.zdxinfo.com/app/index.php?i=2&c=entry&m=we7_wmall1&do=mgindex',
    'menuid' => '415187293',
    'from' => 'ohRa2wtcwmALQ8DpnyjQMs7ZxCWo',
    'to' => 'gh_693cbb2a3e71',
    'time' => '1500456606',
    'type' => 'text',
    'content' => 'http://tejia.zdxinfo.com/app/index.php?i=2&c=entry&m=we7_wmall1&do=mgindex',
    'redirection' => true,
    'source' => 'VIEW',
  ),
)

2017-07-19 17:30:05 response :
------------

2017-07-19 17:30:21 trace :
------------
String:
<xml><ToUserName><![CDATA[gh_693cbb2a3e71]]></ToUserName>
<FromUserName><![CDATA[ohRa2wtcwmALQ8DpnyjQMs7ZxCWo]]></FromUserName>
<CreateTime>1500456623</CreateTime>
<MsgType><![CDATA[event]]></MsgType>
<Event><![CDATA[VIEW]]></Event>
<EventKey><![CDATA[http://tejia.zdxinfo.com/app/index.php?i=2&c=entry&do=dyorder&m=we7_wmall2]]></EventKey>
<MenuId>415187293</MenuId>
</xml>

2017-07-19 17:30:21 params :
------------
String:
array (
  'rule' => -2,
  'module' => '',
  'message' => 
  array (
    'tousername' => 'gh_693cbb2a3e71',
    'fromusername' => 'ohRa2wtcwmALQ8DpnyjQMs7ZxCWo',
    'createtime' => '1500456623',
    'msgtype' => 'event',
    'event' => 'VIEW',
    'eventkey' => 'http://tejia.zdxinfo.com/app/index.php?i=2&c=entry&do=dyorder&m=we7_wmall2',
    'menuid' => '415187293',
    'from' => 'ohRa2wtcwmALQ8DpnyjQMs7ZxCWo',
    'to' => 'gh_693cbb2a3e71',
    'time' => '1500456623',
    'type' => 'text',
    'content' => 'http://tejia.zdxinfo.com/app/index.php?i=2&c=entry&do=dyorder&m=we7_wmall2',
    'redirection' => true,
    'source' => 'VIEW',
  ),
)

2017-07-19 17:30:21 response :
------------

2017-07-19 17:37:29 trace :
------------
String:
<xml><ToUserName><![CDATA[gh_693cbb2a3e71]]></ToUserName>
<FromUserName><![CDATA[ohRa2wnblijTZjH2gDuzCHmtSdrk]]></FromUserName>
<CreateTime>1500457051</CreateTime>
<MsgType><![CDATA[event]]></MsgType>
<Event><![CDATA[VIEW]]></Event>
<EventKey><![CDATA[http://tejia.zdxinfo.com/app/index.php?i=2&c=entry&m=we7_wmall1&do=mgindex]]></EventKey>
<MenuId>415187293</MenuId>
</xml>

2017-07-19 17:37:29 params :
------------
String:
array (
  'rule' => -2,
  'module' => '',
  'message' => 
  array (
    'tousername' => 'gh_693cbb2a3e71',
    'fromusername' => 'ohRa2wnblijTZjH2gDuzCHmtSdrk',
    'createtime' => '1500457051',
    'msgtype' => 'event',
    'event' => 'VIEW',
    'eventkey' => 'http://tejia.zdxinfo.com/app/index.php?i=2&c=entry&m=we7_wmall1&do=mgindex',
    'menuid' => '415187293',
    'from' => 'ohRa2wnblijTZjH2gDuzCHmtSdrk',
    'to' => 'gh_693cbb2a3e71',
    'time' => '1500457051',
    'type' => 'text',
    'content' => 'http://tejia.zdxinfo.com/app/index.php?i=2&c=entry&m=we7_wmall1&do=mgindex',
    'redirection' => true,
    'source' => 'VIEW',
  ),
)

2017-07-19 17:37:29 response :
------------

2017-07-19 17:39:19 trace :
------------
String:
<xml><ToUserName><![CDATA[gh_693cbb2a3e71]]></ToUserName>
<FromUserName><![CDATA[ohRa2woxBiObVhFdF9m-zcgPeMRI]]></FromUserName>
<CreateTime>1500457160</CreateTime>
<MsgType><![CDATA[event]]></MsgType>
<Event><![CDATA[VIEW]]></Event>
<EventKey><![CDATA[http://tejia.zdxinfo.com/app/index.php?i=2&c=entry&m=we7_wmall1&do=mgindex]]></EventKey>
<MenuId>415187293</MenuId>
</xml>

2017-07-19 17:39:19 params :
------------
String:
array (
  'rule' => -2,
  'module' => '',
  'message' => 
  array (
    'tousername' => 'gh_693cbb2a3e71',
    'fromusername' => 'ohRa2woxBiObVhFdF9m-zcgPeMRI',
    'createtime' => '1500457160',
    'msgtype' => 'event',
    'event' => 'VIEW',
    'eventkey' => 'http://tejia.zdxinfo.com/app/index.php?i=2&c=entry&m=we7_wmall1&do=mgindex',
    'menuid' => '415187293',
    'from' => 'ohRa2woxBiObVhFdF9m-zcgPeMRI',
    'to' => 'gh_693cbb2a3e71',
    'time' => '1500457160',
    'type' => 'text',
    'content' => 'http://tejia.zdxinfo.com/app/index.php?i=2&c=entry&m=we7_wmall1&do=mgindex',
    'redirection' => true,
    'source' => 'VIEW',
  ),
)

2017-07-19 17:39:19 response :
------------

2017-07-19 17:39:34 trace :
------------
String:
<xml><ToUserName><![CDATA[gh_693cbb2a3e71]]></ToUserName>
<FromUserName><![CDATA[ohRa2woxBiObVhFdF9m-zcgPeMRI]]></FromUserName>
<CreateTime>1500457176</CreateTime>
<MsgType><![CDATA[event]]></MsgType>
<Event><![CDATA[VIEW]]></Event>
<EventKey><![CDATA[http://tejia.zdxinfo.com/app/index.php?i=2&c=entry&m=we7_wmall2&do=mgindex]]></EventKey>
<MenuId>415187293</MenuId>
</xml>

2017-07-19 17:39:34 params :
------------
String:
array (
  'rule' => -2,
  'module' => '',
  'message' => 
  array (
    'tousername' => 'gh_693cbb2a3e71',
    'fromusername' => 'ohRa2woxBiObVhFdF9m-zcgPeMRI',
    'createtime' => '1500457176',
    'msgtype' => 'event',
    'event' => 'VIEW',
    'eventkey' => 'http://tejia.zdxinfo.com/app/index.php?i=2&c=entry&m=we7_wmall2&do=mgindex',
    'menuid' => '415187293',
    'from' => 'ohRa2woxBiObVhFdF9m-zcgPeMRI',
    'to' => 'gh_693cbb2a3e71',
    'time' => '1500457176',
    'type' => 'text',
    'content' => 'http://tejia.zdxinfo.com/app/index.php?i=2&c=entry&m=we7_wmall2&do=mgindex',
    'redirection' => true,
    'source' => 'VIEW',
  ),
)

2017-07-19 17:39:34 response :
------------

2017-07-19 17:40:52 trace :
------------
String:
<xml><ToUserName><![CDATA[gh_693cbb2a3e71]]></ToUserName>
<FromUserName><![CDATA[ohRa2wtcwmALQ8DpnyjQMs7ZxCWo]]></FromUserName>
<CreateTime>1500457253</CreateTime>
<MsgType><![CDATA[event]]></MsgType>
<Event><![CDATA[VIEW]]></Event>
<EventKey><![CDATA[http://tejia.zdxinfo.com/app/index.php?i=2&c=entry&do=dyorder&m=we7_wmall2]]></EventKey>
<MenuId>415187293</MenuId>
</xml>

2017-07-19 17:40:52 params :
------------
String:
array (
  'rule' => -2,
  'module' => '',
  'message' => 
  array (
    'tousername' => 'gh_693cbb2a3e71',
    'fromusername' => 'ohRa2wtcwmALQ8DpnyjQMs7ZxCWo',
    'createtime' => '1500457253',
    'msgtype' => 'event',
    'event' => 'VIEW',
    'eventkey' => 'http://tejia.zdxinfo.com/app/index.php?i=2&c=entry&do=dyorder&m=we7_wmall2',
    'menuid' => '415187293',
    'from' => 'ohRa2wtcwmALQ8DpnyjQMs7ZxCWo',
    'to' => 'gh_693cbb2a3e71',
    'time' => '1500457253',
    'type' => 'text',
    'content' => 'http://tejia.zdxinfo.com/app/index.php?i=2&c=entry&do=dyorder&m=we7_wmall2',
    'redirection' => true,
    'source' => 'VIEW',
  ),
)

2017-07-19 17:40:52 response :
------------

2017-07-19 17:44:29 trace :
------------
String:
<xml><ToUserName><![CDATA[gh_693cbb2a3e71]]></ToUserName>
<FromUserName><![CDATA[ohRa2wgZVy4pBznjKmTKRbCvaiDY]]></FromUserName>
<CreateTime>1500457471</CreateTime>
<MsgType><![CDATA[event]]></MsgType>
<Event><![CDATA[VIEW]]></Event>
<EventKey><![CDATA[http://tejia.zdxinfo.com/app/index.php?i=2&c=entry&m=we7_wmall1&do=mgindex]]></EventKey>
<MenuId>415187293</MenuId>
</xml>

2017-07-19 17:44:29 params :
------------
String:
array (
  'rule' => -2,
  'module' => '',
  'message' => 
  array (
    'tousername' => 'gh_693cbb2a3e71',
    'fromusername' => 'ohRa2wgZVy4pBznjKmTKRbCvaiDY',
    'createtime' => '1500457471',
    'msgtype' => 'event',
    'event' => 'VIEW',
    'eventkey' => 'http://tejia.zdxinfo.com/app/index.php?i=2&c=entry&m=we7_wmall1&do=mgindex',
    'menuid' => '415187293',
    'from' => 'ohRa2wgZVy4pBznjKmTKRbCvaiDY',
    'to' => 'gh_693cbb2a3e71',
    'time' => '1500457471',
    'type' => 'text',
    'content' => 'http://tejia.zdxinfo.com/app/index.php?i=2&c=entry&m=we7_wmall1&do=mgindex',
    'redirection' => true,
    'source' => 'VIEW',
  ),
)

2017-07-19 17:44:29 response :
------------

2017-07-19 17:44:41 trace :
------------
String:
<xml><ToUserName><![CDATA[gh_693cbb2a3e71]]></ToUserName>
<FromUserName><![CDATA[ohRa2wgZVy4pBznjKmTKRbCvaiDY]]></FromUserName>
<CreateTime>1500457482</CreateTime>
<MsgType><![CDATA[event]]></MsgType>
<Event><![CDATA[VIEW]]></Event>
<EventKey><![CDATA[http://tejia.zdxinfo.com/app/index.php?i=2&c=entry&m=we7_wmall2&do=mgindex]]></EventKey>
<MenuId>415187293</MenuId>
</xml>

2017-07-19 17:44:41 params :
------------
String:
array (
  'rule' => -2,
  'module' => '',
  'message' => 
  array (
    'tousername' => 'gh_693cbb2a3e71',
    'fromusername' => 'ohRa2wgZVy4pBznjKmTKRbCvaiDY',
    'createtime' => '1500457482',
    'msgtype' => 'event',
    'event' => 'VIEW',
    'eventkey' => 'http://tejia.zdxinfo.com/app/index.php?i=2&c=entry&m=we7_wmall2&do=mgindex',
    'menuid' => '415187293',
    'from' => 'ohRa2wgZVy4pBznjKmTKRbCvaiDY',
    'to' => 'gh_693cbb2a3e71',
    'time' => '1500457482',
    'type' => 'text',
    'content' => 'http://tejia.zdxinfo.com/app/index.php?i=2&c=entry&m=we7_wmall2&do=mgindex',
    'redirection' => true,
    'source' => 'VIEW',
  ),
)

2017-07-19 17:44:41 response :
------------

2017-07-19 17:48:09 trace :
------------
String:
<xml><ToUserName><![CDATA[gh_693cbb2a3e71]]></ToUserName>
<FromUserName><![CDATA[ohRa2wl2YSK4833Cyf7dqYdrzEUM]]></FromUserName>
<CreateTime>1500457691</CreateTime>
<MsgType><![CDATA[event]]></MsgType>
<Event><![CDATA[subscribe]]></Event>
<EventKey><![CDATA[]]></EventKey>
</xml>

2017-07-19 17:48:09 params :
------------
String:
array (
  'rule' => -2,
  'module' => '',
  'message' => 
  array (
    'tousername' => 'gh_693cbb2a3e71',
    'fromusername' => 'ohRa2wl2YSK4833Cyf7dqYdrzEUM',
    'createtime' => '1500457691',
    'msgtype' => 'event',
    'event' => 'subscribe',
    'eventkey' => '',
    'from' => 'ohRa2wl2YSK4833Cyf7dqYdrzEUM',
    'to' => 'gh_693cbb2a3e71',
    'time' => '1500457691',
    'type' => 'text',
    'redirection' => true,
    'source' => 'subscribe',
  ),
)

2017-07-19 17:48:09 response :
------------

2017-07-19 17:51:12 trace :
------------
String:
<xml><ToUserName><![CDATA[gh_693cbb2a3e71]]></ToUserName>
<FromUserName><![CDATA[ohRa2wuUfOUmEmafqIFN_h3Peihw]]></FromUserName>
<CreateTime>1500457873</CreateTime>
<MsgType><![CDATA[event]]></MsgType>
<Event><![CDATA[VIEW]]></Event>
<EventKey><![CDATA[http://tejia.zdxinfo.com/app/index.php?i=2&c=entry&do=dyorder&m=we7_wmall2]]></EventKey>
<MenuId>415187293</MenuId>
</xml>

2017-07-19 17:51:12 params :
------------
String:
array (
  'rule' => -2,
  'module' => '',
  'message' => 
  array (
    'tousername' => 'gh_693cbb2a3e71',
    'fromusername' => 'ohRa2wuUfOUmEmafqIFN_h3Peihw',
    'createtime' => '1500457873',
    'msgtype' => 'event',
    'event' => 'VIEW',
    'eventkey' => 'http://tejia.zdxinfo.com/app/index.php?i=2&c=entry&do=dyorder&m=we7_wmall2',
    'menuid' => '415187293',
    'from' => 'ohRa2wuUfOUmEmafqIFN_h3Peihw',
    'to' => 'gh_693cbb2a3e71',
    'time' => '1500457873',
    'type' => 'text',
    'content' => 'http://tejia.zdxinfo.com/app/index.php?i=2&c=entry&do=dyorder&m=we7_wmall2',
    'redirection' => true,
    'source' => 'VIEW',
  ),
)

2017-07-19 17:51:12 response :
------------

2017-07-19 17:51:18 trace :
------------
String:
<xml><ToUserName><![CDATA[gh_693cbb2a3e71]]></ToUserName>
<FromUserName><![CDATA[ohRa2wuUfOUmEmafqIFN_h3Peihw]]></FromUserName>
<CreateTime>1500457879</CreateTime>
<MsgType><![CDATA[event]]></MsgType>
<Event><![CDATA[VIEW]]></Event>
<EventKey><![CDATA[http://tejia.zdxinfo.com/app/index.php?i=2&c=entry&m=we7_wmall2&do=mgindex]]></EventKey>
<MenuId>415187293</MenuId>
</xml>

2017-07-19 17:51:18 params :
------------
String:
array (
  'rule' => -2,
  'module' => '',
  'message' => 
  array (
    'tousername' => 'gh_693cbb2a3e71',
    'fromusername' => 'ohRa2wuUfOUmEmafqIFN_h3Peihw',
    'createtime' => '1500457879',
    'msgtype' => 'event',
    'event' => 'VIEW',
    'eventkey' => 'http://tejia.zdxinfo.com/app/index.php?i=2&c=entry&m=we7_wmall2&do=mgindex',
    'menuid' => '415187293',
    'from' => 'ohRa2wuUfOUmEmafqIFN_h3Peihw',
    'to' => 'gh_693cbb2a3e71',
    'time' => '1500457879',
    'type' => 'text',
    'content' => 'http://tejia.zdxinfo.com/app/index.php?i=2&c=entry&m=we7_wmall2&do=mgindex',
    'redirection' => true,
    'source' => 'VIEW',
  ),
)

2017-07-19 17:51:18 response :
------------

2017-07-19 17:51:21 trace :
------------
String:
<xml><ToUserName><![CDATA[gh_693cbb2a3e71]]></ToUserName>
<FromUserName><![CDATA[ohRa2wuUfOUmEmafqIFN_h3Peihw]]></FromUserName>
<CreateTime>1500457883</CreateTime>
<MsgType><![CDATA[event]]></MsgType>
<Event><![CDATA[VIEW]]></Event>
<EventKey><![CDATA[http://tejia.zdxinfo.com/app/index.php?i=2&c=entry&m=we7_wmall1&do=mgindex]]></EventKey>
<MenuId>415187293</MenuId>
</xml>

2017-07-19 17:51:21 params :
------------
String:
array (
  'rule' => -2,
  'module' => '',
  'message' => 
  array (
    'tousername' => 'gh_693cbb2a3e71',
    'fromusername' => 'ohRa2wuUfOUmEmafqIFN_h3Peihw',
    'createtime' => '1500457883',
    'msgtype' => 'event',
    'event' => 'VIEW',
    'eventkey' => 'http://tejia.zdxinfo.com/app/index.php?i=2&c=entry&m=we7_wmall1&do=mgindex',
    'menuid' => '415187293',
    'from' => 'ohRa2wuUfOUmEmafqIFN_h3Peihw',
    'to' => 'gh_693cbb2a3e71',
    'time' => '1500457883',
    'type' => 'text',
    'content' => 'http://tejia.zdxinfo.com/app/index.php?i=2&c=entry&m=we7_wmall1&do=mgindex',
    'redirection' => true,
    'source' => 'VIEW',
  ),
)

2017-07-19 17:51:21 response :
------------

2017-07-19 17:52:15 trace :
------------
String:
<xml><ToUserName><![CDATA[gh_693cbb2a3e71]]></ToUserName>
<FromUserName><![CDATA[ohRa2wuUfOUmEmafqIFN_h3Peihw]]></FromUserName>
<CreateTime>1500457936</CreateTime>
<MsgType><![CDATA[event]]></MsgType>
<Event><![CDATA[VIEW]]></Event>
<EventKey><![CDATA[http://tejia.zdxinfo.com/app/index.php?i=2&c=entry&m=we7_wmall2&do=mgindex]]></EventKey>
<MenuId>415187293</MenuId>
</xml>

2017-07-19 17:52:15 params :
------------
String:
array (
  'rule' => -2,
  'module' => '',
  'message' => 
  array (
    'tousername' => 'gh_693cbb2a3e71',
    'fromusername' => 'ohRa2wuUfOUmEmafqIFN_h3Peihw',
    'createtime' => '1500457936',
    'msgtype' => 'event',
    'event' => 'VIEW',
    'eventkey' => 'http://tejia.zdxinfo.com/app/index.php?i=2&c=entry&m=we7_wmall2&do=mgindex',
    'menuid' => '415187293',
    'from' => 'ohRa2wuUfOUmEmafqIFN_h3Peihw',
    'to' => 'gh_693cbb2a3e71',
    'time' => '1500457936',
    'type' => 'text',
    'content' => 'http://tejia.zdxinfo.com/app/index.php?i=2&c=entry&m=we7_wmall2&do=mgindex',
    'redirection' => true,
    'source' => 'VIEW',
  ),
)

2017-07-19 17:52:15 response :
------------

2017-07-19 18:11:57 trace :
------------
String:
<xml><ToUserName><![CDATA[gh_693cbb2a3e71]]></ToUserName>
<FromUserName><![CDATA[ohRa2wlhh5eUUhJmAbqYCUnGAuBU]]></FromUserName>
<CreateTime>1500459118</CreateTime>
<MsgType><![CDATA[event]]></MsgType>
<Event><![CDATA[VIEW]]></Event>
<EventKey><![CDATA[http://tejia.zdxinfo.com/app/index.php?i=2&c=entry&m=we7_wmall2&do=mgindex]]></EventKey>
<MenuId>415187293</MenuId>
</xml>

2017-07-19 18:11:57 params :
------------
String:
array (
  'rule' => -2,
  'module' => '',
  'message' => 
  array (
    'tousername' => 'gh_693cbb2a3e71',
    'fromusername' => 'ohRa2wlhh5eUUhJmAbqYCUnGAuBU',
    'createtime' => '1500459118',
    'msgtype' => 'event',
    'event' => 'VIEW',
    'eventkey' => 'http://tejia.zdxinfo.com/app/index.php?i=2&c=entry&m=we7_wmall2&do=mgindex',
    'menuid' => '415187293',
    'from' => 'ohRa2wlhh5eUUhJmAbqYCUnGAuBU',
    'to' => 'gh_693cbb2a3e71',
    'time' => '1500459118',
    'type' => 'text',
    'content' => 'http://tejia.zdxinfo.com/app/index.php?i=2&c=entry&m=we7_wmall2&do=mgindex',
    'redirection' => true,
    'source' => 'VIEW',
  ),
)

2017-07-19 18:11:57 response :
------------

2017-07-19 18:13:07 trace :
------------
String:
<xml><ToUserName><![CDATA[gh_693cbb2a3e71]]></ToUserName>
<FromUserName><![CDATA[ohRa2wlhh5eUUhJmAbqYCUnGAuBU]]></FromUserName>
<CreateTime>1500459188</CreateTime>
<MsgType><![CDATA[event]]></MsgType>
<Event><![CDATA[VIEW]]></Event>
<EventKey><![CDATA[http://tejia.zdxinfo.com/app/index.php?i=2&c=entry&m=we7_wmall1&do=mgindex]]></EventKey>
<MenuId>415187293</MenuId>
</xml>

2017-07-19 18:13:07 params :
------------
String:
array (
  'rule' => -2,
  'module' => '',
  'message' => 
  array (
    'tousername' => 'gh_693cbb2a3e71',
    'fromusername' => 'ohRa2wlhh5eUUhJmAbqYCUnGAuBU',
    'createtime' => '1500459188',
    'msgtype' => 'event',
    'event' => 'VIEW',
    'eventkey' => 'http://tejia.zdxinfo.com/app/index.php?i=2&c=entry&m=we7_wmall1&do=mgindex',
    'menuid' => '415187293',
    'from' => 'ohRa2wlhh5eUUhJmAbqYCUnGAuBU',
    'to' => 'gh_693cbb2a3e71',
    'time' => '1500459188',
    'type' => 'text',
    'content' => 'http://tejia.zdxinfo.com/app/index.php?i=2&c=entry&m=we7_wmall1&do=mgindex',
    'redirection' => true,
    'source' => 'VIEW',
  ),
)

2017-07-19 18:13:07 response :
------------

2017-07-19 18:13:12 trace :
------------
String:
<xml><ToUserName><![CDATA[gh_693cbb2a3e71]]></ToUserName>
<FromUserName><![CDATA[ohRa2wlhh5eUUhJmAbqYCUnGAuBU]]></FromUserName>
<CreateTime>1500459193</CreateTime>
<MsgType><![CDATA[event]]></MsgType>
<Event><![CDATA[VIEW]]></Event>
<EventKey><![CDATA[http://tejia.zdxinfo.com/app/index.php?i=2&c=entry&do=dyorder&m=we7_wmall2]]></EventKey>
<MenuId>415187293</MenuId>
</xml>

2017-07-19 18:13:12 params :
------------
String:
array (
  'rule' => -2,
  'module' => '',
  'message' => 
  array (
    'tousername' => 'gh_693cbb2a3e71',
    'fromusername' => 'ohRa2wlhh5eUUhJmAbqYCUnGAuBU',
    'createtime' => '1500459193',
    'msgtype' => 'event',
    'event' => 'VIEW',
    'eventkey' => 'http://tejia.zdxinfo.com/app/index.php?i=2&c=entry&do=dyorder&m=we7_wmall2',
    'menuid' => '415187293',
    'from' => 'ohRa2wlhh5eUUhJmAbqYCUnGAuBU',
    'to' => 'gh_693cbb2a3e71',
    'time' => '1500459193',
    'type' => 'text',
    'content' => 'http://tejia.zdxinfo.com/app/index.php?i=2&c=entry&do=dyorder&m=we7_wmall2',
    'redirection' => true,
    'source' => 'VIEW',
  ),
)

2017-07-19 18:13:12 response :
------------

2017-07-19 18:23:52 trace :
------------
String:
<xml><ToUserName><![CDATA[gh_693cbb2a3e71]]></ToUserName>
<FromUserName><![CDATA[ohRa2wvlyFncKkseHX1-WnMZ8aTw]]></FromUserName>
<CreateTime>1500459833</CreateTime>
<MsgType><![CDATA[event]]></MsgType>
<Event><![CDATA[VIEW]]></Event>
<EventKey><![CDATA[http://tejia.zdxinfo.com/app/index.php?i=2&c=entry&m=we7_wmall1&do=mgindex]]></EventKey>
<MenuId>415187293</MenuId>
</xml>

2017-07-19 18:23:52 params :
------------
String:
array (
  'rule' => -2,
  'module' => '',
  'message' => 
  array (
    'tousername' => 'gh_693cbb2a3e71',
    'fromusername' => 'ohRa2wvlyFncKkseHX1-WnMZ8aTw',
    'createtime' => '1500459833',
    'msgtype' => 'event',
    'event' => 'VIEW',
    'eventkey' => 'http://tejia.zdxinfo.com/app/index.php?i=2&c=entry&m=we7_wmall1&do=mgindex',
    'menuid' => '415187293',
    'from' => 'ohRa2wvlyFncKkseHX1-WnMZ8aTw',
    'to' => 'gh_693cbb2a3e71',
    'time' => '1500459833',
    'type' => 'text',
    'content' => 'http://tejia.zdxinfo.com/app/index.php?i=2&c=entry&m=we7_wmall1&do=mgindex',
    'redirection' => true,
    'source' => 'VIEW',
  ),
)

2017-07-19 18:23:52 response :
------------

2017-07-19 18:30:54 trace :
------------
String:
<xml><ToUserName><![CDATA[gh_693cbb2a3e71]]></ToUserName>
<FromUserName><![CDATA[ohRa2wuUfOUmEmafqIFN_h3Peihw]]></FromUserName>
<CreateTime>1500460255</CreateTime>
<MsgType><![CDATA[event]]></MsgType>
<Event><![CDATA[VIEW]]></Event>
<EventKey><![CDATA[http://tejia.zdxinfo.com/app/index.php?i=2&c=entry&do=dyorder&m=we7_wmall2]]></EventKey>
<MenuId>415187293</MenuId>
</xml>

2017-07-19 18:30:54 params :
------------
String:
array (
  'rule' => -2,
  'module' => '',
  'message' => 
  array (
    'tousername' => 'gh_693cbb2a3e71',
    'fromusername' => 'ohRa2wuUfOUmEmafqIFN_h3Peihw',
    'createtime' => '1500460255',
    'msgtype' => 'event',
    'event' => 'VIEW',
    'eventkey' => 'http://tejia.zdxinfo.com/app/index.php?i=2&c=entry&do=dyorder&m=we7_wmall2',
    'menuid' => '415187293',
    'from' => 'ohRa2wuUfOUmEmafqIFN_h3Peihw',
    'to' => 'gh_693cbb2a3e71',
    'time' => '1500460255',
    'type' => 'text',
    'content' => 'http://tejia.zdxinfo.com/app/index.php?i=2&c=entry&do=dyorder&m=we7_wmall2',
    'redirection' => true,
    'source' => 'VIEW',
  ),
)

2017-07-19 18:30:54 response :
------------

2017-07-19 18:39:26 trace :
------------
String:
<xml><ToUserName><![CDATA[gh_693cbb2a3e71]]></ToUserName>
<FromUserName><![CDATA[ohRa2whGkFVDzGL2H0LcI9b8WbEo]]></FromUserName>
<CreateTime>1500460767</CreateTime>
<MsgType><![CDATA[event]]></MsgType>
<Event><![CDATA[VIEW]]></Event>
<EventKey><![CDATA[http://tejia.zdxinfo.com/app/index.php?i=2&c=entry&m=we7_wmall1&do=mgindex]]></EventKey>
<MenuId>415187293</MenuId>
</xml>

2017-07-19 18:39:26 params :
------------
String:
array (
  'rule' => -2,
  'module' => '',
  'message' => 
  array (
    'tousername' => 'gh_693cbb2a3e71',
    'fromusername' => 'ohRa2whGkFVDzGL2H0LcI9b8WbEo',
    'createtime' => '1500460767',
    'msgtype' => 'event',
    'event' => 'VIEW',
    'eventkey' => 'http://tejia.zdxinfo.com/app/index.php?i=2&c=entry&m=we7_wmall1&do=mgindex',
    'menuid' => '415187293',
    'from' => 'ohRa2whGkFVDzGL2H0LcI9b8WbEo',
    'to' => 'gh_693cbb2a3e71',
    'time' => '1500460767',
    'type' => 'text',
    'content' => 'http://tejia.zdxinfo.com/app/index.php?i=2&c=entry&m=we7_wmall1&do=mgindex',
    'redirection' => true,
    'source' => 'VIEW',
  ),
)

2017-07-19 18:39:26 response :
------------

2017-07-19 18:39:43 trace :
------------
String:
<xml><ToUserName><![CDATA[gh_693cbb2a3e71]]></ToUserName>
<FromUserName><![CDATA[ohRa2whGkFVDzGL2H0LcI9b8WbEo]]></FromUserName>
<CreateTime>1500460784</CreateTime>
<MsgType><![CDATA[event]]></MsgType>
<Event><![CDATA[VIEW]]></Event>
<EventKey><![CDATA[http://tejia.zdxinfo.com/app/index.php?i=2&c=entry&do=dyorder&m=we7_wmall2]]></EventKey>
<MenuId>415187293</MenuId>
</xml>

2017-07-19 18:39:43 params :
------------
String:
array (
  'rule' => -2,
  'module' => '',
  'message' => 
  array (
    'tousername' => 'gh_693cbb2a3e71',
    'fromusername' => 'ohRa2whGkFVDzGL2H0LcI9b8WbEo',
    'createtime' => '1500460784',
    'msgtype' => 'event',
    'event' => 'VIEW',
    'eventkey' => 'http://tejia.zdxinfo.com/app/index.php?i=2&c=entry&do=dyorder&m=we7_wmall2',
    'menuid' => '415187293',
    'from' => 'ohRa2whGkFVDzGL2H0LcI9b8WbEo',
    'to' => 'gh_693cbb2a3e71',
    'time' => '1500460784',
    'type' => 'text',
    'content' => 'http://tejia.zdxinfo.com/app/index.php?i=2&c=entry&do=dyorder&m=we7_wmall2',
    'redirection' => true,
    'source' => 'VIEW',
  ),
)

2017-07-19 18:39:43 response :
------------

2017-07-19 18:44:09 trace :
------------
String:
<xml><ToUserName><![CDATA[gh_693cbb2a3e71]]></ToUserName>
<FromUserName><![CDATA[ohRa2wpPZ28GMoC8VUy3XfaUoJ3U]]></FromUserName>
<CreateTime>1500461050</CreateTime>
<MsgType><![CDATA[event]]></MsgType>
<Event><![CDATA[VIEW]]></Event>
<EventKey><![CDATA[http://tejia.zdxinfo.com/app/index.php?i=2&c=entry&do=dyorder&m=we7_wmall2]]></EventKey>
<MenuId>415187293</MenuId>
</xml>

2017-07-19 18:44:09 params :
------------
String:
array (
  'rule' => -2,
  'module' => '',
  'message' => 
  array (
    'tousername' => 'gh_693cbb2a3e71',
    'fromusername' => 'ohRa2wpPZ28GMoC8VUy3XfaUoJ3U',
    'createtime' => '1500461050',
    'msgtype' => 'event',
    'event' => 'VIEW',
    'eventkey' => 'http://tejia.zdxinfo.com/app/index.php?i=2&c=entry&do=dyorder&m=we7_wmall2',
    'menuid' => '415187293',
    'from' => 'ohRa2wpPZ28GMoC8VUy3XfaUoJ3U',
    'to' => 'gh_693cbb2a3e71',
    'time' => '1500461050',
    'type' => 'text',
    'content' => 'http://tejia.zdxinfo.com/app/index.php?i=2&c=entry&do=dyorder&m=we7_wmall2',
    'redirection' => true,
    'source' => 'VIEW',
  ),
)

2017-07-19 18:44:09 response :
------------

2017-07-19 18:44:36 trace :
------------
String:
<xml><ToUserName><![CDATA[gh_693cbb2a3e71]]></ToUserName>
<FromUserName><![CDATA[ohRa2wpPZ28GMoC8VUy3XfaUoJ3U]]></FromUserName>
<CreateTime>1500461077</CreateTime>
<MsgType><![CDATA[event]]></MsgType>
<Event><![CDATA[VIEW]]></Event>
<EventKey><![CDATA[http://tejia.zdxinfo.com/app/index.php?i=2&c=entry&m=we7_wmall1&do=mgindex]]></EventKey>
<MenuId>415187293</MenuId>
</xml>

2017-07-19 18:44:36 params :
------------
String:
array (
  'rule' => -2,
  'module' => '',
  'message' => 
  array (
    'tousername' => 'gh_693cbb2a3e71',
    'fromusername' => 'ohRa2wpPZ28GMoC8VUy3XfaUoJ3U',
    'createtime' => '1500461077',
    'msgtype' => 'event',
    'event' => 'VIEW',
    'eventkey' => 'http://tejia.zdxinfo.com/app/index.php?i=2&c=entry&m=we7_wmall1&do=mgindex',
    'menuid' => '415187293',
    'from' => 'ohRa2wpPZ28GMoC8VUy3XfaUoJ3U',
    'to' => 'gh_693cbb2a3e71',
    'time' => '1500461077',
    'type' => 'text',
    'content' => 'http://tejia.zdxinfo.com/app/index.php?i=2&c=entry&m=we7_wmall1&do=mgindex',
    'redirection' => true,
    'source' => 'VIEW',
  ),
)

2017-07-19 18:44:36 response :
------------

2017-07-19 18:45:14 trace :
------------
String:
<xml><ToUserName><![CDATA[gh_693cbb2a3e71]]></ToUserName>
<FromUserName><![CDATA[ohRa2whGkFVDzGL2H0LcI9b8WbEo]]></FromUserName>
<CreateTime>1500461115</CreateTime>
<MsgType><![CDATA[event]]></MsgType>
<Event><![CDATA[VIEW]]></Event>
<EventKey><![CDATA[http://tejia.zdxinfo.com/app/index.php?i=2&c=entry&m=we7_wmall1&do=mgindex]]></EventKey>
<MenuId>415187293</MenuId>
</xml>

2017-07-19 18:45:14 params :
------------
String:
array (
  'rule' => -2,
  'module' => '',
  'message' => 
  array (
    'tousername' => 'gh_693cbb2a3e71',
    'fromusername' => 'ohRa2whGkFVDzGL2H0LcI9b8WbEo',
    'createtime' => '1500461115',
    'msgtype' => 'event',
    'event' => 'VIEW',
    'eventkey' => 'http://tejia.zdxinfo.com/app/index.php?i=2&c=entry&m=we7_wmall1&do=mgindex',
    'menuid' => '415187293',
    'from' => 'ohRa2whGkFVDzGL2H0LcI9b8WbEo',
    'to' => 'gh_693cbb2a3e71',
    'time' => '1500461115',
    'type' => 'text',
    'content' => 'http://tejia.zdxinfo.com/app/index.php?i=2&c=entry&m=we7_wmall1&do=mgindex',
    'redirection' => true,
    'source' => 'VIEW',
  ),
)

2017-07-19 18:45:14 response :
------------

2017-07-19 18:47:11 trace :
------------
String:
<xml><ToUserName><![CDATA[gh_693cbb2a3e71]]></ToUserName>
<FromUserName><![CDATA[ohRa2woxBiObVhFdF9m-zcgPeMRI]]></FromUserName>
<CreateTime>1500461232</CreateTime>
<MsgType><![CDATA[event]]></MsgType>
<Event><![CDATA[VIEW]]></Event>
<EventKey><![CDATA[http://tejia.zdxinfo.com/app/index.php?i=2&c=entry&m=we7_wmall1&do=mgindex]]></EventKey>
<MenuId>415187293</MenuId>
</xml>

2017-07-19 18:47:11 params :
------------
String:
array (
  'rule' => -2,
  'module' => '',
  'message' => 
  array (
    'tousername' => 'gh_693cbb2a3e71',
    'fromusername' => 'ohRa2woxBiObVhFdF9m-zcgPeMRI',
    'createtime' => '1500461232',
    'msgtype' => 'event',
    'event' => 'VIEW',
    'eventkey' => 'http://tejia.zdxinfo.com/app/index.php?i=2&c=entry&m=we7_wmall1&do=mgindex',
    'menuid' => '415187293',
    'from' => 'ohRa2woxBiObVhFdF9m-zcgPeMRI',
    'to' => 'gh_693cbb2a3e71',
    'time' => '1500461232',
    'type' => 'text',
    'content' => 'http://tejia.zdxinfo.com/app/index.php?i=2&c=entry&m=we7_wmall1&do=mgindex',
    'redirection' => true,
    'source' => 'VIEW',
  ),
)

2017-07-19 18:47:11 response :
------------

2017-07-19 18:48:20 trace :
------------
String:
<xml><ToUserName><![CDATA[gh_693cbb2a3e71]]></ToUserName>
<FromUserName><![CDATA[ohRa2woxBiObVhFdF9m-zcgPeMRI]]></FromUserName>
<CreateTime>1500461301</CreateTime>
<MsgType><![CDATA[event]]></MsgType>
<Event><![CDATA[VIEW]]></Event>
<EventKey><![CDATA[http://tejia.zdxinfo.com/app/index.php?i=2&c=entry&m=we7_wmall1&do=mgindex]]></EventKey>
<MenuId>415187293</MenuId>
</xml>

2017-07-19 18:48:20 params :
------------
String:
array (
  'rule' => -2,
  'module' => '',
  'message' => 
  array (
    'tousername' => 'gh_693cbb2a3e71',
    'fromusername' => 'ohRa2woxBiObVhFdF9m-zcgPeMRI',
    'createtime' => '1500461301',
    'msgtype' => 'event',
    'event' => 'VIEW',
    'eventkey' => 'http://tejia.zdxinfo.com/app/index.php?i=2&c=entry&m=we7_wmall1&do=mgindex',
    'menuid' => '415187293',
    'from' => 'ohRa2woxBiObVhFdF9m-zcgPeMRI',
    'to' => 'gh_693cbb2a3e71',
    'time' => '1500461301',
    'type' => 'text',
    'content' => 'http://tejia.zdxinfo.com/app/index.php?i=2&c=entry&m=we7_wmall1&do=mgindex',
    'redirection' => true,
    'source' => 'VIEW',
  ),
)

2017-07-19 18:48:20 response :
------------

2017-07-19 18:48:26 trace :
------------
String:
<xml><ToUserName><![CDATA[gh_693cbb2a3e71]]></ToUserName>
<FromUserName><![CDATA[ohRa2woxBiObVhFdF9m-zcgPeMRI]]></FromUserName>
<CreateTime>1500461307</CreateTime>
<MsgType><![CDATA[event]]></MsgType>
<Event><![CDATA[VIEW]]></Event>
<EventKey><![CDATA[http://tejia.zdxinfo.com/app/index.php?i=2&c=entry&m=we7_wmall2&do=mgindex]]></EventKey>
<MenuId>415187293</MenuId>
</xml>

2017-07-19 18:48:26 params :
------------
String:
array (
  'rule' => -2,
  'module' => '',
  'message' => 
  array (
    'tousername' => 'gh_693cbb2a3e71',
    'fromusername' => 'ohRa2woxBiObVhFdF9m-zcgPeMRI',
    'createtime' => '1500461307',
    'msgtype' => 'event',
    'event' => 'VIEW',
    'eventkey' => 'http://tejia.zdxinfo.com/app/index.php?i=2&c=entry&m=we7_wmall2&do=mgindex',
    'menuid' => '415187293',
    'from' => 'ohRa2woxBiObVhFdF9m-zcgPeMRI',
    'to' => 'gh_693cbb2a3e71',
    'time' => '1500461307',
    'type' => 'text',
    'content' => 'http://tejia.zdxinfo.com/app/index.php?i=2&c=entry&m=we7_wmall2&do=mgindex',
    'redirection' => true,
    'source' => 'VIEW',
  ),
)

2017-07-19 18:48:26 response :
------------

2017-07-19 18:48:41 trace :
------------
String:
<xml><ToUserName><![CDATA[gh_693cbb2a3e71]]></ToUserName>
<FromUserName><![CDATA[ohRa2woxBiObVhFdF9m-zcgPeMRI]]></FromUserName>
<CreateTime>1500461322</CreateTime>
<MsgType><![CDATA[event]]></MsgType>
<Event><![CDATA[VIEW]]></Event>
<EventKey><![CDATA[http://tejia.zdxinfo.com/app/index.php?i=2&c=entry&do=dyorder&m=we7_wmall2]]></EventKey>
<MenuId>415187293</MenuId>
</xml>

2017-07-19 18:48:41 params :
------------
String:
array (
  'rule' => -2,
  'module' => '',
  'message' => 
  array (
    'tousername' => 'gh_693cbb2a3e71',
    'fromusername' => 'ohRa2woxBiObVhFdF9m-zcgPeMRI',
    'createtime' => '1500461322',
    'msgtype' => 'event',
    'event' => 'VIEW',
    'eventkey' => 'http://tejia.zdxinfo.com/app/index.php?i=2&c=entry&do=dyorder&m=we7_wmall2',
    'menuid' => '415187293',
    'from' => 'ohRa2woxBiObVhFdF9m-zcgPeMRI',
    'to' => 'gh_693cbb2a3e71',
    'time' => '1500461322',
    'type' => 'text',
    'content' => 'http://tejia.zdxinfo.com/app/index.php?i=2&c=entry&do=dyorder&m=we7_wmall2',
    'redirection' => true,
    'source' => 'VIEW',
  ),
)

2017-07-19 18:48:41 response :
------------

2017-07-19 18:57:28 trace :
------------
String:
<xml><ToUserName><![CDATA[gh_693cbb2a3e71]]></ToUserName>
<FromUserName><![CDATA[ohRa2whGkFVDzGL2H0LcI9b8WbEo]]></FromUserName>
<CreateTime>1500461849</CreateTime>
<MsgType><![CDATA[event]]></MsgType>
<Event><![CDATA[VIEW]]></Event>
<EventKey><![CDATA[http://tejia.zdxinfo.com/app/index.php?i=2&c=entry&do=dyorder&m=we7_wmall2]]></EventKey>
<MenuId>415187293</MenuId>
</xml>

2017-07-19 18:57:28 params :
------------
String:
array (
  'rule' => -2,
  'module' => '',
  'message' => 
  array (
    'tousername' => 'gh_693cbb2a3e71',
    'fromusername' => 'ohRa2whGkFVDzGL2H0LcI9b8WbEo',
    'createtime' => '1500461849',
    'msgtype' => 'event',
    'event' => 'VIEW',
    'eventkey' => 'http://tejia.zdxinfo.com/app/index.php?i=2&c=entry&do=dyorder&m=we7_wmall2',
    'menuid' => '415187293',
    'from' => 'ohRa2whGkFVDzGL2H0LcI9b8WbEo',
    'to' => 'gh_693cbb2a3e71',
    'time' => '1500461849',
    'type' => 'text',
    'content' => 'http://tejia.zdxinfo.com/app/index.php?i=2&c=entry&do=dyorder&m=we7_wmall2',
    'redirection' => true,
    'source' => 'VIEW',
  ),
)

2017-07-19 18:57:28 response :
------------

2017-07-19 18:57:33 trace :
------------
String:
<xml><ToUserName><![CDATA[gh_693cbb2a3e71]]></ToUserName>
<FromUserName><![CDATA[ohRa2whGkFVDzGL2H0LcI9b8WbEo]]></FromUserName>
<CreateTime>1500461854</CreateTime>
<MsgType><![CDATA[event]]></MsgType>
<Event><![CDATA[VIEW]]></Event>
<EventKey><![CDATA[http://tejia.zdxinfo.com/app/index.php?i=2&c=entry&m=we7_wmall1&do=mgindex]]></EventKey>
<MenuId>415187293</MenuId>
</xml>

2017-07-19 18:57:33 params :
------------
String:
array (
  'rule' => -2,
  'module' => '',
  'message' => 
  array (
    'tousername' => 'gh_693cbb2a3e71',
    'fromusername' => 'ohRa2whGkFVDzGL2H0LcI9b8WbEo',
    'createtime' => '1500461854',
    'msgtype' => 'event',
    'event' => 'VIEW',
    'eventkey' => 'http://tejia.zdxinfo.com/app/index.php?i=2&c=entry&m=we7_wmall1&do=mgindex',
    'menuid' => '415187293',
    'from' => 'ohRa2whGkFVDzGL2H0LcI9b8WbEo',
    'to' => 'gh_693cbb2a3e71',
    'time' => '1500461854',
    'type' => 'text',
    'content' => 'http://tejia.zdxinfo.com/app/index.php?i=2&c=entry&m=we7_wmall1&do=mgindex',
    'redirection' => true,
    'source' => 'VIEW',
  ),
)

2017-07-19 18:57:33 response :
------------

2017-07-19 19:08:27 trace :
------------
String:
<xml><ToUserName><![CDATA[gh_693cbb2a3e71]]></ToUserName>
<FromUserName><![CDATA[ohRa2wlhh5eUUhJmAbqYCUnGAuBU]]></FromUserName>
<CreateTime>1500462508</CreateTime>
<MsgType><![CDATA[event]]></MsgType>
<Event><![CDATA[VIEW]]></Event>
<EventKey><![CDATA[http://tejia.zdxinfo.com/app/index.php?i=2&c=entry&m=we7_wmall2&do=mgindex]]></EventKey>
<MenuId>415187293</MenuId>
</xml>

2017-07-19 19:08:27 params :
------------
String:
array (
  'rule' => -2,
  'module' => '',
  'message' => 
  array (
    'tousername' => 'gh_693cbb2a3e71',
    'fromusername' => 'ohRa2wlhh5eUUhJmAbqYCUnGAuBU',
    'createtime' => '1500462508',
    'msgtype' => 'event',
    'event' => 'VIEW',
    'eventkey' => 'http://tejia.zdxinfo.com/app/index.php?i=2&c=entry&m=we7_wmall2&do=mgindex',
    'menuid' => '415187293',
    'from' => 'ohRa2wlhh5eUUhJmAbqYCUnGAuBU',
    'to' => 'gh_693cbb2a3e71',
    'time' => '1500462508',
    'type' => 'text',
    'content' => 'http://tejia.zdxinfo.com/app/index.php?i=2&c=entry&m=we7_wmall2&do=mgindex',
    'redirection' => true,
    'source' => 'VIEW',
  ),
)

2017-07-19 19:08:27 response :
------------

2017-07-19 20:36:13 trace :
------------
String:
<xml><ToUserName><![CDATA[gh_693cbb2a3e71]]></ToUserName>
<FromUserName><![CDATA[ohRa2wp94r3_u5BHjSxVewj2_McA]]></FromUserName>
<CreateTime>1500467774</CreateTime>
<MsgType><![CDATA[event]]></MsgType>
<Event><![CDATA[VIEW]]></Event>
<EventKey><![CDATA[http://tejia.zdxinfo.com/app/index.php?i=2&c=entry&do=dyorder&m=we7_wmall2]]></EventKey>
<MenuId>415187293</MenuId>
</xml>

2017-07-19 20:36:13 params :
------------
String:
array (
  'rule' => -2,
  'module' => '',
  'message' => 
  array (
    'tousername' => 'gh_693cbb2a3e71',
    'fromusername' => 'ohRa2wp94r3_u5BHjSxVewj2_McA',
    'createtime' => '1500467774',
    'msgtype' => 'event',
    'event' => 'VIEW',
    'eventkey' => 'http://tejia.zdxinfo.com/app/index.php?i=2&c=entry&do=dyorder&m=we7_wmall2',
    'menuid' => '415187293',
    'from' => 'ohRa2wp94r3_u5BHjSxVewj2_McA',
    'to' => 'gh_693cbb2a3e71',
    'time' => '1500467774',
    'type' => 'text',
    'content' => 'http://tejia.zdxinfo.com/app/index.php?i=2&c=entry&do=dyorder&m=we7_wmall2',
    'redirection' => true,
    'source' => 'VIEW',
  ),
)

2017-07-19 20:36:13 response :
------------

2017-07-19 20:36:28 trace :
------------
String:
<xml><ToUserName><![CDATA[gh_693cbb2a3e71]]></ToUserName>
<FromUserName><![CDATA[ohRa2wp94r3_u5BHjSxVewj2_McA]]></FromUserName>
<CreateTime>1500467789</CreateTime>
<MsgType><![CDATA[event]]></MsgType>
<Event><![CDATA[VIEW]]></Event>
<EventKey><![CDATA[http://tejia.zdxinfo.com/app/index.php?i=2&c=entry&m=we7_wmall2&do=mgindex]]></EventKey>
<MenuId>415187293</MenuId>
</xml>

2017-07-19 20:36:28 params :
------------
String:
array (
  'rule' => -2,
  'module' => '',
  'message' => 
  array (
    'tousername' => 'gh_693cbb2a3e71',
    'fromusername' => 'ohRa2wp94r3_u5BHjSxVewj2_McA',
    'createtime' => '1500467789',
    'msgtype' => 'event',
    'event' => 'VIEW',
    'eventkey' => 'http://tejia.zdxinfo.com/app/index.php?i=2&c=entry&m=we7_wmall2&do=mgindex',
    'menuid' => '415187293',
    'from' => 'ohRa2wp94r3_u5BHjSxVewj2_McA',
    'to' => 'gh_693cbb2a3e71',
    'time' => '1500467789',
    'type' => 'text',
    'content' => 'http://tejia.zdxinfo.com/app/index.php?i=2&c=entry&m=we7_wmall2&do=mgindex',
    'redirection' => true,
    'source' => 'VIEW',
  ),
)

2017-07-19 20:36:28 response :
------------

2017-07-19 20:36:40 trace :
------------
String:
<xml><ToUserName><![CDATA[gh_693cbb2a3e71]]></ToUserName>
<FromUserName><![CDATA[ohRa2wr3bskeUmcBJFAWlHZIAO8U]]></FromUserName>
<CreateTime>1500467801</CreateTime>
<MsgType><![CDATA[event]]></MsgType>
<Event><![CDATA[TEMPLATESENDJOBFINISH]]></Event>
<MsgID>415410510</MsgID>
<Status><![CDATA[success]]></Status>
</xml>

2017-07-19 20:36:40 params :
------------
String:
array (
  'rule' => -2,
  'module' => '',
  'message' => 
  array (
    'tousername' => 'gh_693cbb2a3e71',
    'fromusername' => 'ohRa2wr3bskeUmcBJFAWlHZIAO8U',
    'createtime' => '1500467801',
    'msgtype' => 'event',
    'event' => 'TEMPLATESENDJOBFINISH',
    'msgid' => '415410510',
    'status' => 'success',
    'from' => 'ohRa2wr3bskeUmcBJFAWlHZIAO8U',
    'to' => 'gh_693cbb2a3e71',
    'time' => '1500467801',
    'type' => 'event',
  ),
)

2017-07-19 20:36:40 response :
------------

2017-07-19 20:36:40 trace :
------------
String:
<xml><ToUserName><![CDATA[gh_693cbb2a3e71]]></ToUserName>
<FromUserName><![CDATA[ohRa2wp94r3_u5BHjSxVewj2_McA]]></FromUserName>
<CreateTime>1500467801</CreateTime>
<MsgType><![CDATA[event]]></MsgType>
<Event><![CDATA[TEMPLATESENDJOBFINISH]]></Event>
<MsgID>415410511</MsgID>
<Status><![CDATA[success]]></Status>
</xml>

2017-07-19 20:36:40 params :
------------
String:
array (
  'rule' => -2,
  'module' => '',
  'message' => 
  array (
    'tousername' => 'gh_693cbb2a3e71',
    'fromusername' => 'ohRa2wp94r3_u5BHjSxVewj2_McA',
    'createtime' => '1500467801',
    'msgtype' => 'event',
    'event' => 'TEMPLATESENDJOBFINISH',
    'msgid' => '415410511',
    'status' => 'success',
    'from' => 'ohRa2wp94r3_u5BHjSxVewj2_McA',
    'to' => 'gh_693cbb2a3e71',
    'time' => '1500467801',
    'type' => 'event',
  ),
)

2017-07-19 20:36:40 response :
------------

2017-07-19 20:36:40 trace :
------------
String:
<xml><ToUserName><![CDATA[gh_693cbb2a3e71]]></ToUserName>
<FromUserName><![CDATA[ohRa2wtmORg0434zHxRRRsZKrGf0]]></FromUserName>
<CreateTime>1500467801</CreateTime>
<MsgType><![CDATA[event]]></MsgType>
<Event><![CDATA[TEMPLATESENDJOBFINISH]]></Event>
<MsgID>415410512</MsgID>
<Status><![CDATA[success]]></Status>
</xml>

2017-07-19 20:36:40 params :
------------
String:
array (
  'rule' => -2,
  'module' => '',
  'message' => 
  array (
    'tousername' => 'gh_693cbb2a3e71',
    'fromusername' => 'ohRa2wtmORg0434zHxRRRsZKrGf0',
    'createtime' => '1500467801',
    'msgtype' => 'event',
    'event' => 'TEMPLATESENDJOBFINISH',
    'msgid' => '415410512',
    'status' => 'success',
    'from' => 'ohRa2wtmORg0434zHxRRRsZKrGf0',
    'to' => 'gh_693cbb2a3e71',
    'time' => '1500467801',
    'type' => 'event',
  ),
)

2017-07-19 20:36:40 response :
------------

2017-07-19 20:36:40 trace :
------------
String:
<xml><ToUserName><![CDATA[gh_693cbb2a3e71]]></ToUserName>
<FromUserName><![CDATA[ohRa2wqgej-B0leBNgf9SNpIxRXU]]></FromUserName>
<CreateTime>1500467802</CreateTime>
<MsgType><![CDATA[event]]></MsgType>
<Event><![CDATA[TEMPLATESENDJOBFINISH]]></Event>
<MsgID>415410513</MsgID>
<Status><![CDATA[success]]></Status>
</xml>

2017-07-19 20:36:40 params :
------------
String:
array (
  'rule' => -2,
  'module' => '',
  'message' => 
  array (
    'tousername' => 'gh_693cbb2a3e71',
    'fromusername' => 'ohRa2wqgej-B0leBNgf9SNpIxRXU',
    'createtime' => '1500467802',
    'msgtype' => 'event',
    'event' => 'TEMPLATESENDJOBFINISH',
    'msgid' => '415410513',
    'status' => 'success',
    'from' => 'ohRa2wqgej-B0leBNgf9SNpIxRXU',
    'to' => 'gh_693cbb2a3e71',
    'time' => '1500467802',
    'type' => 'event',
  ),
)

2017-07-19 20:36:40 response :
------------

2017-07-19 20:36:48 trace :
------------
String:
<xml><ToUserName><![CDATA[gh_693cbb2a3e71]]></ToUserName>
<FromUserName><![CDATA[ohRa2wp94r3_u5BHjSxVewj2_McA]]></FromUserName>
<CreateTime>1500467809</CreateTime>
<MsgType><![CDATA[event]]></MsgType>
<Event><![CDATA[VIEW]]></Event>
<EventKey><![CDATA[http://tejia.zdxinfo.com/app/index.php?i=2&c=entry&do=dyorder&m=we7_wmall2]]></EventKey>
<MenuId>415187293</MenuId>
</xml>

2017-07-19 20:36:48 params :
------------
String:
array (
  'rule' => -2,
  'module' => '',
  'message' => 
  array (
    'tousername' => 'gh_693cbb2a3e71',
    'fromusername' => 'ohRa2wp94r3_u5BHjSxVewj2_McA',
    'createtime' => '1500467809',
    'msgtype' => 'event',
    'event' => 'VIEW',
    'eventkey' => 'http://tejia.zdxinfo.com/app/index.php?i=2&c=entry&do=dyorder&m=we7_wmall2',
    'menuid' => '415187293',
    'from' => 'ohRa2wp94r3_u5BHjSxVewj2_McA',
    'to' => 'gh_693cbb2a3e71',
    'time' => '1500467809',
    'type' => 'text',
    'content' => 'http://tejia.zdxinfo.com/app/index.php?i=2&c=entry&do=dyorder&m=we7_wmall2',
    'redirection' => true,
    'source' => 'VIEW',
  ),
)

2017-07-19 20:36:48 response :
------------

2017-07-19 20:36:56 trace :
------------
String:
<xml><ToUserName><![CDATA[gh_693cbb2a3e71]]></ToUserName>
<FromUserName><![CDATA[ohRa2wqgej-B0leBNgf9SNpIxRXU]]></FromUserName>
<CreateTime>1500467817</CreateTime>
<MsgType><![CDATA[event]]></MsgType>
<Event><![CDATA[TEMPLATESENDJOBFINISH]]></Event>
<MsgID>415410516</MsgID>
<Status><![CDATA[success]]></Status>
</xml>

2017-07-19 20:36:56 params :
------------
String:
array (
  'rule' => -2,
  'module' => '',
  'message' => 
  array (
    'tousername' => 'gh_693cbb2a3e71',
    'fromusername' => 'ohRa2wqgej-B0leBNgf9SNpIxRXU',
    'createtime' => '1500467817',
    'msgtype' => 'event',
    'event' => 'TEMPLATESENDJOBFINISH',
    'msgid' => '415410516',
    'status' => 'success',
    'from' => 'ohRa2wqgej-B0leBNgf9SNpIxRXU',
    'to' => 'gh_693cbb2a3e71',
    'time' => '1500467817',
    'type' => 'event',
  ),
)

2017-07-19 20:36:56 response :
------------

2017-07-19 20:36:56 trace :
------------
String:
<xml><ToUserName><![CDATA[gh_693cbb2a3e71]]></ToUserName>
<FromUserName><![CDATA[ohRa2wp94r3_u5BHjSxVewj2_McA]]></FromUserName>
<CreateTime>1500467817</CreateTime>
<MsgType><![CDATA[event]]></MsgType>
<Event><![CDATA[TEMPLATESENDJOBFINISH]]></Event>
<MsgID>415410517</MsgID>
<Status><![CDATA[success]]></Status>
</xml>

2017-07-19 20:36:56 params :
------------
String:
array (
  'rule' => -2,
  'module' => '',
  'message' => 
  array (
    'tousername' => 'gh_693cbb2a3e71',
    'fromusername' => 'ohRa2wp94r3_u5BHjSxVewj2_McA',
    'createtime' => '1500467817',
    'msgtype' => 'event',
    'event' => 'TEMPLATESENDJOBFINISH',
    'msgid' => '415410517',
    'status' => 'success',
    'from' => 'ohRa2wp94r3_u5BHjSxVewj2_McA',
    'to' => 'gh_693cbb2a3e71',
    'time' => '1500467817',
    'type' => 'event',
  ),
)

2017-07-19 20:36:56 response :
------------

2017-07-19 20:36:56 trace :
------------
String:
<xml><ToUserName><![CDATA[gh_693cbb2a3e71]]></ToUserName>
<FromUserName><![CDATA[ohRa2wr3bskeUmcBJFAWlHZIAO8U]]></FromUserName>
<CreateTime>1500467817</CreateTime>
<MsgType><![CDATA[event]]></MsgType>
<Event><![CDATA[TEMPLATESENDJOBFINISH]]></Event>
<MsgID>415410518</MsgID>
<Status><![CDATA[success]]></Status>
</xml>

2017-07-19 20:36:56 params :
------------
String:
array (
  'rule' => -2,
  'module' => '',
  'message' => 
  array (
    'tousername' => 'gh_693cbb2a3e71',
    'fromusername' => 'ohRa2wr3bskeUmcBJFAWlHZIAO8U',
    'createtime' => '1500467817',
    'msgtype' => 'event',
    'event' => 'TEMPLATESENDJOBFINISH',
    'msgid' => '415410518',
    'status' => 'success',
    'from' => 'ohRa2wr3bskeUmcBJFAWlHZIAO8U',
    'to' => 'gh_693cbb2a3e71',
    'time' => '1500467817',
    'type' => 'event',
  ),
)

2017-07-19 20:36:56 response :
------------

2017-07-19 20:36:57 trace :
------------
String:
<xml><ToUserName><![CDATA[gh_693cbb2a3e71]]></ToUserName>
<FromUserName><![CDATA[ohRa2wtmORg0434zHxRRRsZKrGf0]]></FromUserName>
<CreateTime>1500467818</CreateTime>
<MsgType><![CDATA[event]]></MsgType>
<Event><![CDATA[TEMPLATESENDJOBFINISH]]></Event>
<MsgID>415410519</MsgID>
<Status><![CDATA[success]]></Status>
</xml>

2017-07-19 20:36:57 params :
------------
String:
array (
  'rule' => -2,
  'module' => '',
  'message' => 
  array (
    'tousername' => 'gh_693cbb2a3e71',
    'fromusername' => 'ohRa2wtmORg0434zHxRRRsZKrGf0',
    'createtime' => '1500467818',
    'msgtype' => 'event',
    'event' => 'TEMPLATESENDJOBFINISH',
    'msgid' => '415410519',
    'status' => 'success',
    'from' => 'ohRa2wtmORg0434zHxRRRsZKrGf0',
    'to' => 'gh_693cbb2a3e71',
    'time' => '1500467818',
    'type' => 'event',
  ),
)

2017-07-19 20:36:57 response :
------------

2017-07-19 21:00:23 trace :
------------
String:
<xml><ToUserName><![CDATA[gh_693cbb2a3e71]]></ToUserName>
<FromUserName><![CDATA[ohRa2wqgej-B0leBNgf9SNpIxRXU]]></FromUserName>
<CreateTime>1500469224</CreateTime>
<MsgType><![CDATA[event]]></MsgType>
<Event><![CDATA[VIEW]]></Event>
<EventKey><![CDATA[http://tejia.zdxinfo.com/app/index.php?i=2&c=entry&do=dyorder&m=we7_wmall2]]></EventKey>
<MenuId>415187293</MenuId>
</xml>

2017-07-19 21:00:23 params :
------------
String:
array (
  'rule' => -2,
  'module' => '',
  'message' => 
  array (
    'tousername' => 'gh_693cbb2a3e71',
    'fromusername' => 'ohRa2wqgej-B0leBNgf9SNpIxRXU',
    'createtime' => '1500469224',
    'msgtype' => 'event',
    'event' => 'VIEW',
    'eventkey' => 'http://tejia.zdxinfo.com/app/index.php?i=2&c=entry&do=dyorder&m=we7_wmall2',
    'menuid' => '415187293',
    'from' => 'ohRa2wqgej-B0leBNgf9SNpIxRXU',
    'to' => 'gh_693cbb2a3e71',
    'time' => '1500469224',
    'type' => 'text',
    'content' => 'http://tejia.zdxinfo.com/app/index.php?i=2&c=entry&do=dyorder&m=we7_wmall2',
    'redirection' => true,
    'source' => 'VIEW',
  ),
)

2017-07-19 21:00:23 response :
------------

2017-07-19 21:10:11 trace :
------------
String:
<xml><ToUserName><![CDATA[gh_693cbb2a3e71]]></ToUserName>
<FromUserName><![CDATA[ohRa2wqScRM6lqCjN9ZgTRbHgpIw]]></FromUserName>
<CreateTime>1500469812</CreateTime>
<MsgType><![CDATA[event]]></MsgType>
<Event><![CDATA[subscribe]]></Event>
<EventKey><![CDATA[]]></EventKey>
</xml>

2017-07-19 21:10:11 params :
------------
String:
array (
  'rule' => -2,
  'module' => '',
  'message' => 
  array (
    'tousername' => 'gh_693cbb2a3e71',
    'fromusername' => 'ohRa2wqScRM6lqCjN9ZgTRbHgpIw',
    'createtime' => '1500469812',
    'msgtype' => 'event',
    'event' => 'subscribe',
    'eventkey' => '',
    'from' => 'ohRa2wqScRM6lqCjN9ZgTRbHgpIw',
    'to' => 'gh_693cbb2a3e71',
    'time' => '1500469812',
    'type' => 'text',
    'redirection' => true,
    'source' => 'subscribe',
  ),
)

2017-07-19 21:10:11 response :
------------

2017-07-19 22:19:22 trace :
------------
String:
<xml><ToUserName><![CDATA[gh_693cbb2a3e71]]></ToUserName>
<FromUserName><![CDATA[ohRa2woxBiObVhFdF9m-zcgPeMRI]]></FromUserName>
<CreateTime>1500473963</CreateTime>
<MsgType><![CDATA[event]]></MsgType>
<Event><![CDATA[VIEW]]></Event>
<EventKey><![CDATA[http://tejia.zdxinfo.com/app/index.php?i=2&c=entry&m=we7_wmall1&do=mgindex]]></EventKey>
<MenuId>415187293</MenuId>
</xml>

2017-07-19 22:19:22 params :
------------
String:
array (
  'rule' => -2,
  'module' => '',
  'message' => 
  array (
    'tousername' => 'gh_693cbb2a3e71',
    'fromusername' => 'ohRa2woxBiObVhFdF9m-zcgPeMRI',
    'createtime' => '1500473963',
    'msgtype' => 'event',
    'event' => 'VIEW',
    'eventkey' => 'http://tejia.zdxinfo.com/app/index.php?i=2&c=entry&m=we7_wmall1&do=mgindex',
    'menuid' => '415187293',
    'from' => 'ohRa2woxBiObVhFdF9m-zcgPeMRI',
    'to' => 'gh_693cbb2a3e71',
    'time' => '1500473963',
    'type' => 'text',
    'content' => 'http://tejia.zdxinfo.com/app/index.php?i=2&c=entry&m=we7_wmall1&do=mgindex',
    'redirection' => true,
    'source' => 'VIEW',
  ),
)

2017-07-19 22:19:22 response :
------------

2017-07-19 22:19:40 trace :
------------
String:
<xml><ToUserName><![CDATA[gh_693cbb2a3e71]]></ToUserName>
<FromUserName><![CDATA[ohRa2woxBiObVhFdF9m-zcgPeMRI]]></FromUserName>
<CreateTime>1500473981</CreateTime>
<MsgType><![CDATA[event]]></MsgType>
<Event><![CDATA[VIEW]]></Event>
<EventKey><![CDATA[http://tejia.zdxinfo.com/app/index.php?i=2&c=entry&m=we7_wmall2&do=mgindex]]></EventKey>
<MenuId>415187293</MenuId>
</xml>

2017-07-19 22:19:40 params :
------------
String:
array (
  'rule' => -2,
  'module' => '',
  'message' => 
  array (
    'tousername' => 'gh_693cbb2a3e71',
    'fromusername' => 'ohRa2woxBiObVhFdF9m-zcgPeMRI',
    'createtime' => '1500473981',
    'msgtype' => 'event',
    'event' => 'VIEW',
    'eventkey' => 'http://tejia.zdxinfo.com/app/index.php?i=2&c=entry&m=we7_wmall2&do=mgindex',
    'menuid' => '415187293',
    'from' => 'ohRa2woxBiObVhFdF9m-zcgPeMRI',
    'to' => 'gh_693cbb2a3e71',
    'time' => '1500473981',
    'type' => 'text',
    'content' => 'http://tejia.zdxinfo.com/app/index.php?i=2&c=entry&m=we7_wmall2&do=mgindex',
    'redirection' => true,
    'source' => 'VIEW',
  ),
)

2017-07-19 22:19:40 response :
------------

2017-07-19 22:19:44 trace :
------------
String:
<xml><ToUserName><![CDATA[gh_693cbb2a3e71]]></ToUserName>
<FromUserName><![CDATA[ohRa2woxBiObVhFdF9m-zcgPeMRI]]></FromUserName>
<CreateTime>1500473985</CreateTime>
<MsgType><![CDATA[event]]></MsgType>
<Event><![CDATA[VIEW]]></Event>
<EventKey><![CDATA[http://tejia.zdxinfo.com/app/index.php?i=2&c=entry&do=dyorder&m=we7_wmall2]]></EventKey>
<MenuId>415187293</MenuId>
</xml>

2017-07-19 22:19:44 params :
------------
String:
array (
  'rule' => -2,
  'module' => '',
  'message' => 
  array (
    'tousername' => 'gh_693cbb2a3e71',
    'fromusername' => 'ohRa2woxBiObVhFdF9m-zcgPeMRI',
    'createtime' => '1500473985',
    'msgtype' => 'event',
    'event' => 'VIEW',
    'eventkey' => 'http://tejia.zdxinfo.com/app/index.php?i=2&c=entry&do=dyorder&m=we7_wmall2',
    'menuid' => '415187293',
    'from' => 'ohRa2woxBiObVhFdF9m-zcgPeMRI',
    'to' => 'gh_693cbb2a3e71',
    'time' => '1500473985',
    'type' => 'text',
    'content' => 'http://tejia.zdxinfo.com/app/index.php?i=2&c=entry&do=dyorder&m=we7_wmall2',
    'redirection' => true,
    'source' => 'VIEW',
  ),
)

2017-07-19 22:19:44 response :
------------

2017-07-19 22:37:30 trace :
------------
String:
<xml><ToUserName><![CDATA[gh_693cbb2a3e71]]></ToUserName>
<FromUserName><![CDATA[ohRa2wl-p8u-eREkoKsl6a00Jwhs]]></FromUserName>
<CreateTime>1500475051</CreateTime>
<MsgType><![CDATA[event]]></MsgType>
<Event><![CDATA[VIEW]]></Event>
<EventKey><![CDATA[http://tejia.zdxinfo.com/app/index.php?i=2&c=entry&m=we7_wmall1&do=mgindex]]></EventKey>
<MenuId>415187293</MenuId>
</xml>

2017-07-19 22:37:30 params :
------------
String:
array (
  'rule' => -2,
  'module' => '',
  'message' => 
  array (
    'tousername' => 'gh_693cbb2a3e71',
    'fromusername' => 'ohRa2wl-p8u-eREkoKsl6a00Jwhs',
    'createtime' => '1500475051',
    'msgtype' => 'event',
    'event' => 'VIEW',
    'eventkey' => 'http://tejia.zdxinfo.com/app/index.php?i=2&c=entry&m=we7_wmall1&do=mgindex',
    'menuid' => '415187293',
    'from' => 'ohRa2wl-p8u-eREkoKsl6a00Jwhs',
    'to' => 'gh_693cbb2a3e71',
    'time' => '1500475051',
    'type' => 'text',
    'content' => 'http://tejia.zdxinfo.com/app/index.php?i=2&c=entry&m=we7_wmall1&do=mgindex',
    'redirection' => true,
    'source' => 'VIEW',
  ),
)

2017-07-19 22:37:30 response :
------------

2017-07-19 22:41:19 trace :
------------
String:
<xml><ToUserName><![CDATA[gh_693cbb2a3e71]]></ToUserName>
<FromUserName><![CDATA[ohRa2wl-p8u-eREkoKsl6a00Jwhs]]></FromUserName>
<CreateTime>1500475280</CreateTime>
<MsgType><![CDATA[event]]></MsgType>
<Event><![CDATA[VIEW]]></Event>
<EventKey><![CDATA[http://tejia.zdxinfo.com/app/index.php?i=2&c=entry&m=we7_wmall2&do=mgindex]]></EventKey>
<MenuId>415187293</MenuId>
</xml>

2017-07-19 22:41:19 params :
------------
String:
array (
  'rule' => -2,
  'module' => '',
  'message' => 
  array (
    'tousername' => 'gh_693cbb2a3e71',
    'fromusername' => 'ohRa2wl-p8u-eREkoKsl6a00Jwhs',
    'createtime' => '1500475280',
    'msgtype' => 'event',
    'event' => 'VIEW',
    'eventkey' => 'http://tejia.zdxinfo.com/app/index.php?i=2&c=entry&m=we7_wmall2&do=mgindex',
    'menuid' => '415187293',
    'from' => 'ohRa2wl-p8u-eREkoKsl6a00Jwhs',
    'to' => 'gh_693cbb2a3e71',
    'time' => '1500475280',
    'type' => 'text',
    'content' => 'http://tejia.zdxinfo.com/app/index.php?i=2&c=entry&m=we7_wmall2&do=mgindex',
    'redirection' => true,
    'source' => 'VIEW',
  ),
)

2017-07-19 22:41:19 response :
------------

2017-07-19 22:41:25 trace :
------------
String:
<xml><ToUserName><![CDATA[gh_693cbb2a3e71]]></ToUserName>
<FromUserName><![CDATA[ohRa2wl-p8u-eREkoKsl6a00Jwhs]]></FromUserName>
<CreateTime>1500475286</CreateTime>
<MsgType><![CDATA[event]]></MsgType>
<Event><![CDATA[VIEW]]></Event>
<EventKey><![CDATA[http://tejia.zdxinfo.com/app/index.php?i=2&c=entry&do=dyorder&m=we7_wmall2]]></EventKey>
<MenuId>415187293</MenuId>
</xml>

2017-07-19 22:41:25 params :
------------
String:
array (
  'rule' => -2,
  'module' => '',
  'message' => 
  array (
    'tousername' => 'gh_693cbb2a3e71',
    'fromusername' => 'ohRa2wl-p8u-eREkoKsl6a00Jwhs',
    'createtime' => '1500475286',
    'msgtype' => 'event',
    'event' => 'VIEW',
    'eventkey' => 'http://tejia.zdxinfo.com/app/index.php?i=2&c=entry&do=dyorder&m=we7_wmall2',
    'menuid' => '415187293',
    'from' => 'ohRa2wl-p8u-eREkoKsl6a00Jwhs',
    'to' => 'gh_693cbb2a3e71',
    'time' => '1500475286',
    'type' => 'text',
    'content' => 'http://tejia.zdxinfo.com/app/index.php?i=2&c=entry&do=dyorder&m=we7_wmall2',
    'redirection' => true,
    'source' => 'VIEW',
  ),
)

2017-07-19 22:41:25 response :
------------

2017-07-19 22:41:44 trace :
------------
String:
<xml><ToUserName><![CDATA[gh_693cbb2a3e71]]></ToUserName>
<FromUserName><![CDATA[ohRa2wl-p8u-eREkoKsl6a00Jwhs]]></FromUserName>
<CreateTime>1500475305</CreateTime>
<MsgType><![CDATA[event]]></MsgType>
<Event><![CDATA[VIEW]]></Event>
<EventKey><![CDATA[http://tejia.zdxinfo.com/app/index.php?i=2&c=entry&m=we7_wmall1&do=mgindex]]></EventKey>
<MenuId>415187293</MenuId>
</xml>

2017-07-19 22:41:44 params :
------------
String:
array (
  'rule' => -2,
  'module' => '',
  'message' => 
  array (
    'tousername' => 'gh_693cbb2a3e71',
    'fromusername' => 'ohRa2wl-p8u-eREkoKsl6a00Jwhs',
    'createtime' => '1500475305',
    'msgtype' => 'event',
    'event' => 'VIEW',
    'eventkey' => 'http://tejia.zdxinfo.com/app/index.php?i=2&c=entry&m=we7_wmall1&do=mgindex',
    'menuid' => '415187293',
    'from' => 'ohRa2wl-p8u-eREkoKsl6a00Jwhs',
    'to' => 'gh_693cbb2a3e71',
    'time' => '1500475305',
    'type' => 'text',
    'content' => 'http://tejia.zdxinfo.com/app/index.php?i=2&c=entry&m=we7_wmall1&do=mgindex',
    'redirection' => true,
    'source' => 'VIEW',
  ),
)

2017-07-19 22:41:44 response :
------------

2017-07-19 22:43:38 trace :
------------
String:
<xml><ToUserName><![CDATA[gh_693cbb2a3e71]]></ToUserName>
<FromUserName><![CDATA[ohRa2woSiVSBe2YSGi7LKz8kFNO8]]></FromUserName>
<CreateTime>1500475419</CreateTime>
<MsgType><![CDATA[event]]></MsgType>
<Event><![CDATA[subscribe]]></Event>
<EventKey><![CDATA[]]></EventKey>
</xml>

2017-07-19 22:43:38 params :
------------
String:
array (
  'rule' => -2,
  'module' => '',
  'message' => 
  array (
    'tousername' => 'gh_693cbb2a3e71',
    'fromusername' => 'ohRa2woSiVSBe2YSGi7LKz8kFNO8',
    'createtime' => '1500475419',
    'msgtype' => 'event',
    'event' => 'subscribe',
    'eventkey' => '',
    'from' => 'ohRa2woSiVSBe2YSGi7LKz8kFNO8',
    'to' => 'gh_693cbb2a3e71',
    'time' => '1500475419',
    'type' => 'text',
    'redirection' => true,
    'source' => 'subscribe',
  ),
)

2017-07-19 22:43:38 response :
------------

