2017-08-27 08:33:00 trace :
------------
String:
<xml><ToUserName><![CDATA[gh_693cbb2a3e71]]></ToUserName>
<FromUserName><![CDATA[ohRa2wqOjFHnc5uZFoQTTuxtRKBA]]></FromUserName>
<CreateTime>1503793981</CreateTime>
<MsgType><![CDATA[event]]></MsgType>
<Event><![CDATA[TEMPLATESENDJOBFINISH]]></Event>
<MsgID>416414982</MsgID>
<Status><![CDATA[success]]></Status>
</xml>

2017-08-27 08:33:00 params :
------------
String:
array (
  'rule' => -2,
  'module' => '',
  'message' => 
  array (
    'tousername' => 'gh_693cbb2a3e71',
    'fromusername' => 'ohRa2wqOjFHnc5uZFoQTTuxtRKBA',
    'createtime' => '1503793981',
    'msgtype' => 'event',
    'event' => 'TEMPLATESENDJOBFINISH',
    'msgid' => '416414982',
    'status' => 'success',
    'from' => 'ohRa2wqOjFHnc5uZFoQTTuxtRKBA',
    'to' => 'gh_693cbb2a3e71',
    'time' => '1503793981',
    'type' => 'event',
  ),
)

2017-08-27 08:33:00 response :
------------

2017-08-27 08:33:00 trace :
------------
String:
<xml><ToUserName><![CDATA[gh_693cbb2a3e71]]></ToUserName>
<FromUserName><![CDATA[ohRa2wpMG8YGOn4CLlg4yoU53Enk]]></FromUserName>
<CreateTime>1503793982</CreateTime>
<MsgType><![CDATA[event]]></MsgType>
<Event><![CDATA[TEMPLATESENDJOBFINISH]]></Event>
<MsgID>416414983</MsgID>
<Status><![CDATA[success]]></Status>
</xml>

2017-08-27 08:33:00 params :
------------
String:
array (
  'rule' => -2,
  'module' => '',
  'message' => 
  array (
    'tousername' => 'gh_693cbb2a3e71',
    'fromusername' => 'ohRa2wpMG8YGOn4CLlg4yoU53Enk',
    'createtime' => '1503793982',
    'msgtype' => 'event',
    'event' => 'TEMPLATESENDJOBFINISH',
    'msgid' => '416414983',
    'status' => 'success',
    'from' => 'ohRa2wpMG8YGOn4CLlg4yoU53Enk',
    'to' => 'gh_693cbb2a3e71',
    'time' => '1503793982',
    'type' => 'event',
  ),
)

2017-08-27 08:33:00 response :
------------

2017-08-27 08:33:05 trace :
------------
String:
<xml><ToUserName><![CDATA[gh_693cbb2a3e71]]></ToUserName>
<FromUserName><![CDATA[ohRa2wqOjFHnc5uZFoQTTuxtRKBA]]></FromUserName>
<CreateTime>1503793986</CreateTime>
<MsgType><![CDATA[event]]></MsgType>
<Event><![CDATA[TEMPLATESENDJOBFINISH]]></Event>
<MsgID>416414985</MsgID>
<Status><![CDATA[success]]></Status>
</xml>

2017-08-27 08:33:05 params :
------------
String:
array (
  'rule' => -2,
  'module' => '',
  'message' => 
  array (
    'tousername' => 'gh_693cbb2a3e71',
    'fromusername' => 'ohRa2wqOjFHnc5uZFoQTTuxtRKBA',
    'createtime' => '1503793986',
    'msgtype' => 'event',
    'event' => 'TEMPLATESENDJOBFINISH',
    'msgid' => '416414985',
    'status' => 'success',
    'from' => 'ohRa2wqOjFHnc5uZFoQTTuxtRKBA',
    'to' => 'gh_693cbb2a3e71',
    'time' => '1503793986',
    'type' => 'event',
  ),
)

2017-08-27 08:33:05 response :
------------

2017-08-27 08:33:05 trace :
------------
String:
<xml><ToUserName><![CDATA[gh_693cbb2a3e71]]></ToUserName>
<FromUserName><![CDATA[ohRa2wpMG8YGOn4CLlg4yoU53Enk]]></FromUserName>
<CreateTime>1503793986</CreateTime>
<MsgType><![CDATA[event]]></MsgType>
<Event><![CDATA[TEMPLATESENDJOBFINISH]]></Event>
<MsgID>416414986</MsgID>
<Status><![CDATA[success]]></Status>
</xml>

2017-08-27 08:33:05 params :
------------
String:
array (
  'rule' => -2,
  'module' => '',
  'message' => 
  array (
    'tousername' => 'gh_693cbb2a3e71',
    'fromusername' => 'ohRa2wpMG8YGOn4CLlg4yoU53Enk',
    'createtime' => '1503793986',
    'msgtype' => 'event',
    'event' => 'TEMPLATESENDJOBFINISH',
    'msgid' => '416414986',
    'status' => 'success',
    'from' => 'ohRa2wpMG8YGOn4CLlg4yoU53Enk',
    'to' => 'gh_693cbb2a3e71',
    'time' => '1503793986',
    'type' => 'event',
  ),
)

2017-08-27 08:33:05 response :
------------

2017-08-27 08:33:09 trace :
------------
String:
<xml><ToUserName><![CDATA[gh_693cbb2a3e71]]></ToUserName>
<FromUserName><![CDATA[ohRa2wqOjFHnc5uZFoQTTuxtRKBA]]></FromUserName>
<CreateTime>1503793990</CreateTime>
<MsgType><![CDATA[event]]></MsgType>
<Event><![CDATA[TEMPLATESENDJOBFINISH]]></Event>
<MsgID>416414989</MsgID>
<Status><![CDATA[success]]></Status>
</xml>

2017-08-27 08:33:09 params :
------------
String:
array (
  'rule' => -2,
  'module' => '',
  'message' => 
  array (
    'tousername' => 'gh_693cbb2a3e71',
    'fromusername' => 'ohRa2wqOjFHnc5uZFoQTTuxtRKBA',
    'createtime' => '1503793990',
    'msgtype' => 'event',
    'event' => 'TEMPLATESENDJOBFINISH',
    'msgid' => '416414989',
    'status' => 'success',
    'from' => 'ohRa2wqOjFHnc5uZFoQTTuxtRKBA',
    'to' => 'gh_693cbb2a3e71',
    'time' => '1503793990',
    'type' => 'event',
  ),
)

2017-08-27 08:33:09 response :
------------

2017-08-27 08:33:09 trace :
------------
String:
<xml><ToUserName><![CDATA[gh_693cbb2a3e71]]></ToUserName>
<FromUserName><![CDATA[ohRa2wpMG8YGOn4CLlg4yoU53Enk]]></FromUserName>
<CreateTime>1503793991</CreateTime>
<MsgType><![CDATA[event]]></MsgType>
<Event><![CDATA[TEMPLATESENDJOBFINISH]]></Event>
<MsgID>416414990</MsgID>
<Status><![CDATA[success]]></Status>
</xml>

2017-08-27 08:33:09 params :
------------
String:
array (
  'rule' => -2,
  'module' => '',
  'message' => 
  array (
    'tousername' => 'gh_693cbb2a3e71',
    'fromusername' => 'ohRa2wpMG8YGOn4CLlg4yoU53Enk',
    'createtime' => '1503793991',
    'msgtype' => 'event',
    'event' => 'TEMPLATESENDJOBFINISH',
    'msgid' => '416414990',
    'status' => 'success',
    'from' => 'ohRa2wpMG8YGOn4CLlg4yoU53Enk',
    'to' => 'gh_693cbb2a3e71',
    'time' => '1503793991',
    'type' => 'event',
  ),
)

2017-08-27 08:33:09 response :
------------

2017-08-27 08:33:14 trace :
------------
String:
<xml><ToUserName><![CDATA[gh_693cbb2a3e71]]></ToUserName>
<FromUserName><![CDATA[ohRa2wqOjFHnc5uZFoQTTuxtRKBA]]></FromUserName>
<CreateTime>1503793995</CreateTime>
<MsgType><![CDATA[event]]></MsgType>
<Event><![CDATA[TEMPLATESENDJOBFINISH]]></Event>
<MsgID>416414991</MsgID>
<Status><![CDATA[success]]></Status>
</xml>

2017-08-27 08:33:14 params :
------------
String:
array (
  'rule' => -2,
  'module' => '',
  'message' => 
  array (
    'tousername' => 'gh_693cbb2a3e71',
    'fromusername' => 'ohRa2wqOjFHnc5uZFoQTTuxtRKBA',
    'createtime' => '1503793995',
    'msgtype' => 'event',
    'event' => 'TEMPLATESENDJOBFINISH',
    'msgid' => '416414991',
    'status' => 'success',
    'from' => 'ohRa2wqOjFHnc5uZFoQTTuxtRKBA',
    'to' => 'gh_693cbb2a3e71',
    'time' => '1503793995',
    'type' => 'event',
  ),
)

2017-08-27 08:33:14 response :
------------

2017-08-27 08:33:14 trace :
------------
String:
<xml><ToUserName><![CDATA[gh_693cbb2a3e71]]></ToUserName>
<FromUserName><![CDATA[ohRa2wpMG8YGOn4CLlg4yoU53Enk]]></FromUserName>
<CreateTime>1503793996</CreateTime>
<MsgType><![CDATA[event]]></MsgType>
<Event><![CDATA[TEMPLATESENDJOBFINISH]]></Event>
<MsgID>416414992</MsgID>
<Status><![CDATA[success]]></Status>
</xml>

2017-08-27 08:33:14 params :
------------
String:
array (
  'rule' => -2,
  'module' => '',
  'message' => 
  array (
    'tousername' => 'gh_693cbb2a3e71',
    'fromusername' => 'ohRa2wpMG8YGOn4CLlg4yoU53Enk',
    'createtime' => '1503793996',
    'msgtype' => 'event',
    'event' => 'TEMPLATESENDJOBFINISH',
    'msgid' => '416414992',
    'status' => 'success',
    'from' => 'ohRa2wpMG8YGOn4CLlg4yoU53Enk',
    'to' => 'gh_693cbb2a3e71',
    'time' => '1503793996',
    'type' => 'event',
  ),
)

2017-08-27 08:33:14 response :
------------

2017-08-27 08:33:19 trace :
------------
String:
<xml><ToUserName><![CDATA[gh_693cbb2a3e71]]></ToUserName>
<FromUserName><![CDATA[ohRa2wqOjFHnc5uZFoQTTuxtRKBA]]></FromUserName>
<CreateTime>1503794000</CreateTime>
<MsgType><![CDATA[event]]></MsgType>
<Event><![CDATA[TEMPLATESENDJOBFINISH]]></Event>
<MsgID>416415000</MsgID>
<Status><![CDATA[success]]></Status>
</xml>

2017-08-27 08:33:19 params :
------------
String:
array (
  'rule' => -2,
  'module' => '',
  'message' => 
  array (
    'tousername' => 'gh_693cbb2a3e71',
    'fromusername' => 'ohRa2wqOjFHnc5uZFoQTTuxtRKBA',
    'createtime' => '1503794000',
    'msgtype' => 'event',
    'event' => 'TEMPLATESENDJOBFINISH',
    'msgid' => '416415000',
    'status' => 'success',
    'from' => 'ohRa2wqOjFHnc5uZFoQTTuxtRKBA',
    'to' => 'gh_693cbb2a3e71',
    'time' => '1503794000',
    'type' => 'event',
  ),
)

2017-08-27 08:33:19 response :
------------

2017-08-27 08:33:19 trace :
------------
String:
<xml><ToUserName><![CDATA[gh_693cbb2a3e71]]></ToUserName>
<FromUserName><![CDATA[ohRa2wpMG8YGOn4CLlg4yoU53Enk]]></FromUserName>
<CreateTime>1503794000</CreateTime>
<MsgType><![CDATA[event]]></MsgType>
<Event><![CDATA[TEMPLATESENDJOBFINISH]]></Event>
<MsgID>416415001</MsgID>
<Status><![CDATA[success]]></Status>
</xml>

2017-08-27 08:33:19 params :
------------
String:
array (
  'rule' => -2,
  'module' => '',
  'message' => 
  array (
    'tousername' => 'gh_693cbb2a3e71',
    'fromusername' => 'ohRa2wpMG8YGOn4CLlg4yoU53Enk',
    'createtime' => '1503794000',
    'msgtype' => 'event',
    'event' => 'TEMPLATESENDJOBFINISH',
    'msgid' => '416415001',
    'status' => 'success',
    'from' => 'ohRa2wpMG8YGOn4CLlg4yoU53Enk',
    'to' => 'gh_693cbb2a3e71',
    'time' => '1503794000',
    'type' => 'event',
  ),
)

2017-08-27 08:33:19 response :
------------

2017-08-27 08:33:23 trace :
------------
String:
<xml><ToUserName><![CDATA[gh_693cbb2a3e71]]></ToUserName>
<FromUserName><![CDATA[ohRa2wqOjFHnc5uZFoQTTuxtRKBA]]></FromUserName>
<CreateTime>1503794004</CreateTime>
<MsgType><![CDATA[event]]></MsgType>
<Event><![CDATA[TEMPLATESENDJOBFINISH]]></Event>
<MsgID>416415003</MsgID>
<Status><![CDATA[success]]></Status>
</xml>

2017-08-27 08:33:23 params :
------------
String:
array (
  'rule' => -2,
  'module' => '',
  'message' => 
  array (
    'tousername' => 'gh_693cbb2a3e71',
    'fromusername' => 'ohRa2wqOjFHnc5uZFoQTTuxtRKBA',
    'createtime' => '1503794004',
    'msgtype' => 'event',
    'event' => 'TEMPLATESENDJOBFINISH',
    'msgid' => '416415003',
    'status' => 'success',
    'from' => 'ohRa2wqOjFHnc5uZFoQTTuxtRKBA',
    'to' => 'gh_693cbb2a3e71',
    'time' => '1503794004',
    'type' => 'event',
  ),
)

2017-08-27 08:33:23 response :
------------

2017-08-27 08:33:23 trace :
------------
String:
<xml><ToUserName><![CDATA[gh_693cbb2a3e71]]></ToUserName>
<FromUserName><![CDATA[ohRa2wpMG8YGOn4CLlg4yoU53Enk]]></FromUserName>
<CreateTime>1503794004</CreateTime>
<MsgType><![CDATA[event]]></MsgType>
<Event><![CDATA[TEMPLATESENDJOBFINISH]]></Event>
<MsgID>416415004</MsgID>
<Status><![CDATA[success]]></Status>
</xml>

2017-08-27 08:33:23 params :
------------
String:
array (
  'rule' => -2,
  'module' => '',
  'message' => 
  array (
    'tousername' => 'gh_693cbb2a3e71',
    'fromusername' => 'ohRa2wpMG8YGOn4CLlg4yoU53Enk',
    'createtime' => '1503794004',
    'msgtype' => 'event',
    'event' => 'TEMPLATESENDJOBFINISH',
    'msgid' => '416415004',
    'status' => 'success',
    'from' => 'ohRa2wpMG8YGOn4CLlg4yoU53Enk',
    'to' => 'gh_693cbb2a3e71',
    'time' => '1503794004',
    'type' => 'event',
  ),
)

2017-08-27 08:33:23 response :
------------

2017-08-27 08:33:54 trace :
------------
String:
<xml><ToUserName><![CDATA[gh_693cbb2a3e71]]></ToUserName>
<FromUserName><![CDATA[ohRa2wqgej-B0leBNgf9SNpIxRXU]]></FromUserName>
<CreateTime>1503794035</CreateTime>
<MsgType><![CDATA[event]]></MsgType>
<Event><![CDATA[TEMPLATESENDJOBFINISH]]></Event>
<MsgID>416415022</MsgID>
<Status><![CDATA[success]]></Status>
</xml>

2017-08-27 08:33:54 params :
------------
String:
array (
  'rule' => -2,
  'module' => '',
  'message' => 
  array (
    'tousername' => 'gh_693cbb2a3e71',
    'fromusername' => 'ohRa2wqgej-B0leBNgf9SNpIxRXU',
    'createtime' => '1503794035',
    'msgtype' => 'event',
    'event' => 'TEMPLATESENDJOBFINISH',
    'msgid' => '416415022',
    'status' => 'success',
    'from' => 'ohRa2wqgej-B0leBNgf9SNpIxRXU',
    'to' => 'gh_693cbb2a3e71',
    'time' => '1503794035',
    'type' => 'event',
  ),
)

2017-08-27 08:33:54 response :
------------

2017-08-27 08:33:54 trace :
------------
String:
<xml><ToUserName><![CDATA[gh_693cbb2a3e71]]></ToUserName>
<FromUserName><![CDATA[ohRa2wp94r3_u5BHjSxVewj2_McA]]></FromUserName>
<CreateTime>1503794035</CreateTime>
<MsgType><![CDATA[event]]></MsgType>
<Event><![CDATA[TEMPLATESENDJOBFINISH]]></Event>
<MsgID>416415023</MsgID>
<Status><![CDATA[success]]></Status>
</xml>

2017-08-27 08:33:54 params :
------------
String:
array (
  'rule' => -2,
  'module' => '',
  'message' => 
  array (
    'tousername' => 'gh_693cbb2a3e71',
    'fromusername' => 'ohRa2wp94r3_u5BHjSxVewj2_McA',
    'createtime' => '1503794035',
    'msgtype' => 'event',
    'event' => 'TEMPLATESENDJOBFINISH',
    'msgid' => '416415023',
    'status' => 'success',
    'from' => 'ohRa2wp94r3_u5BHjSxVewj2_McA',
    'to' => 'gh_693cbb2a3e71',
    'time' => '1503794035',
    'type' => 'event',
  ),
)

2017-08-27 08:33:54 response :
------------

2017-08-27 08:33:54 trace :
------------
String:
<xml><ToUserName><![CDATA[gh_693cbb2a3e71]]></ToUserName>
<FromUserName><![CDATA[ohRa2wr3bskeUmcBJFAWlHZIAO8U]]></FromUserName>
<CreateTime>1503794035</CreateTime>
<MsgType><![CDATA[event]]></MsgType>
<Event><![CDATA[TEMPLATESENDJOBFINISH]]></Event>
<MsgID>416415024</MsgID>
<Status><![CDATA[success]]></Status>
</xml>

2017-08-27 08:33:54 params :
------------
String:
array (
  'rule' => -2,
  'module' => '',
  'message' => 
  array (
    'tousername' => 'gh_693cbb2a3e71',
    'fromusername' => 'ohRa2wr3bskeUmcBJFAWlHZIAO8U',
    'createtime' => '1503794035',
    'msgtype' => 'event',
    'event' => 'TEMPLATESENDJOBFINISH',
    'msgid' => '416415024',
    'status' => 'success',
    'from' => 'ohRa2wr3bskeUmcBJFAWlHZIAO8U',
    'to' => 'gh_693cbb2a3e71',
    'time' => '1503794035',
    'type' => 'event',
  ),
)

2017-08-27 08:33:54 response :
------------

2017-08-27 08:34:00 trace :
------------
String:
<xml><ToUserName><![CDATA[gh_693cbb2a3e71]]></ToUserName>
<FromUserName><![CDATA[ohRa2wqgej-B0leBNgf9SNpIxRXU]]></FromUserName>
<CreateTime>1503794041</CreateTime>
<MsgType><![CDATA[event]]></MsgType>
<Event><![CDATA[TEMPLATESENDJOBFINISH]]></Event>
<MsgID>416415025</MsgID>
<Status><![CDATA[success]]></Status>
</xml>

2017-08-27 08:34:00 params :
------------
String:
array (
  'rule' => -2,
  'module' => '',
  'message' => 
  array (
    'tousername' => 'gh_693cbb2a3e71',
    'fromusername' => 'ohRa2wqgej-B0leBNgf9SNpIxRXU',
    'createtime' => '1503794041',
    'msgtype' => 'event',
    'event' => 'TEMPLATESENDJOBFINISH',
    'msgid' => '416415025',
    'status' => 'success',
    'from' => 'ohRa2wqgej-B0leBNgf9SNpIxRXU',
    'to' => 'gh_693cbb2a3e71',
    'time' => '1503794041',
    'type' => 'event',
  ),
)

2017-08-27 08:34:00 response :
------------

2017-08-27 08:34:00 trace :
------------
String:
<xml><ToUserName><![CDATA[gh_693cbb2a3e71]]></ToUserName>
<FromUserName><![CDATA[ohRa2wp94r3_u5BHjSxVewj2_McA]]></FromUserName>
<CreateTime>1503794041</CreateTime>
<MsgType><![CDATA[event]]></MsgType>
<Event><![CDATA[TEMPLATESENDJOBFINISH]]></Event>
<MsgID>416415026</MsgID>
<Status><![CDATA[success]]></Status>
</xml>

2017-08-27 08:34:00 params :
------------
String:
array (
  'rule' => -2,
  'module' => '',
  'message' => 
  array (
    'tousername' => 'gh_693cbb2a3e71',
    'fromusername' => 'ohRa2wp94r3_u5BHjSxVewj2_McA',
    'createtime' => '1503794041',
    'msgtype' => 'event',
    'event' => 'TEMPLATESENDJOBFINISH',
    'msgid' => '416415026',
    'status' => 'success',
    'from' => 'ohRa2wp94r3_u5BHjSxVewj2_McA',
    'to' => 'gh_693cbb2a3e71',
    'time' => '1503794041',
    'type' => 'event',
  ),
)

2017-08-27 08:34:00 response :
------------

2017-08-27 08:34:00 trace :
------------
String:
<xml><ToUserName><![CDATA[gh_693cbb2a3e71]]></ToUserName>
<FromUserName><![CDATA[ohRa2wr3bskeUmcBJFAWlHZIAO8U]]></FromUserName>
<CreateTime>1503794041</CreateTime>
<MsgType><![CDATA[event]]></MsgType>
<Event><![CDATA[TEMPLATESENDJOBFINISH]]></Event>
<MsgID>416415027</MsgID>
<Status><![CDATA[success]]></Status>
</xml>

2017-08-27 08:34:00 params :
------------
String:
array (
  'rule' => -2,
  'module' => '',
  'message' => 
  array (
    'tousername' => 'gh_693cbb2a3e71',
    'fromusername' => 'ohRa2wr3bskeUmcBJFAWlHZIAO8U',
    'createtime' => '1503794041',
    'msgtype' => 'event',
    'event' => 'TEMPLATESENDJOBFINISH',
    'msgid' => '416415027',
    'status' => 'success',
    'from' => 'ohRa2wr3bskeUmcBJFAWlHZIAO8U',
    'to' => 'gh_693cbb2a3e71',
    'time' => '1503794041',
    'type' => 'event',
  ),
)

2017-08-27 08:34:00 response :
------------

2017-08-27 08:34:07 trace :
------------
String:
<xml><ToUserName><![CDATA[gh_693cbb2a3e71]]></ToUserName>
<FromUserName><![CDATA[ohRa2wqgej-B0leBNgf9SNpIxRXU]]></FromUserName>
<CreateTime>1503794048</CreateTime>
<MsgType><![CDATA[event]]></MsgType>
<Event><![CDATA[TEMPLATESENDJOBFINISH]]></Event>
<MsgID>416415028</MsgID>
<Status><![CDATA[success]]></Status>
</xml>

2017-08-27 08:34:07 params :
------------
String:
array (
  'rule' => -2,
  'module' => '',
  'message' => 
  array (
    'tousername' => 'gh_693cbb2a3e71',
    'fromusername' => 'ohRa2wqgej-B0leBNgf9SNpIxRXU',
    'createtime' => '1503794048',
    'msgtype' => 'event',
    'event' => 'TEMPLATESENDJOBFINISH',
    'msgid' => '416415028',
    'status' => 'success',
    'from' => 'ohRa2wqgej-B0leBNgf9SNpIxRXU',
    'to' => 'gh_693cbb2a3e71',
    'time' => '1503794048',
    'type' => 'event',
  ),
)

2017-08-27 08:34:07 response :
------------

2017-08-27 08:34:07 trace :
------------
String:
<xml><ToUserName><![CDATA[gh_693cbb2a3e71]]></ToUserName>
<FromUserName><![CDATA[ohRa2wp94r3_u5BHjSxVewj2_McA]]></FromUserName>
<CreateTime>1503794048</CreateTime>
<MsgType><![CDATA[event]]></MsgType>
<Event><![CDATA[TEMPLATESENDJOBFINISH]]></Event>
<MsgID>416415029</MsgID>
<Status><![CDATA[success]]></Status>
</xml>

2017-08-27 08:34:07 params :
------------
String:
array (
  'rule' => -2,
  'module' => '',
  'message' => 
  array (
    'tousername' => 'gh_693cbb2a3e71',
    'fromusername' => 'ohRa2wp94r3_u5BHjSxVewj2_McA',
    'createtime' => '1503794048',
    'msgtype' => 'event',
    'event' => 'TEMPLATESENDJOBFINISH',
    'msgid' => '416415029',
    'status' => 'success',
    'from' => 'ohRa2wp94r3_u5BHjSxVewj2_McA',
    'to' => 'gh_693cbb2a3e71',
    'time' => '1503794048',
    'type' => 'event',
  ),
)

2017-08-27 08:34:07 response :
------------

2017-08-27 08:34:07 trace :
------------
String:
<xml><ToUserName><![CDATA[gh_693cbb2a3e71]]></ToUserName>
<FromUserName><![CDATA[ohRa2wr3bskeUmcBJFAWlHZIAO8U]]></FromUserName>
<CreateTime>1503794048</CreateTime>
<MsgType><![CDATA[event]]></MsgType>
<Event><![CDATA[TEMPLATESENDJOBFINISH]]></Event>
<MsgID>416415030</MsgID>
<Status><![CDATA[success]]></Status>
</xml>

2017-08-27 08:34:07 params :
------------
String:
array (
  'rule' => -2,
  'module' => '',
  'message' => 
  array (
    'tousername' => 'gh_693cbb2a3e71',
    'fromusername' => 'ohRa2wr3bskeUmcBJFAWlHZIAO8U',
    'createtime' => '1503794048',
    'msgtype' => 'event',
    'event' => 'TEMPLATESENDJOBFINISH',
    'msgid' => '416415030',
    'status' => 'success',
    'from' => 'ohRa2wr3bskeUmcBJFAWlHZIAO8U',
    'to' => 'gh_693cbb2a3e71',
    'time' => '1503794048',
    'type' => 'event',
  ),
)

2017-08-27 08:34:07 response :
------------

2017-08-27 08:34:14 trace :
------------
String:
<xml><ToUserName><![CDATA[gh_693cbb2a3e71]]></ToUserName>
<FromUserName><![CDATA[ohRa2wqgej-B0leBNgf9SNpIxRXU]]></FromUserName>
<CreateTime>1503794055</CreateTime>
<MsgType><![CDATA[event]]></MsgType>
<Event><![CDATA[TEMPLATESENDJOBFINISH]]></Event>
<MsgID>416415031</MsgID>
<Status><![CDATA[success]]></Status>
</xml>

2017-08-27 08:34:14 params :
------------
String:
array (
  'rule' => -2,
  'module' => '',
  'message' => 
  array (
    'tousername' => 'gh_693cbb2a3e71',
    'fromusername' => 'ohRa2wqgej-B0leBNgf9SNpIxRXU',
    'createtime' => '1503794055',
    'msgtype' => 'event',
    'event' => 'TEMPLATESENDJOBFINISH',
    'msgid' => '416415031',
    'status' => 'success',
    'from' => 'ohRa2wqgej-B0leBNgf9SNpIxRXU',
    'to' => 'gh_693cbb2a3e71',
    'time' => '1503794055',
    'type' => 'event',
  ),
)

2017-08-27 08:34:14 response :
------------

2017-08-27 08:34:14 trace :
------------
String:
<xml><ToUserName><![CDATA[gh_693cbb2a3e71]]></ToUserName>
<FromUserName><![CDATA[ohRa2wp94r3_u5BHjSxVewj2_McA]]></FromUserName>
<CreateTime>1503794055</CreateTime>
<MsgType><![CDATA[event]]></MsgType>
<Event><![CDATA[TEMPLATESENDJOBFINISH]]></Event>
<MsgID>416415032</MsgID>
<Status><![CDATA[success]]></Status>
</xml>

2017-08-27 08:34:14 params :
------------
String:
array (
  'rule' => -2,
  'module' => '',
  'message' => 
  array (
    'tousername' => 'gh_693cbb2a3e71',
    'fromusername' => 'ohRa2wp94r3_u5BHjSxVewj2_McA',
    'createtime' => '1503794055',
    'msgtype' => 'event',
    'event' => 'TEMPLATESENDJOBFINISH',
    'msgid' => '416415032',
    'status' => 'success',
    'from' => 'ohRa2wp94r3_u5BHjSxVewj2_McA',
    'to' => 'gh_693cbb2a3e71',
    'time' => '1503794055',
    'type' => 'event',
  ),
)

2017-08-27 08:34:14 response :
------------

2017-08-27 08:34:14 trace :
------------
String:
<xml><ToUserName><![CDATA[gh_693cbb2a3e71]]></ToUserName>
<FromUserName><![CDATA[ohRa2wr3bskeUmcBJFAWlHZIAO8U]]></FromUserName>
<CreateTime>1503794055</CreateTime>
<MsgType><![CDATA[event]]></MsgType>
<Event><![CDATA[TEMPLATESENDJOBFINISH]]></Event>
<MsgID>416415033</MsgID>
<Status><![CDATA[success]]></Status>
</xml>

2017-08-27 08:34:14 params :
------------
String:
array (
  'rule' => -2,
  'module' => '',
  'message' => 
  array (
    'tousername' => 'gh_693cbb2a3e71',
    'fromusername' => 'ohRa2wr3bskeUmcBJFAWlHZIAO8U',
    'createtime' => '1503794055',
    'msgtype' => 'event',
    'event' => 'TEMPLATESENDJOBFINISH',
    'msgid' => '416415033',
    'status' => 'success',
    'from' => 'ohRa2wr3bskeUmcBJFAWlHZIAO8U',
    'to' => 'gh_693cbb2a3e71',
    'time' => '1503794055',
    'type' => 'event',
  ),
)

2017-08-27 08:34:14 response :
------------

2017-08-27 08:36:30 trace :
------------
String:
<xml><ToUserName><![CDATA[gh_693cbb2a3e71]]></ToUserName>
<FromUserName><![CDATA[ohRa2wqgej-B0leBNgf9SNpIxRXU]]></FromUserName>
<CreateTime>1503794192</CreateTime>
<MsgType><![CDATA[event]]></MsgType>
<Event><![CDATA[TEMPLATESENDJOBFINISH]]></Event>
<MsgID>416415057</MsgID>
<Status><![CDATA[success]]></Status>
</xml>

2017-08-27 08:36:30 params :
------------
String:
array (
  'rule' => -2,
  'module' => '',
  'message' => 
  array (
    'tousername' => 'gh_693cbb2a3e71',
    'fromusername' => 'ohRa2wqgej-B0leBNgf9SNpIxRXU',
    'createtime' => '1503794192',
    'msgtype' => 'event',
    'event' => 'TEMPLATESENDJOBFINISH',
    'msgid' => '416415057',
    'status' => 'success',
    'from' => 'ohRa2wqgej-B0leBNgf9SNpIxRXU',
    'to' => 'gh_693cbb2a3e71',
    'time' => '1503794192',
    'type' => 'event',
  ),
)

2017-08-27 08:36:30 response :
------------

2017-08-27 08:36:31 trace :
------------
String:
<xml><ToUserName><![CDATA[gh_693cbb2a3e71]]></ToUserName>
<FromUserName><![CDATA[ohRa2wp94r3_u5BHjSxVewj2_McA]]></FromUserName>
<CreateTime>1503794192</CreateTime>
<MsgType><![CDATA[event]]></MsgType>
<Event><![CDATA[TEMPLATESENDJOBFINISH]]></Event>
<MsgID>416415058</MsgID>
<Status><![CDATA[success]]></Status>
</xml>

2017-08-27 08:36:31 params :
------------
String:
array (
  'rule' => -2,
  'module' => '',
  'message' => 
  array (
    'tousername' => 'gh_693cbb2a3e71',
    'fromusername' => 'ohRa2wp94r3_u5BHjSxVewj2_McA',
    'createtime' => '1503794192',
    'msgtype' => 'event',
    'event' => 'TEMPLATESENDJOBFINISH',
    'msgid' => '416415058',
    'status' => 'success',
    'from' => 'ohRa2wp94r3_u5BHjSxVewj2_McA',
    'to' => 'gh_693cbb2a3e71',
    'time' => '1503794192',
    'type' => 'event',
  ),
)

2017-08-27 08:36:31 response :
------------

2017-08-27 08:36:31 trace :
------------
String:
<xml><ToUserName><![CDATA[gh_693cbb2a3e71]]></ToUserName>
<FromUserName><![CDATA[ohRa2wr3bskeUmcBJFAWlHZIAO8U]]></FromUserName>
<CreateTime>1503794192</CreateTime>
<MsgType><![CDATA[event]]></MsgType>
<Event><![CDATA[TEMPLATESENDJOBFINISH]]></Event>
<MsgID>416415059</MsgID>
<Status><![CDATA[success]]></Status>
</xml>

2017-08-27 08:36:31 params :
------------
String:
array (
  'rule' => -2,
  'module' => '',
  'message' => 
  array (
    'tousername' => 'gh_693cbb2a3e71',
    'fromusername' => 'ohRa2wr3bskeUmcBJFAWlHZIAO8U',
    'createtime' => '1503794192',
    'msgtype' => 'event',
    'event' => 'TEMPLATESENDJOBFINISH',
    'msgid' => '416415059',
    'status' => 'success',
    'from' => 'ohRa2wr3bskeUmcBJFAWlHZIAO8U',
    'to' => 'gh_693cbb2a3e71',
    'time' => '1503794192',
    'type' => 'event',
  ),
)

2017-08-27 08:36:31 response :
------------

2017-08-27 08:36:36 trace :
------------
String:
<xml><ToUserName><![CDATA[gh_693cbb2a3e71]]></ToUserName>
<FromUserName><![CDATA[ohRa2wqgej-B0leBNgf9SNpIxRXU]]></FromUserName>
<CreateTime>1503794197</CreateTime>
<MsgType><![CDATA[event]]></MsgType>
<Event><![CDATA[TEMPLATESENDJOBFINISH]]></Event>
<MsgID>416415061</MsgID>
<Status><![CDATA[success]]></Status>
</xml>

2017-08-27 08:36:36 params :
------------
String:
array (
  'rule' => -2,
  'module' => '',
  'message' => 
  array (
    'tousername' => 'gh_693cbb2a3e71',
    'fromusername' => 'ohRa2wqgej-B0leBNgf9SNpIxRXU',
    'createtime' => '1503794197',
    'msgtype' => 'event',
    'event' => 'TEMPLATESENDJOBFINISH',
    'msgid' => '416415061',
    'status' => 'success',
    'from' => 'ohRa2wqgej-B0leBNgf9SNpIxRXU',
    'to' => 'gh_693cbb2a3e71',
    'time' => '1503794197',
    'type' => 'event',
  ),
)

2017-08-27 08:36:36 response :
------------

2017-08-27 08:36:36 trace :
------------
String:
<xml><ToUserName><![CDATA[gh_693cbb2a3e71]]></ToUserName>
<FromUserName><![CDATA[ohRa2wp94r3_u5BHjSxVewj2_McA]]></FromUserName>
<CreateTime>1503794198</CreateTime>
<MsgType><![CDATA[event]]></MsgType>
<Event><![CDATA[TEMPLATESENDJOBFINISH]]></Event>
<MsgID>416415062</MsgID>
<Status><![CDATA[success]]></Status>
</xml>

2017-08-27 08:36:36 params :
------------
String:
array (
  'rule' => -2,
  'module' => '',
  'message' => 
  array (
    'tousername' => 'gh_693cbb2a3e71',
    'fromusername' => 'ohRa2wp94r3_u5BHjSxVewj2_McA',
    'createtime' => '1503794198',
    'msgtype' => 'event',
    'event' => 'TEMPLATESENDJOBFINISH',
    'msgid' => '416415062',
    'status' => 'success',
    'from' => 'ohRa2wp94r3_u5BHjSxVewj2_McA',
    'to' => 'gh_693cbb2a3e71',
    'time' => '1503794198',
    'type' => 'event',
  ),
)

2017-08-27 08:36:36 response :
------------

2017-08-27 08:36:37 trace :
------------
String:
<xml><ToUserName><![CDATA[gh_693cbb2a3e71]]></ToUserName>
<FromUserName><![CDATA[ohRa2wr3bskeUmcBJFAWlHZIAO8U]]></FromUserName>
<CreateTime>1503794198</CreateTime>
<MsgType><![CDATA[event]]></MsgType>
<Event><![CDATA[TEMPLATESENDJOBFINISH]]></Event>
<MsgID>416415063</MsgID>
<Status><![CDATA[success]]></Status>
</xml>

2017-08-27 08:36:37 params :
------------
String:
array (
  'rule' => -2,
  'module' => '',
  'message' => 
  array (
    'tousername' => 'gh_693cbb2a3e71',
    'fromusername' => 'ohRa2wr3bskeUmcBJFAWlHZIAO8U',
    'createtime' => '1503794198',
    'msgtype' => 'event',
    'event' => 'TEMPLATESENDJOBFINISH',
    'msgid' => '416415063',
    'status' => 'success',
    'from' => 'ohRa2wr3bskeUmcBJFAWlHZIAO8U',
    'to' => 'gh_693cbb2a3e71',
    'time' => '1503794198',
    'type' => 'event',
  ),
)

2017-08-27 08:36:37 response :
------------

2017-08-27 10:34:41 trace :
------------
String:
<xml><ToUserName><![CDATA[gh_693cbb2a3e71]]></ToUserName>
<FromUserName><![CDATA[ohRa2wmRovjUjJTbqat4FqH8Pbjg]]></FromUserName>
<CreateTime>1503801282</CreateTime>
<MsgType><![CDATA[event]]></MsgType>
<Event><![CDATA[TEMPLATESENDJOBFINISH]]></Event>
<MsgID>416416691</MsgID>
<Status><![CDATA[success]]></Status>
</xml>

2017-08-27 10:34:41 params :
------------
String:
array (
  'rule' => -2,
  'module' => '',
  'message' => 
  array (
    'tousername' => 'gh_693cbb2a3e71',
    'fromusername' => 'ohRa2wmRovjUjJTbqat4FqH8Pbjg',
    'createtime' => '1503801282',
    'msgtype' => 'event',
    'event' => 'TEMPLATESENDJOBFINISH',
    'msgid' => '416416691',
    'status' => 'success',
    'from' => 'ohRa2wmRovjUjJTbqat4FqH8Pbjg',
    'to' => 'gh_693cbb2a3e71',
    'time' => '1503801282',
    'type' => 'event',
  ),
)

2017-08-27 10:34:41 response :
------------

2017-08-27 10:34:41 trace :
------------
String:
<xml><ToUserName><![CDATA[gh_693cbb2a3e71]]></ToUserName>
<FromUserName><![CDATA[ohRa2wsfvmAcJCLTeNLsb4FZoZ9I]]></FromUserName>
<CreateTime>1503801283</CreateTime>
<MsgType><![CDATA[event]]></MsgType>
<Event><![CDATA[TEMPLATESENDJOBFINISH]]></Event>
<MsgID>416416692</MsgID>
<Status><![CDATA[success]]></Status>
</xml>

2017-08-27 10:34:41 params :
------------
String:
array (
  'rule' => -2,
  'module' => '',
  'message' => 
  array (
    'tousername' => 'gh_693cbb2a3e71',
    'fromusername' => 'ohRa2wsfvmAcJCLTeNLsb4FZoZ9I',
    'createtime' => '1503801283',
    'msgtype' => 'event',
    'event' => 'TEMPLATESENDJOBFINISH',
    'msgid' => '416416692',
    'status' => 'success',
    'from' => 'ohRa2wsfvmAcJCLTeNLsb4FZoZ9I',
    'to' => 'gh_693cbb2a3e71',
    'time' => '1503801283',
    'type' => 'event',
  ),
)

2017-08-27 10:34:41 response :
------------

2017-08-27 14:32:34 trace :
------------
String:
<xml><ToUserName><![CDATA[gh_693cbb2a3e71]]></ToUserName>
<FromUserName><![CDATA[ohRa2wqOjFHnc5uZFoQTTuxtRKBA]]></FromUserName>
<CreateTime>1503815555</CreateTime>
<MsgType><![CDATA[event]]></MsgType>
<Event><![CDATA[TEMPLATESENDJOBFINISH]]></Event>
<MsgID>416422451</MsgID>
<Status><![CDATA[success]]></Status>
</xml>

2017-08-27 14:32:34 params :
------------
String:
array (
  'rule' => -2,
  'module' => '',
  'message' => 
  array (
    'tousername' => 'gh_693cbb2a3e71',
    'fromusername' => 'ohRa2wqOjFHnc5uZFoQTTuxtRKBA',
    'createtime' => '1503815555',
    'msgtype' => 'event',
    'event' => 'TEMPLATESENDJOBFINISH',
    'msgid' => '416422451',
    'status' => 'success',
    'from' => 'ohRa2wqOjFHnc5uZFoQTTuxtRKBA',
    'to' => 'gh_693cbb2a3e71',
    'time' => '1503815555',
    'type' => 'event',
  ),
)

2017-08-27 14:32:34 response :
------------

2017-08-27 14:32:34 trace :
------------
String:
<xml><ToUserName><![CDATA[gh_693cbb2a3e71]]></ToUserName>
<FromUserName><![CDATA[ohRa2wpMG8YGOn4CLlg4yoU53Enk]]></FromUserName>
<CreateTime>1503815555</CreateTime>
<MsgType><![CDATA[event]]></MsgType>
<Event><![CDATA[TEMPLATESENDJOBFINISH]]></Event>
<MsgID>416422452</MsgID>
<Status><![CDATA[success]]></Status>
</xml>

2017-08-27 14:32:34 params :
------------
String:
array (
  'rule' => -2,
  'module' => '',
  'message' => 
  array (
    'tousername' => 'gh_693cbb2a3e71',
    'fromusername' => 'ohRa2wpMG8YGOn4CLlg4yoU53Enk',
    'createtime' => '1503815555',
    'msgtype' => 'event',
    'event' => 'TEMPLATESENDJOBFINISH',
    'msgid' => '416422452',
    'status' => 'success',
    'from' => 'ohRa2wpMG8YGOn4CLlg4yoU53Enk',
    'to' => 'gh_693cbb2a3e71',
    'time' => '1503815555',
    'type' => 'event',
  ),
)

2017-08-27 14:32:34 response :
------------

2017-08-27 14:32:38 trace :
------------
String:
<xml><ToUserName><![CDATA[gh_693cbb2a3e71]]></ToUserName>
<FromUserName><![CDATA[ohRa2wqOjFHnc5uZFoQTTuxtRKBA]]></FromUserName>
<CreateTime>1503815559</CreateTime>
<MsgType><![CDATA[event]]></MsgType>
<Event><![CDATA[TEMPLATESENDJOBFINISH]]></Event>
<MsgID>416422453</MsgID>
<Status><![CDATA[success]]></Status>
</xml>

2017-08-27 14:32:38 params :
------------
String:
array (
  'rule' => -2,
  'module' => '',
  'message' => 
  array (
    'tousername' => 'gh_693cbb2a3e71',
    'fromusername' => 'ohRa2wqOjFHnc5uZFoQTTuxtRKBA',
    'createtime' => '1503815559',
    'msgtype' => 'event',
    'event' => 'TEMPLATESENDJOBFINISH',
    'msgid' => '416422453',
    'status' => 'success',
    'from' => 'ohRa2wqOjFHnc5uZFoQTTuxtRKBA',
    'to' => 'gh_693cbb2a3e71',
    'time' => '1503815559',
    'type' => 'event',
  ),
)

2017-08-27 14:32:38 response :
------------

2017-08-27 14:32:38 trace :
------------
String:
<xml><ToUserName><![CDATA[gh_693cbb2a3e71]]></ToUserName>
<FromUserName><![CDATA[ohRa2wpMG8YGOn4CLlg4yoU53Enk]]></FromUserName>
<CreateTime>1503815559</CreateTime>
<MsgType><![CDATA[event]]></MsgType>
<Event><![CDATA[TEMPLATESENDJOBFINISH]]></Event>
<MsgID>416422454</MsgID>
<Status><![CDATA[success]]></Status>
</xml>

2017-08-27 14:32:38 params :
------------
String:
array (
  'rule' => -2,
  'module' => '',
  'message' => 
  array (
    'tousername' => 'gh_693cbb2a3e71',
    'fromusername' => 'ohRa2wpMG8YGOn4CLlg4yoU53Enk',
    'createtime' => '1503815559',
    'msgtype' => 'event',
    'event' => 'TEMPLATESENDJOBFINISH',
    'msgid' => '416422454',
    'status' => 'success',
    'from' => 'ohRa2wpMG8YGOn4CLlg4yoU53Enk',
    'to' => 'gh_693cbb2a3e71',
    'time' => '1503815559',
    'type' => 'event',
  ),
)

2017-08-27 14:32:38 response :
------------

2017-08-27 14:32:42 trace :
------------
String:
<xml><ToUserName><![CDATA[gh_693cbb2a3e71]]></ToUserName>
<FromUserName><![CDATA[ohRa2wqOjFHnc5uZFoQTTuxtRKBA]]></FromUserName>
<CreateTime>1503815563</CreateTime>
<MsgType><![CDATA[event]]></MsgType>
<Event><![CDATA[TEMPLATESENDJOBFINISH]]></Event>
<MsgID>416422456</MsgID>
<Status><![CDATA[success]]></Status>
</xml>

2017-08-27 14:32:42 params :
------------
String:
array (
  'rule' => -2,
  'module' => '',
  'message' => 
  array (
    'tousername' => 'gh_693cbb2a3e71',
    'fromusername' => 'ohRa2wqOjFHnc5uZFoQTTuxtRKBA',
    'createtime' => '1503815563',
    'msgtype' => 'event',
    'event' => 'TEMPLATESENDJOBFINISH',
    'msgid' => '416422456',
    'status' => 'success',
    'from' => 'ohRa2wqOjFHnc5uZFoQTTuxtRKBA',
    'to' => 'gh_693cbb2a3e71',
    'time' => '1503815563',
    'type' => 'event',
  ),
)

2017-08-27 14:32:42 response :
------------

2017-08-27 14:32:42 trace :
------------
String:
<xml><ToUserName><![CDATA[gh_693cbb2a3e71]]></ToUserName>
<FromUserName><![CDATA[ohRa2wpMG8YGOn4CLlg4yoU53Enk]]></FromUserName>
<CreateTime>1503815563</CreateTime>
<MsgType><![CDATA[event]]></MsgType>
<Event><![CDATA[TEMPLATESENDJOBFINISH]]></Event>
<MsgID>416422457</MsgID>
<Status><![CDATA[success]]></Status>
</xml>

2017-08-27 14:32:42 params :
------------
String:
array (
  'rule' => -2,
  'module' => '',
  'message' => 
  array (
    'tousername' => 'gh_693cbb2a3e71',
    'fromusername' => 'ohRa2wpMG8YGOn4CLlg4yoU53Enk',
    'createtime' => '1503815563',
    'msgtype' => 'event',
    'event' => 'TEMPLATESENDJOBFINISH',
    'msgid' => '416422457',
    'status' => 'success',
    'from' => 'ohRa2wpMG8YGOn4CLlg4yoU53Enk',
    'to' => 'gh_693cbb2a3e71',
    'time' => '1503815563',
    'type' => 'event',
  ),
)

2017-08-27 14:32:42 response :
------------

2017-08-27 14:32:47 trace :
------------
String:
<xml><ToUserName><![CDATA[gh_693cbb2a3e71]]></ToUserName>
<FromUserName><![CDATA[ohRa2wqOjFHnc5uZFoQTTuxtRKBA]]></FromUserName>
<CreateTime>1503815568</CreateTime>
<MsgType><![CDATA[event]]></MsgType>
<Event><![CDATA[TEMPLATESENDJOBFINISH]]></Event>
<MsgID>416422458</MsgID>
<Status><![CDATA[success]]></Status>
</xml>

2017-08-27 14:32:47 params :
------------
String:
array (
  'rule' => -2,
  'module' => '',
  'message' => 
  array (
    'tousername' => 'gh_693cbb2a3e71',
    'fromusername' => 'ohRa2wqOjFHnc5uZFoQTTuxtRKBA',
    'createtime' => '1503815568',
    'msgtype' => 'event',
    'event' => 'TEMPLATESENDJOBFINISH',
    'msgid' => '416422458',
    'status' => 'success',
    'from' => 'ohRa2wqOjFHnc5uZFoQTTuxtRKBA',
    'to' => 'gh_693cbb2a3e71',
    'time' => '1503815568',
    'type' => 'event',
  ),
)

2017-08-27 14:32:47 response :
------------

2017-08-27 14:32:47 trace :
------------
String:
<xml><ToUserName><![CDATA[gh_693cbb2a3e71]]></ToUserName>
<FromUserName><![CDATA[ohRa2wpMG8YGOn4CLlg4yoU53Enk]]></FromUserName>
<CreateTime>1503815568</CreateTime>
<MsgType><![CDATA[event]]></MsgType>
<Event><![CDATA[TEMPLATESENDJOBFINISH]]></Event>
<MsgID>416422459</MsgID>
<Status><![CDATA[success]]></Status>
</xml>

2017-08-27 14:32:47 params :
------------
String:
array (
  'rule' => -2,
  'module' => '',
  'message' => 
  array (
    'tousername' => 'gh_693cbb2a3e71',
    'fromusername' => 'ohRa2wpMG8YGOn4CLlg4yoU53Enk',
    'createtime' => '1503815568',
    'msgtype' => 'event',
    'event' => 'TEMPLATESENDJOBFINISH',
    'msgid' => '416422459',
    'status' => 'success',
    'from' => 'ohRa2wpMG8YGOn4CLlg4yoU53Enk',
    'to' => 'gh_693cbb2a3e71',
    'time' => '1503815568',
    'type' => 'event',
  ),
)

2017-08-27 14:32:47 response :
------------

2017-08-27 22:00:18 trace :
------------
String:
<xml><ToUserName><![CDATA[gh_693cbb2a3e71]]></ToUserName>
<FromUserName><![CDATA[ohRa2wmRovjUjJTbqat4FqH8Pbjg]]></FromUserName>
<CreateTime>1503842419</CreateTime>
<MsgType><![CDATA[event]]></MsgType>
<Event><![CDATA[TEMPLATESENDJOBFINISH]]></Event>
<MsgID>416430341</MsgID>
<Status><![CDATA[success]]></Status>
</xml>

2017-08-27 22:00:18 params :
------------
String:
array (
  'rule' => -2,
  'module' => '',
  'message' => 
  array (
    'tousername' => 'gh_693cbb2a3e71',
    'fromusername' => 'ohRa2wmRovjUjJTbqat4FqH8Pbjg',
    'createtime' => '1503842419',
    'msgtype' => 'event',
    'event' => 'TEMPLATESENDJOBFINISH',
    'msgid' => '416430341',
    'status' => 'success',
    'from' => 'ohRa2wmRovjUjJTbqat4FqH8Pbjg',
    'to' => 'gh_693cbb2a3e71',
    'time' => '1503842419',
    'type' => 'event',
  ),
)

2017-08-27 22:00:18 response :
------------

2017-08-27 22:00:18 trace :
------------
String:
<xml><ToUserName><![CDATA[gh_693cbb2a3e71]]></ToUserName>
<FromUserName><![CDATA[ohRa2wsfvmAcJCLTeNLsb4FZoZ9I]]></FromUserName>
<CreateTime>1503842420</CreateTime>
<MsgType><![CDATA[event]]></MsgType>
<Event><![CDATA[TEMPLATESENDJOBFINISH]]></Event>
<MsgID>416430342</MsgID>
<Status><![CDATA[success]]></Status>
</xml>

2017-08-27 22:00:18 params :
------------
String:
array (
  'rule' => -2,
  'module' => '',
  'message' => 
  array (
    'tousername' => 'gh_693cbb2a3e71',
    'fromusername' => 'ohRa2wsfvmAcJCLTeNLsb4FZoZ9I',
    'createtime' => '1503842420',
    'msgtype' => 'event',
    'event' => 'TEMPLATESENDJOBFINISH',
    'msgid' => '416430342',
    'status' => 'success',
    'from' => 'ohRa2wsfvmAcJCLTeNLsb4FZoZ9I',
    'to' => 'gh_693cbb2a3e71',
    'time' => '1503842420',
    'type' => 'event',
  ),
)

2017-08-27 22:00:18 response :
------------

2017-08-27 22:00:28 trace :
------------
String:
<xml><ToUserName><![CDATA[gh_693cbb2a3e71]]></ToUserName>
<FromUserName><![CDATA[ohRa2wmRovjUjJTbqat4FqH8Pbjg]]></FromUserName>
<CreateTime>1503842429</CreateTime>
<MsgType><![CDATA[event]]></MsgType>
<Event><![CDATA[TEMPLATESENDJOBFINISH]]></Event>
<MsgID>416430345</MsgID>
<Status><![CDATA[success]]></Status>
</xml>

2017-08-27 22:00:28 params :
------------
String:
array (
  'rule' => -2,
  'module' => '',
  'message' => 
  array (
    'tousername' => 'gh_693cbb2a3e71',
    'fromusername' => 'ohRa2wmRovjUjJTbqat4FqH8Pbjg',
    'createtime' => '1503842429',
    'msgtype' => 'event',
    'event' => 'TEMPLATESENDJOBFINISH',
    'msgid' => '416430345',
    'status' => 'success',
    'from' => 'ohRa2wmRovjUjJTbqat4FqH8Pbjg',
    'to' => 'gh_693cbb2a3e71',
    'time' => '1503842429',
    'type' => 'event',
  ),
)

2017-08-27 22:00:28 response :
------------

2017-08-27 22:00:28 trace :
------------
String:
<xml><ToUserName><![CDATA[gh_693cbb2a3e71]]></ToUserName>
<FromUserName><![CDATA[ohRa2wsfvmAcJCLTeNLsb4FZoZ9I]]></FromUserName>
<CreateTime>1503842429</CreateTime>
<MsgType><![CDATA[event]]></MsgType>
<Event><![CDATA[TEMPLATESENDJOBFINISH]]></Event>
<MsgID>416430346</MsgID>
<Status><![CDATA[success]]></Status>
</xml>

2017-08-27 22:00:28 params :
------------
String:
array (
  'rule' => -2,
  'module' => '',
  'message' => 
  array (
    'tousername' => 'gh_693cbb2a3e71',
    'fromusername' => 'ohRa2wsfvmAcJCLTeNLsb4FZoZ9I',
    'createtime' => '1503842429',
    'msgtype' => 'event',
    'event' => 'TEMPLATESENDJOBFINISH',
    'msgid' => '416430346',
    'status' => 'success',
    'from' => 'ohRa2wsfvmAcJCLTeNLsb4FZoZ9I',
    'to' => 'gh_693cbb2a3e71',
    'time' => '1503842429',
    'type' => 'event',
  ),
)

2017-08-27 22:00:28 response :
------------

2017-08-27 22:00:36 trace :
------------
String:
<xml><ToUserName><![CDATA[gh_693cbb2a3e71]]></ToUserName>
<FromUserName><![CDATA[ohRa2wmRovjUjJTbqat4FqH8Pbjg]]></FromUserName>
<CreateTime>1503842437</CreateTime>
<MsgType><![CDATA[event]]></MsgType>
<Event><![CDATA[TEMPLATESENDJOBFINISH]]></Event>
<MsgID>416430348</MsgID>
<Status><![CDATA[success]]></Status>
</xml>

2017-08-27 22:00:36 params :
------------
String:
array (
  'rule' => -2,
  'module' => '',
  'message' => 
  array (
    'tousername' => 'gh_693cbb2a3e71',
    'fromusername' => 'ohRa2wmRovjUjJTbqat4FqH8Pbjg',
    'createtime' => '1503842437',
    'msgtype' => 'event',
    'event' => 'TEMPLATESENDJOBFINISH',
    'msgid' => '416430348',
    'status' => 'success',
    'from' => 'ohRa2wmRovjUjJTbqat4FqH8Pbjg',
    'to' => 'gh_693cbb2a3e71',
    'time' => '1503842437',
    'type' => 'event',
  ),
)

2017-08-27 22:00:36 response :
------------

2017-08-27 22:00:36 trace :
------------
String:
<xml><ToUserName><![CDATA[gh_693cbb2a3e71]]></ToUserName>
<FromUserName><![CDATA[ohRa2wsfvmAcJCLTeNLsb4FZoZ9I]]></FromUserName>
<CreateTime>1503842438</CreateTime>
<MsgType><![CDATA[event]]></MsgType>
<Event><![CDATA[TEMPLATESENDJOBFINISH]]></Event>
<MsgID>416430349</MsgID>
<Status><![CDATA[success]]></Status>
</xml>

2017-08-27 22:00:36 params :
------------
String:
array (
  'rule' => -2,
  'module' => '',
  'message' => 
  array (
    'tousername' => 'gh_693cbb2a3e71',
    'fromusername' => 'ohRa2wsfvmAcJCLTeNLsb4FZoZ9I',
    'createtime' => '1503842438',
    'msgtype' => 'event',
    'event' => 'TEMPLATESENDJOBFINISH',
    'msgid' => '416430349',
    'status' => 'success',
    'from' => 'ohRa2wsfvmAcJCLTeNLsb4FZoZ9I',
    'to' => 'gh_693cbb2a3e71',
    'time' => '1503842438',
    'type' => 'event',
  ),
)

2017-08-27 22:00:36 response :
------------

2017-08-27 22:00:43 trace :
------------
String:
<xml><ToUserName><![CDATA[gh_693cbb2a3e71]]></ToUserName>
<FromUserName><![CDATA[ohRa2wqOjFHnc5uZFoQTTuxtRKBA]]></FromUserName>
<CreateTime>1503842444</CreateTime>
<MsgType><![CDATA[event]]></MsgType>
<Event><![CDATA[TEMPLATESENDJOBFINISH]]></Event>
<MsgID>416430353</MsgID>
<Status><![CDATA[success]]></Status>
</xml>

2017-08-27 22:00:43 params :
------------
String:
array (
  'rule' => -2,
  'module' => '',
  'message' => 
  array (
    'tousername' => 'gh_693cbb2a3e71',
    'fromusername' => 'ohRa2wqOjFHnc5uZFoQTTuxtRKBA',
    'createtime' => '1503842444',
    'msgtype' => 'event',
    'event' => 'TEMPLATESENDJOBFINISH',
    'msgid' => '416430353',
    'status' => 'success',
    'from' => 'ohRa2wqOjFHnc5uZFoQTTuxtRKBA',
    'to' => 'gh_693cbb2a3e71',
    'time' => '1503842444',
    'type' => 'event',
  ),
)

2017-08-27 22:00:43 response :
------------

2017-08-27 22:00:43 trace :
------------
String:
<xml><ToUserName><![CDATA[gh_693cbb2a3e71]]></ToUserName>
<FromUserName><![CDATA[ohRa2wpMG8YGOn4CLlg4yoU53Enk]]></FromUserName>
<CreateTime>1503842444</CreateTime>
<MsgType><![CDATA[event]]></MsgType>
<Event><![CDATA[TEMPLATESENDJOBFINISH]]></Event>
<MsgID>416430354</MsgID>
<Status><![CDATA[success]]></Status>
</xml>

2017-08-27 22:00:43 params :
------------
String:
array (
  'rule' => -2,
  'module' => '',
  'message' => 
  array (
    'tousername' => 'gh_693cbb2a3e71',
    'fromusername' => 'ohRa2wpMG8YGOn4CLlg4yoU53Enk',
    'createtime' => '1503842444',
    'msgtype' => 'event',
    'event' => 'TEMPLATESENDJOBFINISH',
    'msgid' => '416430354',
    'status' => 'success',
    'from' => 'ohRa2wpMG8YGOn4CLlg4yoU53Enk',
    'to' => 'gh_693cbb2a3e71',
    'time' => '1503842444',
    'type' => 'event',
  ),
)

2017-08-27 22:00:43 response :
------------

2017-08-27 22:00:50 trace :
------------
String:
<xml><ToUserName><![CDATA[gh_693cbb2a3e71]]></ToUserName>
<FromUserName><![CDATA[ohRa2wqOjFHnc5uZFoQTTuxtRKBA]]></FromUserName>
<CreateTime>1503842451</CreateTime>
<MsgType><![CDATA[event]]></MsgType>
<Event><![CDATA[TEMPLATESENDJOBFINISH]]></Event>
<MsgID>416430357</MsgID>
<Status><![CDATA[success]]></Status>
</xml>

2017-08-27 22:00:50 params :
------------
String:
array (
  'rule' => -2,
  'module' => '',
  'message' => 
  array (
    'tousername' => 'gh_693cbb2a3e71',
    'fromusername' => 'ohRa2wqOjFHnc5uZFoQTTuxtRKBA',
    'createtime' => '1503842451',
    'msgtype' => 'event',
    'event' => 'TEMPLATESENDJOBFINISH',
    'msgid' => '416430357',
    'status' => 'success',
    'from' => 'ohRa2wqOjFHnc5uZFoQTTuxtRKBA',
    'to' => 'gh_693cbb2a3e71',
    'time' => '1503842451',
    'type' => 'event',
  ),
)

2017-08-27 22:00:50 response :
------------

2017-08-27 22:00:50 trace :
------------
String:
<xml><ToUserName><![CDATA[gh_693cbb2a3e71]]></ToUserName>
<FromUserName><![CDATA[ohRa2wpMG8YGOn4CLlg4yoU53Enk]]></FromUserName>
<CreateTime>1503842452</CreateTime>
<MsgType><![CDATA[event]]></MsgType>
<Event><![CDATA[TEMPLATESENDJOBFINISH]]></Event>
<MsgID>416430358</MsgID>
<Status><![CDATA[success]]></Status>
</xml>

2017-08-27 22:00:50 params :
------------
String:
array (
  'rule' => -2,
  'module' => '',
  'message' => 
  array (
    'tousername' => 'gh_693cbb2a3e71',
    'fromusername' => 'ohRa2wpMG8YGOn4CLlg4yoU53Enk',
    'createtime' => '1503842452',
    'msgtype' => 'event',
    'event' => 'TEMPLATESENDJOBFINISH',
    'msgid' => '416430358',
    'status' => 'success',
    'from' => 'ohRa2wpMG8YGOn4CLlg4yoU53Enk',
    'to' => 'gh_693cbb2a3e71',
    'time' => '1503842452',
    'type' => 'event',
  ),
)

2017-08-27 22:00:50 response :
------------

2017-08-27 22:01:03 trace :
------------
String:
<xml><ToUserName><![CDATA[gh_693cbb2a3e71]]></ToUserName>
<FromUserName><![CDATA[ohRa2wqOjFHnc5uZFoQTTuxtRKBA]]></FromUserName>
<CreateTime>1503842464</CreateTime>
<MsgType><![CDATA[event]]></MsgType>
<Event><![CDATA[TEMPLATESENDJOBFINISH]]></Event>
<MsgID>416430359</MsgID>
<Status><![CDATA[success]]></Status>
</xml>

2017-08-27 22:01:03 params :
------------
String:
array (
  'rule' => -2,
  'module' => '',
  'message' => 
  array (
    'tousername' => 'gh_693cbb2a3e71',
    'fromusername' => 'ohRa2wqOjFHnc5uZFoQTTuxtRKBA',
    'createtime' => '1503842464',
    'msgtype' => 'event',
    'event' => 'TEMPLATESENDJOBFINISH',
    'msgid' => '416430359',
    'status' => 'success',
    'from' => 'ohRa2wqOjFHnc5uZFoQTTuxtRKBA',
    'to' => 'gh_693cbb2a3e71',
    'time' => '1503842464',
    'type' => 'event',
  ),
)

2017-08-27 22:01:03 response :
------------

2017-08-27 22:01:03 trace :
------------
String:
<xml><ToUserName><![CDATA[gh_693cbb2a3e71]]></ToUserName>
<FromUserName><![CDATA[ohRa2wpMG8YGOn4CLlg4yoU53Enk]]></FromUserName>
<CreateTime>1503842464</CreateTime>
<MsgType><![CDATA[event]]></MsgType>
<Event><![CDATA[TEMPLATESENDJOBFINISH]]></Event>
<MsgID>416430360</MsgID>
<Status><![CDATA[success]]></Status>
</xml>

2017-08-27 22:01:03 params :
------------
String:
array (
  'rule' => -2,
  'module' => '',
  'message' => 
  array (
    'tousername' => 'gh_693cbb2a3e71',
    'fromusername' => 'ohRa2wpMG8YGOn4CLlg4yoU53Enk',
    'createtime' => '1503842464',
    'msgtype' => 'event',
    'event' => 'TEMPLATESENDJOBFINISH',
    'msgid' => '416430360',
    'status' => 'success',
    'from' => 'ohRa2wpMG8YGOn4CLlg4yoU53Enk',
    'to' => 'gh_693cbb2a3e71',
    'time' => '1503842464',
    'type' => 'event',
  ),
)

2017-08-27 22:01:03 response :
------------

2017-08-27 22:01:09 trace :
------------
String:
<xml><ToUserName><![CDATA[gh_693cbb2a3e71]]></ToUserName>
<FromUserName><![CDATA[ohRa2wqOjFHnc5uZFoQTTuxtRKBA]]></FromUserName>
<CreateTime>1503842471</CreateTime>
<MsgType><![CDATA[event]]></MsgType>
<Event><![CDATA[TEMPLATESENDJOBFINISH]]></Event>
<MsgID>416430362</MsgID>
<Status><![CDATA[success]]></Status>
</xml>

2017-08-27 22:01:09 params :
------------
String:
array (
  'rule' => -2,
  'module' => '',
  'message' => 
  array (
    'tousername' => 'gh_693cbb2a3e71',
    'fromusername' => 'ohRa2wqOjFHnc5uZFoQTTuxtRKBA',
    'createtime' => '1503842471',
    'msgtype' => 'event',
    'event' => 'TEMPLATESENDJOBFINISH',
    'msgid' => '416430362',
    'status' => 'success',
    'from' => 'ohRa2wqOjFHnc5uZFoQTTuxtRKBA',
    'to' => 'gh_693cbb2a3e71',
    'time' => '1503842471',
    'type' => 'event',
  ),
)

2017-08-27 22:01:09 response :
------------

2017-08-27 22:01:10 trace :
------------
String:
<xml><ToUserName><![CDATA[gh_693cbb2a3e71]]></ToUserName>
<FromUserName><![CDATA[ohRa2wpMG8YGOn4CLlg4yoU53Enk]]></FromUserName>
<CreateTime>1503842471</CreateTime>
<MsgType><![CDATA[event]]></MsgType>
<Event><![CDATA[TEMPLATESENDJOBFINISH]]></Event>
<MsgID>416430363</MsgID>
<Status><![CDATA[success]]></Status>
</xml>

2017-08-27 22:01:10 params :
------------
String:
array (
  'rule' => -2,
  'module' => '',
  'message' => 
  array (
    'tousername' => 'gh_693cbb2a3e71',
    'fromusername' => 'ohRa2wpMG8YGOn4CLlg4yoU53Enk',
    'createtime' => '1503842471',
    'msgtype' => 'event',
    'event' => 'TEMPLATESENDJOBFINISH',
    'msgid' => '416430363',
    'status' => 'success',
    'from' => 'ohRa2wpMG8YGOn4CLlg4yoU53Enk',
    'to' => 'gh_693cbb2a3e71',
    'time' => '1503842471',
    'type' => 'event',
  ),
)

2017-08-27 22:01:10 response :
------------

2017-08-27 22:01:26 trace :
------------
String:
<xml><ToUserName><![CDATA[gh_693cbb2a3e71]]></ToUserName>
<FromUserName><![CDATA[ohRa2wjm9nmNBD3DS8hDX9Opy1ns]]></FromUserName>
<CreateTime>1503842487</CreateTime>
<MsgType><![CDATA[event]]></MsgType>
<Event><![CDATA[TEMPLATESENDJOBFINISH]]></Event>
<MsgID>416430374</MsgID>
<Status><![CDATA[success]]></Status>
</xml>

2017-08-27 22:01:26 params :
------------
String:
array (
  'rule' => -2,
  'module' => '',
  'message' => 
  array (
    'tousername' => 'gh_693cbb2a3e71',
    'fromusername' => 'ohRa2wjm9nmNBD3DS8hDX9Opy1ns',
    'createtime' => '1503842487',
    'msgtype' => 'event',
    'event' => 'TEMPLATESENDJOBFINISH',
    'msgid' => '416430374',
    'status' => 'success',
    'from' => 'ohRa2wjm9nmNBD3DS8hDX9Opy1ns',
    'to' => 'gh_693cbb2a3e71',
    'time' => '1503842487',
    'type' => 'event',
  ),
)

2017-08-27 22:01:26 response :
------------

