2017-08-23 05:45:16 trace :
------------
String:
<xml><ToUserName><![CDATA[gh_693cbb2a3e71]]></ToUserName>
<FromUserName><![CDATA[ohRa2wjm9nmNBD3DS8hDX9Opy1ns]]></FromUserName>
<CreateTime>1503438317</CreateTime>
<MsgType><![CDATA[event]]></MsgType>
<Event><![CDATA[VIEW]]></Event>
<EventKey><![CDATA[http://tejia.zdxinfo.com/app/index.php?i=2&c=entry&m=we7_wmall1&do=mgindex]]></EventKey>
<MenuId>415187293</MenuId>
</xml>

2017-08-23 05:45:16 params :
------------
String:
array (
  'rule' => -2,
  'module' => '',
  'message' => 
  array (
    'tousername' => 'gh_693cbb2a3e71',
    'fromusername' => 'ohRa2wjm9nmNBD3DS8hDX9Opy1ns',
    'createtime' => '1503438317',
    'msgtype' => 'event',
    'event' => 'VIEW',
    'eventkey' => 'http://tejia.zdxinfo.com/app/index.php?i=2&c=entry&m=we7_wmall1&do=mgindex',
    'menuid' => '415187293',
    'from' => 'ohRa2wjm9nmNBD3DS8hDX9Opy1ns',
    'to' => 'gh_693cbb2a3e71',
    'time' => '1503438317',
    'type' => 'text',
    'content' => 'http://tejia.zdxinfo.com/app/index.php?i=2&c=entry&m=we7_wmall1&do=mgindex',
    'redirection' => true,
    'source' => 'VIEW',
  ),
)

2017-08-23 05:45:16 response :
------------

2017-08-23 08:36:51 trace :
------------
String:
<xml><ToUserName><![CDATA[gh_693cbb2a3e71]]></ToUserName>
<FromUserName><![CDATA[ohRa2wqOjFHnc5uZFoQTTuxtRKBA]]></FromUserName>
<CreateTime>1503448612</CreateTime>
<MsgType><![CDATA[event]]></MsgType>
<Event><![CDATA[TEMPLATESENDJOBFINISH]]></Event>
<MsgID>416290438</MsgID>
<Status><![CDATA[success]]></Status>
</xml>

2017-08-23 08:36:51 params :
------------
String:
array (
  'rule' => -2,
  'module' => '',
  'message' => 
  array (
    'tousername' => 'gh_693cbb2a3e71',
    'fromusername' => 'ohRa2wqOjFHnc5uZFoQTTuxtRKBA',
    'createtime' => '1503448612',
    'msgtype' => 'event',
    'event' => 'TEMPLATESENDJOBFINISH',
    'msgid' => '416290438',
    'status' => 'success',
    'from' => 'ohRa2wqOjFHnc5uZFoQTTuxtRKBA',
    'to' => 'gh_693cbb2a3e71',
    'time' => '1503448612',
    'type' => 'event',
  ),
)

2017-08-23 08:36:51 response :
------------

2017-08-23 08:36:51 trace :
------------
String:
<xml><ToUserName><![CDATA[gh_693cbb2a3e71]]></ToUserName>
<FromUserName><![CDATA[ohRa2wpMG8YGOn4CLlg4yoU53Enk]]></FromUserName>
<CreateTime>1503448612</CreateTime>
<MsgType><![CDATA[event]]></MsgType>
<Event><![CDATA[TEMPLATESENDJOBFINISH]]></Event>
<MsgID>416290439</MsgID>
<Status><![CDATA[success]]></Status>
</xml>

2017-08-23 08:36:51 params :
------------
String:
array (
  'rule' => -2,
  'module' => '',
  'message' => 
  array (
    'tousername' => 'gh_693cbb2a3e71',
    'fromusername' => 'ohRa2wpMG8YGOn4CLlg4yoU53Enk',
    'createtime' => '1503448612',
    'msgtype' => 'event',
    'event' => 'TEMPLATESENDJOBFINISH',
    'msgid' => '416290439',
    'status' => 'success',
    'from' => 'ohRa2wpMG8YGOn4CLlg4yoU53Enk',
    'to' => 'gh_693cbb2a3e71',
    'time' => '1503448612',
    'type' => 'event',
  ),
)

2017-08-23 08:36:51 response :
------------

2017-08-23 08:36:56 trace :
------------
String:
<xml><ToUserName><![CDATA[gh_693cbb2a3e71]]></ToUserName>
<FromUserName><![CDATA[ohRa2wqOjFHnc5uZFoQTTuxtRKBA]]></FromUserName>
<CreateTime>1503448617</CreateTime>
<MsgType><![CDATA[event]]></MsgType>
<Event><![CDATA[TEMPLATESENDJOBFINISH]]></Event>
<MsgID>416290441</MsgID>
<Status><![CDATA[success]]></Status>
</xml>

2017-08-23 08:36:56 params :
------------
String:
array (
  'rule' => -2,
  'module' => '',
  'message' => 
  array (
    'tousername' => 'gh_693cbb2a3e71',
    'fromusername' => 'ohRa2wqOjFHnc5uZFoQTTuxtRKBA',
    'createtime' => '1503448617',
    'msgtype' => 'event',
    'event' => 'TEMPLATESENDJOBFINISH',
    'msgid' => '416290441',
    'status' => 'success',
    'from' => 'ohRa2wqOjFHnc5uZFoQTTuxtRKBA',
    'to' => 'gh_693cbb2a3e71',
    'time' => '1503448617',
    'type' => 'event',
  ),
)

2017-08-23 08:36:56 response :
------------

2017-08-23 08:36:56 trace :
------------
String:
<xml><ToUserName><![CDATA[gh_693cbb2a3e71]]></ToUserName>
<FromUserName><![CDATA[ohRa2wpMG8YGOn4CLlg4yoU53Enk]]></FromUserName>
<CreateTime>1503448618</CreateTime>
<MsgType><![CDATA[event]]></MsgType>
<Event><![CDATA[TEMPLATESENDJOBFINISH]]></Event>
<MsgID>416290443</MsgID>
<Status><![CDATA[success]]></Status>
</xml>

2017-08-23 08:36:56 params :
------------
String:
array (
  'rule' => -2,
  'module' => '',
  'message' => 
  array (
    'tousername' => 'gh_693cbb2a3e71',
    'fromusername' => 'ohRa2wpMG8YGOn4CLlg4yoU53Enk',
    'createtime' => '1503448618',
    'msgtype' => 'event',
    'event' => 'TEMPLATESENDJOBFINISH',
    'msgid' => '416290443',
    'status' => 'success',
    'from' => 'ohRa2wpMG8YGOn4CLlg4yoU53Enk',
    'to' => 'gh_693cbb2a3e71',
    'time' => '1503448618',
    'type' => 'event',
  ),
)

2017-08-23 08:36:56 response :
------------

2017-08-23 08:37:01 trace :
------------
String:
<xml><ToUserName><![CDATA[gh_693cbb2a3e71]]></ToUserName>
<FromUserName><![CDATA[ohRa2wqOjFHnc5uZFoQTTuxtRKBA]]></FromUserName>
<CreateTime>1503448622</CreateTime>
<MsgType><![CDATA[event]]></MsgType>
<Event><![CDATA[TEMPLATESENDJOBFINISH]]></Event>
<MsgID>416290446</MsgID>
<Status><![CDATA[success]]></Status>
</xml>

2017-08-23 08:37:01 params :
------------
String:
array (
  'rule' => -2,
  'module' => '',
  'message' => 
  array (
    'tousername' => 'gh_693cbb2a3e71',
    'fromusername' => 'ohRa2wqOjFHnc5uZFoQTTuxtRKBA',
    'createtime' => '1503448622',
    'msgtype' => 'event',
    'event' => 'TEMPLATESENDJOBFINISH',
    'msgid' => '416290446',
    'status' => 'success',
    'from' => 'ohRa2wqOjFHnc5uZFoQTTuxtRKBA',
    'to' => 'gh_693cbb2a3e71',
    'time' => '1503448622',
    'type' => 'event',
  ),
)

2017-08-23 08:37:01 response :
------------

2017-08-23 08:37:01 trace :
------------
String:
<xml><ToUserName><![CDATA[gh_693cbb2a3e71]]></ToUserName>
<FromUserName><![CDATA[ohRa2wpMG8YGOn4CLlg4yoU53Enk]]></FromUserName>
<CreateTime>1503448622</CreateTime>
<MsgType><![CDATA[event]]></MsgType>
<Event><![CDATA[TEMPLATESENDJOBFINISH]]></Event>
<MsgID>416290447</MsgID>
<Status><![CDATA[success]]></Status>
</xml>

2017-08-23 08:37:01 params :
------------
String:
array (
  'rule' => -2,
  'module' => '',
  'message' => 
  array (
    'tousername' => 'gh_693cbb2a3e71',
    'fromusername' => 'ohRa2wpMG8YGOn4CLlg4yoU53Enk',
    'createtime' => '1503448622',
    'msgtype' => 'event',
    'event' => 'TEMPLATESENDJOBFINISH',
    'msgid' => '416290447',
    'status' => 'success',
    'from' => 'ohRa2wpMG8YGOn4CLlg4yoU53Enk',
    'to' => 'gh_693cbb2a3e71',
    'time' => '1503448622',
    'type' => 'event',
  ),
)

2017-08-23 08:37:01 response :
------------

2017-08-23 08:37:06 trace :
------------
String:
<xml><ToUserName><![CDATA[gh_693cbb2a3e71]]></ToUserName>
<FromUserName><![CDATA[ohRa2wqOjFHnc5uZFoQTTuxtRKBA]]></FromUserName>
<CreateTime>1503448627</CreateTime>
<MsgType><![CDATA[event]]></MsgType>
<Event><![CDATA[TEMPLATESENDJOBFINISH]]></Event>
<MsgID>416290450</MsgID>
<Status><![CDATA[success]]></Status>
</xml>

2017-08-23 08:37:06 params :
------------
String:
array (
  'rule' => -2,
  'module' => '',
  'message' => 
  array (
    'tousername' => 'gh_693cbb2a3e71',
    'fromusername' => 'ohRa2wqOjFHnc5uZFoQTTuxtRKBA',
    'createtime' => '1503448627',
    'msgtype' => 'event',
    'event' => 'TEMPLATESENDJOBFINISH',
    'msgid' => '416290450',
    'status' => 'success',
    'from' => 'ohRa2wqOjFHnc5uZFoQTTuxtRKBA',
    'to' => 'gh_693cbb2a3e71',
    'time' => '1503448627',
    'type' => 'event',
  ),
)

2017-08-23 08:37:06 response :
------------

2017-08-23 08:37:06 trace :
------------
String:
<xml><ToUserName><![CDATA[gh_693cbb2a3e71]]></ToUserName>
<FromUserName><![CDATA[ohRa2wpMG8YGOn4CLlg4yoU53Enk]]></FromUserName>
<CreateTime>1503448627</CreateTime>
<MsgType><![CDATA[event]]></MsgType>
<Event><![CDATA[TEMPLATESENDJOBFINISH]]></Event>
<MsgID>416290451</MsgID>
<Status><![CDATA[success]]></Status>
</xml>

2017-08-23 08:37:06 params :
------------
String:
array (
  'rule' => -2,
  'module' => '',
  'message' => 
  array (
    'tousername' => 'gh_693cbb2a3e71',
    'fromusername' => 'ohRa2wpMG8YGOn4CLlg4yoU53Enk',
    'createtime' => '1503448627',
    'msgtype' => 'event',
    'event' => 'TEMPLATESENDJOBFINISH',
    'msgid' => '416290451',
    'status' => 'success',
    'from' => 'ohRa2wpMG8YGOn4CLlg4yoU53Enk',
    'to' => 'gh_693cbb2a3e71',
    'time' => '1503448627',
    'type' => 'event',
  ),
)

2017-08-23 08:37:06 response :
------------

2017-08-23 08:37:11 trace :
------------
String:
<xml><ToUserName><![CDATA[gh_693cbb2a3e71]]></ToUserName>
<FromUserName><![CDATA[ohRa2wqOjFHnc5uZFoQTTuxtRKBA]]></FromUserName>
<CreateTime>1503448633</CreateTime>
<MsgType><![CDATA[event]]></MsgType>
<Event><![CDATA[TEMPLATESENDJOBFINISH]]></Event>
<MsgID>416290453</MsgID>
<Status><![CDATA[success]]></Status>
</xml>

2017-08-23 08:37:11 params :
------------
String:
array (
  'rule' => -2,
  'module' => '',
  'message' => 
  array (
    'tousername' => 'gh_693cbb2a3e71',
    'fromusername' => 'ohRa2wqOjFHnc5uZFoQTTuxtRKBA',
    'createtime' => '1503448633',
    'msgtype' => 'event',
    'event' => 'TEMPLATESENDJOBFINISH',
    'msgid' => '416290453',
    'status' => 'success',
    'from' => 'ohRa2wqOjFHnc5uZFoQTTuxtRKBA',
    'to' => 'gh_693cbb2a3e71',
    'time' => '1503448633',
    'type' => 'event',
  ),
)

2017-08-23 08:37:11 response :
------------

2017-08-23 08:37:11 trace :
------------
String:
<xml><ToUserName><![CDATA[gh_693cbb2a3e71]]></ToUserName>
<FromUserName><![CDATA[ohRa2wpMG8YGOn4CLlg4yoU53Enk]]></FromUserName>
<CreateTime>1503448633</CreateTime>
<MsgType><![CDATA[event]]></MsgType>
<Event><![CDATA[TEMPLATESENDJOBFINISH]]></Event>
<MsgID>416290455</MsgID>
<Status><![CDATA[success]]></Status>
</xml>

2017-08-23 08:37:11 params :
------------
String:
array (
  'rule' => -2,
  'module' => '',
  'message' => 
  array (
    'tousername' => 'gh_693cbb2a3e71',
    'fromusername' => 'ohRa2wpMG8YGOn4CLlg4yoU53Enk',
    'createtime' => '1503448633',
    'msgtype' => 'event',
    'event' => 'TEMPLATESENDJOBFINISH',
    'msgid' => '416290455',
    'status' => 'success',
    'from' => 'ohRa2wpMG8YGOn4CLlg4yoU53Enk',
    'to' => 'gh_693cbb2a3e71',
    'time' => '1503448633',
    'type' => 'event',
  ),
)

2017-08-23 08:37:11 response :
------------

2017-08-23 08:37:16 trace :
------------
String:
<xml><ToUserName><![CDATA[gh_693cbb2a3e71]]></ToUserName>
<FromUserName><![CDATA[ohRa2wqOjFHnc5uZFoQTTuxtRKBA]]></FromUserName>
<CreateTime>1503448637</CreateTime>
<MsgType><![CDATA[event]]></MsgType>
<Event><![CDATA[TEMPLATESENDJOBFINISH]]></Event>
<MsgID>416290456</MsgID>
<Status><![CDATA[success]]></Status>
</xml>

2017-08-23 08:37:16 params :
------------
String:
array (
  'rule' => -2,
  'module' => '',
  'message' => 
  array (
    'tousername' => 'gh_693cbb2a3e71',
    'fromusername' => 'ohRa2wqOjFHnc5uZFoQTTuxtRKBA',
    'createtime' => '1503448637',
    'msgtype' => 'event',
    'event' => 'TEMPLATESENDJOBFINISH',
    'msgid' => '416290456',
    'status' => 'success',
    'from' => 'ohRa2wqOjFHnc5uZFoQTTuxtRKBA',
    'to' => 'gh_693cbb2a3e71',
    'time' => '1503448637',
    'type' => 'event',
  ),
)

2017-08-23 08:37:16 response :
------------

2017-08-23 08:37:16 trace :
------------
String:
<xml><ToUserName><![CDATA[gh_693cbb2a3e71]]></ToUserName>
<FromUserName><![CDATA[ohRa2wpMG8YGOn4CLlg4yoU53Enk]]></FromUserName>
<CreateTime>1503448637</CreateTime>
<MsgType><![CDATA[event]]></MsgType>
<Event><![CDATA[TEMPLATESENDJOBFINISH]]></Event>
<MsgID>416290457</MsgID>
<Status><![CDATA[success]]></Status>
</xml>

2017-08-23 08:37:16 params :
------------
String:
array (
  'rule' => -2,
  'module' => '',
  'message' => 
  array (
    'tousername' => 'gh_693cbb2a3e71',
    'fromusername' => 'ohRa2wpMG8YGOn4CLlg4yoU53Enk',
    'createtime' => '1503448637',
    'msgtype' => 'event',
    'event' => 'TEMPLATESENDJOBFINISH',
    'msgid' => '416290457',
    'status' => 'success',
    'from' => 'ohRa2wpMG8YGOn4CLlg4yoU53Enk',
    'to' => 'gh_693cbb2a3e71',
    'time' => '1503448637',
    'type' => 'event',
  ),
)

2017-08-23 08:37:16 response :
------------

2017-08-23 08:37:21 trace :
------------
String:
<xml><ToUserName><![CDATA[gh_693cbb2a3e71]]></ToUserName>
<FromUserName><![CDATA[ohRa2wqOjFHnc5uZFoQTTuxtRKBA]]></FromUserName>
<CreateTime>1503448642</CreateTime>
<MsgType><![CDATA[event]]></MsgType>
<Event><![CDATA[TEMPLATESENDJOBFINISH]]></Event>
<MsgID>416290463</MsgID>
<Status><![CDATA[success]]></Status>
</xml>

2017-08-23 08:37:21 params :
------------
String:
array (
  'rule' => -2,
  'module' => '',
  'message' => 
  array (
    'tousername' => 'gh_693cbb2a3e71',
    'fromusername' => 'ohRa2wqOjFHnc5uZFoQTTuxtRKBA',
    'createtime' => '1503448642',
    'msgtype' => 'event',
    'event' => 'TEMPLATESENDJOBFINISH',
    'msgid' => '416290463',
    'status' => 'success',
    'from' => 'ohRa2wqOjFHnc5uZFoQTTuxtRKBA',
    'to' => 'gh_693cbb2a3e71',
    'time' => '1503448642',
    'type' => 'event',
  ),
)

2017-08-23 08:37:21 response :
------------

2017-08-23 08:37:21 trace :
------------
String:
<xml><ToUserName><![CDATA[gh_693cbb2a3e71]]></ToUserName>
<FromUserName><![CDATA[ohRa2wpMG8YGOn4CLlg4yoU53Enk]]></FromUserName>
<CreateTime>1503448642</CreateTime>
<MsgType><![CDATA[event]]></MsgType>
<Event><![CDATA[TEMPLATESENDJOBFINISH]]></Event>
<MsgID>416290464</MsgID>
<Status><![CDATA[success]]></Status>
</xml>

2017-08-23 08:37:21 params :
------------
String:
array (
  'rule' => -2,
  'module' => '',
  'message' => 
  array (
    'tousername' => 'gh_693cbb2a3e71',
    'fromusername' => 'ohRa2wpMG8YGOn4CLlg4yoU53Enk',
    'createtime' => '1503448642',
    'msgtype' => 'event',
    'event' => 'TEMPLATESENDJOBFINISH',
    'msgid' => '416290464',
    'status' => 'success',
    'from' => 'ohRa2wpMG8YGOn4CLlg4yoU53Enk',
    'to' => 'gh_693cbb2a3e71',
    'time' => '1503448642',
    'type' => 'event',
  ),
)

2017-08-23 08:37:21 response :
------------

2017-08-23 08:37:21 trace :
------------
String:
<xml><ToUserName><![CDATA[gh_693cbb2a3e71]]></ToUserName>
<FromUserName><![CDATA[ohRa2wqOjFHnc5uZFoQTTuxtRKBA]]></FromUserName>
<CreateTime>1503448642</CreateTime>
<MsgType><![CDATA[event]]></MsgType>
<Event><![CDATA[TEMPLATESENDJOBFINISH]]></Event>
<MsgID>416290465</MsgID>
<Status><![CDATA[success]]></Status>
</xml>

2017-08-23 08:37:21 params :
------------
String:
array (
  'rule' => -2,
  'module' => '',
  'message' => 
  array (
    'tousername' => 'gh_693cbb2a3e71',
    'fromusername' => 'ohRa2wqOjFHnc5uZFoQTTuxtRKBA',
    'createtime' => '1503448642',
    'msgtype' => 'event',
    'event' => 'TEMPLATESENDJOBFINISH',
    'msgid' => '416290465',
    'status' => 'success',
    'from' => 'ohRa2wqOjFHnc5uZFoQTTuxtRKBA',
    'to' => 'gh_693cbb2a3e71',
    'time' => '1503448642',
    'type' => 'event',
  ),
)

2017-08-23 08:37:21 response :
------------

2017-08-23 08:37:21 trace :
------------
String:
<xml><ToUserName><![CDATA[gh_693cbb2a3e71]]></ToUserName>
<FromUserName><![CDATA[ohRa2wpMG8YGOn4CLlg4yoU53Enk]]></FromUserName>
<CreateTime>1503448643</CreateTime>
<MsgType><![CDATA[event]]></MsgType>
<Event><![CDATA[TEMPLATESENDJOBFINISH]]></Event>
<MsgID>416290466</MsgID>
<Status><![CDATA[success]]></Status>
</xml>

2017-08-23 08:37:21 params :
------------
String:
array (
  'rule' => -2,
  'module' => '',
  'message' => 
  array (
    'tousername' => 'gh_693cbb2a3e71',
    'fromusername' => 'ohRa2wpMG8YGOn4CLlg4yoU53Enk',
    'createtime' => '1503448643',
    'msgtype' => 'event',
    'event' => 'TEMPLATESENDJOBFINISH',
    'msgid' => '416290466',
    'status' => 'success',
    'from' => 'ohRa2wpMG8YGOn4CLlg4yoU53Enk',
    'to' => 'gh_693cbb2a3e71',
    'time' => '1503448643',
    'type' => 'event',
  ),
)

2017-08-23 08:37:21 response :
------------

2017-08-23 08:37:26 trace :
------------
String:
<xml><ToUserName><![CDATA[gh_693cbb2a3e71]]></ToUserName>
<FromUserName><![CDATA[ohRa2wqOjFHnc5uZFoQTTuxtRKBA]]></FromUserName>
<CreateTime>1503448647</CreateTime>
<MsgType><![CDATA[event]]></MsgType>
<Event><![CDATA[TEMPLATESENDJOBFINISH]]></Event>
<MsgID>416290467</MsgID>
<Status><![CDATA[success]]></Status>
</xml>

2017-08-23 08:37:26 params :
------------
String:
array (
  'rule' => -2,
  'module' => '',
  'message' => 
  array (
    'tousername' => 'gh_693cbb2a3e71',
    'fromusername' => 'ohRa2wqOjFHnc5uZFoQTTuxtRKBA',
    'createtime' => '1503448647',
    'msgtype' => 'event',
    'event' => 'TEMPLATESENDJOBFINISH',
    'msgid' => '416290467',
    'status' => 'success',
    'from' => 'ohRa2wqOjFHnc5uZFoQTTuxtRKBA',
    'to' => 'gh_693cbb2a3e71',
    'time' => '1503448647',
    'type' => 'event',
  ),
)

2017-08-23 08:37:26 response :
------------

2017-08-23 08:37:26 trace :
------------
String:
<xml><ToUserName><![CDATA[gh_693cbb2a3e71]]></ToUserName>
<FromUserName><![CDATA[ohRa2wpMG8YGOn4CLlg4yoU53Enk]]></FromUserName>
<CreateTime>1503448648</CreateTime>
<MsgType><![CDATA[event]]></MsgType>
<Event><![CDATA[TEMPLATESENDJOBFINISH]]></Event>
<MsgID>416290468</MsgID>
<Status><![CDATA[success]]></Status>
</xml>

2017-08-23 08:37:26 params :
------------
String:
array (
  'rule' => -2,
  'module' => '',
  'message' => 
  array (
    'tousername' => 'gh_693cbb2a3e71',
    'fromusername' => 'ohRa2wpMG8YGOn4CLlg4yoU53Enk',
    'createtime' => '1503448648',
    'msgtype' => 'event',
    'event' => 'TEMPLATESENDJOBFINISH',
    'msgid' => '416290468',
    'status' => 'success',
    'from' => 'ohRa2wpMG8YGOn4CLlg4yoU53Enk',
    'to' => 'gh_693cbb2a3e71',
    'time' => '1503448648',
    'type' => 'event',
  ),
)

2017-08-23 08:37:26 response :
------------

2017-08-23 08:37:31 trace :
------------
String:
<xml><ToUserName><![CDATA[gh_693cbb2a3e71]]></ToUserName>
<FromUserName><![CDATA[ohRa2wqOjFHnc5uZFoQTTuxtRKBA]]></FromUserName>
<CreateTime>1503448653</CreateTime>
<MsgType><![CDATA[event]]></MsgType>
<Event><![CDATA[TEMPLATESENDJOBFINISH]]></Event>
<MsgID>416290470</MsgID>
<Status><![CDATA[success]]></Status>
</xml>

2017-08-23 08:37:31 params :
------------
String:
array (
  'rule' => -2,
  'module' => '',
  'message' => 
  array (
    'tousername' => 'gh_693cbb2a3e71',
    'fromusername' => 'ohRa2wqOjFHnc5uZFoQTTuxtRKBA',
    'createtime' => '1503448653',
    'msgtype' => 'event',
    'event' => 'TEMPLATESENDJOBFINISH',
    'msgid' => '416290470',
    'status' => 'success',
    'from' => 'ohRa2wqOjFHnc5uZFoQTTuxtRKBA',
    'to' => 'gh_693cbb2a3e71',
    'time' => '1503448653',
    'type' => 'event',
  ),
)

2017-08-23 08:37:31 response :
------------

2017-08-23 08:37:32 trace :
------------
String:
<xml><ToUserName><![CDATA[gh_693cbb2a3e71]]></ToUserName>
<FromUserName><![CDATA[ohRa2wpMG8YGOn4CLlg4yoU53Enk]]></FromUserName>
<CreateTime>1503448653</CreateTime>
<MsgType><![CDATA[event]]></MsgType>
<Event><![CDATA[TEMPLATESENDJOBFINISH]]></Event>
<MsgID>416290471</MsgID>
<Status><![CDATA[success]]></Status>
</xml>

2017-08-23 08:37:32 params :
------------
String:
array (
  'rule' => -2,
  'module' => '',
  'message' => 
  array (
    'tousername' => 'gh_693cbb2a3e71',
    'fromusername' => 'ohRa2wpMG8YGOn4CLlg4yoU53Enk',
    'createtime' => '1503448653',
    'msgtype' => 'event',
    'event' => 'TEMPLATESENDJOBFINISH',
    'msgid' => '416290471',
    'status' => 'success',
    'from' => 'ohRa2wpMG8YGOn4CLlg4yoU53Enk',
    'to' => 'gh_693cbb2a3e71',
    'time' => '1503448653',
    'type' => 'event',
  ),
)

2017-08-23 08:37:32 response :
------------

2017-08-23 08:37:37 trace :
------------
String:
<xml><ToUserName><![CDATA[gh_693cbb2a3e71]]></ToUserName>
<FromUserName><![CDATA[ohRa2wqOjFHnc5uZFoQTTuxtRKBA]]></FromUserName>
<CreateTime>1503448658</CreateTime>
<MsgType><![CDATA[event]]></MsgType>
<Event><![CDATA[TEMPLATESENDJOBFINISH]]></Event>
<MsgID>416290473</MsgID>
<Status><![CDATA[success]]></Status>
</xml>

2017-08-23 08:37:37 params :
------------
String:
array (
  'rule' => -2,
  'module' => '',
  'message' => 
  array (
    'tousername' => 'gh_693cbb2a3e71',
    'fromusername' => 'ohRa2wqOjFHnc5uZFoQTTuxtRKBA',
    'createtime' => '1503448658',
    'msgtype' => 'event',
    'event' => 'TEMPLATESENDJOBFINISH',
    'msgid' => '416290473',
    'status' => 'success',
    'from' => 'ohRa2wqOjFHnc5uZFoQTTuxtRKBA',
    'to' => 'gh_693cbb2a3e71',
    'time' => '1503448658',
    'type' => 'event',
  ),
)

2017-08-23 08:37:37 response :
------------

2017-08-23 08:37:37 trace :
------------
String:
<xml><ToUserName><![CDATA[gh_693cbb2a3e71]]></ToUserName>
<FromUserName><![CDATA[ohRa2wpMG8YGOn4CLlg4yoU53Enk]]></FromUserName>
<CreateTime>1503448658</CreateTime>
<MsgType><![CDATA[event]]></MsgType>
<Event><![CDATA[TEMPLATESENDJOBFINISH]]></Event>
<MsgID>416290475</MsgID>
<Status><![CDATA[success]]></Status>
</xml>

2017-08-23 08:37:37 params :
------------
String:
array (
  'rule' => -2,
  'module' => '',
  'message' => 
  array (
    'tousername' => 'gh_693cbb2a3e71',
    'fromusername' => 'ohRa2wpMG8YGOn4CLlg4yoU53Enk',
    'createtime' => '1503448658',
    'msgtype' => 'event',
    'event' => 'TEMPLATESENDJOBFINISH',
    'msgid' => '416290475',
    'status' => 'success',
    'from' => 'ohRa2wpMG8YGOn4CLlg4yoU53Enk',
    'to' => 'gh_693cbb2a3e71',
    'time' => '1503448658',
    'type' => 'event',
  ),
)

2017-08-23 08:37:37 response :
------------

2017-08-23 08:37:41 trace :
------------
String:
<xml><ToUserName><![CDATA[gh_693cbb2a3e71]]></ToUserName>
<FromUserName><![CDATA[ohRa2wqOjFHnc5uZFoQTTuxtRKBA]]></FromUserName>
<CreateTime>1503448663</CreateTime>
<MsgType><![CDATA[event]]></MsgType>
<Event><![CDATA[TEMPLATESENDJOBFINISH]]></Event>
<MsgID>416290477</MsgID>
<Status><![CDATA[success]]></Status>
</xml>

2017-08-23 08:37:41 params :
------------
String:
array (
  'rule' => -2,
  'module' => '',
  'message' => 
  array (
    'tousername' => 'gh_693cbb2a3e71',
    'fromusername' => 'ohRa2wqOjFHnc5uZFoQTTuxtRKBA',
    'createtime' => '1503448663',
    'msgtype' => 'event',
    'event' => 'TEMPLATESENDJOBFINISH',
    'msgid' => '416290477',
    'status' => 'success',
    'from' => 'ohRa2wqOjFHnc5uZFoQTTuxtRKBA',
    'to' => 'gh_693cbb2a3e71',
    'time' => '1503448663',
    'type' => 'event',
  ),
)

2017-08-23 08:37:41 response :
------------

2017-08-23 08:37:42 trace :
------------
String:
<xml><ToUserName><![CDATA[gh_693cbb2a3e71]]></ToUserName>
<FromUserName><![CDATA[ohRa2wpMG8YGOn4CLlg4yoU53Enk]]></FromUserName>
<CreateTime>1503448663</CreateTime>
<MsgType><![CDATA[event]]></MsgType>
<Event><![CDATA[TEMPLATESENDJOBFINISH]]></Event>
<MsgID>416290478</MsgID>
<Status><![CDATA[success]]></Status>
</xml>

2017-08-23 08:37:42 params :
------------
String:
array (
  'rule' => -2,
  'module' => '',
  'message' => 
  array (
    'tousername' => 'gh_693cbb2a3e71',
    'fromusername' => 'ohRa2wpMG8YGOn4CLlg4yoU53Enk',
    'createtime' => '1503448663',
    'msgtype' => 'event',
    'event' => 'TEMPLATESENDJOBFINISH',
    'msgid' => '416290478',
    'status' => 'success',
    'from' => 'ohRa2wpMG8YGOn4CLlg4yoU53Enk',
    'to' => 'gh_693cbb2a3e71',
    'time' => '1503448663',
    'type' => 'event',
  ),
)

2017-08-23 08:37:42 response :
------------

2017-08-23 08:37:48 trace :
------------
String:
<xml><ToUserName><![CDATA[gh_693cbb2a3e71]]></ToUserName>
<FromUserName><![CDATA[ohRa2wmRovjUjJTbqat4FqH8Pbjg]]></FromUserName>
<CreateTime>1503448669</CreateTime>
<MsgType><![CDATA[event]]></MsgType>
<Event><![CDATA[TEMPLATESENDJOBFINISH]]></Event>
<MsgID>416290488</MsgID>
<Status><![CDATA[success]]></Status>
</xml>

2017-08-23 08:37:48 params :
------------
String:
array (
  'rule' => -2,
  'module' => '',
  'message' => 
  array (
    'tousername' => 'gh_693cbb2a3e71',
    'fromusername' => 'ohRa2wmRovjUjJTbqat4FqH8Pbjg',
    'createtime' => '1503448669',
    'msgtype' => 'event',
    'event' => 'TEMPLATESENDJOBFINISH',
    'msgid' => '416290488',
    'status' => 'success',
    'from' => 'ohRa2wmRovjUjJTbqat4FqH8Pbjg',
    'to' => 'gh_693cbb2a3e71',
    'time' => '1503448669',
    'type' => 'event',
  ),
)

2017-08-23 08:37:48 response :
------------

2017-08-23 08:37:48 trace :
------------
String:
<xml><ToUserName><![CDATA[gh_693cbb2a3e71]]></ToUserName>
<FromUserName><![CDATA[ohRa2wsfvmAcJCLTeNLsb4FZoZ9I]]></FromUserName>
<CreateTime>1503448669</CreateTime>
<MsgType><![CDATA[event]]></MsgType>
<Event><![CDATA[TEMPLATESENDJOBFINISH]]></Event>
<MsgID>416290489</MsgID>
<Status><![CDATA[success]]></Status>
</xml>

2017-08-23 08:37:48 params :
------------
String:
array (
  'rule' => -2,
  'module' => '',
  'message' => 
  array (
    'tousername' => 'gh_693cbb2a3e71',
    'fromusername' => 'ohRa2wsfvmAcJCLTeNLsb4FZoZ9I',
    'createtime' => '1503448669',
    'msgtype' => 'event',
    'event' => 'TEMPLATESENDJOBFINISH',
    'msgid' => '416290489',
    'status' => 'success',
    'from' => 'ohRa2wsfvmAcJCLTeNLsb4FZoZ9I',
    'to' => 'gh_693cbb2a3e71',
    'time' => '1503448669',
    'type' => 'event',
  ),
)

2017-08-23 08:37:48 response :
------------

2017-08-23 08:37:57 trace :
------------
String:
<xml><ToUserName><![CDATA[gh_693cbb2a3e71]]></ToUserName>
<FromUserName><![CDATA[ohRa2wqOjFHnc5uZFoQTTuxtRKBA]]></FromUserName>
<CreateTime>1503448678</CreateTime>
<MsgType><![CDATA[event]]></MsgType>
<Event><![CDATA[TEMPLATESENDJOBFINISH]]></Event>
<MsgID>416290492</MsgID>
<Status><![CDATA[success]]></Status>
</xml>

2017-08-23 08:37:57 params :
------------
String:
array (
  'rule' => -2,
  'module' => '',
  'message' => 
  array (
    'tousername' => 'gh_693cbb2a3e71',
    'fromusername' => 'ohRa2wqOjFHnc5uZFoQTTuxtRKBA',
    'createtime' => '1503448678',
    'msgtype' => 'event',
    'event' => 'TEMPLATESENDJOBFINISH',
    'msgid' => '416290492',
    'status' => 'success',
    'from' => 'ohRa2wqOjFHnc5uZFoQTTuxtRKBA',
    'to' => 'gh_693cbb2a3e71',
    'time' => '1503448678',
    'type' => 'event',
  ),
)

2017-08-23 08:37:57 response :
------------

2017-08-23 08:37:57 trace :
------------
String:
<xml><ToUserName><![CDATA[gh_693cbb2a3e71]]></ToUserName>
<FromUserName><![CDATA[ohRa2wpMG8YGOn4CLlg4yoU53Enk]]></FromUserName>
<CreateTime>1503448678</CreateTime>
<MsgType><![CDATA[event]]></MsgType>
<Event><![CDATA[TEMPLATESENDJOBFINISH]]></Event>
<MsgID>416290493</MsgID>
<Status><![CDATA[success]]></Status>
</xml>

2017-08-23 08:37:57 params :
------------
String:
array (
  'rule' => -2,
  'module' => '',
  'message' => 
  array (
    'tousername' => 'gh_693cbb2a3e71',
    'fromusername' => 'ohRa2wpMG8YGOn4CLlg4yoU53Enk',
    'createtime' => '1503448678',
    'msgtype' => 'event',
    'event' => 'TEMPLATESENDJOBFINISH',
    'msgid' => '416290493',
    'status' => 'success',
    'from' => 'ohRa2wpMG8YGOn4CLlg4yoU53Enk',
    'to' => 'gh_693cbb2a3e71',
    'time' => '1503448678',
    'type' => 'event',
  ),
)

2017-08-23 08:37:57 response :
------------

2017-08-23 08:38:29 trace :
------------
String:
<xml><ToUserName><![CDATA[gh_693cbb2a3e71]]></ToUserName>
<FromUserName><![CDATA[ohRa2wqgej-B0leBNgf9SNpIxRXU]]></FromUserName>
<CreateTime>1503448710</CreateTime>
<MsgType><![CDATA[event]]></MsgType>
<Event><![CDATA[TEMPLATESENDJOBFINISH]]></Event>
<MsgID>416290506</MsgID>
<Status><![CDATA[success]]></Status>
</xml>

2017-08-23 08:38:29 params :
------------
String:
array (
  'rule' => -2,
  'module' => '',
  'message' => 
  array (
    'tousername' => 'gh_693cbb2a3e71',
    'fromusername' => 'ohRa2wqgej-B0leBNgf9SNpIxRXU',
    'createtime' => '1503448710',
    'msgtype' => 'event',
    'event' => 'TEMPLATESENDJOBFINISH',
    'msgid' => '416290506',
    'status' => 'success',
    'from' => 'ohRa2wqgej-B0leBNgf9SNpIxRXU',
    'to' => 'gh_693cbb2a3e71',
    'time' => '1503448710',
    'type' => 'event',
  ),
)

2017-08-23 08:38:29 response :
------------

2017-08-23 08:38:29 trace :
------------
String:
<xml><ToUserName><![CDATA[gh_693cbb2a3e71]]></ToUserName>
<FromUserName><![CDATA[ohRa2wp94r3_u5BHjSxVewj2_McA]]></FromUserName>
<CreateTime>1503448710</CreateTime>
<MsgType><![CDATA[event]]></MsgType>
<Event><![CDATA[TEMPLATESENDJOBFINISH]]></Event>
<MsgID>416290507</MsgID>
<Status><![CDATA[success]]></Status>
</xml>

2017-08-23 08:38:29 params :
------------
String:
array (
  'rule' => -2,
  'module' => '',
  'message' => 
  array (
    'tousername' => 'gh_693cbb2a3e71',
    'fromusername' => 'ohRa2wp94r3_u5BHjSxVewj2_McA',
    'createtime' => '1503448710',
    'msgtype' => 'event',
    'event' => 'TEMPLATESENDJOBFINISH',
    'msgid' => '416290507',
    'status' => 'success',
    'from' => 'ohRa2wp94r3_u5BHjSxVewj2_McA',
    'to' => 'gh_693cbb2a3e71',
    'time' => '1503448710',
    'type' => 'event',
  ),
)

2017-08-23 08:38:29 response :
------------

2017-08-23 08:38:29 trace :
------------
String:
<xml><ToUserName><![CDATA[gh_693cbb2a3e71]]></ToUserName>
<FromUserName><![CDATA[ohRa2wr3bskeUmcBJFAWlHZIAO8U]]></FromUserName>
<CreateTime>1503448711</CreateTime>
<MsgType><![CDATA[event]]></MsgType>
<Event><![CDATA[TEMPLATESENDJOBFINISH]]></Event>
<MsgID>416290508</MsgID>
<Status><![CDATA[success]]></Status>
</xml>

2017-08-23 08:38:29 params :
------------
String:
array (
  'rule' => -2,
  'module' => '',
  'message' => 
  array (
    'tousername' => 'gh_693cbb2a3e71',
    'fromusername' => 'ohRa2wr3bskeUmcBJFAWlHZIAO8U',
    'createtime' => '1503448711',
    'msgtype' => 'event',
    'event' => 'TEMPLATESENDJOBFINISH',
    'msgid' => '416290508',
    'status' => 'success',
    'from' => 'ohRa2wr3bskeUmcBJFAWlHZIAO8U',
    'to' => 'gh_693cbb2a3e71',
    'time' => '1503448711',
    'type' => 'event',
  ),
)

2017-08-23 08:38:29 response :
------------

2017-08-23 08:38:36 trace :
------------
String:
<xml><ToUserName><![CDATA[gh_693cbb2a3e71]]></ToUserName>
<FromUserName><![CDATA[ohRa2wqgej-B0leBNgf9SNpIxRXU]]></FromUserName>
<CreateTime>1503448718</CreateTime>
<MsgType><![CDATA[event]]></MsgType>
<Event><![CDATA[TEMPLATESENDJOBFINISH]]></Event>
<MsgID>416290511</MsgID>
<Status><![CDATA[success]]></Status>
</xml>

2017-08-23 08:38:36 params :
------------
String:
array (
  'rule' => -2,
  'module' => '',
  'message' => 
  array (
    'tousername' => 'gh_693cbb2a3e71',
    'fromusername' => 'ohRa2wqgej-B0leBNgf9SNpIxRXU',
    'createtime' => '1503448718',
    'msgtype' => 'event',
    'event' => 'TEMPLATESENDJOBFINISH',
    'msgid' => '416290511',
    'status' => 'success',
    'from' => 'ohRa2wqgej-B0leBNgf9SNpIxRXU',
    'to' => 'gh_693cbb2a3e71',
    'time' => '1503448718',
    'type' => 'event',
  ),
)

2017-08-23 08:38:36 response :
------------

2017-08-23 08:38:37 trace :
------------
String:
<xml><ToUserName><![CDATA[gh_693cbb2a3e71]]></ToUserName>
<FromUserName><![CDATA[ohRa2wp94r3_u5BHjSxVewj2_McA]]></FromUserName>
<CreateTime>1503448718</CreateTime>
<MsgType><![CDATA[event]]></MsgType>
<Event><![CDATA[TEMPLATESENDJOBFINISH]]></Event>
<MsgID>416290513</MsgID>
<Status><![CDATA[success]]></Status>
</xml>

2017-08-23 08:38:37 params :
------------
String:
array (
  'rule' => -2,
  'module' => '',
  'message' => 
  array (
    'tousername' => 'gh_693cbb2a3e71',
    'fromusername' => 'ohRa2wp94r3_u5BHjSxVewj2_McA',
    'createtime' => '1503448718',
    'msgtype' => 'event',
    'event' => 'TEMPLATESENDJOBFINISH',
    'msgid' => '416290513',
    'status' => 'success',
    'from' => 'ohRa2wp94r3_u5BHjSxVewj2_McA',
    'to' => 'gh_693cbb2a3e71',
    'time' => '1503448718',
    'type' => 'event',
  ),
)

2017-08-23 08:38:37 response :
------------

2017-08-23 08:38:37 trace :
------------
String:
<xml><ToUserName><![CDATA[gh_693cbb2a3e71]]></ToUserName>
<FromUserName><![CDATA[ohRa2wr3bskeUmcBJFAWlHZIAO8U]]></FromUserName>
<CreateTime>1503448718</CreateTime>
<MsgType><![CDATA[event]]></MsgType>
<Event><![CDATA[TEMPLATESENDJOBFINISH]]></Event>
<MsgID>416290515</MsgID>
<Status><![CDATA[success]]></Status>
</xml>

2017-08-23 08:38:37 params :
------------
String:
array (
  'rule' => -2,
  'module' => '',
  'message' => 
  array (
    'tousername' => 'gh_693cbb2a3e71',
    'fromusername' => 'ohRa2wr3bskeUmcBJFAWlHZIAO8U',
    'createtime' => '1503448718',
    'msgtype' => 'event',
    'event' => 'TEMPLATESENDJOBFINISH',
    'msgid' => '416290515',
    'status' => 'success',
    'from' => 'ohRa2wr3bskeUmcBJFAWlHZIAO8U',
    'to' => 'gh_693cbb2a3e71',
    'time' => '1503448718',
    'type' => 'event',
  ),
)

2017-08-23 08:38:37 response :
------------

2017-08-23 08:38:43 trace :
------------
String:
<xml><ToUserName><![CDATA[gh_693cbb2a3e71]]></ToUserName>
<FromUserName><![CDATA[ohRa2wqgej-B0leBNgf9SNpIxRXU]]></FromUserName>
<CreateTime>1503448724</CreateTime>
<MsgType><![CDATA[event]]></MsgType>
<Event><![CDATA[TEMPLATESENDJOBFINISH]]></Event>
<MsgID>416290518</MsgID>
<Status><![CDATA[success]]></Status>
</xml>

2017-08-23 08:38:43 params :
------------
String:
array (
  'rule' => -2,
  'module' => '',
  'message' => 
  array (
    'tousername' => 'gh_693cbb2a3e71',
    'fromusername' => 'ohRa2wqgej-B0leBNgf9SNpIxRXU',
    'createtime' => '1503448724',
    'msgtype' => 'event',
    'event' => 'TEMPLATESENDJOBFINISH',
    'msgid' => '416290518',
    'status' => 'success',
    'from' => 'ohRa2wqgej-B0leBNgf9SNpIxRXU',
    'to' => 'gh_693cbb2a3e71',
    'time' => '1503448724',
    'type' => 'event',
  ),
)

2017-08-23 08:38:43 response :
------------

2017-08-23 08:38:43 trace :
------------
String:
<xml><ToUserName><![CDATA[gh_693cbb2a3e71]]></ToUserName>
<FromUserName><![CDATA[ohRa2wp94r3_u5BHjSxVewj2_McA]]></FromUserName>
<CreateTime>1503448725</CreateTime>
<MsgType><![CDATA[event]]></MsgType>
<Event><![CDATA[TEMPLATESENDJOBFINISH]]></Event>
<MsgID>416290519</MsgID>
<Status><![CDATA[success]]></Status>
</xml>

2017-08-23 08:38:43 params :
------------
String:
array (
  'rule' => -2,
  'module' => '',
  'message' => 
  array (
    'tousername' => 'gh_693cbb2a3e71',
    'fromusername' => 'ohRa2wp94r3_u5BHjSxVewj2_McA',
    'createtime' => '1503448725',
    'msgtype' => 'event',
    'event' => 'TEMPLATESENDJOBFINISH',
    'msgid' => '416290519',
    'status' => 'success',
    'from' => 'ohRa2wp94r3_u5BHjSxVewj2_McA',
    'to' => 'gh_693cbb2a3e71',
    'time' => '1503448725',
    'type' => 'event',
  ),
)

2017-08-23 08:38:43 response :
------------

2017-08-23 08:38:44 trace :
------------
String:
<xml><ToUserName><![CDATA[gh_693cbb2a3e71]]></ToUserName>
<FromUserName><![CDATA[ohRa2wr3bskeUmcBJFAWlHZIAO8U]]></FromUserName>
<CreateTime>1503448725</CreateTime>
<MsgType><![CDATA[event]]></MsgType>
<Event><![CDATA[TEMPLATESENDJOBFINISH]]></Event>
<MsgID>416290520</MsgID>
<Status><![CDATA[success]]></Status>
</xml>

2017-08-23 08:38:44 params :
------------
String:
array (
  'rule' => -2,
  'module' => '',
  'message' => 
  array (
    'tousername' => 'gh_693cbb2a3e71',
    'fromusername' => 'ohRa2wr3bskeUmcBJFAWlHZIAO8U',
    'createtime' => '1503448725',
    'msgtype' => 'event',
    'event' => 'TEMPLATESENDJOBFINISH',
    'msgid' => '416290520',
    'status' => 'success',
    'from' => 'ohRa2wr3bskeUmcBJFAWlHZIAO8U',
    'to' => 'gh_693cbb2a3e71',
    'time' => '1503448725',
    'type' => 'event',
  ),
)

2017-08-23 08:38:44 response :
------------

2017-08-23 08:38:49 trace :
------------
String:
<xml><ToUserName><![CDATA[gh_693cbb2a3e71]]></ToUserName>
<FromUserName><![CDATA[ohRa2wqgej-B0leBNgf9SNpIxRXU]]></FromUserName>
<CreateTime>1503448731</CreateTime>
<MsgType><![CDATA[event]]></MsgType>
<Event><![CDATA[TEMPLATESENDJOBFINISH]]></Event>
<MsgID>416290521</MsgID>
<Status><![CDATA[success]]></Status>
</xml>

2017-08-23 08:38:49 params :
------------
String:
array (
  'rule' => -2,
  'module' => '',
  'message' => 
  array (
    'tousername' => 'gh_693cbb2a3e71',
    'fromusername' => 'ohRa2wqgej-B0leBNgf9SNpIxRXU',
    'createtime' => '1503448731',
    'msgtype' => 'event',
    'event' => 'TEMPLATESENDJOBFINISH',
    'msgid' => '416290521',
    'status' => 'success',
    'from' => 'ohRa2wqgej-B0leBNgf9SNpIxRXU',
    'to' => 'gh_693cbb2a3e71',
    'time' => '1503448731',
    'type' => 'event',
  ),
)

2017-08-23 08:38:49 response :
------------

2017-08-23 08:38:50 trace :
------------
String:
<xml><ToUserName><![CDATA[gh_693cbb2a3e71]]></ToUserName>
<FromUserName><![CDATA[ohRa2wp94r3_u5BHjSxVewj2_McA]]></FromUserName>
<CreateTime>1503448731</CreateTime>
<MsgType><![CDATA[event]]></MsgType>
<Event><![CDATA[TEMPLATESENDJOBFINISH]]></Event>
<MsgID>416290522</MsgID>
<Status><![CDATA[success]]></Status>
</xml>

2017-08-23 08:38:50 params :
------------
String:
array (
  'rule' => -2,
  'module' => '',
  'message' => 
  array (
    'tousername' => 'gh_693cbb2a3e71',
    'fromusername' => 'ohRa2wp94r3_u5BHjSxVewj2_McA',
    'createtime' => '1503448731',
    'msgtype' => 'event',
    'event' => 'TEMPLATESENDJOBFINISH',
    'msgid' => '416290522',
    'status' => 'success',
    'from' => 'ohRa2wp94r3_u5BHjSxVewj2_McA',
    'to' => 'gh_693cbb2a3e71',
    'time' => '1503448731',
    'type' => 'event',
  ),
)

2017-08-23 08:38:50 response :
------------

2017-08-23 08:38:50 trace :
------------
String:
<xml><ToUserName><![CDATA[gh_693cbb2a3e71]]></ToUserName>
<FromUserName><![CDATA[ohRa2wr3bskeUmcBJFAWlHZIAO8U]]></FromUserName>
<CreateTime>1503448731</CreateTime>
<MsgType><![CDATA[event]]></MsgType>
<Event><![CDATA[TEMPLATESENDJOBFINISH]]></Event>
<MsgID>416290523</MsgID>
<Status><![CDATA[success]]></Status>
</xml>

2017-08-23 08:38:50 params :
------------
String:
array (
  'rule' => -2,
  'module' => '',
  'message' => 
  array (
    'tousername' => 'gh_693cbb2a3e71',
    'fromusername' => 'ohRa2wr3bskeUmcBJFAWlHZIAO8U',
    'createtime' => '1503448731',
    'msgtype' => 'event',
    'event' => 'TEMPLATESENDJOBFINISH',
    'msgid' => '416290523',
    'status' => 'success',
    'from' => 'ohRa2wr3bskeUmcBJFAWlHZIAO8U',
    'to' => 'gh_693cbb2a3e71',
    'time' => '1503448731',
    'type' => 'event',
  ),
)

2017-08-23 08:38:50 response :
------------

2017-08-23 08:38:55 trace :
------------
String:
<xml><ToUserName><![CDATA[gh_693cbb2a3e71]]></ToUserName>
<FromUserName><![CDATA[ohRa2wqgej-B0leBNgf9SNpIxRXU]]></FromUserName>
<CreateTime>1503448737</CreateTime>
<MsgType><![CDATA[event]]></MsgType>
<Event><![CDATA[TEMPLATESENDJOBFINISH]]></Event>
<MsgID>416290524</MsgID>
<Status><![CDATA[success]]></Status>
</xml>

2017-08-23 08:38:55 params :
------------
String:
array (
  'rule' => -2,
  'module' => '',
  'message' => 
  array (
    'tousername' => 'gh_693cbb2a3e71',
    'fromusername' => 'ohRa2wqgej-B0leBNgf9SNpIxRXU',
    'createtime' => '1503448737',
    'msgtype' => 'event',
    'event' => 'TEMPLATESENDJOBFINISH',
    'msgid' => '416290524',
    'status' => 'success',
    'from' => 'ohRa2wqgej-B0leBNgf9SNpIxRXU',
    'to' => 'gh_693cbb2a3e71',
    'time' => '1503448737',
    'type' => 'event',
  ),
)

2017-08-23 08:38:55 response :
------------

2017-08-23 08:38:56 trace :
------------
String:
<xml><ToUserName><![CDATA[gh_693cbb2a3e71]]></ToUserName>
<FromUserName><![CDATA[ohRa2wp94r3_u5BHjSxVewj2_McA]]></FromUserName>
<CreateTime>1503448737</CreateTime>
<MsgType><![CDATA[event]]></MsgType>
<Event><![CDATA[TEMPLATESENDJOBFINISH]]></Event>
<MsgID>416290525</MsgID>
<Status><![CDATA[success]]></Status>
</xml>

2017-08-23 08:38:56 params :
------------
String:
array (
  'rule' => -2,
  'module' => '',
  'message' => 
  array (
    'tousername' => 'gh_693cbb2a3e71',
    'fromusername' => 'ohRa2wp94r3_u5BHjSxVewj2_McA',
    'createtime' => '1503448737',
    'msgtype' => 'event',
    'event' => 'TEMPLATESENDJOBFINISH',
    'msgid' => '416290525',
    'status' => 'success',
    'from' => 'ohRa2wp94r3_u5BHjSxVewj2_McA',
    'to' => 'gh_693cbb2a3e71',
    'time' => '1503448737',
    'type' => 'event',
  ),
)

2017-08-23 08:38:56 response :
------------

2017-08-23 08:38:56 trace :
------------
String:
<xml><ToUserName><![CDATA[gh_693cbb2a3e71]]></ToUserName>
<FromUserName><![CDATA[ohRa2wr3bskeUmcBJFAWlHZIAO8U]]></FromUserName>
<CreateTime>1503448737</CreateTime>
<MsgType><![CDATA[event]]></MsgType>
<Event><![CDATA[TEMPLATESENDJOBFINISH]]></Event>
<MsgID>416290526</MsgID>
<Status><![CDATA[success]]></Status>
</xml>

2017-08-23 08:38:56 params :
------------
String:
array (
  'rule' => -2,
  'module' => '',
  'message' => 
  array (
    'tousername' => 'gh_693cbb2a3e71',
    'fromusername' => 'ohRa2wr3bskeUmcBJFAWlHZIAO8U',
    'createtime' => '1503448737',
    'msgtype' => 'event',
    'event' => 'TEMPLATESENDJOBFINISH',
    'msgid' => '416290526',
    'status' => 'success',
    'from' => 'ohRa2wr3bskeUmcBJFAWlHZIAO8U',
    'to' => 'gh_693cbb2a3e71',
    'time' => '1503448737',
    'type' => 'event',
  ),
)

2017-08-23 08:38:56 response :
------------

2017-08-23 08:39:02 trace :
------------
String:
<xml><ToUserName><![CDATA[gh_693cbb2a3e71]]></ToUserName>
<FromUserName><![CDATA[ohRa2wqgej-B0leBNgf9SNpIxRXU]]></FromUserName>
<CreateTime>1503448744</CreateTime>
<MsgType><![CDATA[event]]></MsgType>
<Event><![CDATA[TEMPLATESENDJOBFINISH]]></Event>
<MsgID>416290527</MsgID>
<Status><![CDATA[success]]></Status>
</xml>

2017-08-23 08:39:02 params :
------------
String:
array (
  'rule' => -2,
  'module' => '',
  'message' => 
  array (
    'tousername' => 'gh_693cbb2a3e71',
    'fromusername' => 'ohRa2wqgej-B0leBNgf9SNpIxRXU',
    'createtime' => '1503448744',
    'msgtype' => 'event',
    'event' => 'TEMPLATESENDJOBFINISH',
    'msgid' => '416290527',
    'status' => 'success',
    'from' => 'ohRa2wqgej-B0leBNgf9SNpIxRXU',
    'to' => 'gh_693cbb2a3e71',
    'time' => '1503448744',
    'type' => 'event',
  ),
)

2017-08-23 08:39:02 response :
------------

2017-08-23 08:39:03 trace :
------------
String:
<xml><ToUserName><![CDATA[gh_693cbb2a3e71]]></ToUserName>
<FromUserName><![CDATA[ohRa2wp94r3_u5BHjSxVewj2_McA]]></FromUserName>
<CreateTime>1503448744</CreateTime>
<MsgType><![CDATA[event]]></MsgType>
<Event><![CDATA[TEMPLATESENDJOBFINISH]]></Event>
<MsgID>416290528</MsgID>
<Status><![CDATA[success]]></Status>
</xml>

2017-08-23 08:39:03 params :
------------
String:
array (
  'rule' => -2,
  'module' => '',
  'message' => 
  array (
    'tousername' => 'gh_693cbb2a3e71',
    'fromusername' => 'ohRa2wp94r3_u5BHjSxVewj2_McA',
    'createtime' => '1503448744',
    'msgtype' => 'event',
    'event' => 'TEMPLATESENDJOBFINISH',
    'msgid' => '416290528',
    'status' => 'success',
    'from' => 'ohRa2wp94r3_u5BHjSxVewj2_McA',
    'to' => 'gh_693cbb2a3e71',
    'time' => '1503448744',
    'type' => 'event',
  ),
)

2017-08-23 08:39:03 response :
------------

2017-08-23 08:39:03 trace :
------------
String:
<xml><ToUserName><![CDATA[gh_693cbb2a3e71]]></ToUserName>
<FromUserName><![CDATA[ohRa2wr3bskeUmcBJFAWlHZIAO8U]]></FromUserName>
<CreateTime>1503448744</CreateTime>
<MsgType><![CDATA[event]]></MsgType>
<Event><![CDATA[TEMPLATESENDJOBFINISH]]></Event>
<MsgID>416290529</MsgID>
<Status><![CDATA[success]]></Status>
</xml>

2017-08-23 08:39:03 params :
------------
String:
array (
  'rule' => -2,
  'module' => '',
  'message' => 
  array (
    'tousername' => 'gh_693cbb2a3e71',
    'fromusername' => 'ohRa2wr3bskeUmcBJFAWlHZIAO8U',
    'createtime' => '1503448744',
    'msgtype' => 'event',
    'event' => 'TEMPLATESENDJOBFINISH',
    'msgid' => '416290529',
    'status' => 'success',
    'from' => 'ohRa2wr3bskeUmcBJFAWlHZIAO8U',
    'to' => 'gh_693cbb2a3e71',
    'time' => '1503448744',
    'type' => 'event',
  ),
)

2017-08-23 08:39:03 response :
------------

2017-08-23 08:39:09 trace :
------------
String:
<xml><ToUserName><![CDATA[gh_693cbb2a3e71]]></ToUserName>
<FromUserName><![CDATA[ohRa2wqgej-B0leBNgf9SNpIxRXU]]></FromUserName>
<CreateTime>1503448750</CreateTime>
<MsgType><![CDATA[event]]></MsgType>
<Event><![CDATA[TEMPLATESENDJOBFINISH]]></Event>
<MsgID>416290530</MsgID>
<Status><![CDATA[success]]></Status>
</xml>

2017-08-23 08:39:09 params :
------------
String:
array (
  'rule' => -2,
  'module' => '',
  'message' => 
  array (
    'tousername' => 'gh_693cbb2a3e71',
    'fromusername' => 'ohRa2wqgej-B0leBNgf9SNpIxRXU',
    'createtime' => '1503448750',
    'msgtype' => 'event',
    'event' => 'TEMPLATESENDJOBFINISH',
    'msgid' => '416290530',
    'status' => 'success',
    'from' => 'ohRa2wqgej-B0leBNgf9SNpIxRXU',
    'to' => 'gh_693cbb2a3e71',
    'time' => '1503448750',
    'type' => 'event',
  ),
)

2017-08-23 08:39:09 response :
------------

2017-08-23 08:39:09 trace :
------------
String:
<xml><ToUserName><![CDATA[gh_693cbb2a3e71]]></ToUserName>
<FromUserName><![CDATA[ohRa2wp94r3_u5BHjSxVewj2_McA]]></FromUserName>
<CreateTime>1503448750</CreateTime>
<MsgType><![CDATA[event]]></MsgType>
<Event><![CDATA[TEMPLATESENDJOBFINISH]]></Event>
<MsgID>416290531</MsgID>
<Status><![CDATA[success]]></Status>
</xml>

2017-08-23 08:39:09 params :
------------
String:
array (
  'rule' => -2,
  'module' => '',
  'message' => 
  array (
    'tousername' => 'gh_693cbb2a3e71',
    'fromusername' => 'ohRa2wp94r3_u5BHjSxVewj2_McA',
    'createtime' => '1503448750',
    'msgtype' => 'event',
    'event' => 'TEMPLATESENDJOBFINISH',
    'msgid' => '416290531',
    'status' => 'success',
    'from' => 'ohRa2wp94r3_u5BHjSxVewj2_McA',
    'to' => 'gh_693cbb2a3e71',
    'time' => '1503448750',
    'type' => 'event',
  ),
)

2017-08-23 08:39:09 response :
------------

2017-08-23 08:39:09 trace :
------------
String:
<xml><ToUserName><![CDATA[gh_693cbb2a3e71]]></ToUserName>
<FromUserName><![CDATA[ohRa2wr3bskeUmcBJFAWlHZIAO8U]]></FromUserName>
<CreateTime>1503448750</CreateTime>
<MsgType><![CDATA[event]]></MsgType>
<Event><![CDATA[TEMPLATESENDJOBFINISH]]></Event>
<MsgID>416290532</MsgID>
<Status><![CDATA[success]]></Status>
</xml>

2017-08-23 08:39:09 params :
------------
String:
array (
  'rule' => -2,
  'module' => '',
  'message' => 
  array (
    'tousername' => 'gh_693cbb2a3e71',
    'fromusername' => 'ohRa2wr3bskeUmcBJFAWlHZIAO8U',
    'createtime' => '1503448750',
    'msgtype' => 'event',
    'event' => 'TEMPLATESENDJOBFINISH',
    'msgid' => '416290532',
    'status' => 'success',
    'from' => 'ohRa2wr3bskeUmcBJFAWlHZIAO8U',
    'to' => 'gh_693cbb2a3e71',
    'time' => '1503448750',
    'type' => 'event',
  ),
)

2017-08-23 08:39:09 response :
------------

2017-08-23 08:39:16 trace :
------------
String:
<xml><ToUserName><![CDATA[gh_693cbb2a3e71]]></ToUserName>
<FromUserName><![CDATA[ohRa2wqgej-B0leBNgf9SNpIxRXU]]></FromUserName>
<CreateTime>1503448757</CreateTime>
<MsgType><![CDATA[event]]></MsgType>
<Event><![CDATA[TEMPLATESENDJOBFINISH]]></Event>
<MsgID>416290537</MsgID>
<Status><![CDATA[success]]></Status>
</xml>

2017-08-23 08:39:16 params :
------------
String:
array (
  'rule' => -2,
  'module' => '',
  'message' => 
  array (
    'tousername' => 'gh_693cbb2a3e71',
    'fromusername' => 'ohRa2wqgej-B0leBNgf9SNpIxRXU',
    'createtime' => '1503448757',
    'msgtype' => 'event',
    'event' => 'TEMPLATESENDJOBFINISH',
    'msgid' => '416290537',
    'status' => 'success',
    'from' => 'ohRa2wqgej-B0leBNgf9SNpIxRXU',
    'to' => 'gh_693cbb2a3e71',
    'time' => '1503448757',
    'type' => 'event',
  ),
)

2017-08-23 08:39:16 response :
------------

2017-08-23 08:39:16 trace :
------------
String:
<xml><ToUserName><![CDATA[gh_693cbb2a3e71]]></ToUserName>
<FromUserName><![CDATA[ohRa2wp94r3_u5BHjSxVewj2_McA]]></FromUserName>
<CreateTime>1503448758</CreateTime>
<MsgType><![CDATA[event]]></MsgType>
<Event><![CDATA[TEMPLATESENDJOBFINISH]]></Event>
<MsgID>416290538</MsgID>
<Status><![CDATA[success]]></Status>
</xml>

2017-08-23 08:39:16 params :
------------
String:
array (
  'rule' => -2,
  'module' => '',
  'message' => 
  array (
    'tousername' => 'gh_693cbb2a3e71',
    'fromusername' => 'ohRa2wp94r3_u5BHjSxVewj2_McA',
    'createtime' => '1503448758',
    'msgtype' => 'event',
    'event' => 'TEMPLATESENDJOBFINISH',
    'msgid' => '416290538',
    'status' => 'success',
    'from' => 'ohRa2wp94r3_u5BHjSxVewj2_McA',
    'to' => 'gh_693cbb2a3e71',
    'time' => '1503448758',
    'type' => 'event',
  ),
)

2017-08-23 08:39:16 response :
------------

2017-08-23 08:39:16 trace :
------------
String:
<xml><ToUserName><![CDATA[gh_693cbb2a3e71]]></ToUserName>
<FromUserName><![CDATA[ohRa2wr3bskeUmcBJFAWlHZIAO8U]]></FromUserName>
<CreateTime>1503448758</CreateTime>
<MsgType><![CDATA[event]]></MsgType>
<Event><![CDATA[TEMPLATESENDJOBFINISH]]></Event>
<MsgID>416290539</MsgID>
<Status><![CDATA[success]]></Status>
</xml>

2017-08-23 08:39:16 params :
------------
String:
array (
  'rule' => -2,
  'module' => '',
  'message' => 
  array (
    'tousername' => 'gh_693cbb2a3e71',
    'fromusername' => 'ohRa2wr3bskeUmcBJFAWlHZIAO8U',
    'createtime' => '1503448758',
    'msgtype' => 'event',
    'event' => 'TEMPLATESENDJOBFINISH',
    'msgid' => '416290539',
    'status' => 'success',
    'from' => 'ohRa2wr3bskeUmcBJFAWlHZIAO8U',
    'to' => 'gh_693cbb2a3e71',
    'time' => '1503448758',
    'type' => 'event',
  ),
)

2017-08-23 08:39:16 response :
------------

2017-08-23 12:27:22 trace :
------------
String:
<xml><ToUserName><![CDATA[gh_693cbb2a3e71]]></ToUserName>
<FromUserName><![CDATA[ohRa2whBdMPzJcoZvKnTQULjcVcE]]></FromUserName>
<CreateTime>1503462444</CreateTime>
<MsgType><![CDATA[event]]></MsgType>
<Event><![CDATA[TEMPLATESENDJOBFINISH]]></Event>
<MsgID>416298027</MsgID>
<Status><![CDATA[success]]></Status>
</xml>

2017-08-23 12:27:22 params :
------------
String:
array (
  'rule' => -2,
  'module' => '',
  'message' => 
  array (
    'tousername' => 'gh_693cbb2a3e71',
    'fromusername' => 'ohRa2whBdMPzJcoZvKnTQULjcVcE',
    'createtime' => '1503462444',
    'msgtype' => 'event',
    'event' => 'TEMPLATESENDJOBFINISH',
    'msgid' => '416298027',
    'status' => 'success',
    'from' => 'ohRa2whBdMPzJcoZvKnTQULjcVcE',
    'to' => 'gh_693cbb2a3e71',
    'time' => '1503462444',
    'type' => 'event',
  ),
)

2017-08-23 12:27:22 response :
------------

2017-08-23 12:27:23 trace :
------------
String:
<xml><ToUserName><![CDATA[gh_693cbb2a3e71]]></ToUserName>
<FromUserName><![CDATA[ohRa2wo9YPgs8PQjnMUATaCRQxFY]]></FromUserName>
<CreateTime>1503462444</CreateTime>
<MsgType><![CDATA[event]]></MsgType>
<Event><![CDATA[TEMPLATESENDJOBFINISH]]></Event>
<MsgID>416298028</MsgID>
<Status><![CDATA[success]]></Status>
</xml>

2017-08-23 12:27:23 params :
------------
String:
array (
  'rule' => -2,
  'module' => '',
  'message' => 
  array (
    'tousername' => 'gh_693cbb2a3e71',
    'fromusername' => 'ohRa2wo9YPgs8PQjnMUATaCRQxFY',
    'createtime' => '1503462444',
    'msgtype' => 'event',
    'event' => 'TEMPLATESENDJOBFINISH',
    'msgid' => '416298028',
    'status' => 'success',
    'from' => 'ohRa2wo9YPgs8PQjnMUATaCRQxFY',
    'to' => 'gh_693cbb2a3e71',
    'time' => '1503462444',
    'type' => 'event',
  ),
)

2017-08-23 12:27:23 response :
------------

2017-08-23 13:06:51 trace :
------------
String:
<xml><ToUserName><![CDATA[gh_693cbb2a3e71]]></ToUserName>
<FromUserName><![CDATA[ohRa2wqOjFHnc5uZFoQTTuxtRKBA]]></FromUserName>
<CreateTime>1503464813</CreateTime>
<MsgType><![CDATA[event]]></MsgType>
<Event><![CDATA[TEMPLATESENDJOBFINISH]]></Event>
<MsgID>416298749</MsgID>
<Status><![CDATA[success]]></Status>
</xml>

2017-08-23 13:06:51 params :
------------
String:
array (
  'rule' => -2,
  'module' => '',
  'message' => 
  array (
    'tousername' => 'gh_693cbb2a3e71',
    'fromusername' => 'ohRa2wqOjFHnc5uZFoQTTuxtRKBA',
    'createtime' => '1503464813',
    'msgtype' => 'event',
    'event' => 'TEMPLATESENDJOBFINISH',
    'msgid' => '416298749',
    'status' => 'success',
    'from' => 'ohRa2wqOjFHnc5uZFoQTTuxtRKBA',
    'to' => 'gh_693cbb2a3e71',
    'time' => '1503464813',
    'type' => 'event',
  ),
)

2017-08-23 13:06:51 response :
------------

2017-08-23 13:06:52 trace :
------------
String:
<xml><ToUserName><![CDATA[gh_693cbb2a3e71]]></ToUserName>
<FromUserName><![CDATA[ohRa2wpMG8YGOn4CLlg4yoU53Enk]]></FromUserName>
<CreateTime>1503464813</CreateTime>
<MsgType><![CDATA[event]]></MsgType>
<Event><![CDATA[TEMPLATESENDJOBFINISH]]></Event>
<MsgID>416298750</MsgID>
<Status><![CDATA[success]]></Status>
</xml>

2017-08-23 13:06:52 params :
------------
String:
array (
  'rule' => -2,
  'module' => '',
  'message' => 
  array (
    'tousername' => 'gh_693cbb2a3e71',
    'fromusername' => 'ohRa2wpMG8YGOn4CLlg4yoU53Enk',
    'createtime' => '1503464813',
    'msgtype' => 'event',
    'event' => 'TEMPLATESENDJOBFINISH',
    'msgid' => '416298750',
    'status' => 'success',
    'from' => 'ohRa2wpMG8YGOn4CLlg4yoU53Enk',
    'to' => 'gh_693cbb2a3e71',
    'time' => '1503464813',
    'type' => 'event',
  ),
)

2017-08-23 13:06:52 response :
------------

2017-08-23 13:06:58 trace :
------------
String:
<xml><ToUserName><![CDATA[gh_693cbb2a3e71]]></ToUserName>
<FromUserName><![CDATA[ohRa2wqOjFHnc5uZFoQTTuxtRKBA]]></FromUserName>
<CreateTime>1503464819</CreateTime>
<MsgType><![CDATA[event]]></MsgType>
<Event><![CDATA[TEMPLATESENDJOBFINISH]]></Event>
<MsgID>416298751</MsgID>
<Status><![CDATA[success]]></Status>
</xml>

2017-08-23 13:06:58 params :
------------
String:
array (
  'rule' => -2,
  'module' => '',
  'message' => 
  array (
    'tousername' => 'gh_693cbb2a3e71',
    'fromusername' => 'ohRa2wqOjFHnc5uZFoQTTuxtRKBA',
    'createtime' => '1503464819',
    'msgtype' => 'event',
    'event' => 'TEMPLATESENDJOBFINISH',
    'msgid' => '416298751',
    'status' => 'success',
    'from' => 'ohRa2wqOjFHnc5uZFoQTTuxtRKBA',
    'to' => 'gh_693cbb2a3e71',
    'time' => '1503464819',
    'type' => 'event',
  ),
)

2017-08-23 13:06:58 response :
------------

2017-08-23 13:06:58 trace :
------------
String:
<xml><ToUserName><![CDATA[gh_693cbb2a3e71]]></ToUserName>
<FromUserName><![CDATA[ohRa2wpMG8YGOn4CLlg4yoU53Enk]]></FromUserName>
<CreateTime>1503464820</CreateTime>
<MsgType><![CDATA[event]]></MsgType>
<Event><![CDATA[TEMPLATESENDJOBFINISH]]></Event>
<MsgID>416298753</MsgID>
<Status><![CDATA[success]]></Status>
</xml>

2017-08-23 13:06:58 params :
------------
String:
array (
  'rule' => -2,
  'module' => '',
  'message' => 
  array (
    'tousername' => 'gh_693cbb2a3e71',
    'fromusername' => 'ohRa2wpMG8YGOn4CLlg4yoU53Enk',
    'createtime' => '1503464820',
    'msgtype' => 'event',
    'event' => 'TEMPLATESENDJOBFINISH',
    'msgid' => '416298753',
    'status' => 'success',
    'from' => 'ohRa2wpMG8YGOn4CLlg4yoU53Enk',
    'to' => 'gh_693cbb2a3e71',
    'time' => '1503464820',
    'type' => 'event',
  ),
)

2017-08-23 13:06:58 response :
------------

2017-08-23 13:07:04 trace :
------------
String:
<xml><ToUserName><![CDATA[gh_693cbb2a3e71]]></ToUserName>
<FromUserName><![CDATA[ohRa2wqOjFHnc5uZFoQTTuxtRKBA]]></FromUserName>
<CreateTime>1503464826</CreateTime>
<MsgType><![CDATA[event]]></MsgType>
<Event><![CDATA[TEMPLATESENDJOBFINISH]]></Event>
<MsgID>416298756</MsgID>
<Status><![CDATA[success]]></Status>
</xml>

2017-08-23 13:07:04 params :
------------
String:
array (
  'rule' => -2,
  'module' => '',
  'message' => 
  array (
    'tousername' => 'gh_693cbb2a3e71',
    'fromusername' => 'ohRa2wqOjFHnc5uZFoQTTuxtRKBA',
    'createtime' => '1503464826',
    'msgtype' => 'event',
    'event' => 'TEMPLATESENDJOBFINISH',
    'msgid' => '416298756',
    'status' => 'success',
    'from' => 'ohRa2wqOjFHnc5uZFoQTTuxtRKBA',
    'to' => 'gh_693cbb2a3e71',
    'time' => '1503464826',
    'type' => 'event',
  ),
)

2017-08-23 13:07:04 response :
------------

2017-08-23 13:07:05 trace :
------------
String:
<xml><ToUserName><![CDATA[gh_693cbb2a3e71]]></ToUserName>
<FromUserName><![CDATA[ohRa2wpMG8YGOn4CLlg4yoU53Enk]]></FromUserName>
<CreateTime>1503464826</CreateTime>
<MsgType><![CDATA[event]]></MsgType>
<Event><![CDATA[TEMPLATESENDJOBFINISH]]></Event>
<MsgID>416298757</MsgID>
<Status><![CDATA[success]]></Status>
</xml>

2017-08-23 13:07:05 params :
------------
String:
array (
  'rule' => -2,
  'module' => '',
  'message' => 
  array (
    'tousername' => 'gh_693cbb2a3e71',
    'fromusername' => 'ohRa2wpMG8YGOn4CLlg4yoU53Enk',
    'createtime' => '1503464826',
    'msgtype' => 'event',
    'event' => 'TEMPLATESENDJOBFINISH',
    'msgid' => '416298757',
    'status' => 'success',
    'from' => 'ohRa2wpMG8YGOn4CLlg4yoU53Enk',
    'to' => 'gh_693cbb2a3e71',
    'time' => '1503464826',
    'type' => 'event',
  ),
)

2017-08-23 13:07:05 response :
------------

2017-08-23 15:16:50 trace :
------------
String:
<xml><ToUserName><![CDATA[gh_693cbb2a3e71]]></ToUserName>
<FromUserName><![CDATA[ohRa2wqOjFHnc5uZFoQTTuxtRKBA]]></FromUserName>
<CreateTime>1503472611</CreateTime>
<MsgType><![CDATA[event]]></MsgType>
<Event><![CDATA[TEMPLATESENDJOBFINISH]]></Event>
<MsgID>416302034</MsgID>
<Status><![CDATA[success]]></Status>
</xml>

2017-08-23 15:16:50 params :
------------
String:
array (
  'rule' => -2,
  'module' => '',
  'message' => 
  array (
    'tousername' => 'gh_693cbb2a3e71',
    'fromusername' => 'ohRa2wqOjFHnc5uZFoQTTuxtRKBA',
    'createtime' => '1503472611',
    'msgtype' => 'event',
    'event' => 'TEMPLATESENDJOBFINISH',
    'msgid' => '416302034',
    'status' => 'success',
    'from' => 'ohRa2wqOjFHnc5uZFoQTTuxtRKBA',
    'to' => 'gh_693cbb2a3e71',
    'time' => '1503472611',
    'type' => 'event',
  ),
)

2017-08-23 15:16:50 response :
------------

2017-08-23 15:16:50 trace :
------------
String:
<xml><ToUserName><![CDATA[gh_693cbb2a3e71]]></ToUserName>
<FromUserName><![CDATA[ohRa2wpMG8YGOn4CLlg4yoU53Enk]]></FromUserName>
<CreateTime>1503472612</CreateTime>
<MsgType><![CDATA[event]]></MsgType>
<Event><![CDATA[TEMPLATESENDJOBFINISH]]></Event>
<MsgID>416302036</MsgID>
<Status><![CDATA[success]]></Status>
</xml>

2017-08-23 15:16:50 params :
------------
String:
array (
  'rule' => -2,
  'module' => '',
  'message' => 
  array (
    'tousername' => 'gh_693cbb2a3e71',
    'fromusername' => 'ohRa2wpMG8YGOn4CLlg4yoU53Enk',
    'createtime' => '1503472612',
    'msgtype' => 'event',
    'event' => 'TEMPLATESENDJOBFINISH',
    'msgid' => '416302036',
    'status' => 'success',
    'from' => 'ohRa2wpMG8YGOn4CLlg4yoU53Enk',
    'to' => 'gh_693cbb2a3e71',
    'time' => '1503472612',
    'type' => 'event',
  ),
)

2017-08-23 15:16:50 response :
------------

2017-08-23 16:49:38 trace :
------------
String:
<xml><ToUserName><![CDATA[gh_693cbb2a3e71]]></ToUserName>
<FromUserName><![CDATA[ohRa2wmRovjUjJTbqat4FqH8Pbjg]]></FromUserName>
<CreateTime>1503478179</CreateTime>
<MsgType><![CDATA[event]]></MsgType>
<Event><![CDATA[TEMPLATESENDJOBFINISH]]></Event>
<MsgID>416304773</MsgID>
<Status><![CDATA[success]]></Status>
</xml>

2017-08-23 16:49:38 params :
------------
String:
array (
  'rule' => -2,
  'module' => '',
  'message' => 
  array (
    'tousername' => 'gh_693cbb2a3e71',
    'fromusername' => 'ohRa2wmRovjUjJTbqat4FqH8Pbjg',
    'createtime' => '1503478179',
    'msgtype' => 'event',
    'event' => 'TEMPLATESENDJOBFINISH',
    'msgid' => '416304773',
    'status' => 'success',
    'from' => 'ohRa2wmRovjUjJTbqat4FqH8Pbjg',
    'to' => 'gh_693cbb2a3e71',
    'time' => '1503478179',
    'type' => 'event',
  ),
)

2017-08-23 16:49:38 response :
------------

2017-08-23 16:49:38 trace :
------------
String:
<xml><ToUserName><![CDATA[gh_693cbb2a3e71]]></ToUserName>
<FromUserName><![CDATA[ohRa2wsfvmAcJCLTeNLsb4FZoZ9I]]></FromUserName>
<CreateTime>1503478179</CreateTime>
<MsgType><![CDATA[event]]></MsgType>
<Event><![CDATA[TEMPLATESENDJOBFINISH]]></Event>
<MsgID>416304774</MsgID>
<Status><![CDATA[success]]></Status>
</xml>

2017-08-23 16:49:38 params :
------------
String:
array (
  'rule' => -2,
  'module' => '',
  'message' => 
  array (
    'tousername' => 'gh_693cbb2a3e71',
    'fromusername' => 'ohRa2wsfvmAcJCLTeNLsb4FZoZ9I',
    'createtime' => '1503478179',
    'msgtype' => 'event',
    'event' => 'TEMPLATESENDJOBFINISH',
    'msgid' => '416304774',
    'status' => 'success',
    'from' => 'ohRa2wsfvmAcJCLTeNLsb4FZoZ9I',
    'to' => 'gh_693cbb2a3e71',
    'time' => '1503478179',
    'type' => 'event',
  ),
)

2017-08-23 16:49:38 response :
------------

2017-08-23 16:49:48 trace :
------------
String:
<xml><ToUserName><![CDATA[gh_693cbb2a3e71]]></ToUserName>
<FromUserName><![CDATA[ohRa2wr-HG_Ri1D0TO1EjIo0zdfw]]></FromUserName>
<CreateTime>1503478189</CreateTime>
<MsgType><![CDATA[event]]></MsgType>
<Event><![CDATA[TEMPLATESENDJOBFINISH]]></Event>
<MsgID>416304787</MsgID>
<Status><![CDATA[success]]></Status>
</xml>

2017-08-23 16:49:48 params :
------------
String:
array (
  'rule' => -2,
  'module' => '',
  'message' => 
  array (
    'tousername' => 'gh_693cbb2a3e71',
    'fromusername' => 'ohRa2wr-HG_Ri1D0TO1EjIo0zdfw',
    'createtime' => '1503478189',
    'msgtype' => 'event',
    'event' => 'TEMPLATESENDJOBFINISH',
    'msgid' => '416304787',
    'status' => 'success',
    'from' => 'ohRa2wr-HG_Ri1D0TO1EjIo0zdfw',
    'to' => 'gh_693cbb2a3e71',
    'time' => '1503478189',
    'type' => 'event',
  ),
)

2017-08-23 16:49:48 response :
------------

2017-08-23 17:45:35 trace :
------------
String:
<xml><ToUserName><![CDATA[gh_693cbb2a3e71]]></ToUserName>
<FromUserName><![CDATA[ohRa2wlhtpQZvEnzMx37cwynljA0]]></FromUserName>
<CreateTime>1503481536</CreateTime>
<MsgType><![CDATA[event]]></MsgType>
<Event><![CDATA[VIEW]]></Event>
<EventKey><![CDATA[http://tejia.zdxinfo.com/app/index.php?i=2&c=entry&m=we7_wmall1&do=mgindex]]></EventKey>
<MenuId>415187293</MenuId>
</xml>

2017-08-23 17:45:35 params :
------------
String:
array (
  'rule' => -2,
  'module' => '',
  'message' => 
  array (
    'tousername' => 'gh_693cbb2a3e71',
    'fromusername' => 'ohRa2wlhtpQZvEnzMx37cwynljA0',
    'createtime' => '1503481536',
    'msgtype' => 'event',
    'event' => 'VIEW',
    'eventkey' => 'http://tejia.zdxinfo.com/app/index.php?i=2&c=entry&m=we7_wmall1&do=mgindex',
    'menuid' => '415187293',
    'from' => 'ohRa2wlhtpQZvEnzMx37cwynljA0',
    'to' => 'gh_693cbb2a3e71',
    'time' => '1503481536',
    'type' => 'text',
    'content' => 'http://tejia.zdxinfo.com/app/index.php?i=2&c=entry&m=we7_wmall1&do=mgindex',
    'redirection' => true,
    'source' => 'VIEW',
  ),
)

2017-08-23 17:45:35 response :
------------

2017-08-23 21:57:32 trace :
------------
String:
<xml><ToUserName><![CDATA[gh_693cbb2a3e71]]></ToUserName>
<FromUserName><![CDATA[ohRa2wjm9nmNBD3DS8hDX9Opy1ns]]></FromUserName>
<CreateTime>1503496653</CreateTime>
<MsgType><![CDATA[event]]></MsgType>
<Event><![CDATA[TEMPLATESENDJOBFINISH]]></Event>
<MsgID>416315318</MsgID>
<Status><![CDATA[success]]></Status>
</xml>

2017-08-23 21:57:32 params :
------------
String:
array (
  'rule' => -2,
  'module' => '',
  'message' => 
  array (
    'tousername' => 'gh_693cbb2a3e71',
    'fromusername' => 'ohRa2wjm9nmNBD3DS8hDX9Opy1ns',
    'createtime' => '1503496653',
    'msgtype' => 'event',
    'event' => 'TEMPLATESENDJOBFINISH',
    'msgid' => '416315318',
    'status' => 'success',
    'from' => 'ohRa2wjm9nmNBD3DS8hDX9Opy1ns',
    'to' => 'gh_693cbb2a3e71',
    'time' => '1503496653',
    'type' => 'event',
  ),
)

2017-08-23 21:57:32 response :
------------

2017-08-23 21:57:38 trace :
------------
String:
<xml><ToUserName><![CDATA[gh_693cbb2a3e71]]></ToUserName>
<FromUserName><![CDATA[ohRa2wqOjFHnc5uZFoQTTuxtRKBA]]></FromUserName>
<CreateTime>1503496659</CreateTime>
<MsgType><![CDATA[event]]></MsgType>
<Event><![CDATA[TEMPLATESENDJOBFINISH]]></Event>
<MsgID>416315320</MsgID>
<Status><![CDATA[success]]></Status>
</xml>

2017-08-23 21:57:38 params :
------------
String:
array (
  'rule' => -2,
  'module' => '',
  'message' => 
  array (
    'tousername' => 'gh_693cbb2a3e71',
    'fromusername' => 'ohRa2wqOjFHnc5uZFoQTTuxtRKBA',
    'createtime' => '1503496659',
    'msgtype' => 'event',
    'event' => 'TEMPLATESENDJOBFINISH',
    'msgid' => '416315320',
    'status' => 'success',
    'from' => 'ohRa2wqOjFHnc5uZFoQTTuxtRKBA',
    'to' => 'gh_693cbb2a3e71',
    'time' => '1503496659',
    'type' => 'event',
  ),
)

2017-08-23 21:57:38 response :
------------

2017-08-23 21:57:38 trace :
------------
String:
<xml><ToUserName><![CDATA[gh_693cbb2a3e71]]></ToUserName>
<FromUserName><![CDATA[ohRa2wpMG8YGOn4CLlg4yoU53Enk]]></FromUserName>
<CreateTime>1503496659</CreateTime>
<MsgType><![CDATA[event]]></MsgType>
<Event><![CDATA[TEMPLATESENDJOBFINISH]]></Event>
<MsgID>416315321</MsgID>
<Status><![CDATA[success]]></Status>
</xml>

2017-08-23 21:57:38 params :
------------
String:
array (
  'rule' => -2,
  'module' => '',
  'message' => 
  array (
    'tousername' => 'gh_693cbb2a3e71',
    'fromusername' => 'ohRa2wpMG8YGOn4CLlg4yoU53Enk',
    'createtime' => '1503496659',
    'msgtype' => 'event',
    'event' => 'TEMPLATESENDJOBFINISH',
    'msgid' => '416315321',
    'status' => 'success',
    'from' => 'ohRa2wpMG8YGOn4CLlg4yoU53Enk',
    'to' => 'gh_693cbb2a3e71',
    'time' => '1503496659',
    'type' => 'event',
  ),
)

2017-08-23 21:57:38 response :
------------

2017-08-23 21:57:58 trace :
------------
String:
<xml><ToUserName><![CDATA[gh_693cbb2a3e71]]></ToUserName>
<FromUserName><![CDATA[ohRa2wjm9nmNBD3DS8hDX9Opy1ns]]></FromUserName>
<CreateTime>1503496679</CreateTime>
<MsgType><![CDATA[event]]></MsgType>
<Event><![CDATA[TEMPLATESENDJOBFINISH]]></Event>
<MsgID>416315323</MsgID>
<Status><![CDATA[success]]></Status>
</xml>

2017-08-23 21:57:58 params :
------------
String:
array (
  'rule' => -2,
  'module' => '',
  'message' => 
  array (
    'tousername' => 'gh_693cbb2a3e71',
    'fromusername' => 'ohRa2wjm9nmNBD3DS8hDX9Opy1ns',
    'createtime' => '1503496679',
    'msgtype' => 'event',
    'event' => 'TEMPLATESENDJOBFINISH',
    'msgid' => '416315323',
    'status' => 'success',
    'from' => 'ohRa2wjm9nmNBD3DS8hDX9Opy1ns',
    'to' => 'gh_693cbb2a3e71',
    'time' => '1503496679',
    'type' => 'event',
  ),
)

2017-08-23 21:57:58 response :
------------

2017-08-23 21:57:58 trace :
------------
String:
<xml><ToUserName><![CDATA[gh_693cbb2a3e71]]></ToUserName>
<FromUserName><![CDATA[ohRa2wm115daGGiEUfDczgiN_nx0]]></FromUserName>
<CreateTime>1503496679</CreateTime>
<MsgType><![CDATA[event]]></MsgType>
<Event><![CDATA[TEMPLATESENDJOBFINISH]]></Event>
<MsgID>416315324</MsgID>
<Status><![CDATA[success]]></Status>
</xml>

2017-08-23 21:57:58 params :
------------
String:
array (
  'rule' => -2,
  'module' => '',
  'message' => 
  array (
    'tousername' => 'gh_693cbb2a3e71',
    'fromusername' => 'ohRa2wm115daGGiEUfDczgiN_nx0',
    'createtime' => '1503496679',
    'msgtype' => 'event',
    'event' => 'TEMPLATESENDJOBFINISH',
    'msgid' => '416315324',
    'status' => 'success',
    'from' => 'ohRa2wm115daGGiEUfDczgiN_nx0',
    'to' => 'gh_693cbb2a3e71',
    'time' => '1503496679',
    'type' => 'event',
  ),
)

2017-08-23 21:57:58 response :
------------

2017-08-23 21:58:04 trace :
------------
String:
<xml><ToUserName><![CDATA[gh_693cbb2a3e71]]></ToUserName>
<FromUserName><![CDATA[ohRa2wqOjFHnc5uZFoQTTuxtRKBA]]></FromUserName>
<CreateTime>1503496685</CreateTime>
<MsgType><![CDATA[event]]></MsgType>
<Event><![CDATA[TEMPLATESENDJOBFINISH]]></Event>
<MsgID>416315328</MsgID>
<Status><![CDATA[success]]></Status>
</xml>

2017-08-23 21:58:04 params :
------------
String:
array (
  'rule' => -2,
  'module' => '',
  'message' => 
  array (
    'tousername' => 'gh_693cbb2a3e71',
    'fromusername' => 'ohRa2wqOjFHnc5uZFoQTTuxtRKBA',
    'createtime' => '1503496685',
    'msgtype' => 'event',
    'event' => 'TEMPLATESENDJOBFINISH',
    'msgid' => '416315328',
    'status' => 'success',
    'from' => 'ohRa2wqOjFHnc5uZFoQTTuxtRKBA',
    'to' => 'gh_693cbb2a3e71',
    'time' => '1503496685',
    'type' => 'event',
  ),
)

2017-08-23 21:58:04 response :
------------

2017-08-23 21:58:04 trace :
------------
String:
<xml><ToUserName><![CDATA[gh_693cbb2a3e71]]></ToUserName>
<FromUserName><![CDATA[ohRa2wpMG8YGOn4CLlg4yoU53Enk]]></FromUserName>
<CreateTime>1503496685</CreateTime>
<MsgType><![CDATA[event]]></MsgType>
<Event><![CDATA[TEMPLATESENDJOBFINISH]]></Event>
<MsgID>416315329</MsgID>
<Status><![CDATA[success]]></Status>
</xml>

2017-08-23 21:58:04 params :
------------
String:
array (
  'rule' => -2,
  'module' => '',
  'message' => 
  array (
    'tousername' => 'gh_693cbb2a3e71',
    'fromusername' => 'ohRa2wpMG8YGOn4CLlg4yoU53Enk',
    'createtime' => '1503496685',
    'msgtype' => 'event',
    'event' => 'TEMPLATESENDJOBFINISH',
    'msgid' => '416315329',
    'status' => 'success',
    'from' => 'ohRa2wpMG8YGOn4CLlg4yoU53Enk',
    'to' => 'gh_693cbb2a3e71',
    'time' => '1503496685',
    'type' => 'event',
  ),
)

2017-08-23 21:58:04 response :
------------

2017-08-23 21:58:10 trace :
------------
String:
<xml><ToUserName><![CDATA[gh_693cbb2a3e71]]></ToUserName>
<FromUserName><![CDATA[ohRa2wqOjFHnc5uZFoQTTuxtRKBA]]></FromUserName>
<CreateTime>1503496691</CreateTime>
<MsgType><![CDATA[event]]></MsgType>
<Event><![CDATA[TEMPLATESENDJOBFINISH]]></Event>
<MsgID>416315331</MsgID>
<Status><![CDATA[success]]></Status>
</xml>

2017-08-23 21:58:10 params :
------------
String:
array (
  'rule' => -2,
  'module' => '',
  'message' => 
  array (
    'tousername' => 'gh_693cbb2a3e71',
    'fromusername' => 'ohRa2wqOjFHnc5uZFoQTTuxtRKBA',
    'createtime' => '1503496691',
    'msgtype' => 'event',
    'event' => 'TEMPLATESENDJOBFINISH',
    'msgid' => '416315331',
    'status' => 'success',
    'from' => 'ohRa2wqOjFHnc5uZFoQTTuxtRKBA',
    'to' => 'gh_693cbb2a3e71',
    'time' => '1503496691',
    'type' => 'event',
  ),
)

2017-08-23 21:58:10 response :
------------

2017-08-23 21:58:10 trace :
------------
String:
<xml><ToUserName><![CDATA[gh_693cbb2a3e71]]></ToUserName>
<FromUserName><![CDATA[ohRa2wpMG8YGOn4CLlg4yoU53Enk]]></FromUserName>
<CreateTime>1503496691</CreateTime>
<MsgType><![CDATA[event]]></MsgType>
<Event><![CDATA[TEMPLATESENDJOBFINISH]]></Event>
<MsgID>416315332</MsgID>
<Status><![CDATA[success]]></Status>
</xml>

2017-08-23 21:58:10 params :
------------
String:
array (
  'rule' => -2,
  'module' => '',
  'message' => 
  array (
    'tousername' => 'gh_693cbb2a3e71',
    'fromusername' => 'ohRa2wpMG8YGOn4CLlg4yoU53Enk',
    'createtime' => '1503496691',
    'msgtype' => 'event',
    'event' => 'TEMPLATESENDJOBFINISH',
    'msgid' => '416315332',
    'status' => 'success',
    'from' => 'ohRa2wpMG8YGOn4CLlg4yoU53Enk',
    'to' => 'gh_693cbb2a3e71',
    'time' => '1503496691',
    'type' => 'event',
  ),
)

2017-08-23 21:58:10 response :
------------

2017-08-23 21:58:15 trace :
------------
String:
<xml><ToUserName><![CDATA[gh_693cbb2a3e71]]></ToUserName>
<FromUserName><![CDATA[ohRa2wqOjFHnc5uZFoQTTuxtRKBA]]></FromUserName>
<CreateTime>1503496696</CreateTime>
<MsgType><![CDATA[event]]></MsgType>
<Event><![CDATA[TEMPLATESENDJOBFINISH]]></Event>
<MsgID>416315335</MsgID>
<Status><![CDATA[success]]></Status>
</xml>

2017-08-23 21:58:15 params :
------------
String:
array (
  'rule' => -2,
  'module' => '',
  'message' => 
  array (
    'tousername' => 'gh_693cbb2a3e71',
    'fromusername' => 'ohRa2wqOjFHnc5uZFoQTTuxtRKBA',
    'createtime' => '1503496696',
    'msgtype' => 'event',
    'event' => 'TEMPLATESENDJOBFINISH',
    'msgid' => '416315335',
    'status' => 'success',
    'from' => 'ohRa2wqOjFHnc5uZFoQTTuxtRKBA',
    'to' => 'gh_693cbb2a3e71',
    'time' => '1503496696',
    'type' => 'event',
  ),
)

2017-08-23 21:58:15 response :
------------

2017-08-23 21:58:15 trace :
------------
String:
<xml><ToUserName><![CDATA[gh_693cbb2a3e71]]></ToUserName>
<FromUserName><![CDATA[ohRa2wpMG8YGOn4CLlg4yoU53Enk]]></FromUserName>
<CreateTime>1503496697</CreateTime>
<MsgType><![CDATA[event]]></MsgType>
<Event><![CDATA[TEMPLATESENDJOBFINISH]]></Event>
<MsgID>416315336</MsgID>
<Status><![CDATA[success]]></Status>
</xml>

2017-08-23 21:58:15 params :
------------
String:
array (
  'rule' => -2,
  'module' => '',
  'message' => 
  array (
    'tousername' => 'gh_693cbb2a3e71',
    'fromusername' => 'ohRa2wpMG8YGOn4CLlg4yoU53Enk',
    'createtime' => '1503496697',
    'msgtype' => 'event',
    'event' => 'TEMPLATESENDJOBFINISH',
    'msgid' => '416315336',
    'status' => 'success',
    'from' => 'ohRa2wpMG8YGOn4CLlg4yoU53Enk',
    'to' => 'gh_693cbb2a3e71',
    'time' => '1503496697',
    'type' => 'event',
  ),
)

2017-08-23 21:58:15 response :
------------

2017-08-23 21:58:22 trace :
------------
String:
<xml><ToUserName><![CDATA[gh_693cbb2a3e71]]></ToUserName>
<FromUserName><![CDATA[ohRa2wqOjFHnc5uZFoQTTuxtRKBA]]></FromUserName>
<CreateTime>1503496703</CreateTime>
<MsgType><![CDATA[event]]></MsgType>
<Event><![CDATA[TEMPLATESENDJOBFINISH]]></Event>
<MsgID>416315337</MsgID>
<Status><![CDATA[success]]></Status>
</xml>

2017-08-23 21:58:22 params :
------------
String:
array (
  'rule' => -2,
  'module' => '',
  'message' => 
  array (
    'tousername' => 'gh_693cbb2a3e71',
    'fromusername' => 'ohRa2wqOjFHnc5uZFoQTTuxtRKBA',
    'createtime' => '1503496703',
    'msgtype' => 'event',
    'event' => 'TEMPLATESENDJOBFINISH',
    'msgid' => '416315337',
    'status' => 'success',
    'from' => 'ohRa2wqOjFHnc5uZFoQTTuxtRKBA',
    'to' => 'gh_693cbb2a3e71',
    'time' => '1503496703',
    'type' => 'event',
  ),
)

2017-08-23 21:58:22 response :
------------

2017-08-23 21:58:22 trace :
------------
String:
<xml><ToUserName><![CDATA[gh_693cbb2a3e71]]></ToUserName>
<FromUserName><![CDATA[ohRa2wpMG8YGOn4CLlg4yoU53Enk]]></FromUserName>
<CreateTime>1503496703</CreateTime>
<MsgType><![CDATA[event]]></MsgType>
<Event><![CDATA[TEMPLATESENDJOBFINISH]]></Event>
<MsgID>416315338</MsgID>
<Status><![CDATA[success]]></Status>
</xml>

2017-08-23 21:58:22 params :
------------
String:
array (
  'rule' => -2,
  'module' => '',
  'message' => 
  array (
    'tousername' => 'gh_693cbb2a3e71',
    'fromusername' => 'ohRa2wpMG8YGOn4CLlg4yoU53Enk',
    'createtime' => '1503496703',
    'msgtype' => 'event',
    'event' => 'TEMPLATESENDJOBFINISH',
    'msgid' => '416315338',
    'status' => 'success',
    'from' => 'ohRa2wpMG8YGOn4CLlg4yoU53Enk',
    'to' => 'gh_693cbb2a3e71',
    'time' => '1503496703',
    'type' => 'event',
  ),
)

2017-08-23 21:58:22 response :
------------

2017-08-23 21:58:28 trace :
------------
String:
<xml><ToUserName><![CDATA[gh_693cbb2a3e71]]></ToUserName>
<FromUserName><![CDATA[ohRa2wqOjFHnc5uZFoQTTuxtRKBA]]></FromUserName>
<CreateTime>1503496710</CreateTime>
<MsgType><![CDATA[event]]></MsgType>
<Event><![CDATA[TEMPLATESENDJOBFINISH]]></Event>
<MsgID>416315340</MsgID>
<Status><![CDATA[success]]></Status>
</xml>

2017-08-23 21:58:28 params :
------------
String:
array (
  'rule' => -2,
  'module' => '',
  'message' => 
  array (
    'tousername' => 'gh_693cbb2a3e71',
    'fromusername' => 'ohRa2wqOjFHnc5uZFoQTTuxtRKBA',
    'createtime' => '1503496710',
    'msgtype' => 'event',
    'event' => 'TEMPLATESENDJOBFINISH',
    'msgid' => '416315340',
    'status' => 'success',
    'from' => 'ohRa2wqOjFHnc5uZFoQTTuxtRKBA',
    'to' => 'gh_693cbb2a3e71',
    'time' => '1503496710',
    'type' => 'event',
  ),
)

2017-08-23 21:58:28 response :
------------

2017-08-23 21:58:29 trace :
------------
String:
<xml><ToUserName><![CDATA[gh_693cbb2a3e71]]></ToUserName>
<FromUserName><![CDATA[ohRa2wpMG8YGOn4CLlg4yoU53Enk]]></FromUserName>
<CreateTime>1503496710</CreateTime>
<MsgType><![CDATA[event]]></MsgType>
<Event><![CDATA[TEMPLATESENDJOBFINISH]]></Event>
<MsgID>416315341</MsgID>
<Status><![CDATA[success]]></Status>
</xml>

2017-08-23 21:58:29 params :
------------
String:
array (
  'rule' => -2,
  'module' => '',
  'message' => 
  array (
    'tousername' => 'gh_693cbb2a3e71',
    'fromusername' => 'ohRa2wpMG8YGOn4CLlg4yoU53Enk',
    'createtime' => '1503496710',
    'msgtype' => 'event',
    'event' => 'TEMPLATESENDJOBFINISH',
    'msgid' => '416315341',
    'status' => 'success',
    'from' => 'ohRa2wpMG8YGOn4CLlg4yoU53Enk',
    'to' => 'gh_693cbb2a3e71',
    'time' => '1503496710',
    'type' => 'event',
  ),
)

2017-08-23 21:58:29 response :
------------

2017-08-23 21:58:34 trace :
------------
String:
<xml><ToUserName><![CDATA[gh_693cbb2a3e71]]></ToUserName>
<FromUserName><![CDATA[ohRa2wqOjFHnc5uZFoQTTuxtRKBA]]></FromUserName>
<CreateTime>1503496715</CreateTime>
<MsgType><![CDATA[event]]></MsgType>
<Event><![CDATA[TEMPLATESENDJOBFINISH]]></Event>
<MsgID>416315343</MsgID>
<Status><![CDATA[success]]></Status>
</xml>

2017-08-23 21:58:34 params :
------------
String:
array (
  'rule' => -2,
  'module' => '',
  'message' => 
  array (
    'tousername' => 'gh_693cbb2a3e71',
    'fromusername' => 'ohRa2wqOjFHnc5uZFoQTTuxtRKBA',
    'createtime' => '1503496715',
    'msgtype' => 'event',
    'event' => 'TEMPLATESENDJOBFINISH',
    'msgid' => '416315343',
    'status' => 'success',
    'from' => 'ohRa2wqOjFHnc5uZFoQTTuxtRKBA',
    'to' => 'gh_693cbb2a3e71',
    'time' => '1503496715',
    'type' => 'event',
  ),
)

2017-08-23 21:58:34 response :
------------

2017-08-23 21:58:34 trace :
------------
String:
<xml><ToUserName><![CDATA[gh_693cbb2a3e71]]></ToUserName>
<FromUserName><![CDATA[ohRa2wpMG8YGOn4CLlg4yoU53Enk]]></FromUserName>
<CreateTime>1503496715</CreateTime>
<MsgType><![CDATA[event]]></MsgType>
<Event><![CDATA[TEMPLATESENDJOBFINISH]]></Event>
<MsgID>416315344</MsgID>
<Status><![CDATA[success]]></Status>
</xml>

2017-08-23 21:58:34 params :
------------
String:
array (
  'rule' => -2,
  'module' => '',
  'message' => 
  array (
    'tousername' => 'gh_693cbb2a3e71',
    'fromusername' => 'ohRa2wpMG8YGOn4CLlg4yoU53Enk',
    'createtime' => '1503496715',
    'msgtype' => 'event',
    'event' => 'TEMPLATESENDJOBFINISH',
    'msgid' => '416315344',
    'status' => 'success',
    'from' => 'ohRa2wpMG8YGOn4CLlg4yoU53Enk',
    'to' => 'gh_693cbb2a3e71',
    'time' => '1503496715',
    'type' => 'event',
  ),
)

2017-08-23 21:58:34 response :
------------

2017-08-23 21:58:40 trace :
------------
String:
<xml><ToUserName><![CDATA[gh_693cbb2a3e71]]></ToUserName>
<FromUserName><![CDATA[ohRa2wqOjFHnc5uZFoQTTuxtRKBA]]></FromUserName>
<CreateTime>1503496721</CreateTime>
<MsgType><![CDATA[event]]></MsgType>
<Event><![CDATA[TEMPLATESENDJOBFINISH]]></Event>
<MsgID>416315347</MsgID>
<Status><![CDATA[success]]></Status>
</xml>

2017-08-23 21:58:40 params :
------------
String:
array (
  'rule' => -2,
  'module' => '',
  'message' => 
  array (
    'tousername' => 'gh_693cbb2a3e71',
    'fromusername' => 'ohRa2wqOjFHnc5uZFoQTTuxtRKBA',
    'createtime' => '1503496721',
    'msgtype' => 'event',
    'event' => 'TEMPLATESENDJOBFINISH',
    'msgid' => '416315347',
    'status' => 'success',
    'from' => 'ohRa2wqOjFHnc5uZFoQTTuxtRKBA',
    'to' => 'gh_693cbb2a3e71',
    'time' => '1503496721',
    'type' => 'event',
  ),
)

2017-08-23 21:58:40 response :
------------

2017-08-23 21:58:40 trace :
------------
String:
<xml><ToUserName><![CDATA[gh_693cbb2a3e71]]></ToUserName>
<FromUserName><![CDATA[ohRa2wpMG8YGOn4CLlg4yoU53Enk]]></FromUserName>
<CreateTime>1503496721</CreateTime>
<MsgType><![CDATA[event]]></MsgType>
<Event><![CDATA[TEMPLATESENDJOBFINISH]]></Event>
<MsgID>416315348</MsgID>
<Status><![CDATA[success]]></Status>
</xml>

2017-08-23 21:58:40 params :
------------
String:
array (
  'rule' => -2,
  'module' => '',
  'message' => 
  array (
    'tousername' => 'gh_693cbb2a3e71',
    'fromusername' => 'ohRa2wpMG8YGOn4CLlg4yoU53Enk',
    'createtime' => '1503496721',
    'msgtype' => 'event',
    'event' => 'TEMPLATESENDJOBFINISH',
    'msgid' => '416315348',
    'status' => 'success',
    'from' => 'ohRa2wpMG8YGOn4CLlg4yoU53Enk',
    'to' => 'gh_693cbb2a3e71',
    'time' => '1503496721',
    'type' => 'event',
  ),
)

2017-08-23 21:58:40 response :
------------

2017-08-23 21:58:46 trace :
------------
String:
<xml><ToUserName><![CDATA[gh_693cbb2a3e71]]></ToUserName>
<FromUserName><![CDATA[ohRa2wqOjFHnc5uZFoQTTuxtRKBA]]></FromUserName>
<CreateTime>1503496727</CreateTime>
<MsgType><![CDATA[event]]></MsgType>
<Event><![CDATA[TEMPLATESENDJOBFINISH]]></Event>
<MsgID>416315349</MsgID>
<Status><![CDATA[success]]></Status>
</xml>

2017-08-23 21:58:46 params :
------------
String:
array (
  'rule' => -2,
  'module' => '',
  'message' => 
  array (
    'tousername' => 'gh_693cbb2a3e71',
    'fromusername' => 'ohRa2wqOjFHnc5uZFoQTTuxtRKBA',
    'createtime' => '1503496727',
    'msgtype' => 'event',
    'event' => 'TEMPLATESENDJOBFINISH',
    'msgid' => '416315349',
    'status' => 'success',
    'from' => 'ohRa2wqOjFHnc5uZFoQTTuxtRKBA',
    'to' => 'gh_693cbb2a3e71',
    'time' => '1503496727',
    'type' => 'event',
  ),
)

2017-08-23 21:58:46 response :
------------

2017-08-23 21:58:46 trace :
------------
String:
<xml><ToUserName><![CDATA[gh_693cbb2a3e71]]></ToUserName>
<FromUserName><![CDATA[ohRa2wpMG8YGOn4CLlg4yoU53Enk]]></FromUserName>
<CreateTime>1503496727</CreateTime>
<MsgType><![CDATA[event]]></MsgType>
<Event><![CDATA[TEMPLATESENDJOBFINISH]]></Event>
<MsgID>416315350</MsgID>
<Status><![CDATA[success]]></Status>
</xml>

2017-08-23 21:58:46 params :
------------
String:
array (
  'rule' => -2,
  'module' => '',
  'message' => 
  array (
    'tousername' => 'gh_693cbb2a3e71',
    'fromusername' => 'ohRa2wpMG8YGOn4CLlg4yoU53Enk',
    'createtime' => '1503496727',
    'msgtype' => 'event',
    'event' => 'TEMPLATESENDJOBFINISH',
    'msgid' => '416315350',
    'status' => 'success',
    'from' => 'ohRa2wpMG8YGOn4CLlg4yoU53Enk',
    'to' => 'gh_693cbb2a3e71',
    'time' => '1503496727',
    'type' => 'event',
  ),
)

2017-08-23 21:58:46 response :
------------

2017-08-23 21:58:51 trace :
------------
String:
<xml><ToUserName><![CDATA[gh_693cbb2a3e71]]></ToUserName>
<FromUserName><![CDATA[ohRa2wqOjFHnc5uZFoQTTuxtRKBA]]></FromUserName>
<CreateTime>1503496732</CreateTime>
<MsgType><![CDATA[event]]></MsgType>
<Event><![CDATA[TEMPLATESENDJOBFINISH]]></Event>
<MsgID>416315351</MsgID>
<Status><![CDATA[success]]></Status>
</xml>

2017-08-23 21:58:51 params :
------------
String:
array (
  'rule' => -2,
  'module' => '',
  'message' => 
  array (
    'tousername' => 'gh_693cbb2a3e71',
    'fromusername' => 'ohRa2wqOjFHnc5uZFoQTTuxtRKBA',
    'createtime' => '1503496732',
    'msgtype' => 'event',
    'event' => 'TEMPLATESENDJOBFINISH',
    'msgid' => '416315351',
    'status' => 'success',
    'from' => 'ohRa2wqOjFHnc5uZFoQTTuxtRKBA',
    'to' => 'gh_693cbb2a3e71',
    'time' => '1503496732',
    'type' => 'event',
  ),
)

2017-08-23 21:58:51 response :
------------

2017-08-23 21:58:51 trace :
------------
String:
<xml><ToUserName><![CDATA[gh_693cbb2a3e71]]></ToUserName>
<FromUserName><![CDATA[ohRa2wpMG8YGOn4CLlg4yoU53Enk]]></FromUserName>
<CreateTime>1503496732</CreateTime>
<MsgType><![CDATA[event]]></MsgType>
<Event><![CDATA[TEMPLATESENDJOBFINISH]]></Event>
<MsgID>416315352</MsgID>
<Status><![CDATA[success]]></Status>
</xml>

2017-08-23 21:58:51 params :
------------
String:
array (
  'rule' => -2,
  'module' => '',
  'message' => 
  array (
    'tousername' => 'gh_693cbb2a3e71',
    'fromusername' => 'ohRa2wpMG8YGOn4CLlg4yoU53Enk',
    'createtime' => '1503496732',
    'msgtype' => 'event',
    'event' => 'TEMPLATESENDJOBFINISH',
    'msgid' => '416315352',
    'status' => 'success',
    'from' => 'ohRa2wpMG8YGOn4CLlg4yoU53Enk',
    'to' => 'gh_693cbb2a3e71',
    'time' => '1503496732',
    'type' => 'event',
  ),
)

2017-08-23 21:58:51 response :
------------

2017-08-23 21:58:57 trace :
------------
String:
<xml><ToUserName><![CDATA[gh_693cbb2a3e71]]></ToUserName>
<FromUserName><![CDATA[ohRa2wqOjFHnc5uZFoQTTuxtRKBA]]></FromUserName>
<CreateTime>1503496738</CreateTime>
<MsgType><![CDATA[event]]></MsgType>
<Event><![CDATA[TEMPLATESENDJOBFINISH]]></Event>
<MsgID>416315354</MsgID>
<Status><![CDATA[success]]></Status>
</xml>

2017-08-23 21:58:57 params :
------------
String:
array (
  'rule' => -2,
  'module' => '',
  'message' => 
  array (
    'tousername' => 'gh_693cbb2a3e71',
    'fromusername' => 'ohRa2wqOjFHnc5uZFoQTTuxtRKBA',
    'createtime' => '1503496738',
    'msgtype' => 'event',
    'event' => 'TEMPLATESENDJOBFINISH',
    'msgid' => '416315354',
    'status' => 'success',
    'from' => 'ohRa2wqOjFHnc5uZFoQTTuxtRKBA',
    'to' => 'gh_693cbb2a3e71',
    'time' => '1503496738',
    'type' => 'event',
  ),
)

2017-08-23 21:58:57 response :
------------

2017-08-23 21:58:57 trace :
------------
String:
<xml><ToUserName><![CDATA[gh_693cbb2a3e71]]></ToUserName>
<FromUserName><![CDATA[ohRa2wpMG8YGOn4CLlg4yoU53Enk]]></FromUserName>
<CreateTime>1503496738</CreateTime>
<MsgType><![CDATA[event]]></MsgType>
<Event><![CDATA[TEMPLATESENDJOBFINISH]]></Event>
<MsgID>416315355</MsgID>
<Status><![CDATA[success]]></Status>
</xml>

2017-08-23 21:58:57 params :
------------
String:
array (
  'rule' => -2,
  'module' => '',
  'message' => 
  array (
    'tousername' => 'gh_693cbb2a3e71',
    'fromusername' => 'ohRa2wpMG8YGOn4CLlg4yoU53Enk',
    'createtime' => '1503496738',
    'msgtype' => 'event',
    'event' => 'TEMPLATESENDJOBFINISH',
    'msgid' => '416315355',
    'status' => 'success',
    'from' => 'ohRa2wpMG8YGOn4CLlg4yoU53Enk',
    'to' => 'gh_693cbb2a3e71',
    'time' => '1503496738',
    'type' => 'event',
  ),
)

2017-08-23 21:58:57 response :
------------

2017-08-23 22:06:45 trace :
------------
String:
<xml><ToUserName><![CDATA[gh_693cbb2a3e71]]></ToUserName>
<FromUserName><![CDATA[ohRa2wmRovjUjJTbqat4FqH8Pbjg]]></FromUserName>
<CreateTime>1503497206</CreateTime>
<MsgType><![CDATA[event]]></MsgType>
<Event><![CDATA[TEMPLATESENDJOBFINISH]]></Event>
<MsgID>416315544</MsgID>
<Status><![CDATA[success]]></Status>
</xml>

2017-08-23 22:06:45 params :
------------
String:
array (
  'rule' => -2,
  'module' => '',
  'message' => 
  array (
    'tousername' => 'gh_693cbb2a3e71',
    'fromusername' => 'ohRa2wmRovjUjJTbqat4FqH8Pbjg',
    'createtime' => '1503497206',
    'msgtype' => 'event',
    'event' => 'TEMPLATESENDJOBFINISH',
    'msgid' => '416315544',
    'status' => 'success',
    'from' => 'ohRa2wmRovjUjJTbqat4FqH8Pbjg',
    'to' => 'gh_693cbb2a3e71',
    'time' => '1503497206',
    'type' => 'event',
  ),
)

2017-08-23 22:06:45 response :
------------

2017-08-23 22:06:45 trace :
------------
String:
<xml><ToUserName><![CDATA[gh_693cbb2a3e71]]></ToUserName>
<FromUserName><![CDATA[ohRa2wsfvmAcJCLTeNLsb4FZoZ9I]]></FromUserName>
<CreateTime>1503497206</CreateTime>
<MsgType><![CDATA[event]]></MsgType>
<Event><![CDATA[TEMPLATESENDJOBFINISH]]></Event>
<MsgID>416315547</MsgID>
<Status><![CDATA[success]]></Status>
</xml>

2017-08-23 22:06:45 params :
------------
String:
array (
  'rule' => -2,
  'module' => '',
  'message' => 
  array (
    'tousername' => 'gh_693cbb2a3e71',
    'fromusername' => 'ohRa2wsfvmAcJCLTeNLsb4FZoZ9I',
    'createtime' => '1503497206',
    'msgtype' => 'event',
    'event' => 'TEMPLATESENDJOBFINISH',
    'msgid' => '416315547',
    'status' => 'success',
    'from' => 'ohRa2wsfvmAcJCLTeNLsb4FZoZ9I',
    'to' => 'gh_693cbb2a3e71',
    'time' => '1503497206',
    'type' => 'event',
  ),
)

2017-08-23 22:06:45 response :
------------

2017-08-23 22:06:52 trace :
------------
String:
<xml><ToUserName><![CDATA[gh_693cbb2a3e71]]></ToUserName>
<FromUserName><![CDATA[ohRa2wqOjFHnc5uZFoQTTuxtRKBA]]></FromUserName>
<CreateTime>1503497213</CreateTime>
<MsgType><![CDATA[event]]></MsgType>
<Event><![CDATA[TEMPLATESENDJOBFINISH]]></Event>
<MsgID>416315549</MsgID>
<Status><![CDATA[success]]></Status>
</xml>

2017-08-23 22:06:52 params :
------------
String:
array (
  'rule' => -2,
  'module' => '',
  'message' => 
  array (
    'tousername' => 'gh_693cbb2a3e71',
    'fromusername' => 'ohRa2wqOjFHnc5uZFoQTTuxtRKBA',
    'createtime' => '1503497213',
    'msgtype' => 'event',
    'event' => 'TEMPLATESENDJOBFINISH',
    'msgid' => '416315549',
    'status' => 'success',
    'from' => 'ohRa2wqOjFHnc5uZFoQTTuxtRKBA',
    'to' => 'gh_693cbb2a3e71',
    'time' => '1503497213',
    'type' => 'event',
  ),
)

2017-08-23 22:06:52 response :
------------

2017-08-23 22:06:52 trace :
------------
String:
<xml><ToUserName><![CDATA[gh_693cbb2a3e71]]></ToUserName>
<FromUserName><![CDATA[ohRa2wpMG8YGOn4CLlg4yoU53Enk]]></FromUserName>
<CreateTime>1503497213</CreateTime>
<MsgType><![CDATA[event]]></MsgType>
<Event><![CDATA[TEMPLATESENDJOBFINISH]]></Event>
<MsgID>416315550</MsgID>
<Status><![CDATA[success]]></Status>
</xml>

2017-08-23 22:06:52 params :
------------
String:
array (
  'rule' => -2,
  'module' => '',
  'message' => 
  array (
    'tousername' => 'gh_693cbb2a3e71',
    'fromusername' => 'ohRa2wpMG8YGOn4CLlg4yoU53Enk',
    'createtime' => '1503497213',
    'msgtype' => 'event',
    'event' => 'TEMPLATESENDJOBFINISH',
    'msgid' => '416315550',
    'status' => 'success',
    'from' => 'ohRa2wpMG8YGOn4CLlg4yoU53Enk',
    'to' => 'gh_693cbb2a3e71',
    'time' => '1503497213',
    'type' => 'event',
  ),
)

2017-08-23 22:06:52 response :
------------

2017-08-23 22:08:35 trace :
------------
String:
<xml><ToUserName><![CDATA[gh_693cbb2a3e71]]></ToUserName>
<FromUserName><![CDATA[ohRa2wjm9nmNBD3DS8hDX9Opy1ns]]></FromUserName>
<CreateTime>1503497316</CreateTime>
<MsgType><![CDATA[event]]></MsgType>
<Event><![CDATA[VIEW]]></Event>
<EventKey><![CDATA[http://tejia.zdxinfo.com/app/index.php?i=2&c=entry&m=we7_wmall1&do=mgindex]]></EventKey>
<MenuId>415187293</MenuId>
</xml>

2017-08-23 22:08:35 params :
------------
String:
array (
  'rule' => -2,
  'module' => '',
  'message' => 
  array (
    'tousername' => 'gh_693cbb2a3e71',
    'fromusername' => 'ohRa2wjm9nmNBD3DS8hDX9Opy1ns',
    'createtime' => '1503497316',
    'msgtype' => 'event',
    'event' => 'VIEW',
    'eventkey' => 'http://tejia.zdxinfo.com/app/index.php?i=2&c=entry&m=we7_wmall1&do=mgindex',
    'menuid' => '415187293',
    'from' => 'ohRa2wjm9nmNBD3DS8hDX9Opy1ns',
    'to' => 'gh_693cbb2a3e71',
    'time' => '1503497316',
    'type' => 'text',
    'content' => 'http://tejia.zdxinfo.com/app/index.php?i=2&c=entry&m=we7_wmall1&do=mgindex',
    'redirection' => true,
    'source' => 'VIEW',
  ),
)

2017-08-23 22:08:35 response :
------------

2017-08-23 22:18:54 trace :
------------
String:
<xml><ToUserName><![CDATA[gh_693cbb2a3e71]]></ToUserName>
<FromUserName><![CDATA[ohRa2wr-HG_Ri1D0TO1EjIo0zdfw]]></FromUserName>
<CreateTime>1503497936</CreateTime>
<MsgType><![CDATA[event]]></MsgType>
<Event><![CDATA[VIEW]]></Event>
<EventKey><![CDATA[http://tejia.zdxinfo.com/app/index.php?i=2&c=entry&m=we7_wmall1&do=mgindex]]></EventKey>
<MenuId>415187293</MenuId>
</xml>

2017-08-23 22:18:54 params :
------------
String:
array (
  'rule' => -2,
  'module' => '',
  'message' => 
  array (
    'tousername' => 'gh_693cbb2a3e71',
    'fromusername' => 'ohRa2wr-HG_Ri1D0TO1EjIo0zdfw',
    'createtime' => '1503497936',
    'msgtype' => 'event',
    'event' => 'VIEW',
    'eventkey' => 'http://tejia.zdxinfo.com/app/index.php?i=2&c=entry&m=we7_wmall1&do=mgindex',
    'menuid' => '415187293',
    'from' => 'ohRa2wr-HG_Ri1D0TO1EjIo0zdfw',
    'to' => 'gh_693cbb2a3e71',
    'time' => '1503497936',
    'type' => 'text',
    'content' => 'http://tejia.zdxinfo.com/app/index.php?i=2&c=entry&m=we7_wmall1&do=mgindex',
    'redirection' => true,
    'source' => 'VIEW',
  ),
)

2017-08-23 22:18:54 response :
------------

