2017-05-02 14:48:51 trace :
------------
String:
<xml><ToUserName><![CDATA[gh_e902fe9bde76]]></ToUserName>
<FromUserName><![CDATA[o2qkdvz04MpsMlFvk3weraoQIfCY]]></FromUserName>
<CreateTime>1493707732</CreateTime>
<MsgType><![CDATA[event]]></MsgType>
<Event><![CDATA[subscribe]]></Event>
<EventKey><![CDATA[]]></EventKey>
</xml>

2017-05-02 14:48:51 params :
------------
String:
array (
  'rule' => -2,
  'module' => '',
  'message' => 
  array (
    'tousername' => 'gh_e902fe9bde76',
    'fromusername' => 'o2qkdvz04MpsMlFvk3weraoQIfCY',
    'createtime' => '1493707732',
    'msgtype' => 'event',
    'event' => 'subscribe',
    'eventkey' => '',
    'from' => 'o2qkdvz04MpsMlFvk3weraoQIfCY',
    'to' => 'gh_e902fe9bde76',
    'time' => '1493707732',
    'type' => 'text',
    'redirection' => true,
    'source' => 'subscribe',
  ),
)

2017-05-02 14:48:51 response :
------------

2017-05-02 14:48:56 trace :
------------
String:
<xml><ToUserName><![CDATA[gh_e902fe9bde76]]></ToUserName>
<FromUserName><![CDATA[o2qkdvz04MpsMlFvk3weraoQIfCY]]></FromUserName>
<CreateTime>1493707737</CreateTime>
<MsgType><![CDATA[event]]></MsgType>
<Event><![CDATA[CLICK]]></Event>
<EventKey><![CDATA[任务大厅]]></EventKey>
</xml>

2017-05-02 14:48:56 params :
------------
String:
array (
  'rule' => -2,
  'module' => '',
  'message' => 
  array (
    'tousername' => 'gh_e902fe9bde76',
    'fromusername' => 'o2qkdvz04MpsMlFvk3weraoQIfCY',
    'createtime' => '1493707737',
    'msgtype' => 'event',
    'event' => 'CLICK',
    'eventkey' => '任务大厅',
    'from' => 'o2qkdvz04MpsMlFvk3weraoQIfCY',
    'to' => 'gh_e902fe9bde76',
    'time' => '1493707737',
    'type' => 'text',
    'content' => '任务大厅',
    'redirection' => true,
    'source' => 'click',
  ),
)

2017-05-02 14:48:56 response :
------------

2017-05-02 16:41:22 trace :
------------
String:
<xml><ToUserName><![CDATA[gh_e902fe9bde76]]></ToUserName>
<FromUserName><![CDATA[o2qkdv1-7_Vou_9_46ameCggnpEk]]></FromUserName>
<CreateTime>1493714483</CreateTime>
<MsgType><![CDATA[event]]></MsgType>
<Event><![CDATA[subscribe]]></Event>
<EventKey><![CDATA[]]></EventKey>
</xml>

2017-05-02 16:41:22 params :
------------
String:
array (
  'rule' => -2,
  'module' => '',
  'message' => 
  array (
    'tousername' => 'gh_e902fe9bde76',
    'fromusername' => 'o2qkdv1-7_Vou_9_46ameCggnpEk',
    'createtime' => '1493714483',
    'msgtype' => 'event',
    'event' => 'subscribe',
    'eventkey' => '',
    'from' => 'o2qkdv1-7_Vou_9_46ameCggnpEk',
    'to' => 'gh_e902fe9bde76',
    'time' => '1493714483',
    'type' => 'text',
    'redirection' => true,
    'source' => 'subscribe',
  ),
)

2017-05-02 16:41:22 response :
------------

2017-05-02 16:41:28 trace :
------------
String:
<xml><ToUserName><![CDATA[gh_e902fe9bde76]]></ToUserName>
<FromUserName><![CDATA[o2qkdvxA8PbOe3rQqtOjqNkHn0oU]]></FromUserName>
<CreateTime>1493714489</CreateTime>
<MsgType><![CDATA[event]]></MsgType>
<Event><![CDATA[subscribe]]></Event>
<EventKey><![CDATA[]]></EventKey>
</xml>

2017-05-02 16:41:28 params :
------------
String:
array (
  'rule' => -2,
  'module' => '',
  'message' => 
  array (
    'tousername' => 'gh_e902fe9bde76',
    'fromusername' => 'o2qkdvxA8PbOe3rQqtOjqNkHn0oU',
    'createtime' => '1493714489',
    'msgtype' => 'event',
    'event' => 'subscribe',
    'eventkey' => '',
    'from' => 'o2qkdvxA8PbOe3rQqtOjqNkHn0oU',
    'to' => 'gh_e902fe9bde76',
    'time' => '1493714489',
    'type' => 'text',
    'redirection' => true,
    'source' => 'subscribe',
  ),
)

2017-05-02 16:41:28 response :
------------

2017-05-02 16:41:32 trace :
------------
String:
<xml><ToUserName><![CDATA[gh_e902fe9bde76]]></ToUserName>
<FromUserName><![CDATA[o2qkdvxA8PbOe3rQqtOjqNkHn0oU]]></FromUserName>
<CreateTime>1493714492</CreateTime>
<MsgType><![CDATA[event]]></MsgType>
<Event><![CDATA[VIEW]]></Event>
<EventKey><![CDATA[http://tejia.zdxinfo.com/app/index.php?i=2&c=entry&do=guide&m=we7_wmall]]></EventKey>
<MenuId>418041604</MenuId>
</xml>

2017-05-02 16:41:32 params :
------------
String:
array (
  'rule' => -2,
  'module' => '',
  'message' => 
  array (
    'tousername' => 'gh_e902fe9bde76',
    'fromusername' => 'o2qkdvxA8PbOe3rQqtOjqNkHn0oU',
    'createtime' => '1493714492',
    'msgtype' => 'event',
    'event' => 'VIEW',
    'eventkey' => 'http://tejia.zdxinfo.com/app/index.php?i=2&c=entry&do=guide&m=we7_wmall',
    'menuid' => '418041604',
    'from' => 'o2qkdvxA8PbOe3rQqtOjqNkHn0oU',
    'to' => 'gh_e902fe9bde76',
    'time' => '1493714492',
    'type' => 'text',
    'content' => 'http://tejia.zdxinfo.com/app/index.php?i=2&c=entry&do=guide&m=we7_wmall',
    'redirection' => true,
    'source' => 'VIEW',
  ),
)

2017-05-02 16:41:32 response :
------------

2017-05-02 16:41:36 trace :
------------
String:
<xml><ToUserName><![CDATA[gh_e902fe9bde76]]></ToUserName>
<FromUserName><![CDATA[o2qkdv1-7_Vou_9_46ameCggnpEk]]></FromUserName>
<CreateTime>1493714497</CreateTime>
<MsgType><![CDATA[event]]></MsgType>
<Event><![CDATA[VIEW]]></Event>
<EventKey><![CDATA[http://tejia.zdxinfo.com/app/index.php?i=2&c=entry&do=guide&m=we7_wmall]]></EventKey>
<MenuId>418041604</MenuId>
</xml>

2017-05-02 16:41:36 params :
------------
String:
array (
  'rule' => -2,
  'module' => '',
  'message' => 
  array (
    'tousername' => 'gh_e902fe9bde76',
    'fromusername' => 'o2qkdv1-7_Vou_9_46ameCggnpEk',
    'createtime' => '1493714497',
    'msgtype' => 'event',
    'event' => 'VIEW',
    'eventkey' => 'http://tejia.zdxinfo.com/app/index.php?i=2&c=entry&do=guide&m=we7_wmall',
    'menuid' => '418041604',
    'from' => 'o2qkdv1-7_Vou_9_46ameCggnpEk',
    'to' => 'gh_e902fe9bde76',
    'time' => '1493714497',
    'type' => 'text',
    'content' => 'http://tejia.zdxinfo.com/app/index.php?i=2&c=entry&do=guide&m=we7_wmall',
    'redirection' => true,
    'source' => 'VIEW',
  ),
)

2017-05-02 16:41:36 response :
------------

2017-05-02 16:41:53 trace :
------------
String:
<xml><ToUserName><![CDATA[gh_e902fe9bde76]]></ToUserName>
<FromUserName><![CDATA[o2qkdvxA8PbOe3rQqtOjqNkHn0oU]]></FromUserName>
<CreateTime>1493714514</CreateTime>
<MsgType><![CDATA[event]]></MsgType>
<Event><![CDATA[VIEW]]></Event>
<EventKey><![CDATA[http://tejia.zdxinfo.com/app/index.php?i=2&c=entry&do=guide&m=we7_wmall]]></EventKey>
<MenuId>418041604</MenuId>
</xml>

2017-05-02 16:41:53 params :
------------
String:
array (
  'rule' => -2,
  'module' => '',
  'message' => 
  array (
    'tousername' => 'gh_e902fe9bde76',
    'fromusername' => 'o2qkdvxA8PbOe3rQqtOjqNkHn0oU',
    'createtime' => '1493714514',
    'msgtype' => 'event',
    'event' => 'VIEW',
    'eventkey' => 'http://tejia.zdxinfo.com/app/index.php?i=2&c=entry&do=guide&m=we7_wmall',
    'menuid' => '418041604',
    'from' => 'o2qkdvxA8PbOe3rQqtOjqNkHn0oU',
    'to' => 'gh_e902fe9bde76',
    'time' => '1493714514',
    'type' => 'text',
    'content' => 'http://tejia.zdxinfo.com/app/index.php?i=2&c=entry&do=guide&m=we7_wmall',
    'redirection' => true,
    'source' => 'VIEW',
  ),
)

2017-05-02 16:41:53 response :
------------

2017-05-02 16:42:16 trace :
------------
String:
<xml><ToUserName><![CDATA[gh_e902fe9bde76]]></ToUserName>
<FromUserName><![CDATA[o2qkdv1-7_Vou_9_46ameCggnpEk]]></FromUserName>
<CreateTime>1493714537</CreateTime>
<MsgType><![CDATA[event]]></MsgType>
<Event><![CDATA[VIEW]]></Event>
<EventKey><![CDATA[http://tejia.zdxinfo.com/app/index.php?i=2&c=entry&do=guide&m=we7_wmall]]></EventKey>
<MenuId>418041604</MenuId>
</xml>

2017-05-02 16:42:16 params :
------------
String:
array (
  'rule' => -2,
  'module' => '',
  'message' => 
  array (
    'tousername' => 'gh_e902fe9bde76',
    'fromusername' => 'o2qkdv1-7_Vou_9_46ameCggnpEk',
    'createtime' => '1493714537',
    'msgtype' => 'event',
    'event' => 'VIEW',
    'eventkey' => 'http://tejia.zdxinfo.com/app/index.php?i=2&c=entry&do=guide&m=we7_wmall',
    'menuid' => '418041604',
    'from' => 'o2qkdv1-7_Vou_9_46ameCggnpEk',
    'to' => 'gh_e902fe9bde76',
    'time' => '1493714537',
    'type' => 'text',
    'content' => 'http://tejia.zdxinfo.com/app/index.php?i=2&c=entry&do=guide&m=we7_wmall',
    'redirection' => true,
    'source' => 'VIEW',
  ),
)

2017-05-02 16:42:16 response :
------------

2017-05-02 16:42:41 trace :
------------
String:
<xml><ToUserName><![CDATA[gh_e902fe9bde76]]></ToUserName>
<FromUserName><![CDATA[o2qkdvxA8PbOe3rQqtOjqNkHn0oU]]></FromUserName>
<CreateTime>1493714561</CreateTime>
<MsgType><![CDATA[event]]></MsgType>
<Event><![CDATA[VIEW]]></Event>
<EventKey><![CDATA[http://tejia.zdxinfo.com/app/index.php?i=2&c=entry&do=guide&m=we7_wmall]]></EventKey>
<MenuId>418041604</MenuId>
</xml>

2017-05-02 16:42:41 params :
------------
String:
array (
  'rule' => -2,
  'module' => '',
  'message' => 
  array (
    'tousername' => 'gh_e902fe9bde76',
    'fromusername' => 'o2qkdvxA8PbOe3rQqtOjqNkHn0oU',
    'createtime' => '1493714561',
    'msgtype' => 'event',
    'event' => 'VIEW',
    'eventkey' => 'http://tejia.zdxinfo.com/app/index.php?i=2&c=entry&do=guide&m=we7_wmall',
    'menuid' => '418041604',
    'from' => 'o2qkdvxA8PbOe3rQqtOjqNkHn0oU',
    'to' => 'gh_e902fe9bde76',
    'time' => '1493714561',
    'type' => 'text',
    'content' => 'http://tejia.zdxinfo.com/app/index.php?i=2&c=entry&do=guide&m=we7_wmall',
    'redirection' => true,
    'source' => 'VIEW',
  ),
)

2017-05-02 16:42:41 response :
------------

2017-05-02 16:43:40 trace :
------------
String:
<xml><ToUserName><![CDATA[gh_e902fe9bde76]]></ToUserName>
<FromUserName><![CDATA[o2qkdvxA8PbOe3rQqtOjqNkHn0oU]]></FromUserName>
<CreateTime>1493714621</CreateTime>
<MsgType><![CDATA[event]]></MsgType>
<Event><![CDATA[VIEW]]></Event>
<EventKey><![CDATA[http://tejia.zdxinfo.com/app/index.php?i=2&c=entry&do=guide&m=we7_wmall]]></EventKey>
<MenuId>418041604</MenuId>
</xml>

2017-05-02 16:43:40 params :
------------
String:
array (
  'rule' => -2,
  'module' => '',
  'message' => 
  array (
    'tousername' => 'gh_e902fe9bde76',
    'fromusername' => 'o2qkdvxA8PbOe3rQqtOjqNkHn0oU',
    'createtime' => '1493714621',
    'msgtype' => 'event',
    'event' => 'VIEW',
    'eventkey' => 'http://tejia.zdxinfo.com/app/index.php?i=2&c=entry&do=guide&m=we7_wmall',
    'menuid' => '418041604',
    'from' => 'o2qkdvxA8PbOe3rQqtOjqNkHn0oU',
    'to' => 'gh_e902fe9bde76',
    'time' => '1493714621',
    'type' => 'text',
    'content' => 'http://tejia.zdxinfo.com/app/index.php?i=2&c=entry&do=guide&m=we7_wmall',
    'redirection' => true,
    'source' => 'VIEW',
  ),
)

2017-05-02 16:43:40 response :
------------

