2017-06-19 15:29:39 trace :
------------
String:
<xml><ToUserName><![CDATA[gh_693cbb2a3e71]]></ToUserName>
<FromUserName><![CDATA[ohRa2wp94r3_u5BHjSxVewj2_McA]]></FromUserName>
<CreateTime>1497857380</CreateTime>
<MsgType><![CDATA[event]]></MsgType>
<Event><![CDATA[VIEW]]></Event>
<EventKey><![CDATA[http://tejia.zdxinfo.com/app/index.php?i=2&c=entry&do=mgindex&m=we7_wmall1]]></EventKey>
<MenuId>414775261</MenuId>
</xml>

2017-06-19 15:29:39 params :
------------
String:
array (
  'rule' => -2,
  'module' => '',
  'message' => 
  array (
    'tousername' => 'gh_693cbb2a3e71',
    'fromusername' => 'ohRa2wp94r3_u5BHjSxVewj2_McA',
    'createtime' => '1497857380',
    'msgtype' => 'event',
    'event' => 'VIEW',
    'eventkey' => 'http://tejia.zdxinfo.com/app/index.php?i=2&c=entry&do=mgindex&m=we7_wmall1',
    'menuid' => '414775261',
    'from' => 'ohRa2wp94r3_u5BHjSxVewj2_McA',
    'to' => 'gh_693cbb2a3e71',
    'time' => '1497857380',
    'type' => 'text',
    'content' => 'http://tejia.zdxinfo.com/app/index.php?i=2&c=entry&do=mgindex&m=we7_wmall1',
    'redirection' => true,
    'source' => 'VIEW',
  ),
)

2017-06-19 15:29:39 response :
------------

2017-06-19 15:31:40 trace :
------------
String:
<xml><ToUserName><![CDATA[gh_693cbb2a3e71]]></ToUserName>
<FromUserName><![CDATA[ohRa2wp94r3_u5BHjSxVewj2_McA]]></FromUserName>
<CreateTime>1497857501</CreateTime>
<MsgType><![CDATA[event]]></MsgType>
<Event><![CDATA[VIEW]]></Event>
<EventKey><![CDATA[http://tejia.zdxinfo.com/app/index.php?i=2&c=entry&do=mgindex&m=we7_wmall1]]></EventKey>
<MenuId>414775261</MenuId>
</xml>

2017-06-19 15:31:40 params :
------------
String:
array (
  'rule' => -2,
  'module' => '',
  'message' => 
  array (
    'tousername' => 'gh_693cbb2a3e71',
    'fromusername' => 'ohRa2wp94r3_u5BHjSxVewj2_McA',
    'createtime' => '1497857501',
    'msgtype' => 'event',
    'event' => 'VIEW',
    'eventkey' => 'http://tejia.zdxinfo.com/app/index.php?i=2&c=entry&do=mgindex&m=we7_wmall1',
    'menuid' => '414775261',
    'from' => 'ohRa2wp94r3_u5BHjSxVewj2_McA',
    'to' => 'gh_693cbb2a3e71',
    'time' => '1497857501',
    'type' => 'text',
    'content' => 'http://tejia.zdxinfo.com/app/index.php?i=2&c=entry&do=mgindex&m=we7_wmall1',
    'redirection' => true,
    'source' => 'VIEW',
  ),
)

2017-06-19 15:31:40 response :
------------

2017-06-19 15:31:49 trace :
------------
String:
<xml><ToUserName><![CDATA[gh_693cbb2a3e71]]></ToUserName>
<FromUserName><![CDATA[ohRa2wp94r3_u5BHjSxVewj2_McA]]></FromUserName>
<CreateTime>1497857510</CreateTime>
<MsgType><![CDATA[event]]></MsgType>
<Event><![CDATA[VIEW]]></Event>
<EventKey><![CDATA[http://tejia.zdxinfo.com/app/index.php?i=2&c=entry&do=mgindex&m=we7_wmall1]]></EventKey>
<MenuId>414775261</MenuId>
</xml>

2017-06-19 15:31:49 params :
------------
String:
array (
  'rule' => -2,
  'module' => '',
  'message' => 
  array (
    'tousername' => 'gh_693cbb2a3e71',
    'fromusername' => 'ohRa2wp94r3_u5BHjSxVewj2_McA',
    'createtime' => '1497857510',
    'msgtype' => 'event',
    'event' => 'VIEW',
    'eventkey' => 'http://tejia.zdxinfo.com/app/index.php?i=2&c=entry&do=mgindex&m=we7_wmall1',
    'menuid' => '414775261',
    'from' => 'ohRa2wp94r3_u5BHjSxVewj2_McA',
    'to' => 'gh_693cbb2a3e71',
    'time' => '1497857510',
    'type' => 'text',
    'content' => 'http://tejia.zdxinfo.com/app/index.php?i=2&c=entry&do=mgindex&m=we7_wmall1',
    'redirection' => true,
    'source' => 'VIEW',
  ),
)

2017-06-19 15:31:49 response :
------------

2017-06-19 15:36:48 trace :
------------
String:
<xml><ToUserName><![CDATA[gh_693cbb2a3e71]]></ToUserName>
<FromUserName><![CDATA[ohRa2wp94r3_u5BHjSxVewj2_McA]]></FromUserName>
<CreateTime>1497857809</CreateTime>
<MsgType><![CDATA[event]]></MsgType>
<Event><![CDATA[VIEW]]></Event>
<EventKey><![CDATA[http://tejia.zdxinfo.com/app/index.php?i=2&c=entry&do=mgindex&m=we7_wmall2]]></EventKey>
<MenuId>414775316</MenuId>
</xml>

2017-06-19 15:36:48 params :
------------
String:
array (
  'rule' => -2,
  'module' => '',
  'message' => 
  array (
    'tousername' => 'gh_693cbb2a3e71',
    'fromusername' => 'ohRa2wp94r3_u5BHjSxVewj2_McA',
    'createtime' => '1497857809',
    'msgtype' => 'event',
    'event' => 'VIEW',
    'eventkey' => 'http://tejia.zdxinfo.com/app/index.php?i=2&c=entry&do=mgindex&m=we7_wmall2',
    'menuid' => '414775316',
    'from' => 'ohRa2wp94r3_u5BHjSxVewj2_McA',
    'to' => 'gh_693cbb2a3e71',
    'time' => '1497857809',
    'type' => 'text',
    'content' => 'http://tejia.zdxinfo.com/app/index.php?i=2&c=entry&do=mgindex&m=we7_wmall2',
    'redirection' => true,
    'source' => 'VIEW',
  ),
)

2017-06-19 15:36:48 response :
------------

2017-06-19 15:41:09 trace :
------------
String:
<xml><ToUserName><![CDATA[gh_693cbb2a3e71]]></ToUserName>
<FromUserName><![CDATA[ohRa2wp94r3_u5BHjSxVewj2_McA]]></FromUserName>
<CreateTime>1497858070</CreateTime>
<MsgType><![CDATA[event]]></MsgType>
<Event><![CDATA[VIEW]]></Event>
<EventKey><![CDATA[http://tejia.zdxinfo.com/app/index.php?i=2&c=entry&do=mgindex&m=we7_wmall1]]></EventKey>
<MenuId>414775316</MenuId>
</xml>

2017-06-19 15:41:09 params :
------------
String:
array (
  'rule' => -2,
  'module' => '',
  'message' => 
  array (
    'tousername' => 'gh_693cbb2a3e71',
    'fromusername' => 'ohRa2wp94r3_u5BHjSxVewj2_McA',
    'createtime' => '1497858070',
    'msgtype' => 'event',
    'event' => 'VIEW',
    'eventkey' => 'http://tejia.zdxinfo.com/app/index.php?i=2&c=entry&do=mgindex&m=we7_wmall1',
    'menuid' => '414775316',
    'from' => 'ohRa2wp94r3_u5BHjSxVewj2_McA',
    'to' => 'gh_693cbb2a3e71',
    'time' => '1497858070',
    'type' => 'text',
    'content' => 'http://tejia.zdxinfo.com/app/index.php?i=2&c=entry&do=mgindex&m=we7_wmall1',
    'redirection' => true,
    'source' => 'VIEW',
  ),
)

2017-06-19 15:41:09 response :
------------

2017-06-19 15:52:10 trace :
------------
String:
<xml><ToUserName><![CDATA[gh_693cbb2a3e71]]></ToUserName>
<FromUserName><![CDATA[ohRa2wp94r3_u5BHjSxVewj2_McA]]></FromUserName>
<CreateTime>1497858731</CreateTime>
<MsgType><![CDATA[event]]></MsgType>
<Event><![CDATA[VIEW]]></Event>
<EventKey><![CDATA[http://tejia.zdxinfo.com/app/index.php?i=2&c=entry&do=mgindex&m=we7_wmall1]]></EventKey>
<MenuId>414775316</MenuId>
</xml>

2017-06-19 15:52:10 params :
------------
String:
array (
  'rule' => -2,
  'module' => '',
  'message' => 
  array (
    'tousername' => 'gh_693cbb2a3e71',
    'fromusername' => 'ohRa2wp94r3_u5BHjSxVewj2_McA',
    'createtime' => '1497858731',
    'msgtype' => 'event',
    'event' => 'VIEW',
    'eventkey' => 'http://tejia.zdxinfo.com/app/index.php?i=2&c=entry&do=mgindex&m=we7_wmall1',
    'menuid' => '414775316',
    'from' => 'ohRa2wp94r3_u5BHjSxVewj2_McA',
    'to' => 'gh_693cbb2a3e71',
    'time' => '1497858731',
    'type' => 'text',
    'content' => 'http://tejia.zdxinfo.com/app/index.php?i=2&c=entry&do=mgindex&m=we7_wmall1',
    'redirection' => true,
    'source' => 'VIEW',
  ),
)

2017-06-19 15:52:10 response :
------------

2017-06-19 15:54:28 trace :
------------
String:
<xml><ToUserName><![CDATA[gh_693cbb2a3e71]]></ToUserName>
<FromUserName><![CDATA[ohRa2wp94r3_u5BHjSxVewj2_McA]]></FromUserName>
<CreateTime>1497858869</CreateTime>
<MsgType><![CDATA[event]]></MsgType>
<Event><![CDATA[VIEW]]></Event>
<EventKey><![CDATA[http://tejia.zdxinfo.com/app/index.php?i=2&c=entry&do=mgindex&m=we7_wmall1]]></EventKey>
<MenuId>414775316</MenuId>
</xml>

2017-06-19 15:54:28 params :
------------
String:
array (
  'rule' => -2,
  'module' => '',
  'message' => 
  array (
    'tousername' => 'gh_693cbb2a3e71',
    'fromusername' => 'ohRa2wp94r3_u5BHjSxVewj2_McA',
    'createtime' => '1497858869',
    'msgtype' => 'event',
    'event' => 'VIEW',
    'eventkey' => 'http://tejia.zdxinfo.com/app/index.php?i=2&c=entry&do=mgindex&m=we7_wmall1',
    'menuid' => '414775316',
    'from' => 'ohRa2wp94r3_u5BHjSxVewj2_McA',
    'to' => 'gh_693cbb2a3e71',
    'time' => '1497858869',
    'type' => 'text',
    'content' => 'http://tejia.zdxinfo.com/app/index.php?i=2&c=entry&do=mgindex&m=we7_wmall1',
    'redirection' => true,
    'source' => 'VIEW',
  ),
)

2017-06-19 15:54:28 response :
------------

2017-06-19 15:56:59 trace :
------------
String:
<xml><ToUserName><![CDATA[gh_693cbb2a3e71]]></ToUserName>
<FromUserName><![CDATA[ohRa2wp94r3_u5BHjSxVewj2_McA]]></FromUserName>
<CreateTime>1497859020</CreateTime>
<MsgType><![CDATA[event]]></MsgType>
<Event><![CDATA[VIEW]]></Event>
<EventKey><![CDATA[http://tejia.zdxinfo.com/app/index.php?i=2&c=entry&do=mgindex&m=we7_wmall2]]></EventKey>
<MenuId>414775316</MenuId>
</xml>

2017-06-19 15:56:59 params :
------------
String:
array (
  'rule' => -2,
  'module' => '',
  'message' => 
  array (
    'tousername' => 'gh_693cbb2a3e71',
    'fromusername' => 'ohRa2wp94r3_u5BHjSxVewj2_McA',
    'createtime' => '1497859020',
    'msgtype' => 'event',
    'event' => 'VIEW',
    'eventkey' => 'http://tejia.zdxinfo.com/app/index.php?i=2&c=entry&do=mgindex&m=we7_wmall2',
    'menuid' => '414775316',
    'from' => 'ohRa2wp94r3_u5BHjSxVewj2_McA',
    'to' => 'gh_693cbb2a3e71',
    'time' => '1497859020',
    'type' => 'text',
    'content' => 'http://tejia.zdxinfo.com/app/index.php?i=2&c=entry&do=mgindex&m=we7_wmall2',
    'redirection' => true,
    'source' => 'VIEW',
  ),
)

2017-06-19 15:56:59 response :
------------

2017-06-19 15:57:01 trace :
------------
String:
<xml><ToUserName><![CDATA[gh_693cbb2a3e71]]></ToUserName>
<FromUserName><![CDATA[ohRa2wp94r3_u5BHjSxVewj2_McA]]></FromUserName>
<CreateTime>1497859022</CreateTime>
<MsgType><![CDATA[event]]></MsgType>
<Event><![CDATA[VIEW]]></Event>
<EventKey><![CDATA[http://tejia.zdxinfo.com/app/index.php?i=2&c=entry&do=mgindex&m=we7_wmall1]]></EventKey>
<MenuId>414775316</MenuId>
</xml>

2017-06-19 15:57:01 params :
------------
String:
array (
  'rule' => -2,
  'module' => '',
  'message' => 
  array (
    'tousername' => 'gh_693cbb2a3e71',
    'fromusername' => 'ohRa2wp94r3_u5BHjSxVewj2_McA',
    'createtime' => '1497859022',
    'msgtype' => 'event',
    'event' => 'VIEW',
    'eventkey' => 'http://tejia.zdxinfo.com/app/index.php?i=2&c=entry&do=mgindex&m=we7_wmall1',
    'menuid' => '414775316',
    'from' => 'ohRa2wp94r3_u5BHjSxVewj2_McA',
    'to' => 'gh_693cbb2a3e71',
    'time' => '1497859022',
    'type' => 'text',
    'content' => 'http://tejia.zdxinfo.com/app/index.php?i=2&c=entry&do=mgindex&m=we7_wmall1',
    'redirection' => true,
    'source' => 'VIEW',
  ),
)

2017-06-19 15:57:01 response :
------------

2017-06-19 15:59:04 trace :
------------
String:
<xml><ToUserName><![CDATA[gh_693cbb2a3e71]]></ToUserName>
<FromUserName><![CDATA[ohRa2wp94r3_u5BHjSxVewj2_McA]]></FromUserName>
<CreateTime>1497859145</CreateTime>
<MsgType><![CDATA[event]]></MsgType>
<Event><![CDATA[VIEW]]></Event>
<EventKey><![CDATA[http://tejia.zdxinfo.com/app/index.php?i=2&c=entry&do=mgindex&m=we7_wmall]]></EventKey>
<MenuId>414776011</MenuId>
</xml>

2017-06-19 15:59:04 params :
------------
String:
array (
  'rule' => -2,
  'module' => '',
  'message' => 
  array (
    'tousername' => 'gh_693cbb2a3e71',
    'fromusername' => 'ohRa2wp94r3_u5BHjSxVewj2_McA',
    'createtime' => '1497859145',
    'msgtype' => 'event',
    'event' => 'VIEW',
    'eventkey' => 'http://tejia.zdxinfo.com/app/index.php?i=2&c=entry&do=mgindex&m=we7_wmall',
    'menuid' => '414776011',
    'from' => 'ohRa2wp94r3_u5BHjSxVewj2_McA',
    'to' => 'gh_693cbb2a3e71',
    'time' => '1497859145',
    'type' => 'text',
    'content' => 'http://tejia.zdxinfo.com/app/index.php?i=2&c=entry&do=mgindex&m=we7_wmall',
    'redirection' => true,
    'source' => 'VIEW',
  ),
)

2017-06-19 15:59:04 response :
------------

2017-06-19 15:59:13 trace :
------------
String:
<xml><ToUserName><![CDATA[gh_693cbb2a3e71]]></ToUserName>
<FromUserName><![CDATA[ohRa2wp94r3_u5BHjSxVewj2_McA]]></FromUserName>
<CreateTime>1497859154</CreateTime>
<MsgType><![CDATA[event]]></MsgType>
<Event><![CDATA[VIEW]]></Event>
<EventKey><![CDATA[http://tejia.zdxinfo.com/app/index.php?i=2&c=entry&do=mgindex&m=we7_wmall2]]></EventKey>
<MenuId>414776011</MenuId>
</xml>

2017-06-19 15:59:13 params :
------------
String:
array (
  'rule' => -2,
  'module' => '',
  'message' => 
  array (
    'tousername' => 'gh_693cbb2a3e71',
    'fromusername' => 'ohRa2wp94r3_u5BHjSxVewj2_McA',
    'createtime' => '1497859154',
    'msgtype' => 'event',
    'event' => 'VIEW',
    'eventkey' => 'http://tejia.zdxinfo.com/app/index.php?i=2&c=entry&do=mgindex&m=we7_wmall2',
    'menuid' => '414776011',
    'from' => 'ohRa2wp94r3_u5BHjSxVewj2_McA',
    'to' => 'gh_693cbb2a3e71',
    'time' => '1497859154',
    'type' => 'text',
    'content' => 'http://tejia.zdxinfo.com/app/index.php?i=2&c=entry&do=mgindex&m=we7_wmall2',
    'redirection' => true,
    'source' => 'VIEW',
  ),
)

2017-06-19 15:59:13 response :
------------

2017-06-19 15:59:16 trace :
------------
String:
<xml><ToUserName><![CDATA[gh_693cbb2a3e71]]></ToUserName>
<FromUserName><![CDATA[ohRa2wp94r3_u5BHjSxVewj2_McA]]></FromUserName>
<CreateTime>1497859157</CreateTime>
<MsgType><![CDATA[event]]></MsgType>
<Event><![CDATA[VIEW]]></Event>
<EventKey><![CDATA[http://tejia.zdxinfo.com/app/index.php?i=2&c=entry&do=mgindex&m=we7_wmall2]]></EventKey>
<MenuId>414776011</MenuId>
</xml>

2017-06-19 15:59:16 params :
------------
String:
array (
  'rule' => -2,
  'module' => '',
  'message' => 
  array (
    'tousername' => 'gh_693cbb2a3e71',
    'fromusername' => 'ohRa2wp94r3_u5BHjSxVewj2_McA',
    'createtime' => '1497859157',
    'msgtype' => 'event',
    'event' => 'VIEW',
    'eventkey' => 'http://tejia.zdxinfo.com/app/index.php?i=2&c=entry&do=mgindex&m=we7_wmall2',
    'menuid' => '414776011',
    'from' => 'ohRa2wp94r3_u5BHjSxVewj2_McA',
    'to' => 'gh_693cbb2a3e71',
    'time' => '1497859157',
    'type' => 'text',
    'content' => 'http://tejia.zdxinfo.com/app/index.php?i=2&c=entry&do=mgindex&m=we7_wmall2',
    'redirection' => true,
    'source' => 'VIEW',
  ),
)

2017-06-19 15:59:16 response :
------------

2017-06-19 15:59:21 trace :
------------
String:
<xml><ToUserName><![CDATA[gh_693cbb2a3e71]]></ToUserName>
<FromUserName><![CDATA[ohRa2wp94r3_u5BHjSxVewj2_McA]]></FromUserName>
<CreateTime>1497859162</CreateTime>
<MsgType><![CDATA[event]]></MsgType>
<Event><![CDATA[VIEW]]></Event>
<EventKey><![CDATA[http://tejia.zdxinfo.com/app/index.php?i=2&c=entry&do=mgindex&m=we7_wmall]]></EventKey>
<MenuId>414776011</MenuId>
</xml>

2017-06-19 15:59:21 params :
------------
String:
array (
  'rule' => -2,
  'module' => '',
  'message' => 
  array (
    'tousername' => 'gh_693cbb2a3e71',
    'fromusername' => 'ohRa2wp94r3_u5BHjSxVewj2_McA',
    'createtime' => '1497859162',
    'msgtype' => 'event',
    'event' => 'VIEW',
    'eventkey' => 'http://tejia.zdxinfo.com/app/index.php?i=2&c=entry&do=mgindex&m=we7_wmall',
    'menuid' => '414776011',
    'from' => 'ohRa2wp94r3_u5BHjSxVewj2_McA',
    'to' => 'gh_693cbb2a3e71',
    'time' => '1497859162',
    'type' => 'text',
    'content' => 'http://tejia.zdxinfo.com/app/index.php?i=2&c=entry&do=mgindex&m=we7_wmall',
    'redirection' => true,
    'source' => 'VIEW',
  ),
)

2017-06-19 15:59:21 response :
------------

2017-06-19 15:59:31 trace :
------------
String:
<xml><ToUserName><![CDATA[gh_693cbb2a3e71]]></ToUserName>
<FromUserName><![CDATA[ohRa2wp94r3_u5BHjSxVewj2_McA]]></FromUserName>
<CreateTime>1497859172</CreateTime>
<MsgType><![CDATA[event]]></MsgType>
<Event><![CDATA[VIEW]]></Event>
<EventKey><![CDATA[http://tejia.zdxinfo.com/app/index.php?i=2&c=entry&do=mgindex&m=we7_wmall]]></EventKey>
<MenuId>414776011</MenuId>
</xml>

2017-06-19 15:59:31 params :
------------
String:
array (
  'rule' => -2,
  'module' => '',
  'message' => 
  array (
    'tousername' => 'gh_693cbb2a3e71',
    'fromusername' => 'ohRa2wp94r3_u5BHjSxVewj2_McA',
    'createtime' => '1497859172',
    'msgtype' => 'event',
    'event' => 'VIEW',
    'eventkey' => 'http://tejia.zdxinfo.com/app/index.php?i=2&c=entry&do=mgindex&m=we7_wmall',
    'menuid' => '414776011',
    'from' => 'ohRa2wp94r3_u5BHjSxVewj2_McA',
    'to' => 'gh_693cbb2a3e71',
    'time' => '1497859172',
    'type' => 'text',
    'content' => 'http://tejia.zdxinfo.com/app/index.php?i=2&c=entry&do=mgindex&m=we7_wmall',
    'redirection' => true,
    'source' => 'VIEW',
  ),
)

2017-06-19 15:59:31 response :
------------

2017-06-19 16:00:19 trace :
------------
String:
<xml><ToUserName><![CDATA[gh_693cbb2a3e71]]></ToUserName>
<FromUserName><![CDATA[ohRa2wp94r3_u5BHjSxVewj2_McA]]></FromUserName>
<CreateTime>1497859220</CreateTime>
<MsgType><![CDATA[event]]></MsgType>
<Event><![CDATA[VIEW]]></Event>
<EventKey><![CDATA[http://tejia.zdxinfo.com/app/index.php?i=2&c=entry&do=mgindex&m=we7_wmall]]></EventKey>
<MenuId>414776011</MenuId>
</xml>

2017-06-19 16:00:19 params :
------------
String:
array (
  'rule' => -2,
  'module' => '',
  'message' => 
  array (
    'tousername' => 'gh_693cbb2a3e71',
    'fromusername' => 'ohRa2wp94r3_u5BHjSxVewj2_McA',
    'createtime' => '1497859220',
    'msgtype' => 'event',
    'event' => 'VIEW',
    'eventkey' => 'http://tejia.zdxinfo.com/app/index.php?i=2&c=entry&do=mgindex&m=we7_wmall',
    'menuid' => '414776011',
    'from' => 'ohRa2wp94r3_u5BHjSxVewj2_McA',
    'to' => 'gh_693cbb2a3e71',
    'time' => '1497859220',
    'type' => 'text',
    'content' => 'http://tejia.zdxinfo.com/app/index.php?i=2&c=entry&do=mgindex&m=we7_wmall',
    'redirection' => true,
    'source' => 'VIEW',
  ),
)

2017-06-19 16:00:19 response :
------------

2017-06-19 16:00:33 trace :
------------
String:
<xml><ToUserName><![CDATA[gh_693cbb2a3e71]]></ToUserName>
<FromUserName><![CDATA[ohRa2wp94r3_u5BHjSxVewj2_McA]]></FromUserName>
<CreateTime>1497859234</CreateTime>
<MsgType><![CDATA[event]]></MsgType>
<Event><![CDATA[VIEW]]></Event>
<EventKey><![CDATA[http://tejia.zdxinfo.com/app/index.php?i=2&c=entry&do=mgindex&m=we7_wmall]]></EventKey>
<MenuId>414776011</MenuId>
</xml>

2017-06-19 16:00:33 params :
------------
String:
array (
  'rule' => -2,
  'module' => '',
  'message' => 
  array (
    'tousername' => 'gh_693cbb2a3e71',
    'fromusername' => 'ohRa2wp94r3_u5BHjSxVewj2_McA',
    'createtime' => '1497859234',
    'msgtype' => 'event',
    'event' => 'VIEW',
    'eventkey' => 'http://tejia.zdxinfo.com/app/index.php?i=2&c=entry&do=mgindex&m=we7_wmall',
    'menuid' => '414776011',
    'from' => 'ohRa2wp94r3_u5BHjSxVewj2_McA',
    'to' => 'gh_693cbb2a3e71',
    'time' => '1497859234',
    'type' => 'text',
    'content' => 'http://tejia.zdxinfo.com/app/index.php?i=2&c=entry&do=mgindex&m=we7_wmall',
    'redirection' => true,
    'source' => 'VIEW',
  ),
)

2017-06-19 16:00:33 response :
------------

2017-06-19 16:02:29 trace :
------------
String:
<xml><ToUserName><![CDATA[gh_693cbb2a3e71]]></ToUserName>
<FromUserName><![CDATA[ohRa2wp94r3_u5BHjSxVewj2_McA]]></FromUserName>
<CreateTime>1497859350</CreateTime>
<MsgType><![CDATA[event]]></MsgType>
<Event><![CDATA[VIEW]]></Event>
<EventKey><![CDATA[http://tejia.zdxinfo.com/app/index.php?i=2&c=entry&do=mgindex&m=we7_wmall]]></EventKey>
<MenuId>414776011</MenuId>
</xml>

2017-06-19 16:02:29 params :
------------
String:
array (
  'rule' => -2,
  'module' => '',
  'message' => 
  array (
    'tousername' => 'gh_693cbb2a3e71',
    'fromusername' => 'ohRa2wp94r3_u5BHjSxVewj2_McA',
    'createtime' => '1497859350',
    'msgtype' => 'event',
    'event' => 'VIEW',
    'eventkey' => 'http://tejia.zdxinfo.com/app/index.php?i=2&c=entry&do=mgindex&m=we7_wmall',
    'menuid' => '414776011',
    'from' => 'ohRa2wp94r3_u5BHjSxVewj2_McA',
    'to' => 'gh_693cbb2a3e71',
    'time' => '1497859350',
    'type' => 'text',
    'content' => 'http://tejia.zdxinfo.com/app/index.php?i=2&c=entry&do=mgindex&m=we7_wmall',
    'redirection' => true,
    'source' => 'VIEW',
  ),
)

2017-06-19 16:02:29 response :
------------

2017-06-19 16:05:57 trace :
------------
String:
<xml><ToUserName><![CDATA[gh_693cbb2a3e71]]></ToUserName>
<FromUserName><![CDATA[ohRa2wp94r3_u5BHjSxVewj2_McA]]></FromUserName>
<CreateTime>1497859559</CreateTime>
<MsgType><![CDATA[event]]></MsgType>
<Event><![CDATA[VIEW]]></Event>
<EventKey><![CDATA[http://tejia.zdxinfo.com/app/index.php?i=2&c=entry&do=mgindex&m=we7_wmall]]></EventKey>
<MenuId>414776011</MenuId>
</xml>

2017-06-19 16:05:57 params :
------------
String:
array (
  'rule' => -2,
  'module' => '',
  'message' => 
  array (
    'tousername' => 'gh_693cbb2a3e71',
    'fromusername' => 'ohRa2wp94r3_u5BHjSxVewj2_McA',
    'createtime' => '1497859559',
    'msgtype' => 'event',
    'event' => 'VIEW',
    'eventkey' => 'http://tejia.zdxinfo.com/app/index.php?i=2&c=entry&do=mgindex&m=we7_wmall',
    'menuid' => '414776011',
    'from' => 'ohRa2wp94r3_u5BHjSxVewj2_McA',
    'to' => 'gh_693cbb2a3e71',
    'time' => '1497859559',
    'type' => 'text',
    'content' => 'http://tejia.zdxinfo.com/app/index.php?i=2&c=entry&do=mgindex&m=we7_wmall',
    'redirection' => true,
    'source' => 'VIEW',
  ),
)

2017-06-19 16:05:57 response :
------------

2017-06-19 16:06:13 trace :
------------
String:
<xml><ToUserName><![CDATA[gh_693cbb2a3e71]]></ToUserName>
<FromUserName><![CDATA[ohRa2whBdMPzJcoZvKnTQULjcVcE]]></FromUserName>
<CreateTime>1497859574</CreateTime>
<MsgType><![CDATA[event]]></MsgType>
<Event><![CDATA[VIEW]]></Event>
<EventKey><![CDATA[http://tejia.zdxinfo.com/app/index.php?i=2&c=entry&do=mgindex&m=we7_wmall2]]></EventKey>
<MenuId>414776011</MenuId>
</xml>

2017-06-19 16:06:13 params :
------------
String:
array (
  'rule' => -2,
  'module' => '',
  'message' => 
  array (
    'tousername' => 'gh_693cbb2a3e71',
    'fromusername' => 'ohRa2whBdMPzJcoZvKnTQULjcVcE',
    'createtime' => '1497859574',
    'msgtype' => 'event',
    'event' => 'VIEW',
    'eventkey' => 'http://tejia.zdxinfo.com/app/index.php?i=2&c=entry&do=mgindex&m=we7_wmall2',
    'menuid' => '414776011',
    'from' => 'ohRa2whBdMPzJcoZvKnTQULjcVcE',
    'to' => 'gh_693cbb2a3e71',
    'time' => '1497859574',
    'type' => 'text',
    'content' => 'http://tejia.zdxinfo.com/app/index.php?i=2&c=entry&do=mgindex&m=we7_wmall2',
    'redirection' => true,
    'source' => 'VIEW',
  ),
)

2017-06-19 16:06:13 response :
------------

2017-06-19 16:12:10 trace :
------------
String:
<xml><ToUserName><![CDATA[gh_693cbb2a3e71]]></ToUserName>
<FromUserName><![CDATA[ohRa2wp94r3_u5BHjSxVewj2_McA]]></FromUserName>
<CreateTime>1497859931</CreateTime>
<MsgType><![CDATA[event]]></MsgType>
<Event><![CDATA[VIEW]]></Event>
<EventKey><![CDATA[http://tejia.zdxinfo.com/app/index.php?i=2&c=entry&do=mgindex&m=we7_wmall]]></EventKey>
<MenuId>414776011</MenuId>
</xml>

2017-06-19 16:12:10 params :
------------
String:
array (
  'rule' => -2,
  'module' => '',
  'message' => 
  array (
    'tousername' => 'gh_693cbb2a3e71',
    'fromusername' => 'ohRa2wp94r3_u5BHjSxVewj2_McA',
    'createtime' => '1497859931',
    'msgtype' => 'event',
    'event' => 'VIEW',
    'eventkey' => 'http://tejia.zdxinfo.com/app/index.php?i=2&c=entry&do=mgindex&m=we7_wmall',
    'menuid' => '414776011',
    'from' => 'ohRa2wp94r3_u5BHjSxVewj2_McA',
    'to' => 'gh_693cbb2a3e71',
    'time' => '1497859931',
    'type' => 'text',
    'content' => 'http://tejia.zdxinfo.com/app/index.php?i=2&c=entry&do=mgindex&m=we7_wmall',
    'redirection' => true,
    'source' => 'VIEW',
  ),
)

2017-06-19 16:12:10 response :
------------

2017-06-19 20:43:56 trace :
------------
String:
<xml><ToUserName><![CDATA[gh_693cbb2a3e71]]></ToUserName>
<FromUserName><![CDATA[ohRa2woF3-IPqpOAC2eAfLNZZLaI]]></FromUserName>
<CreateTime>1497876237</CreateTime>
<MsgType><![CDATA[event]]></MsgType>
<Event><![CDATA[subscribe]]></Event>
<EventKey><![CDATA[]]></EventKey>
</xml>

2017-06-19 20:43:56 params :
------------
String:
array (
  'rule' => -2,
  'module' => '',
  'message' => 
  array (
    'tousername' => 'gh_693cbb2a3e71',
    'fromusername' => 'ohRa2woF3-IPqpOAC2eAfLNZZLaI',
    'createtime' => '1497876237',
    'msgtype' => 'event',
    'event' => 'subscribe',
    'eventkey' => '',
    'from' => 'ohRa2woF3-IPqpOAC2eAfLNZZLaI',
    'to' => 'gh_693cbb2a3e71',
    'time' => '1497876237',
    'type' => 'text',
    'redirection' => true,
    'source' => 'subscribe',
  ),
)

2017-06-19 20:43:56 response :
------------

