2017-08-29 00:42:08 trace :
------------
String:
<xml><ToUserName><![CDATA[gh_693cbb2a3e71]]></ToUserName>
<FromUserName><![CDATA[ohRa2wlhh5eUUhJmAbqYCUnGAuBU]]></FromUserName>
<CreateTime>1503938529</CreateTime>
<MsgType><![CDATA[event]]></MsgType>
<Event><![CDATA[unsubscribe]]></Event>
<EventKey><![CDATA[]]></EventKey>
</xml>

2017-08-29 05:50:24 trace :
------------
String:
<xml><ToUserName><![CDATA[gh_693cbb2a3e71]]></ToUserName>
<FromUserName><![CDATA[ohRa2wjm9nmNBD3DS8hDX9Opy1ns]]></FromUserName>
<CreateTime>1503957026</CreateTime>
<MsgType><![CDATA[event]]></MsgType>
<Event><![CDATA[VIEW]]></Event>
<EventKey><![CDATA[http://tejia.zdxinfo.com/app/index.php?i=2&c=entry&m=we7_wmall1&do=mgindex]]></EventKey>
<MenuId>415187293</MenuId>
</xml>

2017-08-29 05:50:24 params :
------------
String:
array (
  'rule' => -2,
  'module' => '',
  'message' => 
  array (
    'tousername' => 'gh_693cbb2a3e71',
    'fromusername' => 'ohRa2wjm9nmNBD3DS8hDX9Opy1ns',
    'createtime' => '1503957026',
    'msgtype' => 'event',
    'event' => 'VIEW',
    'eventkey' => 'http://tejia.zdxinfo.com/app/index.php?i=2&c=entry&m=we7_wmall1&do=mgindex',
    'menuid' => '415187293',
    'from' => 'ohRa2wjm9nmNBD3DS8hDX9Opy1ns',
    'to' => 'gh_693cbb2a3e71',
    'time' => '1503957026',
    'type' => 'text',
    'content' => 'http://tejia.zdxinfo.com/app/index.php?i=2&c=entry&m=we7_wmall1&do=mgindex',
    'redirection' => true,
    'source' => 'VIEW',
  ),
)

2017-08-29 05:50:24 response :
------------

2017-08-29 09:55:29 trace :
------------
String:
<xml><ToUserName><![CDATA[gh_693cbb2a3e71]]></ToUserName>
<FromUserName><![CDATA[ohRa2wqgej-B0leBNgf9SNpIxRXU]]></FromUserName>
<CreateTime>1503971730</CreateTime>
<MsgType><![CDATA[event]]></MsgType>
<Event><![CDATA[TEMPLATESENDJOBFINISH]]></Event>
<MsgID>416468667</MsgID>
<Status><![CDATA[success]]></Status>
</xml>

2017-08-29 09:55:29 params :
------------
String:
array (
  'rule' => -2,
  'module' => '',
  'message' => 
  array (
    'tousername' => 'gh_693cbb2a3e71',
    'fromusername' => 'ohRa2wqgej-B0leBNgf9SNpIxRXU',
    'createtime' => '1503971730',
    'msgtype' => 'event',
    'event' => 'TEMPLATESENDJOBFINISH',
    'msgid' => '416468667',
    'status' => 'success',
    'from' => 'ohRa2wqgej-B0leBNgf9SNpIxRXU',
    'to' => 'gh_693cbb2a3e71',
    'time' => '1503971730',
    'type' => 'event',
  ),
)

2017-08-29 09:55:29 response :
------------

2017-08-29 09:55:29 trace :
------------
String:
<xml><ToUserName><![CDATA[gh_693cbb2a3e71]]></ToUserName>
<FromUserName><![CDATA[ohRa2wp94r3_u5BHjSxVewj2_McA]]></FromUserName>
<CreateTime>1503971730</CreateTime>
<MsgType><![CDATA[event]]></MsgType>
<Event><![CDATA[TEMPLATESENDJOBFINISH]]></Event>
<MsgID>416468668</MsgID>
<Status><![CDATA[success]]></Status>
</xml>

2017-08-29 09:55:29 params :
------------
String:
array (
  'rule' => -2,
  'module' => '',
  'message' => 
  array (
    'tousername' => 'gh_693cbb2a3e71',
    'fromusername' => 'ohRa2wp94r3_u5BHjSxVewj2_McA',
    'createtime' => '1503971730',
    'msgtype' => 'event',
    'event' => 'TEMPLATESENDJOBFINISH',
    'msgid' => '416468668',
    'status' => 'success',
    'from' => 'ohRa2wp94r3_u5BHjSxVewj2_McA',
    'to' => 'gh_693cbb2a3e71',
    'time' => '1503971730',
    'type' => 'event',
  ),
)

2017-08-29 09:55:29 response :
------------

2017-08-29 09:55:29 trace :
------------
String:
<xml><ToUserName><![CDATA[gh_693cbb2a3e71]]></ToUserName>
<FromUserName><![CDATA[ohRa2wr3bskeUmcBJFAWlHZIAO8U]]></FromUserName>
<CreateTime>1503971731</CreateTime>
<MsgType><![CDATA[event]]></MsgType>
<Event><![CDATA[TEMPLATESENDJOBFINISH]]></Event>
<MsgID>416468669</MsgID>
<Status><![CDATA[success]]></Status>
</xml>

2017-08-29 09:55:29 params :
------------
String:
array (
  'rule' => -2,
  'module' => '',
  'message' => 
  array (
    'tousername' => 'gh_693cbb2a3e71',
    'fromusername' => 'ohRa2wr3bskeUmcBJFAWlHZIAO8U',
    'createtime' => '1503971731',
    'msgtype' => 'event',
    'event' => 'TEMPLATESENDJOBFINISH',
    'msgid' => '416468669',
    'status' => 'success',
    'from' => 'ohRa2wr3bskeUmcBJFAWlHZIAO8U',
    'to' => 'gh_693cbb2a3e71',
    'time' => '1503971731',
    'type' => 'event',
  ),
)

2017-08-29 09:55:29 response :
------------

2017-08-29 09:55:35 trace :
------------
String:
<xml><ToUserName><![CDATA[gh_693cbb2a3e71]]></ToUserName>
<FromUserName><![CDATA[ohRa2wqgej-B0leBNgf9SNpIxRXU]]></FromUserName>
<CreateTime>1503971736</CreateTime>
<MsgType><![CDATA[event]]></MsgType>
<Event><![CDATA[TEMPLATESENDJOBFINISH]]></Event>
<MsgID>416468672</MsgID>
<Status><![CDATA[success]]></Status>
</xml>

2017-08-29 09:55:35 params :
------------
String:
array (
  'rule' => -2,
  'module' => '',
  'message' => 
  array (
    'tousername' => 'gh_693cbb2a3e71',
    'fromusername' => 'ohRa2wqgej-B0leBNgf9SNpIxRXU',
    'createtime' => '1503971736',
    'msgtype' => 'event',
    'event' => 'TEMPLATESENDJOBFINISH',
    'msgid' => '416468672',
    'status' => 'success',
    'from' => 'ohRa2wqgej-B0leBNgf9SNpIxRXU',
    'to' => 'gh_693cbb2a3e71',
    'time' => '1503971736',
    'type' => 'event',
  ),
)

2017-08-29 09:55:35 response :
------------

2017-08-29 09:55:35 trace :
------------
String:
<xml><ToUserName><![CDATA[gh_693cbb2a3e71]]></ToUserName>
<FromUserName><![CDATA[ohRa2wp94r3_u5BHjSxVewj2_McA]]></FromUserName>
<CreateTime>1503971736</CreateTime>
<MsgType><![CDATA[event]]></MsgType>
<Event><![CDATA[TEMPLATESENDJOBFINISH]]></Event>
<MsgID>416468673</MsgID>
<Status><![CDATA[success]]></Status>
</xml>

2017-08-29 09:55:35 params :
------------
String:
array (
  'rule' => -2,
  'module' => '',
  'message' => 
  array (
    'tousername' => 'gh_693cbb2a3e71',
    'fromusername' => 'ohRa2wp94r3_u5BHjSxVewj2_McA',
    'createtime' => '1503971736',
    'msgtype' => 'event',
    'event' => 'TEMPLATESENDJOBFINISH',
    'msgid' => '416468673',
    'status' => 'success',
    'from' => 'ohRa2wp94r3_u5BHjSxVewj2_McA',
    'to' => 'gh_693cbb2a3e71',
    'time' => '1503971736',
    'type' => 'event',
  ),
)

2017-08-29 09:55:35 response :
------------

2017-08-29 09:55:35 trace :
------------
String:
<xml><ToUserName><![CDATA[gh_693cbb2a3e71]]></ToUserName>
<FromUserName><![CDATA[ohRa2wr3bskeUmcBJFAWlHZIAO8U]]></FromUserName>
<CreateTime>1503971736</CreateTime>
<MsgType><![CDATA[event]]></MsgType>
<Event><![CDATA[TEMPLATESENDJOBFINISH]]></Event>
<MsgID>416468674</MsgID>
<Status><![CDATA[success]]></Status>
</xml>

2017-08-29 09:55:35 params :
------------
String:
array (
  'rule' => -2,
  'module' => '',
  'message' => 
  array (
    'tousername' => 'gh_693cbb2a3e71',
    'fromusername' => 'ohRa2wr3bskeUmcBJFAWlHZIAO8U',
    'createtime' => '1503971736',
    'msgtype' => 'event',
    'event' => 'TEMPLATESENDJOBFINISH',
    'msgid' => '416468674',
    'status' => 'success',
    'from' => 'ohRa2wr3bskeUmcBJFAWlHZIAO8U',
    'to' => 'gh_693cbb2a3e71',
    'time' => '1503971736',
    'type' => 'event',
  ),
)

2017-08-29 09:55:35 response :
------------

2017-08-29 09:55:41 trace :
------------
String:
<xml><ToUserName><![CDATA[gh_693cbb2a3e71]]></ToUserName>
<FromUserName><![CDATA[ohRa2wqgej-B0leBNgf9SNpIxRXU]]></FromUserName>
<CreateTime>1503971742</CreateTime>
<MsgType><![CDATA[event]]></MsgType>
<Event><![CDATA[TEMPLATESENDJOBFINISH]]></Event>
<MsgID>416468676</MsgID>
<Status><![CDATA[success]]></Status>
</xml>

2017-08-29 09:55:41 params :
------------
String:
array (
  'rule' => -2,
  'module' => '',
  'message' => 
  array (
    'tousername' => 'gh_693cbb2a3e71',
    'fromusername' => 'ohRa2wqgej-B0leBNgf9SNpIxRXU',
    'createtime' => '1503971742',
    'msgtype' => 'event',
    'event' => 'TEMPLATESENDJOBFINISH',
    'msgid' => '416468676',
    'status' => 'success',
    'from' => 'ohRa2wqgej-B0leBNgf9SNpIxRXU',
    'to' => 'gh_693cbb2a3e71',
    'time' => '1503971742',
    'type' => 'event',
  ),
)

2017-08-29 09:55:41 response :
------------

2017-08-29 09:55:41 trace :
------------
String:
<xml><ToUserName><![CDATA[gh_693cbb2a3e71]]></ToUserName>
<FromUserName><![CDATA[ohRa2wp94r3_u5BHjSxVewj2_McA]]></FromUserName>
<CreateTime>1503971742</CreateTime>
<MsgType><![CDATA[event]]></MsgType>
<Event><![CDATA[TEMPLATESENDJOBFINISH]]></Event>
<MsgID>416468678</MsgID>
<Status><![CDATA[success]]></Status>
</xml>

2017-08-29 09:55:41 params :
------------
String:
array (
  'rule' => -2,
  'module' => '',
  'message' => 
  array (
    'tousername' => 'gh_693cbb2a3e71',
    'fromusername' => 'ohRa2wp94r3_u5BHjSxVewj2_McA',
    'createtime' => '1503971742',
    'msgtype' => 'event',
    'event' => 'TEMPLATESENDJOBFINISH',
    'msgid' => '416468678',
    'status' => 'success',
    'from' => 'ohRa2wp94r3_u5BHjSxVewj2_McA',
    'to' => 'gh_693cbb2a3e71',
    'time' => '1503971742',
    'type' => 'event',
  ),
)

2017-08-29 09:55:41 response :
------------

2017-08-29 09:55:41 trace :
------------
String:
<xml><ToUserName><![CDATA[gh_693cbb2a3e71]]></ToUserName>
<FromUserName><![CDATA[ohRa2wr3bskeUmcBJFAWlHZIAO8U]]></FromUserName>
<CreateTime>1503971742</CreateTime>
<MsgType><![CDATA[event]]></MsgType>
<Event><![CDATA[TEMPLATESENDJOBFINISH]]></Event>
<MsgID>416468679</MsgID>
<Status><![CDATA[success]]></Status>
</xml>

2017-08-29 09:55:41 params :
------------
String:
array (
  'rule' => -2,
  'module' => '',
  'message' => 
  array (
    'tousername' => 'gh_693cbb2a3e71',
    'fromusername' => 'ohRa2wr3bskeUmcBJFAWlHZIAO8U',
    'createtime' => '1503971742',
    'msgtype' => 'event',
    'event' => 'TEMPLATESENDJOBFINISH',
    'msgid' => '416468679',
    'status' => 'success',
    'from' => 'ohRa2wr3bskeUmcBJFAWlHZIAO8U',
    'to' => 'gh_693cbb2a3e71',
    'time' => '1503971742',
    'type' => 'event',
  ),
)

2017-08-29 09:55:41 response :
------------

2017-08-29 09:55:49 trace :
------------
String:
<xml><ToUserName><![CDATA[gh_693cbb2a3e71]]></ToUserName>
<FromUserName><![CDATA[ohRa2wqgej-B0leBNgf9SNpIxRXU]]></FromUserName>
<CreateTime>1503971750</CreateTime>
<MsgType><![CDATA[event]]></MsgType>
<Event><![CDATA[TEMPLATESENDJOBFINISH]]></Event>
<MsgID>416468683</MsgID>
<Status><![CDATA[success]]></Status>
</xml>

2017-08-29 09:55:49 params :
------------
String:
array (
  'rule' => -2,
  'module' => '',
  'message' => 
  array (
    'tousername' => 'gh_693cbb2a3e71',
    'fromusername' => 'ohRa2wqgej-B0leBNgf9SNpIxRXU',
    'createtime' => '1503971750',
    'msgtype' => 'event',
    'event' => 'TEMPLATESENDJOBFINISH',
    'msgid' => '416468683',
    'status' => 'success',
    'from' => 'ohRa2wqgej-B0leBNgf9SNpIxRXU',
    'to' => 'gh_693cbb2a3e71',
    'time' => '1503971750',
    'type' => 'event',
  ),
)

2017-08-29 09:55:49 response :
------------

2017-08-29 09:55:49 trace :
------------
String:
<xml><ToUserName><![CDATA[gh_693cbb2a3e71]]></ToUserName>
<FromUserName><![CDATA[ohRa2wp94r3_u5BHjSxVewj2_McA]]></FromUserName>
<CreateTime>1503971750</CreateTime>
<MsgType><![CDATA[event]]></MsgType>
<Event><![CDATA[TEMPLATESENDJOBFINISH]]></Event>
<MsgID>416468684</MsgID>
<Status><![CDATA[success]]></Status>
</xml>

2017-08-29 09:55:49 params :
------------
String:
array (
  'rule' => -2,
  'module' => '',
  'message' => 
  array (
    'tousername' => 'gh_693cbb2a3e71',
    'fromusername' => 'ohRa2wp94r3_u5BHjSxVewj2_McA',
    'createtime' => '1503971750',
    'msgtype' => 'event',
    'event' => 'TEMPLATESENDJOBFINISH',
    'msgid' => '416468684',
    'status' => 'success',
    'from' => 'ohRa2wp94r3_u5BHjSxVewj2_McA',
    'to' => 'gh_693cbb2a3e71',
    'time' => '1503971750',
    'type' => 'event',
  ),
)

2017-08-29 09:55:49 response :
------------

2017-08-29 09:55:49 trace :
------------
String:
<xml><ToUserName><![CDATA[gh_693cbb2a3e71]]></ToUserName>
<FromUserName><![CDATA[ohRa2wr3bskeUmcBJFAWlHZIAO8U]]></FromUserName>
<CreateTime>1503971751</CreateTime>
<MsgType><![CDATA[event]]></MsgType>
<Event><![CDATA[TEMPLATESENDJOBFINISH]]></Event>
<MsgID>416468685</MsgID>
<Status><![CDATA[success]]></Status>
</xml>

2017-08-29 09:55:49 params :
------------
String:
array (
  'rule' => -2,
  'module' => '',
  'message' => 
  array (
    'tousername' => 'gh_693cbb2a3e71',
    'fromusername' => 'ohRa2wr3bskeUmcBJFAWlHZIAO8U',
    'createtime' => '1503971751',
    'msgtype' => 'event',
    'event' => 'TEMPLATESENDJOBFINISH',
    'msgid' => '416468685',
    'status' => 'success',
    'from' => 'ohRa2wr3bskeUmcBJFAWlHZIAO8U',
    'to' => 'gh_693cbb2a3e71',
    'time' => '1503971751',
    'type' => 'event',
  ),
)

2017-08-29 09:55:49 response :
------------

2017-08-29 09:56:02 trace :
------------
String:
<xml><ToUserName><![CDATA[gh_693cbb2a3e71]]></ToUserName>
<FromUserName><![CDATA[ohRa2wqgej-B0leBNgf9SNpIxRXU]]></FromUserName>
<CreateTime>1503971763</CreateTime>
<MsgType><![CDATA[event]]></MsgType>
<Event><![CDATA[TEMPLATESENDJOBFINISH]]></Event>
<MsgID>416468690</MsgID>
<Status><![CDATA[success]]></Status>
</xml>

2017-08-29 09:56:02 params :
------------
String:
array (
  'rule' => -2,
  'module' => '',
  'message' => 
  array (
    'tousername' => 'gh_693cbb2a3e71',
    'fromusername' => 'ohRa2wqgej-B0leBNgf9SNpIxRXU',
    'createtime' => '1503971763',
    'msgtype' => 'event',
    'event' => 'TEMPLATESENDJOBFINISH',
    'msgid' => '416468690',
    'status' => 'success',
    'from' => 'ohRa2wqgej-B0leBNgf9SNpIxRXU',
    'to' => 'gh_693cbb2a3e71',
    'time' => '1503971763',
    'type' => 'event',
  ),
)

2017-08-29 09:56:02 response :
------------

2017-08-29 09:56:02 trace :
------------
String:
<xml><ToUserName><![CDATA[gh_693cbb2a3e71]]></ToUserName>
<FromUserName><![CDATA[ohRa2wp94r3_u5BHjSxVewj2_McA]]></FromUserName>
<CreateTime>1503971763</CreateTime>
<MsgType><![CDATA[event]]></MsgType>
<Event><![CDATA[TEMPLATESENDJOBFINISH]]></Event>
<MsgID>416468691</MsgID>
<Status><![CDATA[success]]></Status>
</xml>

2017-08-29 09:56:02 params :
------------
String:
array (
  'rule' => -2,
  'module' => '',
  'message' => 
  array (
    'tousername' => 'gh_693cbb2a3e71',
    'fromusername' => 'ohRa2wp94r3_u5BHjSxVewj2_McA',
    'createtime' => '1503971763',
    'msgtype' => 'event',
    'event' => 'TEMPLATESENDJOBFINISH',
    'msgid' => '416468691',
    'status' => 'success',
    'from' => 'ohRa2wp94r3_u5BHjSxVewj2_McA',
    'to' => 'gh_693cbb2a3e71',
    'time' => '1503971763',
    'type' => 'event',
  ),
)

2017-08-29 09:56:02 response :
------------

2017-08-29 09:56:03 trace :
------------
String:
<xml><ToUserName><![CDATA[gh_693cbb2a3e71]]></ToUserName>
<FromUserName><![CDATA[ohRa2wr3bskeUmcBJFAWlHZIAO8U]]></FromUserName>
<CreateTime>1503971764</CreateTime>
<MsgType><![CDATA[event]]></MsgType>
<Event><![CDATA[TEMPLATESENDJOBFINISH]]></Event>
<MsgID>416468692</MsgID>
<Status><![CDATA[success]]></Status>
</xml>

2017-08-29 09:56:03 params :
------------
String:
array (
  'rule' => -2,
  'module' => '',
  'message' => 
  array (
    'tousername' => 'gh_693cbb2a3e71',
    'fromusername' => 'ohRa2wr3bskeUmcBJFAWlHZIAO8U',
    'createtime' => '1503971764',
    'msgtype' => 'event',
    'event' => 'TEMPLATESENDJOBFINISH',
    'msgid' => '416468692',
    'status' => 'success',
    'from' => 'ohRa2wr3bskeUmcBJFAWlHZIAO8U',
    'to' => 'gh_693cbb2a3e71',
    'time' => '1503971764',
    'type' => 'event',
  ),
)

2017-08-29 09:56:03 response :
------------

2017-08-29 09:56:08 trace :
------------
String:
<xml><ToUserName><![CDATA[gh_693cbb2a3e71]]></ToUserName>
<FromUserName><![CDATA[ohRa2wqgej-B0leBNgf9SNpIxRXU]]></FromUserName>
<CreateTime>1503971769</CreateTime>
<MsgType><![CDATA[event]]></MsgType>
<Event><![CDATA[TEMPLATESENDJOBFINISH]]></Event>
<MsgID>416468694</MsgID>
<Status><![CDATA[success]]></Status>
</xml>

2017-08-29 09:56:08 params :
------------
String:
array (
  'rule' => -2,
  'module' => '',
  'message' => 
  array (
    'tousername' => 'gh_693cbb2a3e71',
    'fromusername' => 'ohRa2wqgej-B0leBNgf9SNpIxRXU',
    'createtime' => '1503971769',
    'msgtype' => 'event',
    'event' => 'TEMPLATESENDJOBFINISH',
    'msgid' => '416468694',
    'status' => 'success',
    'from' => 'ohRa2wqgej-B0leBNgf9SNpIxRXU',
    'to' => 'gh_693cbb2a3e71',
    'time' => '1503971769',
    'type' => 'event',
  ),
)

2017-08-29 09:56:08 response :
------------

2017-08-29 09:56:08 trace :
------------
String:
<xml><ToUserName><![CDATA[gh_693cbb2a3e71]]></ToUserName>
<FromUserName><![CDATA[ohRa2wp94r3_u5BHjSxVewj2_McA]]></FromUserName>
<CreateTime>1503971770</CreateTime>
<MsgType><![CDATA[event]]></MsgType>
<Event><![CDATA[TEMPLATESENDJOBFINISH]]></Event>
<MsgID>416468695</MsgID>
<Status><![CDATA[success]]></Status>
</xml>

2017-08-29 09:56:08 params :
------------
String:
array (
  'rule' => -2,
  'module' => '',
  'message' => 
  array (
    'tousername' => 'gh_693cbb2a3e71',
    'fromusername' => 'ohRa2wp94r3_u5BHjSxVewj2_McA',
    'createtime' => '1503971770',
    'msgtype' => 'event',
    'event' => 'TEMPLATESENDJOBFINISH',
    'msgid' => '416468695',
    'status' => 'success',
    'from' => 'ohRa2wp94r3_u5BHjSxVewj2_McA',
    'to' => 'gh_693cbb2a3e71',
    'time' => '1503971770',
    'type' => 'event',
  ),
)

2017-08-29 09:56:08 response :
------------

2017-08-29 09:56:09 trace :
------------
String:
<xml><ToUserName><![CDATA[gh_693cbb2a3e71]]></ToUserName>
<FromUserName><![CDATA[ohRa2wr3bskeUmcBJFAWlHZIAO8U]]></FromUserName>
<CreateTime>1503971770</CreateTime>
<MsgType><![CDATA[event]]></MsgType>
<Event><![CDATA[TEMPLATESENDJOBFINISH]]></Event>
<MsgID>416468696</MsgID>
<Status><![CDATA[success]]></Status>
</xml>

2017-08-29 09:56:09 params :
------------
String:
array (
  'rule' => -2,
  'module' => '',
  'message' => 
  array (
    'tousername' => 'gh_693cbb2a3e71',
    'fromusername' => 'ohRa2wr3bskeUmcBJFAWlHZIAO8U',
    'createtime' => '1503971770',
    'msgtype' => 'event',
    'event' => 'TEMPLATESENDJOBFINISH',
    'msgid' => '416468696',
    'status' => 'success',
    'from' => 'ohRa2wr3bskeUmcBJFAWlHZIAO8U',
    'to' => 'gh_693cbb2a3e71',
    'time' => '1503971770',
    'type' => 'event',
  ),
)

2017-08-29 09:56:09 response :
------------

2017-08-29 09:56:14 trace :
------------
String:
<xml><ToUserName><![CDATA[gh_693cbb2a3e71]]></ToUserName>
<FromUserName><![CDATA[ohRa2wqgej-B0leBNgf9SNpIxRXU]]></FromUserName>
<CreateTime>1503971776</CreateTime>
<MsgType><![CDATA[event]]></MsgType>
<Event><![CDATA[TEMPLATESENDJOBFINISH]]></Event>
<MsgID>416468698</MsgID>
<Status><![CDATA[success]]></Status>
</xml>

2017-08-29 09:56:14 params :
------------
String:
array (
  'rule' => -2,
  'module' => '',
  'message' => 
  array (
    'tousername' => 'gh_693cbb2a3e71',
    'fromusername' => 'ohRa2wqgej-B0leBNgf9SNpIxRXU',
    'createtime' => '1503971776',
    'msgtype' => 'event',
    'event' => 'TEMPLATESENDJOBFINISH',
    'msgid' => '416468698',
    'status' => 'success',
    'from' => 'ohRa2wqgej-B0leBNgf9SNpIxRXU',
    'to' => 'gh_693cbb2a3e71',
    'time' => '1503971776',
    'type' => 'event',
  ),
)

2017-08-29 09:56:14 response :
------------

2017-08-29 09:56:15 trace :
------------
String:
<xml><ToUserName><![CDATA[gh_693cbb2a3e71]]></ToUserName>
<FromUserName><![CDATA[ohRa2wp94r3_u5BHjSxVewj2_McA]]></FromUserName>
<CreateTime>1503971776</CreateTime>
<MsgType><![CDATA[event]]></MsgType>
<Event><![CDATA[TEMPLATESENDJOBFINISH]]></Event>
<MsgID>416468699</MsgID>
<Status><![CDATA[success]]></Status>
</xml>

2017-08-29 09:56:15 params :
------------
String:
array (
  'rule' => -2,
  'module' => '',
  'message' => 
  array (
    'tousername' => 'gh_693cbb2a3e71',
    'fromusername' => 'ohRa2wp94r3_u5BHjSxVewj2_McA',
    'createtime' => '1503971776',
    'msgtype' => 'event',
    'event' => 'TEMPLATESENDJOBFINISH',
    'msgid' => '416468699',
    'status' => 'success',
    'from' => 'ohRa2wp94r3_u5BHjSxVewj2_McA',
    'to' => 'gh_693cbb2a3e71',
    'time' => '1503971776',
    'type' => 'event',
  ),
)

2017-08-29 09:56:15 response :
------------

2017-08-29 09:56:15 trace :
------------
String:
<xml><ToUserName><![CDATA[gh_693cbb2a3e71]]></ToUserName>
<FromUserName><![CDATA[ohRa2wr3bskeUmcBJFAWlHZIAO8U]]></FromUserName>
<CreateTime>1503971776</CreateTime>
<MsgType><![CDATA[event]]></MsgType>
<Event><![CDATA[TEMPLATESENDJOBFINISH]]></Event>
<MsgID>416468701</MsgID>
<Status><![CDATA[success]]></Status>
</xml>

2017-08-29 09:56:15 params :
------------
String:
array (
  'rule' => -2,
  'module' => '',
  'message' => 
  array (
    'tousername' => 'gh_693cbb2a3e71',
    'fromusername' => 'ohRa2wr3bskeUmcBJFAWlHZIAO8U',
    'createtime' => '1503971776',
    'msgtype' => 'event',
    'event' => 'TEMPLATESENDJOBFINISH',
    'msgid' => '416468701',
    'status' => 'success',
    'from' => 'ohRa2wr3bskeUmcBJFAWlHZIAO8U',
    'to' => 'gh_693cbb2a3e71',
    'time' => '1503971776',
    'type' => 'event',
  ),
)

2017-08-29 09:56:15 response :
------------

2017-08-29 09:56:24 trace :
------------
String:
<xml><ToUserName><![CDATA[gh_693cbb2a3e71]]></ToUserName>
<FromUserName><![CDATA[ohRa2wp94r3_u5BHjSxVewj2_McA]]></FromUserName>
<CreateTime>1503971785</CreateTime>
<MsgType><![CDATA[event]]></MsgType>
<Event><![CDATA[TEMPLATESENDJOBFINISH]]></Event>
<MsgID>416468707</MsgID>
<Status><![CDATA[success]]></Status>
</xml>

2017-08-29 09:56:24 params :
------------
String:
array (
  'rule' => -2,
  'module' => '',
  'message' => 
  array (
    'tousername' => 'gh_693cbb2a3e71',
    'fromusername' => 'ohRa2wp94r3_u5BHjSxVewj2_McA',
    'createtime' => '1503971785',
    'msgtype' => 'event',
    'event' => 'TEMPLATESENDJOBFINISH',
    'msgid' => '416468707',
    'status' => 'success',
    'from' => 'ohRa2wp94r3_u5BHjSxVewj2_McA',
    'to' => 'gh_693cbb2a3e71',
    'time' => '1503971785',
    'type' => 'event',
  ),
)

2017-08-29 09:56:24 response :
------------

2017-08-29 09:56:24 trace :
------------
String:
<xml><ToUserName><![CDATA[gh_693cbb2a3e71]]></ToUserName>
<FromUserName><![CDATA[ohRa2wr3bskeUmcBJFAWlHZIAO8U]]></FromUserName>
<CreateTime>1503971786</CreateTime>
<MsgType><![CDATA[event]]></MsgType>
<Event><![CDATA[TEMPLATESENDJOBFINISH]]></Event>
<MsgID>416468708</MsgID>
<Status><![CDATA[success]]></Status>
</xml>

2017-08-29 09:56:24 params :
------------
String:
array (
  'rule' => -2,
  'module' => '',
  'message' => 
  array (
    'tousername' => 'gh_693cbb2a3e71',
    'fromusername' => 'ohRa2wr3bskeUmcBJFAWlHZIAO8U',
    'createtime' => '1503971786',
    'msgtype' => 'event',
    'event' => 'TEMPLATESENDJOBFINISH',
    'msgid' => '416468708',
    'status' => 'success',
    'from' => 'ohRa2wr3bskeUmcBJFAWlHZIAO8U',
    'to' => 'gh_693cbb2a3e71',
    'time' => '1503971786',
    'type' => 'event',
  ),
)

2017-08-29 09:56:24 response :
------------

2017-08-29 09:56:24 trace :
------------
String:
<xml><ToUserName><![CDATA[gh_693cbb2a3e71]]></ToUserName>
<FromUserName><![CDATA[ohRa2wqgej-B0leBNgf9SNpIxRXU]]></FromUserName>
<CreateTime>1503971786</CreateTime>
<MsgType><![CDATA[event]]></MsgType>
<Event><![CDATA[TEMPLATESENDJOBFINISH]]></Event>
<MsgID>416468706</MsgID>
<Status><![CDATA[success]]></Status>
</xml>

2017-08-29 09:56:24 params :
------------
String:
array (
  'rule' => -2,
  'module' => '',
  'message' => 
  array (
    'tousername' => 'gh_693cbb2a3e71',
    'fromusername' => 'ohRa2wqgej-B0leBNgf9SNpIxRXU',
    'createtime' => '1503971786',
    'msgtype' => 'event',
    'event' => 'TEMPLATESENDJOBFINISH',
    'msgid' => '416468706',
    'status' => 'success',
    'from' => 'ohRa2wqgej-B0leBNgf9SNpIxRXU',
    'to' => 'gh_693cbb2a3e71',
    'time' => '1503971786',
    'type' => 'event',
  ),
)

2017-08-29 09:56:24 response :
------------

2017-08-29 09:56:31 trace :
------------
String:
<xml><ToUserName><![CDATA[gh_693cbb2a3e71]]></ToUserName>
<FromUserName><![CDATA[ohRa2wqgej-B0leBNgf9SNpIxRXU]]></FromUserName>
<CreateTime>1503971792</CreateTime>
<MsgType><![CDATA[event]]></MsgType>
<Event><![CDATA[TEMPLATESENDJOBFINISH]]></Event>
<MsgID>416468711</MsgID>
<Status><![CDATA[success]]></Status>
</xml>

2017-08-29 09:56:31 params :
------------
String:
array (
  'rule' => -2,
  'module' => '',
  'message' => 
  array (
    'tousername' => 'gh_693cbb2a3e71',
    'fromusername' => 'ohRa2wqgej-B0leBNgf9SNpIxRXU',
    'createtime' => '1503971792',
    'msgtype' => 'event',
    'event' => 'TEMPLATESENDJOBFINISH',
    'msgid' => '416468711',
    'status' => 'success',
    'from' => 'ohRa2wqgej-B0leBNgf9SNpIxRXU',
    'to' => 'gh_693cbb2a3e71',
    'time' => '1503971792',
    'type' => 'event',
  ),
)

2017-08-29 09:56:31 response :
------------

2017-08-29 09:56:31 trace :
------------
String:
<xml><ToUserName><![CDATA[gh_693cbb2a3e71]]></ToUserName>
<FromUserName><![CDATA[ohRa2wp94r3_u5BHjSxVewj2_McA]]></FromUserName>
<CreateTime>1503971793</CreateTime>
<MsgType><![CDATA[event]]></MsgType>
<Event><![CDATA[TEMPLATESENDJOBFINISH]]></Event>
<MsgID>416468712</MsgID>
<Status><![CDATA[success]]></Status>
</xml>

2017-08-29 09:56:31 params :
------------
String:
array (
  'rule' => -2,
  'module' => '',
  'message' => 
  array (
    'tousername' => 'gh_693cbb2a3e71',
    'fromusername' => 'ohRa2wp94r3_u5BHjSxVewj2_McA',
    'createtime' => '1503971793',
    'msgtype' => 'event',
    'event' => 'TEMPLATESENDJOBFINISH',
    'msgid' => '416468712',
    'status' => 'success',
    'from' => 'ohRa2wp94r3_u5BHjSxVewj2_McA',
    'to' => 'gh_693cbb2a3e71',
    'time' => '1503971793',
    'type' => 'event',
  ),
)

2017-08-29 09:56:31 response :
------------

2017-08-29 09:56:32 trace :
------------
String:
<xml><ToUserName><![CDATA[gh_693cbb2a3e71]]></ToUserName>
<FromUserName><![CDATA[ohRa2wr3bskeUmcBJFAWlHZIAO8U]]></FromUserName>
<CreateTime>1503971793</CreateTime>
<MsgType><![CDATA[event]]></MsgType>
<Event><![CDATA[TEMPLATESENDJOBFINISH]]></Event>
<MsgID>416468713</MsgID>
<Status><![CDATA[success]]></Status>
</xml>

2017-08-29 09:56:32 params :
------------
String:
array (
  'rule' => -2,
  'module' => '',
  'message' => 
  array (
    'tousername' => 'gh_693cbb2a3e71',
    'fromusername' => 'ohRa2wr3bskeUmcBJFAWlHZIAO8U',
    'createtime' => '1503971793',
    'msgtype' => 'event',
    'event' => 'TEMPLATESENDJOBFINISH',
    'msgid' => '416468713',
    'status' => 'success',
    'from' => 'ohRa2wr3bskeUmcBJFAWlHZIAO8U',
    'to' => 'gh_693cbb2a3e71',
    'time' => '1503971793',
    'type' => 'event',
  ),
)

2017-08-29 09:56:32 response :
------------

2017-08-29 12:56:18 trace :
------------
String:
<xml><ToUserName><![CDATA[gh_693cbb2a3e71]]></ToUserName>
<FromUserName><![CDATA[ohRa2wqOjFHnc5uZFoQTTuxtRKBA]]></FromUserName>
<CreateTime>1503982579</CreateTime>
<MsgType><![CDATA[event]]></MsgType>
<Event><![CDATA[TEMPLATESENDJOBFINISH]]></Event>
<MsgID>416474973</MsgID>
<Status><![CDATA[success]]></Status>
</xml>

2017-08-29 12:56:18 params :
------------
String:
array (
  'rule' => -2,
  'module' => '',
  'message' => 
  array (
    'tousername' => 'gh_693cbb2a3e71',
    'fromusername' => 'ohRa2wqOjFHnc5uZFoQTTuxtRKBA',
    'createtime' => '1503982579',
    'msgtype' => 'event',
    'event' => 'TEMPLATESENDJOBFINISH',
    'msgid' => '416474973',
    'status' => 'success',
    'from' => 'ohRa2wqOjFHnc5uZFoQTTuxtRKBA',
    'to' => 'gh_693cbb2a3e71',
    'time' => '1503982579',
    'type' => 'event',
  ),
)

2017-08-29 12:56:18 response :
------------

2017-08-29 12:56:18 trace :
------------
String:
<xml><ToUserName><![CDATA[gh_693cbb2a3e71]]></ToUserName>
<FromUserName><![CDATA[ohRa2wpMG8YGOn4CLlg4yoU53Enk]]></FromUserName>
<CreateTime>1503982579</CreateTime>
<MsgType><![CDATA[event]]></MsgType>
<Event><![CDATA[TEMPLATESENDJOBFINISH]]></Event>
<MsgID>416474974</MsgID>
<Status><![CDATA[success]]></Status>
</xml>

2017-08-29 12:56:18 params :
------------
String:
array (
  'rule' => -2,
  'module' => '',
  'message' => 
  array (
    'tousername' => 'gh_693cbb2a3e71',
    'fromusername' => 'ohRa2wpMG8YGOn4CLlg4yoU53Enk',
    'createtime' => '1503982579',
    'msgtype' => 'event',
    'event' => 'TEMPLATESENDJOBFINISH',
    'msgid' => '416474974',
    'status' => 'success',
    'from' => 'ohRa2wpMG8YGOn4CLlg4yoU53Enk',
    'to' => 'gh_693cbb2a3e71',
    'time' => '1503982579',
    'type' => 'event',
  ),
)

2017-08-29 12:56:18 response :
------------

2017-08-29 12:56:26 trace :
------------
String:
<xml><ToUserName><![CDATA[gh_693cbb2a3e71]]></ToUserName>
<FromUserName><![CDATA[ohRa2wmRovjUjJTbqat4FqH8Pbjg]]></FromUserName>
<CreateTime>1503982587</CreateTime>
<MsgType><![CDATA[event]]></MsgType>
<Event><![CDATA[TEMPLATESENDJOBFINISH]]></Event>
<MsgID>416474977</MsgID>
<Status><![CDATA[success]]></Status>
</xml>

2017-08-29 12:56:26 params :
------------
String:
array (
  'rule' => -2,
  'module' => '',
  'message' => 
  array (
    'tousername' => 'gh_693cbb2a3e71',
    'fromusername' => 'ohRa2wmRovjUjJTbqat4FqH8Pbjg',
    'createtime' => '1503982587',
    'msgtype' => 'event',
    'event' => 'TEMPLATESENDJOBFINISH',
    'msgid' => '416474977',
    'status' => 'success',
    'from' => 'ohRa2wmRovjUjJTbqat4FqH8Pbjg',
    'to' => 'gh_693cbb2a3e71',
    'time' => '1503982587',
    'type' => 'event',
  ),
)

2017-08-29 12:56:26 response :
------------

2017-08-29 12:56:26 trace :
------------
String:
<xml><ToUserName><![CDATA[gh_693cbb2a3e71]]></ToUserName>
<FromUserName><![CDATA[ohRa2wsfvmAcJCLTeNLsb4FZoZ9I]]></FromUserName>
<CreateTime>1503982587</CreateTime>
<MsgType><![CDATA[event]]></MsgType>
<Event><![CDATA[TEMPLATESENDJOBFINISH]]></Event>
<MsgID>416474978</MsgID>
<Status><![CDATA[success]]></Status>
</xml>

2017-08-29 12:56:26 params :
------------
String:
array (
  'rule' => -2,
  'module' => '',
  'message' => 
  array (
    'tousername' => 'gh_693cbb2a3e71',
    'fromusername' => 'ohRa2wsfvmAcJCLTeNLsb4FZoZ9I',
    'createtime' => '1503982587',
    'msgtype' => 'event',
    'event' => 'TEMPLATESENDJOBFINISH',
    'msgid' => '416474978',
    'status' => 'success',
    'from' => 'ohRa2wsfvmAcJCLTeNLsb4FZoZ9I',
    'to' => 'gh_693cbb2a3e71',
    'time' => '1503982587',
    'type' => 'event',
  ),
)

2017-08-29 12:56:26 response :
------------

2017-08-29 12:56:31 trace :
------------
String:
<xml><ToUserName><![CDATA[gh_693cbb2a3e71]]></ToUserName>
<FromUserName><![CDATA[ohRa2wqOjFHnc5uZFoQTTuxtRKBA]]></FromUserName>
<CreateTime>1503982592</CreateTime>
<MsgType><![CDATA[event]]></MsgType>
<Event><![CDATA[TEMPLATESENDJOBFINISH]]></Event>
<MsgID>416474981</MsgID>
<Status><![CDATA[success]]></Status>
</xml>

2017-08-29 12:56:31 params :
------------
String:
array (
  'rule' => -2,
  'module' => '',
  'message' => 
  array (
    'tousername' => 'gh_693cbb2a3e71',
    'fromusername' => 'ohRa2wqOjFHnc5uZFoQTTuxtRKBA',
    'createtime' => '1503982592',
    'msgtype' => 'event',
    'event' => 'TEMPLATESENDJOBFINISH',
    'msgid' => '416474981',
    'status' => 'success',
    'from' => 'ohRa2wqOjFHnc5uZFoQTTuxtRKBA',
    'to' => 'gh_693cbb2a3e71',
    'time' => '1503982592',
    'type' => 'event',
  ),
)

2017-08-29 12:56:31 response :
------------

2017-08-29 12:56:31 trace :
------------
String:
<xml><ToUserName><![CDATA[gh_693cbb2a3e71]]></ToUserName>
<FromUserName><![CDATA[ohRa2wpMG8YGOn4CLlg4yoU53Enk]]></FromUserName>
<CreateTime>1503982593</CreateTime>
<MsgType><![CDATA[event]]></MsgType>
<Event><![CDATA[TEMPLATESENDJOBFINISH]]></Event>
<MsgID>416474982</MsgID>
<Status><![CDATA[success]]></Status>
</xml>

2017-08-29 12:56:31 params :
------------
String:
array (
  'rule' => -2,
  'module' => '',
  'message' => 
  array (
    'tousername' => 'gh_693cbb2a3e71',
    'fromusername' => 'ohRa2wpMG8YGOn4CLlg4yoU53Enk',
    'createtime' => '1503982593',
    'msgtype' => 'event',
    'event' => 'TEMPLATESENDJOBFINISH',
    'msgid' => '416474982',
    'status' => 'success',
    'from' => 'ohRa2wpMG8YGOn4CLlg4yoU53Enk',
    'to' => 'gh_693cbb2a3e71',
    'time' => '1503982593',
    'type' => 'event',
  ),
)

2017-08-29 12:56:31 response :
------------

2017-08-29 12:56:40 trace :
------------
String:
<xml><ToUserName><![CDATA[gh_693cbb2a3e71]]></ToUserName>
<FromUserName><![CDATA[ohRa2wmRovjUjJTbqat4FqH8Pbjg]]></FromUserName>
<CreateTime>1503982601</CreateTime>
<MsgType><![CDATA[event]]></MsgType>
<Event><![CDATA[TEMPLATESENDJOBFINISH]]></Event>
<MsgID>416474984</MsgID>
<Status><![CDATA[success]]></Status>
</xml>

2017-08-29 12:56:40 params :
------------
String:
array (
  'rule' => -2,
  'module' => '',
  'message' => 
  array (
    'tousername' => 'gh_693cbb2a3e71',
    'fromusername' => 'ohRa2wmRovjUjJTbqat4FqH8Pbjg',
    'createtime' => '1503982601',
    'msgtype' => 'event',
    'event' => 'TEMPLATESENDJOBFINISH',
    'msgid' => '416474984',
    'status' => 'success',
    'from' => 'ohRa2wmRovjUjJTbqat4FqH8Pbjg',
    'to' => 'gh_693cbb2a3e71',
    'time' => '1503982601',
    'type' => 'event',
  ),
)

2017-08-29 12:56:40 response :
------------

2017-08-29 12:56:40 trace :
------------
String:
<xml><ToUserName><![CDATA[gh_693cbb2a3e71]]></ToUserName>
<FromUserName><![CDATA[ohRa2wsfvmAcJCLTeNLsb4FZoZ9I]]></FromUserName>
<CreateTime>1503982601</CreateTime>
<MsgType><![CDATA[event]]></MsgType>
<Event><![CDATA[TEMPLATESENDJOBFINISH]]></Event>
<MsgID>416474985</MsgID>
<Status><![CDATA[success]]></Status>
</xml>

2017-08-29 12:56:40 params :
------------
String:
array (
  'rule' => -2,
  'module' => '',
  'message' => 
  array (
    'tousername' => 'gh_693cbb2a3e71',
    'fromusername' => 'ohRa2wsfvmAcJCLTeNLsb4FZoZ9I',
    'createtime' => '1503982601',
    'msgtype' => 'event',
    'event' => 'TEMPLATESENDJOBFINISH',
    'msgid' => '416474985',
    'status' => 'success',
    'from' => 'ohRa2wsfvmAcJCLTeNLsb4FZoZ9I',
    'to' => 'gh_693cbb2a3e71',
    'time' => '1503982601',
    'type' => 'event',
  ),
)

2017-08-29 12:56:40 response :
------------

2017-08-29 12:56:44 trace :
------------
String:
<xml><ToUserName><![CDATA[gh_693cbb2a3e71]]></ToUserName>
<FromUserName><![CDATA[ohRa2wqOjFHnc5uZFoQTTuxtRKBA]]></FromUserName>
<CreateTime>1503982605</CreateTime>
<MsgType><![CDATA[event]]></MsgType>
<Event><![CDATA[TEMPLATESENDJOBFINISH]]></Event>
<MsgID>416474987</MsgID>
<Status><![CDATA[success]]></Status>
</xml>

2017-08-29 12:56:44 params :
------------
String:
array (
  'rule' => -2,
  'module' => '',
  'message' => 
  array (
    'tousername' => 'gh_693cbb2a3e71',
    'fromusername' => 'ohRa2wqOjFHnc5uZFoQTTuxtRKBA',
    'createtime' => '1503982605',
    'msgtype' => 'event',
    'event' => 'TEMPLATESENDJOBFINISH',
    'msgid' => '416474987',
    'status' => 'success',
    'from' => 'ohRa2wqOjFHnc5uZFoQTTuxtRKBA',
    'to' => 'gh_693cbb2a3e71',
    'time' => '1503982605',
    'type' => 'event',
  ),
)

2017-08-29 12:56:44 response :
------------

2017-08-29 12:56:44 trace :
------------
String:
<xml><ToUserName><![CDATA[gh_693cbb2a3e71]]></ToUserName>
<FromUserName><![CDATA[ohRa2wpMG8YGOn4CLlg4yoU53Enk]]></FromUserName>
<CreateTime>1503982606</CreateTime>
<MsgType><![CDATA[event]]></MsgType>
<Event><![CDATA[TEMPLATESENDJOBFINISH]]></Event>
<MsgID>416474988</MsgID>
<Status><![CDATA[success]]></Status>
</xml>

2017-08-29 12:56:44 params :
------------
String:
array (
  'rule' => -2,
  'module' => '',
  'message' => 
  array (
    'tousername' => 'gh_693cbb2a3e71',
    'fromusername' => 'ohRa2wpMG8YGOn4CLlg4yoU53Enk',
    'createtime' => '1503982606',
    'msgtype' => 'event',
    'event' => 'TEMPLATESENDJOBFINISH',
    'msgid' => '416474988',
    'status' => 'success',
    'from' => 'ohRa2wpMG8YGOn4CLlg4yoU53Enk',
    'to' => 'gh_693cbb2a3e71',
    'time' => '1503982606',
    'type' => 'event',
  ),
)

2017-08-29 12:56:44 response :
------------

2017-08-29 12:56:46 trace :
------------
String:
<xml><ToUserName><![CDATA[gh_693cbb2a3e71]]></ToUserName>
<FromUserName><![CDATA[ohRa2wmRovjUjJTbqat4FqH8Pbjg]]></FromUserName>
<CreateTime>1503982607</CreateTime>
<MsgType><![CDATA[event]]></MsgType>
<Event><![CDATA[VIEW]]></Event>
<EventKey><![CDATA[http://tejia.zdxinfo.com/app/index.php?i=2&c=entry&m=we7_wmall1&do=mgindex]]></EventKey>
<MenuId>415187293</MenuId>
</xml>

2017-08-29 12:56:46 params :
------------
String:
array (
  'rule' => -2,
  'module' => '',
  'message' => 
  array (
    'tousername' => 'gh_693cbb2a3e71',
    'fromusername' => 'ohRa2wmRovjUjJTbqat4FqH8Pbjg',
    'createtime' => '1503982607',
    'msgtype' => 'event',
    'event' => 'VIEW',
    'eventkey' => 'http://tejia.zdxinfo.com/app/index.php?i=2&c=entry&m=we7_wmall1&do=mgindex',
    'menuid' => '415187293',
    'from' => 'ohRa2wmRovjUjJTbqat4FqH8Pbjg',
    'to' => 'gh_693cbb2a3e71',
    'time' => '1503982607',
    'type' => 'text',
    'content' => 'http://tejia.zdxinfo.com/app/index.php?i=2&c=entry&m=we7_wmall1&do=mgindex',
    'redirection' => true,
    'source' => 'VIEW',
  ),
)

2017-08-29 12:56:46 response :
------------

2017-08-29 16:34:30 trace :
------------
String:
<xml><ToUserName><![CDATA[gh_693cbb2a3e71]]></ToUserName>
<FromUserName><![CDATA[ohRa2wjRfsGlk_Td53a-jzVFtGf8]]></FromUserName>
<CreateTime>1503995671</CreateTime>
<MsgType><![CDATA[event]]></MsgType>
<Event><![CDATA[TEMPLATESENDJOBFINISH]]></Event>
<MsgID>416479972</MsgID>
<Status><![CDATA[success]]></Status>
</xml>

2017-08-29 16:34:30 params :
------------
String:
array (
  'rule' => -2,
  'module' => '',
  'message' => 
  array (
    'tousername' => 'gh_693cbb2a3e71',
    'fromusername' => 'ohRa2wjRfsGlk_Td53a-jzVFtGf8',
    'createtime' => '1503995671',
    'msgtype' => 'event',
    'event' => 'TEMPLATESENDJOBFINISH',
    'msgid' => '416479972',
    'status' => 'success',
    'from' => 'ohRa2wjRfsGlk_Td53a-jzVFtGf8',
    'to' => 'gh_693cbb2a3e71',
    'time' => '1503995671',
    'type' => 'event',
  ),
)

2017-08-29 16:34:30 response :
------------

2017-08-29 16:34:30 trace :
------------
String:
<xml><ToUserName><![CDATA[gh_693cbb2a3e71]]></ToUserName>
<FromUserName><![CDATA[ohRa2wp94r3_u5BHjSxVewj2_McA]]></FromUserName>
<CreateTime>1503995671</CreateTime>
<MsgType><![CDATA[event]]></MsgType>
<Event><![CDATA[TEMPLATESENDJOBFINISH]]></Event>
<MsgID>416479973</MsgID>
<Status><![CDATA[success]]></Status>
</xml>

2017-08-29 16:34:30 params :
------------
String:
array (
  'rule' => -2,
  'module' => '',
  'message' => 
  array (
    'tousername' => 'gh_693cbb2a3e71',
    'fromusername' => 'ohRa2wp94r3_u5BHjSxVewj2_McA',
    'createtime' => '1503995671',
    'msgtype' => 'event',
    'event' => 'TEMPLATESENDJOBFINISH',
    'msgid' => '416479973',
    'status' => 'success',
    'from' => 'ohRa2wp94r3_u5BHjSxVewj2_McA',
    'to' => 'gh_693cbb2a3e71',
    'time' => '1503995671',
    'type' => 'event',
  ),
)

2017-08-29 16:34:30 response :
------------

2017-08-29 16:34:40 trace :
------------
String:
<xml><ToUserName><![CDATA[gh_693cbb2a3e71]]></ToUserName>
<FromUserName><![CDATA[ohRa2wjRfsGlk_Td53a-jzVFtGf8]]></FromUserName>
<CreateTime>1503995681</CreateTime>
<MsgType><![CDATA[event]]></MsgType>
<Event><![CDATA[TEMPLATESENDJOBFINISH]]></Event>
<MsgID>416479981</MsgID>
<Status><![CDATA[success]]></Status>
</xml>

2017-08-29 16:34:40 params :
------------
String:
array (
  'rule' => -2,
  'module' => '',
  'message' => 
  array (
    'tousername' => 'gh_693cbb2a3e71',
    'fromusername' => 'ohRa2wjRfsGlk_Td53a-jzVFtGf8',
    'createtime' => '1503995681',
    'msgtype' => 'event',
    'event' => 'TEMPLATESENDJOBFINISH',
    'msgid' => '416479981',
    'status' => 'success',
    'from' => 'ohRa2wjRfsGlk_Td53a-jzVFtGf8',
    'to' => 'gh_693cbb2a3e71',
    'time' => '1503995681',
    'type' => 'event',
  ),
)

2017-08-29 16:34:40 response :
------------

2017-08-29 16:34:40 trace :
------------
String:
<xml><ToUserName><![CDATA[gh_693cbb2a3e71]]></ToUserName>
<FromUserName><![CDATA[ohRa2wp94r3_u5BHjSxVewj2_McA]]></FromUserName>
<CreateTime>1503995681</CreateTime>
<MsgType><![CDATA[event]]></MsgType>
<Event><![CDATA[TEMPLATESENDJOBFINISH]]></Event>
<MsgID>416479982</MsgID>
<Status><![CDATA[success]]></Status>
</xml>

2017-08-29 16:34:40 params :
------------
String:
array (
  'rule' => -2,
  'module' => '',
  'message' => 
  array (
    'tousername' => 'gh_693cbb2a3e71',
    'fromusername' => 'ohRa2wp94r3_u5BHjSxVewj2_McA',
    'createtime' => '1503995681',
    'msgtype' => 'event',
    'event' => 'TEMPLATESENDJOBFINISH',
    'msgid' => '416479982',
    'status' => 'success',
    'from' => 'ohRa2wp94r3_u5BHjSxVewj2_McA',
    'to' => 'gh_693cbb2a3e71',
    'time' => '1503995681',
    'type' => 'event',
  ),
)

2017-08-29 16:34:40 response :
------------

2017-08-29 16:34:46 trace :
------------
String:
<xml><ToUserName><![CDATA[gh_693cbb2a3e71]]></ToUserName>
<FromUserName><![CDATA[ohRa2wjRfsGlk_Td53a-jzVFtGf8]]></FromUserName>
<CreateTime>1503995687</CreateTime>
<MsgType><![CDATA[event]]></MsgType>
<Event><![CDATA[TEMPLATESENDJOBFINISH]]></Event>
<MsgID>416479985</MsgID>
<Status><![CDATA[success]]></Status>
</xml>

2017-08-29 16:34:46 params :
------------
String:
array (
  'rule' => -2,
  'module' => '',
  'message' => 
  array (
    'tousername' => 'gh_693cbb2a3e71',
    'fromusername' => 'ohRa2wjRfsGlk_Td53a-jzVFtGf8',
    'createtime' => '1503995687',
    'msgtype' => 'event',
    'event' => 'TEMPLATESENDJOBFINISH',
    'msgid' => '416479985',
    'status' => 'success',
    'from' => 'ohRa2wjRfsGlk_Td53a-jzVFtGf8',
    'to' => 'gh_693cbb2a3e71',
    'time' => '1503995687',
    'type' => 'event',
  ),
)

2017-08-29 16:34:46 response :
------------

2017-08-29 16:34:46 trace :
------------
String:
<xml><ToUserName><![CDATA[gh_693cbb2a3e71]]></ToUserName>
<FromUserName><![CDATA[ohRa2wp94r3_u5BHjSxVewj2_McA]]></FromUserName>
<CreateTime>1503995687</CreateTime>
<MsgType><![CDATA[event]]></MsgType>
<Event><![CDATA[TEMPLATESENDJOBFINISH]]></Event>
<MsgID>416479987</MsgID>
<Status><![CDATA[success]]></Status>
</xml>

2017-08-29 16:34:46 params :
------------
String:
array (
  'rule' => -2,
  'module' => '',
  'message' => 
  array (
    'tousername' => 'gh_693cbb2a3e71',
    'fromusername' => 'ohRa2wp94r3_u5BHjSxVewj2_McA',
    'createtime' => '1503995687',
    'msgtype' => 'event',
    'event' => 'TEMPLATESENDJOBFINISH',
    'msgid' => '416479987',
    'status' => 'success',
    'from' => 'ohRa2wp94r3_u5BHjSxVewj2_McA',
    'to' => 'gh_693cbb2a3e71',
    'time' => '1503995687',
    'type' => 'event',
  ),
)

2017-08-29 16:34:46 response :
------------

2017-08-29 16:34:50 trace :
------------
String:
<xml><ToUserName><![CDATA[gh_693cbb2a3e71]]></ToUserName>
<FromUserName><![CDATA[ohRa2wjRfsGlk_Td53a-jzVFtGf8]]></FromUserName>
<CreateTime>1503995692</CreateTime>
<MsgType><![CDATA[event]]></MsgType>
<Event><![CDATA[TEMPLATESENDJOBFINISH]]></Event>
<MsgID>416479989</MsgID>
<Status><![CDATA[success]]></Status>
</xml>

2017-08-29 16:34:50 params :
------------
String:
array (
  'rule' => -2,
  'module' => '',
  'message' => 
  array (
    'tousername' => 'gh_693cbb2a3e71',
    'fromusername' => 'ohRa2wjRfsGlk_Td53a-jzVFtGf8',
    'createtime' => '1503995692',
    'msgtype' => 'event',
    'event' => 'TEMPLATESENDJOBFINISH',
    'msgid' => '416479989',
    'status' => 'success',
    'from' => 'ohRa2wjRfsGlk_Td53a-jzVFtGf8',
    'to' => 'gh_693cbb2a3e71',
    'time' => '1503995692',
    'type' => 'event',
  ),
)

2017-08-29 16:34:50 response :
------------

2017-08-29 16:34:51 trace :
------------
String:
<xml><ToUserName><![CDATA[gh_693cbb2a3e71]]></ToUserName>
<FromUserName><![CDATA[ohRa2wp94r3_u5BHjSxVewj2_McA]]></FromUserName>
<CreateTime>1503995692</CreateTime>
<MsgType><![CDATA[event]]></MsgType>
<Event><![CDATA[TEMPLATESENDJOBFINISH]]></Event>
<MsgID>416479991</MsgID>
<Status><![CDATA[success]]></Status>
</xml>

2017-08-29 16:34:51 params :
------------
String:
array (
  'rule' => -2,
  'module' => '',
  'message' => 
  array (
    'tousername' => 'gh_693cbb2a3e71',
    'fromusername' => 'ohRa2wp94r3_u5BHjSxVewj2_McA',
    'createtime' => '1503995692',
    'msgtype' => 'event',
    'event' => 'TEMPLATESENDJOBFINISH',
    'msgid' => '416479991',
    'status' => 'success',
    'from' => 'ohRa2wp94r3_u5BHjSxVewj2_McA',
    'to' => 'gh_693cbb2a3e71',
    'time' => '1503995692',
    'type' => 'event',
  ),
)

2017-08-29 16:34:51 response :
------------

2017-08-29 16:36:41 trace :
------------
String:
<xml><ToUserName><![CDATA[gh_693cbb2a3e71]]></ToUserName>
<FromUserName><![CDATA[ohRa2wr-HG_Ri1D0TO1EjIo0zdfw]]></FromUserName>
<CreateTime>1503995802</CreateTime>
<MsgType><![CDATA[event]]></MsgType>
<Event><![CDATA[TEMPLATESENDJOBFINISH]]></Event>
<MsgID>416480058</MsgID>
<Status><![CDATA[success]]></Status>
</xml>

2017-08-29 16:36:41 params :
------------
String:
array (
  'rule' => -2,
  'module' => '',
  'message' => 
  array (
    'tousername' => 'gh_693cbb2a3e71',
    'fromusername' => 'ohRa2wr-HG_Ri1D0TO1EjIo0zdfw',
    'createtime' => '1503995802',
    'msgtype' => 'event',
    'event' => 'TEMPLATESENDJOBFINISH',
    'msgid' => '416480058',
    'status' => 'success',
    'from' => 'ohRa2wr-HG_Ri1D0TO1EjIo0zdfw',
    'to' => 'gh_693cbb2a3e71',
    'time' => '1503995802',
    'type' => 'event',
  ),
)

2017-08-29 16:36:41 response :
------------

2017-08-29 17:00:44 trace :
------------
String:
<xml><ToUserName><![CDATA[gh_693cbb2a3e71]]></ToUserName>
<FromUserName><![CDATA[ohRa2wlj3uGt-Dv2jJLiSyDKIxLY]]></FromUserName>
<CreateTime>1503997245</CreateTime>
<MsgType><![CDATA[event]]></MsgType>
<Event><![CDATA[TEMPLATESENDJOBFINISH]]></Event>
<MsgID>416480783</MsgID>
<Status><![CDATA[success]]></Status>
</xml>

2017-08-29 17:00:44 params :
------------
String:
array (
  'rule' => -2,
  'module' => '',
  'message' => 
  array (
    'tousername' => 'gh_693cbb2a3e71',
    'fromusername' => 'ohRa2wlj3uGt-Dv2jJLiSyDKIxLY',
    'createtime' => '1503997245',
    'msgtype' => 'event',
    'event' => 'TEMPLATESENDJOBFINISH',
    'msgid' => '416480783',
    'status' => 'success',
    'from' => 'ohRa2wlj3uGt-Dv2jJLiSyDKIxLY',
    'to' => 'gh_693cbb2a3e71',
    'time' => '1503997245',
    'type' => 'event',
  ),
)

2017-08-29 17:00:44 response :
------------

2017-08-29 17:00:49 trace :
------------
String:
<xml><ToUserName><![CDATA[gh_693cbb2a3e71]]></ToUserName>
<FromUserName><![CDATA[ohRa2wqOjFHnc5uZFoQTTuxtRKBA]]></FromUserName>
<CreateTime>1503997251</CreateTime>
<MsgType><![CDATA[event]]></MsgType>
<Event><![CDATA[TEMPLATESENDJOBFINISH]]></Event>
<MsgID>416480784</MsgID>
<Status><![CDATA[success]]></Status>
</xml>

2017-08-29 17:00:49 params :
------------
String:
array (
  'rule' => -2,
  'module' => '',
  'message' => 
  array (
    'tousername' => 'gh_693cbb2a3e71',
    'fromusername' => 'ohRa2wqOjFHnc5uZFoQTTuxtRKBA',
    'createtime' => '1503997251',
    'msgtype' => 'event',
    'event' => 'TEMPLATESENDJOBFINISH',
    'msgid' => '416480784',
    'status' => 'success',
    'from' => 'ohRa2wqOjFHnc5uZFoQTTuxtRKBA',
    'to' => 'gh_693cbb2a3e71',
    'time' => '1503997251',
    'type' => 'event',
  ),
)

2017-08-29 17:00:49 response :
------------

2017-08-29 17:00:50 trace :
------------
String:
<xml><ToUserName><![CDATA[gh_693cbb2a3e71]]></ToUserName>
<FromUserName><![CDATA[ohRa2wpMG8YGOn4CLlg4yoU53Enk]]></FromUserName>
<CreateTime>1503997251</CreateTime>
<MsgType><![CDATA[event]]></MsgType>
<Event><![CDATA[TEMPLATESENDJOBFINISH]]></Event>
<MsgID>416480785</MsgID>
<Status><![CDATA[success]]></Status>
</xml>

2017-08-29 17:00:50 params :
------------
String:
array (
  'rule' => -2,
  'module' => '',
  'message' => 
  array (
    'tousername' => 'gh_693cbb2a3e71',
    'fromusername' => 'ohRa2wpMG8YGOn4CLlg4yoU53Enk',
    'createtime' => '1503997251',
    'msgtype' => 'event',
    'event' => 'TEMPLATESENDJOBFINISH',
    'msgid' => '416480785',
    'status' => 'success',
    'from' => 'ohRa2wpMG8YGOn4CLlg4yoU53Enk',
    'to' => 'gh_693cbb2a3e71',
    'time' => '1503997251',
    'type' => 'event',
  ),
)

2017-08-29 17:00:50 response :
------------

2017-08-29 17:04:36 trace :
------------
String:
<xml><ToUserName><![CDATA[gh_693cbb2a3e71]]></ToUserName>
<FromUserName><![CDATA[ohRa2wlj3uGt-Dv2jJLiSyDKIxLY]]></FromUserName>
<CreateTime>1503997477</CreateTime>
<MsgType><![CDATA[event]]></MsgType>
<Event><![CDATA[VIEW]]></Event>
<EventKey><![CDATA[http://tejia.zdxinfo.com/app/index.php?i=2&c=entry&m=we7_wmall1&do=mgindex]]></EventKey>
<MenuId>415187293</MenuId>
</xml>

2017-08-29 17:04:36 params :
------------
String:
array (
  'rule' => -2,
  'module' => '',
  'message' => 
  array (
    'tousername' => 'gh_693cbb2a3e71',
    'fromusername' => 'ohRa2wlj3uGt-Dv2jJLiSyDKIxLY',
    'createtime' => '1503997477',
    'msgtype' => 'event',
    'event' => 'VIEW',
    'eventkey' => 'http://tejia.zdxinfo.com/app/index.php?i=2&c=entry&m=we7_wmall1&do=mgindex',
    'menuid' => '415187293',
    'from' => 'ohRa2wlj3uGt-Dv2jJLiSyDKIxLY',
    'to' => 'gh_693cbb2a3e71',
    'time' => '1503997477',
    'type' => 'text',
    'content' => 'http://tejia.zdxinfo.com/app/index.php?i=2&c=entry&m=we7_wmall1&do=mgindex',
    'redirection' => true,
    'source' => 'VIEW',
  ),
)

2017-08-29 17:04:36 response :
------------

