2017-06-04 12:11:54 trace :
------------
String:
<xml><ToUserName><![CDATA[gh_693cbb2a3e71]]></ToUserName>
<FromUserName><![CDATA[ohRa2wirkSv71z97mKRkeevj--A0]]></FromUserName>
<CreateTime>1496549515</CreateTime>
<MsgType><![CDATA[event]]></MsgType>
<Event><![CDATA[subscribe]]></Event>
<EventKey><![CDATA[]]></EventKey>
</xml>

2017-06-04 12:11:54 params :
------------
String:
array (
  'rule' => -2,
  'module' => '',
  'message' => 
  array (
    'tousername' => 'gh_693cbb2a3e71',
    'fromusername' => 'ohRa2wirkSv71z97mKRkeevj--A0',
    'createtime' => '1496549515',
    'msgtype' => 'event',
    'event' => 'subscribe',
    'eventkey' => '',
    'from' => 'ohRa2wirkSv71z97mKRkeevj--A0',
    'to' => 'gh_693cbb2a3e71',
    'time' => '1496549515',
    'type' => 'text',
    'redirection' => true,
    'source' => 'subscribe',
  ),
)

2017-06-04 12:11:54 response :
------------

