2017-09-03 07:51:03 trace :
------------
String:
<xml><ToUserName><![CDATA[gh_693cbb2a3e71]]></ToUserName>
<FromUserName><![CDATA[ohRa2wpq88qpQwlu8rHQrep1D_bM]]></FromUserName>
<CreateTime>1504396264</CreateTime>
<MsgType><![CDATA[event]]></MsgType>
<Event><![CDATA[VIEW]]></Event>
<EventKey><![CDATA[http://tejia.zdxinfo.com/app/index.php?i=2&c=entry&m=we7_wmall1&do=mgindex]]></EventKey>
<MenuId>415187293</MenuId>
</xml>

2017-09-03 07:51:03 params :
------------
String:
array (
  'rule' => -2,
  'module' => '',
  'message' => 
  array (
    'tousername' => 'gh_693cbb2a3e71',
    'fromusername' => 'ohRa2wpq88qpQwlu8rHQrep1D_bM',
    'createtime' => '1504396264',
    'msgtype' => 'event',
    'event' => 'VIEW',
    'eventkey' => 'http://tejia.zdxinfo.com/app/index.php?i=2&c=entry&m=we7_wmall1&do=mgindex',
    'menuid' => '415187293',
    'from' => 'ohRa2wpq88qpQwlu8rHQrep1D_bM',
    'to' => 'gh_693cbb2a3e71',
    'time' => '1504396264',
    'type' => 'text',
    'content' => 'http://tejia.zdxinfo.com/app/index.php?i=2&c=entry&m=we7_wmall1&do=mgindex',
    'redirection' => true,
    'source' => 'VIEW',
  ),
)

2017-09-03 07:51:03 response :
------------

2017-09-03 09:04:13 trace :
------------
String:
<xml><ToUserName><![CDATA[gh_693cbb2a3e71]]></ToUserName>
<FromUserName><![CDATA[ohRa2wqgej-B0leBNgf9SNpIxRXU]]></FromUserName>
<CreateTime>1504400654</CreateTime>
<MsgType><![CDATA[event]]></MsgType>
<Event><![CDATA[TEMPLATESENDJOBFINISH]]></Event>
<MsgID>416588690</MsgID>
<Status><![CDATA[success]]></Status>
</xml>

2017-09-03 09:04:13 params :
------------
String:
array (
  'rule' => -2,
  'module' => '',
  'message' => 
  array (
    'tousername' => 'gh_693cbb2a3e71',
    'fromusername' => 'ohRa2wqgej-B0leBNgf9SNpIxRXU',
    'createtime' => '1504400654',
    'msgtype' => 'event',
    'event' => 'TEMPLATESENDJOBFINISH',
    'msgid' => '416588690',
    'status' => 'success',
    'from' => 'ohRa2wqgej-B0leBNgf9SNpIxRXU',
    'to' => 'gh_693cbb2a3e71',
    'time' => '1504400654',
    'type' => 'event',
  ),
)

2017-09-03 09:04:13 response :
------------

2017-09-03 09:04:13 trace :
------------
String:
<xml><ToUserName><![CDATA[gh_693cbb2a3e71]]></ToUserName>
<FromUserName><![CDATA[ohRa2wp94r3_u5BHjSxVewj2_McA]]></FromUserName>
<CreateTime>1504400654</CreateTime>
<MsgType><![CDATA[event]]></MsgType>
<Event><![CDATA[TEMPLATESENDJOBFINISH]]></Event>
<MsgID>416588691</MsgID>
<Status><![CDATA[success]]></Status>
</xml>

2017-09-03 09:04:13 params :
------------
String:
array (
  'rule' => -2,
  'module' => '',
  'message' => 
  array (
    'tousername' => 'gh_693cbb2a3e71',
    'fromusername' => 'ohRa2wp94r3_u5BHjSxVewj2_McA',
    'createtime' => '1504400654',
    'msgtype' => 'event',
    'event' => 'TEMPLATESENDJOBFINISH',
    'msgid' => '416588691',
    'status' => 'success',
    'from' => 'ohRa2wp94r3_u5BHjSxVewj2_McA',
    'to' => 'gh_693cbb2a3e71',
    'time' => '1504400654',
    'type' => 'event',
  ),
)

2017-09-03 09:04:13 response :
------------

2017-09-03 09:04:13 trace :
------------
String:
<xml><ToUserName><![CDATA[gh_693cbb2a3e71]]></ToUserName>
<FromUserName><![CDATA[ohRa2wr3bskeUmcBJFAWlHZIAO8U]]></FromUserName>
<CreateTime>1504400654</CreateTime>
<MsgType><![CDATA[event]]></MsgType>
<Event><![CDATA[TEMPLATESENDJOBFINISH]]></Event>
<MsgID>416588693</MsgID>
<Status><![CDATA[success]]></Status>
</xml>

2017-09-03 09:04:13 params :
------------
String:
array (
  'rule' => -2,
  'module' => '',
  'message' => 
  array (
    'tousername' => 'gh_693cbb2a3e71',
    'fromusername' => 'ohRa2wr3bskeUmcBJFAWlHZIAO8U',
    'createtime' => '1504400654',
    'msgtype' => 'event',
    'event' => 'TEMPLATESENDJOBFINISH',
    'msgid' => '416588693',
    'status' => 'success',
    'from' => 'ohRa2wr3bskeUmcBJFAWlHZIAO8U',
    'to' => 'gh_693cbb2a3e71',
    'time' => '1504400654',
    'type' => 'event',
  ),
)

2017-09-03 09:04:13 response :
------------

2017-09-03 09:04:38 trace :
------------
String:
<xml><ToUserName><![CDATA[gh_693cbb2a3e71]]></ToUserName>
<FromUserName><![CDATA[ohRa2wqOjFHnc5uZFoQTTuxtRKBA]]></FromUserName>
<CreateTime>1504400680</CreateTime>
<MsgType><![CDATA[event]]></MsgType>
<Event><![CDATA[TEMPLATESENDJOBFINISH]]></Event>
<MsgID>416588717</MsgID>
<Status><![CDATA[success]]></Status>
</xml>

2017-09-03 09:04:38 params :
------------
String:
array (
  'rule' => -2,
  'module' => '',
  'message' => 
  array (
    'tousername' => 'gh_693cbb2a3e71',
    'fromusername' => 'ohRa2wqOjFHnc5uZFoQTTuxtRKBA',
    'createtime' => '1504400680',
    'msgtype' => 'event',
    'event' => 'TEMPLATESENDJOBFINISH',
    'msgid' => '416588717',
    'status' => 'success',
    'from' => 'ohRa2wqOjFHnc5uZFoQTTuxtRKBA',
    'to' => 'gh_693cbb2a3e71',
    'time' => '1504400680',
    'type' => 'event',
  ),
)

2017-09-03 09:04:38 response :
------------

2017-09-03 09:04:38 trace :
------------
String:
<xml><ToUserName><![CDATA[gh_693cbb2a3e71]]></ToUserName>
<FromUserName><![CDATA[ohRa2wpMG8YGOn4CLlg4yoU53Enk]]></FromUserName>
<CreateTime>1504400680</CreateTime>
<MsgType><![CDATA[event]]></MsgType>
<Event><![CDATA[TEMPLATESENDJOBFINISH]]></Event>
<MsgID>416588718</MsgID>
<Status><![CDATA[success]]></Status>
</xml>

2017-09-03 09:04:38 params :
------------
String:
array (
  'rule' => -2,
  'module' => '',
  'message' => 
  array (
    'tousername' => 'gh_693cbb2a3e71',
    'fromusername' => 'ohRa2wpMG8YGOn4CLlg4yoU53Enk',
    'createtime' => '1504400680',
    'msgtype' => 'event',
    'event' => 'TEMPLATESENDJOBFINISH',
    'msgid' => '416588718',
    'status' => 'success',
    'from' => 'ohRa2wpMG8YGOn4CLlg4yoU53Enk',
    'to' => 'gh_693cbb2a3e71',
    'time' => '1504400680',
    'type' => 'event',
  ),
)

2017-09-03 09:04:38 response :
------------

2017-09-03 09:04:47 trace :
------------
String:
<xml><ToUserName><![CDATA[gh_693cbb2a3e71]]></ToUserName>
<FromUserName><![CDATA[ohRa2wqOjFHnc5uZFoQTTuxtRKBA]]></FromUserName>
<CreateTime>1504400689</CreateTime>
<MsgType><![CDATA[event]]></MsgType>
<Event><![CDATA[TEMPLATESENDJOBFINISH]]></Event>
<MsgID>416588724</MsgID>
<Status><![CDATA[success]]></Status>
</xml>

2017-09-03 09:04:47 params :
------------
String:
array (
  'rule' => -2,
  'module' => '',
  'message' => 
  array (
    'tousername' => 'gh_693cbb2a3e71',
    'fromusername' => 'ohRa2wqOjFHnc5uZFoQTTuxtRKBA',
    'createtime' => '1504400689',
    'msgtype' => 'event',
    'event' => 'TEMPLATESENDJOBFINISH',
    'msgid' => '416588724',
    'status' => 'success',
    'from' => 'ohRa2wqOjFHnc5uZFoQTTuxtRKBA',
    'to' => 'gh_693cbb2a3e71',
    'time' => '1504400689',
    'type' => 'event',
  ),
)

2017-09-03 09:04:47 response :
------------

2017-09-03 09:04:48 trace :
------------
String:
<xml><ToUserName><![CDATA[gh_693cbb2a3e71]]></ToUserName>
<FromUserName><![CDATA[ohRa2wpMG8YGOn4CLlg4yoU53Enk]]></FromUserName>
<CreateTime>1504400689</CreateTime>
<MsgType><![CDATA[event]]></MsgType>
<Event><![CDATA[TEMPLATESENDJOBFINISH]]></Event>
<MsgID>416588725</MsgID>
<Status><![CDATA[success]]></Status>
</xml>

2017-09-03 09:04:48 params :
------------
String:
array (
  'rule' => -2,
  'module' => '',
  'message' => 
  array (
    'tousername' => 'gh_693cbb2a3e71',
    'fromusername' => 'ohRa2wpMG8YGOn4CLlg4yoU53Enk',
    'createtime' => '1504400689',
    'msgtype' => 'event',
    'event' => 'TEMPLATESENDJOBFINISH',
    'msgid' => '416588725',
    'status' => 'success',
    'from' => 'ohRa2wpMG8YGOn4CLlg4yoU53Enk',
    'to' => 'gh_693cbb2a3e71',
    'time' => '1504400689',
    'type' => 'event',
  ),
)

2017-09-03 09:04:48 response :
------------

2017-09-03 09:05:00 trace :
------------
String:
<xml><ToUserName><![CDATA[gh_693cbb2a3e71]]></ToUserName>
<FromUserName><![CDATA[ohRa2wqOjFHnc5uZFoQTTuxtRKBA]]></FromUserName>
<CreateTime>1504400702</CreateTime>
<MsgType><![CDATA[event]]></MsgType>
<Event><![CDATA[TEMPLATESENDJOBFINISH]]></Event>
<MsgID>416588727</MsgID>
<Status><![CDATA[success]]></Status>
</xml>

2017-09-03 09:05:00 params :
------------
String:
array (
  'rule' => -2,
  'module' => '',
  'message' => 
  array (
    'tousername' => 'gh_693cbb2a3e71',
    'fromusername' => 'ohRa2wqOjFHnc5uZFoQTTuxtRKBA',
    'createtime' => '1504400702',
    'msgtype' => 'event',
    'event' => 'TEMPLATESENDJOBFINISH',
    'msgid' => '416588727',
    'status' => 'success',
    'from' => 'ohRa2wqOjFHnc5uZFoQTTuxtRKBA',
    'to' => 'gh_693cbb2a3e71',
    'time' => '1504400702',
    'type' => 'event',
  ),
)

2017-09-03 09:05:00 response :
------------

2017-09-03 09:05:01 trace :
------------
String:
<xml><ToUserName><![CDATA[gh_693cbb2a3e71]]></ToUserName>
<FromUserName><![CDATA[ohRa2wpMG8YGOn4CLlg4yoU53Enk]]></FromUserName>
<CreateTime>1504400702</CreateTime>
<MsgType><![CDATA[event]]></MsgType>
<Event><![CDATA[TEMPLATESENDJOBFINISH]]></Event>
<MsgID>416588728</MsgID>
<Status><![CDATA[success]]></Status>
</xml>

2017-09-03 09:05:01 params :
------------
String:
array (
  'rule' => -2,
  'module' => '',
  'message' => 
  array (
    'tousername' => 'gh_693cbb2a3e71',
    'fromusername' => 'ohRa2wpMG8YGOn4CLlg4yoU53Enk',
    'createtime' => '1504400702',
    'msgtype' => 'event',
    'event' => 'TEMPLATESENDJOBFINISH',
    'msgid' => '416588728',
    'status' => 'success',
    'from' => 'ohRa2wpMG8YGOn4CLlg4yoU53Enk',
    'to' => 'gh_693cbb2a3e71',
    'time' => '1504400702',
    'type' => 'event',
  ),
)

2017-09-03 09:05:01 response :
------------

2017-09-03 09:05:11 trace :
------------
String:
<xml><ToUserName><![CDATA[gh_693cbb2a3e71]]></ToUserName>
<FromUserName><![CDATA[ohRa2wqOjFHnc5uZFoQTTuxtRKBA]]></FromUserName>
<CreateTime>1504400712</CreateTime>
<MsgType><![CDATA[event]]></MsgType>
<Event><![CDATA[TEMPLATESENDJOBFINISH]]></Event>
<MsgID>416588731</MsgID>
<Status><![CDATA[success]]></Status>
</xml>

2017-09-03 09:05:11 params :
------------
String:
array (
  'rule' => -2,
  'module' => '',
  'message' => 
  array (
    'tousername' => 'gh_693cbb2a3e71',
    'fromusername' => 'ohRa2wqOjFHnc5uZFoQTTuxtRKBA',
    'createtime' => '1504400712',
    'msgtype' => 'event',
    'event' => 'TEMPLATESENDJOBFINISH',
    'msgid' => '416588731',
    'status' => 'success',
    'from' => 'ohRa2wqOjFHnc5uZFoQTTuxtRKBA',
    'to' => 'gh_693cbb2a3e71',
    'time' => '1504400712',
    'type' => 'event',
  ),
)

2017-09-03 09:05:11 response :
------------

2017-09-03 09:05:11 trace :
------------
String:
<xml><ToUserName><![CDATA[gh_693cbb2a3e71]]></ToUserName>
<FromUserName><![CDATA[ohRa2wpMG8YGOn4CLlg4yoU53Enk]]></FromUserName>
<CreateTime>1504400712</CreateTime>
<MsgType><![CDATA[event]]></MsgType>
<Event><![CDATA[TEMPLATESENDJOBFINISH]]></Event>
<MsgID>416588732</MsgID>
<Status><![CDATA[success]]></Status>
</xml>

2017-09-03 09:05:11 params :
------------
String:
array (
  'rule' => -2,
  'module' => '',
  'message' => 
  array (
    'tousername' => 'gh_693cbb2a3e71',
    'fromusername' => 'ohRa2wpMG8YGOn4CLlg4yoU53Enk',
    'createtime' => '1504400712',
    'msgtype' => 'event',
    'event' => 'TEMPLATESENDJOBFINISH',
    'msgid' => '416588732',
    'status' => 'success',
    'from' => 'ohRa2wpMG8YGOn4CLlg4yoU53Enk',
    'to' => 'gh_693cbb2a3e71',
    'time' => '1504400712',
    'type' => 'event',
  ),
)

2017-09-03 09:05:11 response :
------------

2017-09-03 09:05:25 trace :
------------
String:
<xml><ToUserName><![CDATA[gh_693cbb2a3e71]]></ToUserName>
<FromUserName><![CDATA[ohRa2wqOjFHnc5uZFoQTTuxtRKBA]]></FromUserName>
<CreateTime>1504400727</CreateTime>
<MsgType><![CDATA[event]]></MsgType>
<Event><![CDATA[TEMPLATESENDJOBFINISH]]></Event>
<MsgID>416588737</MsgID>
<Status><![CDATA[success]]></Status>
</xml>

2017-09-03 09:05:25 params :
------------
String:
array (
  'rule' => -2,
  'module' => '',
  'message' => 
  array (
    'tousername' => 'gh_693cbb2a3e71',
    'fromusername' => 'ohRa2wqOjFHnc5uZFoQTTuxtRKBA',
    'createtime' => '1504400727',
    'msgtype' => 'event',
    'event' => 'TEMPLATESENDJOBFINISH',
    'msgid' => '416588737',
    'status' => 'success',
    'from' => 'ohRa2wqOjFHnc5uZFoQTTuxtRKBA',
    'to' => 'gh_693cbb2a3e71',
    'time' => '1504400727',
    'type' => 'event',
  ),
)

2017-09-03 09:05:25 response :
------------

2017-09-03 09:05:26 trace :
------------
String:
<xml><ToUserName><![CDATA[gh_693cbb2a3e71]]></ToUserName>
<FromUserName><![CDATA[ohRa2wpMG8YGOn4CLlg4yoU53Enk]]></FromUserName>
<CreateTime>1504400727</CreateTime>
<MsgType><![CDATA[event]]></MsgType>
<Event><![CDATA[TEMPLATESENDJOBFINISH]]></Event>
<MsgID>416588738</MsgID>
<Status><![CDATA[success]]></Status>
</xml>

2017-09-03 09:05:26 params :
------------
String:
array (
  'rule' => -2,
  'module' => '',
  'message' => 
  array (
    'tousername' => 'gh_693cbb2a3e71',
    'fromusername' => 'ohRa2wpMG8YGOn4CLlg4yoU53Enk',
    'createtime' => '1504400727',
    'msgtype' => 'event',
    'event' => 'TEMPLATESENDJOBFINISH',
    'msgid' => '416588738',
    'status' => 'success',
    'from' => 'ohRa2wpMG8YGOn4CLlg4yoU53Enk',
    'to' => 'gh_693cbb2a3e71',
    'time' => '1504400727',
    'type' => 'event',
  ),
)

2017-09-03 09:05:26 response :
------------

2017-09-03 09:05:36 trace :
------------
String:
<xml><ToUserName><![CDATA[gh_693cbb2a3e71]]></ToUserName>
<FromUserName><![CDATA[ohRa2wqOjFHnc5uZFoQTTuxtRKBA]]></FromUserName>
<CreateTime>1504400737</CreateTime>
<MsgType><![CDATA[event]]></MsgType>
<Event><![CDATA[TEMPLATESENDJOBFINISH]]></Event>
<MsgID>416588742</MsgID>
<Status><![CDATA[success]]></Status>
</xml>

2017-09-03 09:05:36 params :
------------
String:
array (
  'rule' => -2,
  'module' => '',
  'message' => 
  array (
    'tousername' => 'gh_693cbb2a3e71',
    'fromusername' => 'ohRa2wqOjFHnc5uZFoQTTuxtRKBA',
    'createtime' => '1504400737',
    'msgtype' => 'event',
    'event' => 'TEMPLATESENDJOBFINISH',
    'msgid' => '416588742',
    'status' => 'success',
    'from' => 'ohRa2wqOjFHnc5uZFoQTTuxtRKBA',
    'to' => 'gh_693cbb2a3e71',
    'time' => '1504400737',
    'type' => 'event',
  ),
)

2017-09-03 09:05:36 response :
------------

2017-09-03 09:05:36 trace :
------------
String:
<xml><ToUserName><![CDATA[gh_693cbb2a3e71]]></ToUserName>
<FromUserName><![CDATA[ohRa2wpMG8YGOn4CLlg4yoU53Enk]]></FromUserName>
<CreateTime>1504400737</CreateTime>
<MsgType><![CDATA[event]]></MsgType>
<Event><![CDATA[TEMPLATESENDJOBFINISH]]></Event>
<MsgID>416588743</MsgID>
<Status><![CDATA[success]]></Status>
</xml>

2017-09-03 09:05:36 params :
------------
String:
array (
  'rule' => -2,
  'module' => '',
  'message' => 
  array (
    'tousername' => 'gh_693cbb2a3e71',
    'fromusername' => 'ohRa2wpMG8YGOn4CLlg4yoU53Enk',
    'createtime' => '1504400737',
    'msgtype' => 'event',
    'event' => 'TEMPLATESENDJOBFINISH',
    'msgid' => '416588743',
    'status' => 'success',
    'from' => 'ohRa2wpMG8YGOn4CLlg4yoU53Enk',
    'to' => 'gh_693cbb2a3e71',
    'time' => '1504400737',
    'type' => 'event',
  ),
)

2017-09-03 09:05:36 response :
------------

2017-09-03 09:05:45 trace :
------------
String:
<xml><ToUserName><![CDATA[gh_693cbb2a3e71]]></ToUserName>
<FromUserName><![CDATA[ohRa2wqOjFHnc5uZFoQTTuxtRKBA]]></FromUserName>
<CreateTime>1504400747</CreateTime>
<MsgType><![CDATA[event]]></MsgType>
<Event><![CDATA[TEMPLATESENDJOBFINISH]]></Event>
<MsgID>416588745</MsgID>
<Status><![CDATA[success]]></Status>
</xml>

2017-09-03 09:05:45 params :
------------
String:
array (
  'rule' => -2,
  'module' => '',
  'message' => 
  array (
    'tousername' => 'gh_693cbb2a3e71',
    'fromusername' => 'ohRa2wqOjFHnc5uZFoQTTuxtRKBA',
    'createtime' => '1504400747',
    'msgtype' => 'event',
    'event' => 'TEMPLATESENDJOBFINISH',
    'msgid' => '416588745',
    'status' => 'success',
    'from' => 'ohRa2wqOjFHnc5uZFoQTTuxtRKBA',
    'to' => 'gh_693cbb2a3e71',
    'time' => '1504400747',
    'type' => 'event',
  ),
)

2017-09-03 09:05:45 response :
------------

2017-09-03 09:05:46 trace :
------------
String:
<xml><ToUserName><![CDATA[gh_693cbb2a3e71]]></ToUserName>
<FromUserName><![CDATA[ohRa2wpMG8YGOn4CLlg4yoU53Enk]]></FromUserName>
<CreateTime>1504400747</CreateTime>
<MsgType><![CDATA[event]]></MsgType>
<Event><![CDATA[TEMPLATESENDJOBFINISH]]></Event>
<MsgID>416588746</MsgID>
<Status><![CDATA[success]]></Status>
</xml>

2017-09-03 09:05:46 params :
------------
String:
array (
  'rule' => -2,
  'module' => '',
  'message' => 
  array (
    'tousername' => 'gh_693cbb2a3e71',
    'fromusername' => 'ohRa2wpMG8YGOn4CLlg4yoU53Enk',
    'createtime' => '1504400747',
    'msgtype' => 'event',
    'event' => 'TEMPLATESENDJOBFINISH',
    'msgid' => '416588746',
    'status' => 'success',
    'from' => 'ohRa2wpMG8YGOn4CLlg4yoU53Enk',
    'to' => 'gh_693cbb2a3e71',
    'time' => '1504400747',
    'type' => 'event',
  ),
)

2017-09-03 09:05:46 response :
------------

2017-09-03 09:05:54 trace :
------------
String:
<xml><ToUserName><![CDATA[gh_693cbb2a3e71]]></ToUserName>
<FromUserName><![CDATA[ohRa2wqOjFHnc5uZFoQTTuxtRKBA]]></FromUserName>
<CreateTime>1504400755</CreateTime>
<MsgType><![CDATA[event]]></MsgType>
<Event><![CDATA[TEMPLATESENDJOBFINISH]]></Event>
<MsgID>416588747</MsgID>
<Status><![CDATA[success]]></Status>
</xml>

2017-09-03 09:05:54 params :
------------
String:
array (
  'rule' => -2,
  'module' => '',
  'message' => 
  array (
    'tousername' => 'gh_693cbb2a3e71',
    'fromusername' => 'ohRa2wqOjFHnc5uZFoQTTuxtRKBA',
    'createtime' => '1504400755',
    'msgtype' => 'event',
    'event' => 'TEMPLATESENDJOBFINISH',
    'msgid' => '416588747',
    'status' => 'success',
    'from' => 'ohRa2wqOjFHnc5uZFoQTTuxtRKBA',
    'to' => 'gh_693cbb2a3e71',
    'time' => '1504400755',
    'type' => 'event',
  ),
)

2017-09-03 09:05:54 response :
------------

2017-09-03 09:05:54 trace :
------------
String:
<xml><ToUserName><![CDATA[gh_693cbb2a3e71]]></ToUserName>
<FromUserName><![CDATA[ohRa2wpMG8YGOn4CLlg4yoU53Enk]]></FromUserName>
<CreateTime>1504400756</CreateTime>
<MsgType><![CDATA[event]]></MsgType>
<Event><![CDATA[TEMPLATESENDJOBFINISH]]></Event>
<MsgID>416588748</MsgID>
<Status><![CDATA[success]]></Status>
</xml>

2017-09-03 09:05:54 params :
------------
String:
array (
  'rule' => -2,
  'module' => '',
  'message' => 
  array (
    'tousername' => 'gh_693cbb2a3e71',
    'fromusername' => 'ohRa2wpMG8YGOn4CLlg4yoU53Enk',
    'createtime' => '1504400756',
    'msgtype' => 'event',
    'event' => 'TEMPLATESENDJOBFINISH',
    'msgid' => '416588748',
    'status' => 'success',
    'from' => 'ohRa2wpMG8YGOn4CLlg4yoU53Enk',
    'to' => 'gh_693cbb2a3e71',
    'time' => '1504400756',
    'type' => 'event',
  ),
)

2017-09-03 09:05:54 response :
------------

2017-09-03 09:06:02 trace :
------------
String:
<xml><ToUserName><![CDATA[gh_693cbb2a3e71]]></ToUserName>
<FromUserName><![CDATA[ohRa2wqOjFHnc5uZFoQTTuxtRKBA]]></FromUserName>
<CreateTime>1504400763</CreateTime>
<MsgType><![CDATA[event]]></MsgType>
<Event><![CDATA[TEMPLATESENDJOBFINISH]]></Event>
<MsgID>416588750</MsgID>
<Status><![CDATA[success]]></Status>
</xml>

2017-09-03 09:06:02 params :
------------
String:
array (
  'rule' => -2,
  'module' => '',
  'message' => 
  array (
    'tousername' => 'gh_693cbb2a3e71',
    'fromusername' => 'ohRa2wqOjFHnc5uZFoQTTuxtRKBA',
    'createtime' => '1504400763',
    'msgtype' => 'event',
    'event' => 'TEMPLATESENDJOBFINISH',
    'msgid' => '416588750',
    'status' => 'success',
    'from' => 'ohRa2wqOjFHnc5uZFoQTTuxtRKBA',
    'to' => 'gh_693cbb2a3e71',
    'time' => '1504400763',
    'type' => 'event',
  ),
)

2017-09-03 09:06:02 response :
------------

2017-09-03 09:06:02 trace :
------------
String:
<xml><ToUserName><![CDATA[gh_693cbb2a3e71]]></ToUserName>
<FromUserName><![CDATA[ohRa2wpMG8YGOn4CLlg4yoU53Enk]]></FromUserName>
<CreateTime>1504400764</CreateTime>
<MsgType><![CDATA[event]]></MsgType>
<Event><![CDATA[TEMPLATESENDJOBFINISH]]></Event>
<MsgID>416588751</MsgID>
<Status><![CDATA[success]]></Status>
</xml>

2017-09-03 09:06:02 params :
------------
String:
array (
  'rule' => -2,
  'module' => '',
  'message' => 
  array (
    'tousername' => 'gh_693cbb2a3e71',
    'fromusername' => 'ohRa2wpMG8YGOn4CLlg4yoU53Enk',
    'createtime' => '1504400764',
    'msgtype' => 'event',
    'event' => 'TEMPLATESENDJOBFINISH',
    'msgid' => '416588751',
    'status' => 'success',
    'from' => 'ohRa2wpMG8YGOn4CLlg4yoU53Enk',
    'to' => 'gh_693cbb2a3e71',
    'time' => '1504400764',
    'type' => 'event',
  ),
)

2017-09-03 09:06:02 response :
------------

2017-09-03 12:31:30 trace :
------------
String:
<xml><ToUserName><![CDATA[gh_693cbb2a3e71]]></ToUserName>
<FromUserName><![CDATA[ohRa2wpq88qpQwlu8rHQrep1D_bM]]></FromUserName>
<CreateTime>1504413091</CreateTime>
<MsgType><![CDATA[event]]></MsgType>
<Event><![CDATA[VIEW]]></Event>
<EventKey><![CDATA[http://tejia.zdxinfo.com/app/index.php?i=2&c=entry&m=we7_wmall1&do=mgindex]]></EventKey>
<MenuId>415187293</MenuId>
</xml>

2017-09-03 12:31:30 params :
------------
String:
array (
  'rule' => -2,
  'module' => '',
  'message' => 
  array (
    'tousername' => 'gh_693cbb2a3e71',
    'fromusername' => 'ohRa2wpq88qpQwlu8rHQrep1D_bM',
    'createtime' => '1504413091',
    'msgtype' => 'event',
    'event' => 'VIEW',
    'eventkey' => 'http://tejia.zdxinfo.com/app/index.php?i=2&c=entry&m=we7_wmall1&do=mgindex',
    'menuid' => '415187293',
    'from' => 'ohRa2wpq88qpQwlu8rHQrep1D_bM',
    'to' => 'gh_693cbb2a3e71',
    'time' => '1504413091',
    'type' => 'text',
    'content' => 'http://tejia.zdxinfo.com/app/index.php?i=2&c=entry&m=we7_wmall1&do=mgindex',
    'redirection' => true,
    'source' => 'VIEW',
  ),
)

2017-09-03 12:31:30 response :
------------

2017-09-03 19:14:06 trace :
------------
String:
<xml><ToUserName><![CDATA[gh_693cbb2a3e71]]></ToUserName>
<FromUserName><![CDATA[ohRa2wlL84SLXZzhIdGLaLhY40mo]]></FromUserName>
<CreateTime>1504437247</CreateTime>
<MsgType><![CDATA[event]]></MsgType>
<Event><![CDATA[VIEW]]></Event>
<EventKey><![CDATA[http://tejia.zdxinfo.com/app/index.php?i=2&c=entry&m=we7_wmall1&do=mgindex]]></EventKey>
<MenuId>415187293</MenuId>
</xml>

2017-09-03 19:14:06 params :
------------
String:
array (
  'rule' => -2,
  'module' => '',
  'message' => 
  array (
    'tousername' => 'gh_693cbb2a3e71',
    'fromusername' => 'ohRa2wlL84SLXZzhIdGLaLhY40mo',
    'createtime' => '1504437247',
    'msgtype' => 'event',
    'event' => 'VIEW',
    'eventkey' => 'http://tejia.zdxinfo.com/app/index.php?i=2&c=entry&m=we7_wmall1&do=mgindex',
    'menuid' => '415187293',
    'from' => 'ohRa2wlL84SLXZzhIdGLaLhY40mo',
    'to' => 'gh_693cbb2a3e71',
    'time' => '1504437247',
    'type' => 'text',
    'content' => 'http://tejia.zdxinfo.com/app/index.php?i=2&c=entry&m=we7_wmall1&do=mgindex',
    'redirection' => true,
    'source' => 'VIEW',
  ),
)

2017-09-03 19:14:06 response :
------------

2017-09-03 19:15:17 trace :
------------
String:
<xml><ToUserName><![CDATA[gh_693cbb2a3e71]]></ToUserName>
<FromUserName><![CDATA[ohRa2wlL84SLXZzhIdGLaLhY40mo]]></FromUserName>
<CreateTime>1504437318</CreateTime>
<MsgType><![CDATA[event]]></MsgType>
<Event><![CDATA[VIEW]]></Event>
<EventKey><![CDATA[http://tejia.zdxinfo.com/app/index.php?i=2&c=entry&m=we7_wmall1&do=mgindex]]></EventKey>
<MenuId>415187293</MenuId>
</xml>

2017-09-03 19:15:17 params :
------------
String:
array (
  'rule' => -2,
  'module' => '',
  'message' => 
  array (
    'tousername' => 'gh_693cbb2a3e71',
    'fromusername' => 'ohRa2wlL84SLXZzhIdGLaLhY40mo',
    'createtime' => '1504437318',
    'msgtype' => 'event',
    'event' => 'VIEW',
    'eventkey' => 'http://tejia.zdxinfo.com/app/index.php?i=2&c=entry&m=we7_wmall1&do=mgindex',
    'menuid' => '415187293',
    'from' => 'ohRa2wlL84SLXZzhIdGLaLhY40mo',
    'to' => 'gh_693cbb2a3e71',
    'time' => '1504437318',
    'type' => 'text',
    'content' => 'http://tejia.zdxinfo.com/app/index.php?i=2&c=entry&m=we7_wmall1&do=mgindex',
    'redirection' => true,
    'source' => 'VIEW',
  ),
)

2017-09-03 19:15:17 response :
------------

2017-09-03 19:16:29 trace :
------------
String:
<xml><ToUserName><![CDATA[gh_693cbb2a3e71]]></ToUserName>
<FromUserName><![CDATA[ohRa2wlL84SLXZzhIdGLaLhY40mo]]></FromUserName>
<CreateTime>1504437390</CreateTime>
<MsgType><![CDATA[event]]></MsgType>
<Event><![CDATA[VIEW]]></Event>
<EventKey><![CDATA[http://tejia.zdxinfo.com/app/index.php?i=2&c=entry&m=we7_wmall1&do=mgindex]]></EventKey>
<MenuId>415187293</MenuId>
</xml>

2017-09-03 19:16:29 params :
------------
String:
array (
  'rule' => -2,
  'module' => '',
  'message' => 
  array (
    'tousername' => 'gh_693cbb2a3e71',
    'fromusername' => 'ohRa2wlL84SLXZzhIdGLaLhY40mo',
    'createtime' => '1504437390',
    'msgtype' => 'event',
    'event' => 'VIEW',
    'eventkey' => 'http://tejia.zdxinfo.com/app/index.php?i=2&c=entry&m=we7_wmall1&do=mgindex',
    'menuid' => '415187293',
    'from' => 'ohRa2wlL84SLXZzhIdGLaLhY40mo',
    'to' => 'gh_693cbb2a3e71',
    'time' => '1504437390',
    'type' => 'text',
    'content' => 'http://tejia.zdxinfo.com/app/index.php?i=2&c=entry&m=we7_wmall1&do=mgindex',
    'redirection' => true,
    'source' => 'VIEW',
  ),
)

2017-09-03 19:16:29 response :
------------

2017-09-03 19:17:25 trace :
------------
String:
<xml><ToUserName><![CDATA[gh_693cbb2a3e71]]></ToUserName>
<FromUserName><![CDATA[ohRa2wlL84SLXZzhIdGLaLhY40mo]]></FromUserName>
<CreateTime>1504437446</CreateTime>
<MsgType><![CDATA[event]]></MsgType>
<Event><![CDATA[VIEW]]></Event>
<EventKey><![CDATA[http://tejia.zdxinfo.com/app/index.php?i=2&c=entry&m=we7_wmall1&do=mgindex]]></EventKey>
<MenuId>415187293</MenuId>
</xml>

2017-09-03 19:17:25 params :
------------
String:
array (
  'rule' => -2,
  'module' => '',
  'message' => 
  array (
    'tousername' => 'gh_693cbb2a3e71',
    'fromusername' => 'ohRa2wlL84SLXZzhIdGLaLhY40mo',
    'createtime' => '1504437446',
    'msgtype' => 'event',
    'event' => 'VIEW',
    'eventkey' => 'http://tejia.zdxinfo.com/app/index.php?i=2&c=entry&m=we7_wmall1&do=mgindex',
    'menuid' => '415187293',
    'from' => 'ohRa2wlL84SLXZzhIdGLaLhY40mo',
    'to' => 'gh_693cbb2a3e71',
    'time' => '1504437446',
    'type' => 'text',
    'content' => 'http://tejia.zdxinfo.com/app/index.php?i=2&c=entry&m=we7_wmall1&do=mgindex',
    'redirection' => true,
    'source' => 'VIEW',
  ),
)

2017-09-03 19:17:25 response :
------------

2017-09-03 20:38:27 trace :
------------
String:
<xml><ToUserName><![CDATA[gh_693cbb2a3e71]]></ToUserName>
<FromUserName><![CDATA[ohRa2wr-HG_Ri1D0TO1EjIo0zdfw]]></FromUserName>
<CreateTime>1504442308</CreateTime>
<MsgType><![CDATA[event]]></MsgType>
<Event><![CDATA[VIEW]]></Event>
<EventKey><![CDATA[http://tejia.zdxinfo.com/app/index.php?i=2&c=entry&m=we7_wmall1&do=mgindex]]></EventKey>
<MenuId>415187293</MenuId>
</xml>

2017-09-03 20:38:27 params :
------------
String:
array (
  'rule' => -2,
  'module' => '',
  'message' => 
  array (
    'tousername' => 'gh_693cbb2a3e71',
    'fromusername' => 'ohRa2wr-HG_Ri1D0TO1EjIo0zdfw',
    'createtime' => '1504442308',
    'msgtype' => 'event',
    'event' => 'VIEW',
    'eventkey' => 'http://tejia.zdxinfo.com/app/index.php?i=2&c=entry&m=we7_wmall1&do=mgindex',
    'menuid' => '415187293',
    'from' => 'ohRa2wr-HG_Ri1D0TO1EjIo0zdfw',
    'to' => 'gh_693cbb2a3e71',
    'time' => '1504442308',
    'type' => 'text',
    'content' => 'http://tejia.zdxinfo.com/app/index.php?i=2&c=entry&m=we7_wmall1&do=mgindex',
    'redirection' => true,
    'source' => 'VIEW',
  ),
)

2017-09-03 20:38:27 response :
------------

2017-09-03 22:04:02 trace :
------------
String:
<xml><ToUserName><![CDATA[gh_693cbb2a3e71]]></ToUserName>
<FromUserName><![CDATA[ohRa2wqOjFHnc5uZFoQTTuxtRKBA]]></FromUserName>
<CreateTime>1504447443</CreateTime>
<MsgType><![CDATA[event]]></MsgType>
<Event><![CDATA[TEMPLATESENDJOBFINISH]]></Event>
<MsgID>416604890</MsgID>
<Status><![CDATA[success]]></Status>
</xml>

2017-09-03 22:04:02 params :
------------
String:
array (
  'rule' => -2,
  'module' => '',
  'message' => 
  array (
    'tousername' => 'gh_693cbb2a3e71',
    'fromusername' => 'ohRa2wqOjFHnc5uZFoQTTuxtRKBA',
    'createtime' => '1504447443',
    'msgtype' => 'event',
    'event' => 'TEMPLATESENDJOBFINISH',
    'msgid' => '416604890',
    'status' => 'success',
    'from' => 'ohRa2wqOjFHnc5uZFoQTTuxtRKBA',
    'to' => 'gh_693cbb2a3e71',
    'time' => '1504447443',
    'type' => 'event',
  ),
)

2017-09-03 22:04:02 response :
------------

2017-09-03 22:04:02 trace :
------------
String:
<xml><ToUserName><![CDATA[gh_693cbb2a3e71]]></ToUserName>
<FromUserName><![CDATA[ohRa2wpMG8YGOn4CLlg4yoU53Enk]]></FromUserName>
<CreateTime>1504447443</CreateTime>
<MsgType><![CDATA[event]]></MsgType>
<Event><![CDATA[TEMPLATESENDJOBFINISH]]></Event>
<MsgID>416604891</MsgID>
<Status><![CDATA[success]]></Status>
</xml>

2017-09-03 22:04:02 params :
------------
String:
array (
  'rule' => -2,
  'module' => '',
  'message' => 
  array (
    'tousername' => 'gh_693cbb2a3e71',
    'fromusername' => 'ohRa2wpMG8YGOn4CLlg4yoU53Enk',
    'createtime' => '1504447443',
    'msgtype' => 'event',
    'event' => 'TEMPLATESENDJOBFINISH',
    'msgid' => '416604891',
    'status' => 'success',
    'from' => 'ohRa2wpMG8YGOn4CLlg4yoU53Enk',
    'to' => 'gh_693cbb2a3e71',
    'time' => '1504447443',
    'type' => 'event',
  ),
)

2017-09-03 22:04:02 response :
------------

2017-09-03 22:04:13 trace :
------------
String:
<xml><ToUserName><![CDATA[gh_693cbb2a3e71]]></ToUserName>
<FromUserName><![CDATA[ohRa2wqOjFHnc5uZFoQTTuxtRKBA]]></FromUserName>
<CreateTime>1504447454</CreateTime>
<MsgType><![CDATA[event]]></MsgType>
<Event><![CDATA[TEMPLATESENDJOBFINISH]]></Event>
<MsgID>416604897</MsgID>
<Status><![CDATA[success]]></Status>
</xml>

2017-09-03 22:04:13 params :
------------
String:
array (
  'rule' => -2,
  'module' => '',
  'message' => 
  array (
    'tousername' => 'gh_693cbb2a3e71',
    'fromusername' => 'ohRa2wqOjFHnc5uZFoQTTuxtRKBA',
    'createtime' => '1504447454',
    'msgtype' => 'event',
    'event' => 'TEMPLATESENDJOBFINISH',
    'msgid' => '416604897',
    'status' => 'success',
    'from' => 'ohRa2wqOjFHnc5uZFoQTTuxtRKBA',
    'to' => 'gh_693cbb2a3e71',
    'time' => '1504447454',
    'type' => 'event',
  ),
)

2017-09-03 22:04:13 response :
------------

2017-09-03 22:04:13 trace :
------------
String:
<xml><ToUserName><![CDATA[gh_693cbb2a3e71]]></ToUserName>
<FromUserName><![CDATA[ohRa2wpMG8YGOn4CLlg4yoU53Enk]]></FromUserName>
<CreateTime>1504447454</CreateTime>
<MsgType><![CDATA[event]]></MsgType>
<Event><![CDATA[TEMPLATESENDJOBFINISH]]></Event>
<MsgID>416604898</MsgID>
<Status><![CDATA[success]]></Status>
</xml>

2017-09-03 22:04:13 params :
------------
String:
array (
  'rule' => -2,
  'module' => '',
  'message' => 
  array (
    'tousername' => 'gh_693cbb2a3e71',
    'fromusername' => 'ohRa2wpMG8YGOn4CLlg4yoU53Enk',
    'createtime' => '1504447454',
    'msgtype' => 'event',
    'event' => 'TEMPLATESENDJOBFINISH',
    'msgid' => '416604898',
    'status' => 'success',
    'from' => 'ohRa2wpMG8YGOn4CLlg4yoU53Enk',
    'to' => 'gh_693cbb2a3e71',
    'time' => '1504447454',
    'type' => 'event',
  ),
)

2017-09-03 22:04:13 response :
------------

2017-09-03 22:04:22 trace :
------------
String:
<xml><ToUserName><![CDATA[gh_693cbb2a3e71]]></ToUserName>
<FromUserName><![CDATA[ohRa2wqOjFHnc5uZFoQTTuxtRKBA]]></FromUserName>
<CreateTime>1504447464</CreateTime>
<MsgType><![CDATA[event]]></MsgType>
<Event><![CDATA[TEMPLATESENDJOBFINISH]]></Event>
<MsgID>416604904</MsgID>
<Status><![CDATA[success]]></Status>
</xml>

2017-09-03 22:04:22 params :
------------
String:
array (
  'rule' => -2,
  'module' => '',
  'message' => 
  array (
    'tousername' => 'gh_693cbb2a3e71',
    'fromusername' => 'ohRa2wqOjFHnc5uZFoQTTuxtRKBA',
    'createtime' => '1504447464',
    'msgtype' => 'event',
    'event' => 'TEMPLATESENDJOBFINISH',
    'msgid' => '416604904',
    'status' => 'success',
    'from' => 'ohRa2wqOjFHnc5uZFoQTTuxtRKBA',
    'to' => 'gh_693cbb2a3e71',
    'time' => '1504447464',
    'type' => 'event',
  ),
)

2017-09-03 22:04:22 response :
------------

2017-09-03 22:04:31 trace :
------------
String:
<xml><ToUserName><![CDATA[gh_693cbb2a3e71]]></ToUserName>
<FromUserName><![CDATA[ohRa2wqOjFHnc5uZFoQTTuxtRKBA]]></FromUserName>
<CreateTime>1504447472</CreateTime>
<MsgType><![CDATA[event]]></MsgType>
<Event><![CDATA[TEMPLATESENDJOBFINISH]]></Event>
<MsgID>416604909</MsgID>
<Status><![CDATA[success]]></Status>
</xml>

2017-09-03 22:04:31 params :
------------
String:
array (
  'rule' => -2,
  'module' => '',
  'message' => 
  array (
    'tousername' => 'gh_693cbb2a3e71',
    'fromusername' => 'ohRa2wqOjFHnc5uZFoQTTuxtRKBA',
    'createtime' => '1504447472',
    'msgtype' => 'event',
    'event' => 'TEMPLATESENDJOBFINISH',
    'msgid' => '416604909',
    'status' => 'success',
    'from' => 'ohRa2wqOjFHnc5uZFoQTTuxtRKBA',
    'to' => 'gh_693cbb2a3e71',
    'time' => '1504447472',
    'type' => 'event',
  ),
)

2017-09-03 22:04:31 response :
------------

2017-09-03 22:04:31 trace :
------------
String:
<xml><ToUserName><![CDATA[gh_693cbb2a3e71]]></ToUserName>
<FromUserName><![CDATA[ohRa2wpMG8YGOn4CLlg4yoU53Enk]]></FromUserName>
<CreateTime>1504447472</CreateTime>
<MsgType><![CDATA[event]]></MsgType>
<Event><![CDATA[TEMPLATESENDJOBFINISH]]></Event>
<MsgID>416604910</MsgID>
<Status><![CDATA[success]]></Status>
</xml>

2017-09-03 22:04:31 params :
------------
String:
array (
  'rule' => -2,
  'module' => '',
  'message' => 
  array (
    'tousername' => 'gh_693cbb2a3e71',
    'fromusername' => 'ohRa2wpMG8YGOn4CLlg4yoU53Enk',
    'createtime' => '1504447472',
    'msgtype' => 'event',
    'event' => 'TEMPLATESENDJOBFINISH',
    'msgid' => '416604910',
    'status' => 'success',
    'from' => 'ohRa2wpMG8YGOn4CLlg4yoU53Enk',
    'to' => 'gh_693cbb2a3e71',
    'time' => '1504447472',
    'type' => 'event',
  ),
)

2017-09-03 22:04:31 response :
------------

2017-09-03 22:04:33 trace :
------------
String:
<xml><ToUserName><![CDATA[gh_693cbb2a3e71]]></ToUserName>
<FromUserName><![CDATA[ohRa2wpMG8YGOn4CLlg4yoU53Enk]]></FromUserName>
<CreateTime>1504447474</CreateTime>
<MsgType><![CDATA[event]]></MsgType>
<Event><![CDATA[TEMPLATESENDJOBFINISH]]></Event>
<MsgID>416604905</MsgID>
<Status><![CDATA[success]]></Status>
</xml>

2017-09-03 22:04:33 params :
------------
String:
array (
  'rule' => -2,
  'module' => '',
  'message' => 
  array (
    'tousername' => 'gh_693cbb2a3e71',
    'fromusername' => 'ohRa2wpMG8YGOn4CLlg4yoU53Enk',
    'createtime' => '1504447474',
    'msgtype' => 'event',
    'event' => 'TEMPLATESENDJOBFINISH',
    'msgid' => '416604905',
    'status' => 'success',
    'from' => 'ohRa2wpMG8YGOn4CLlg4yoU53Enk',
    'to' => 'gh_693cbb2a3e71',
    'time' => '1504447474',
    'type' => 'event',
  ),
)

2017-09-03 22:04:33 response :
------------

2017-09-03 22:04:40 trace :
------------
String:
<xml><ToUserName><![CDATA[gh_693cbb2a3e71]]></ToUserName>
<FromUserName><![CDATA[ohRa2wqOjFHnc5uZFoQTTuxtRKBA]]></FromUserName>
<CreateTime>1504447481</CreateTime>
<MsgType><![CDATA[event]]></MsgType>
<Event><![CDATA[TEMPLATESENDJOBFINISH]]></Event>
<MsgID>416604914</MsgID>
<Status><![CDATA[success]]></Status>
</xml>

2017-09-03 22:04:40 params :
------------
String:
array (
  'rule' => -2,
  'module' => '',
  'message' => 
  array (
    'tousername' => 'gh_693cbb2a3e71',
    'fromusername' => 'ohRa2wqOjFHnc5uZFoQTTuxtRKBA',
    'createtime' => '1504447481',
    'msgtype' => 'event',
    'event' => 'TEMPLATESENDJOBFINISH',
    'msgid' => '416604914',
    'status' => 'success',
    'from' => 'ohRa2wqOjFHnc5uZFoQTTuxtRKBA',
    'to' => 'gh_693cbb2a3e71',
    'time' => '1504447481',
    'type' => 'event',
  ),
)

2017-09-03 22:04:40 response :
------------

2017-09-03 22:04:40 trace :
------------
String:
<xml><ToUserName><![CDATA[gh_693cbb2a3e71]]></ToUserName>
<FromUserName><![CDATA[ohRa2wpMG8YGOn4CLlg4yoU53Enk]]></FromUserName>
<CreateTime>1504447481</CreateTime>
<MsgType><![CDATA[event]]></MsgType>
<Event><![CDATA[TEMPLATESENDJOBFINISH]]></Event>
<MsgID>416604915</MsgID>
<Status><![CDATA[success]]></Status>
</xml>

2017-09-03 22:04:40 params :
------------
String:
array (
  'rule' => -2,
  'module' => '',
  'message' => 
  array (
    'tousername' => 'gh_693cbb2a3e71',
    'fromusername' => 'ohRa2wpMG8YGOn4CLlg4yoU53Enk',
    'createtime' => '1504447481',
    'msgtype' => 'event',
    'event' => 'TEMPLATESENDJOBFINISH',
    'msgid' => '416604915',
    'status' => 'success',
    'from' => 'ohRa2wpMG8YGOn4CLlg4yoU53Enk',
    'to' => 'gh_693cbb2a3e71',
    'time' => '1504447481',
    'type' => 'event',
  ),
)

2017-09-03 22:04:40 response :
------------

2017-09-03 22:04:49 trace :
------------
String:
<xml><ToUserName><![CDATA[gh_693cbb2a3e71]]></ToUserName>
<FromUserName><![CDATA[ohRa2wqOjFHnc5uZFoQTTuxtRKBA]]></FromUserName>
<CreateTime>1504447490</CreateTime>
<MsgType><![CDATA[event]]></MsgType>
<Event><![CDATA[TEMPLATESENDJOBFINISH]]></Event>
<MsgID>416604917</MsgID>
<Status><![CDATA[success]]></Status>
</xml>

2017-09-03 22:04:49 params :
------------
String:
array (
  'rule' => -2,
  'module' => '',
  'message' => 
  array (
    'tousername' => 'gh_693cbb2a3e71',
    'fromusername' => 'ohRa2wqOjFHnc5uZFoQTTuxtRKBA',
    'createtime' => '1504447490',
    'msgtype' => 'event',
    'event' => 'TEMPLATESENDJOBFINISH',
    'msgid' => '416604917',
    'status' => 'success',
    'from' => 'ohRa2wqOjFHnc5uZFoQTTuxtRKBA',
    'to' => 'gh_693cbb2a3e71',
    'time' => '1504447490',
    'type' => 'event',
  ),
)

2017-09-03 22:04:49 response :
------------

2017-09-03 22:04:49 trace :
------------
String:
<xml><ToUserName><![CDATA[gh_693cbb2a3e71]]></ToUserName>
<FromUserName><![CDATA[ohRa2wpMG8YGOn4CLlg4yoU53Enk]]></FromUserName>
<CreateTime>1504447490</CreateTime>
<MsgType><![CDATA[event]]></MsgType>
<Event><![CDATA[TEMPLATESENDJOBFINISH]]></Event>
<MsgID>416604918</MsgID>
<Status><![CDATA[success]]></Status>
</xml>

2017-09-03 22:04:49 params :
------------
String:
array (
  'rule' => -2,
  'module' => '',
  'message' => 
  array (
    'tousername' => 'gh_693cbb2a3e71',
    'fromusername' => 'ohRa2wpMG8YGOn4CLlg4yoU53Enk',
    'createtime' => '1504447490',
    'msgtype' => 'event',
    'event' => 'TEMPLATESENDJOBFINISH',
    'msgid' => '416604918',
    'status' => 'success',
    'from' => 'ohRa2wpMG8YGOn4CLlg4yoU53Enk',
    'to' => 'gh_693cbb2a3e71',
    'time' => '1504447490',
    'type' => 'event',
  ),
)

2017-09-03 22:04:49 response :
------------

